00:00:21 : Config Error : Your NickFilterFile path is not Valid!
﻿00:00:21 : Config Error : WhiteListFile path is not Valid
﻿00:00:21 : Config Error : WordFilterFile path is not Valid
﻿03:00:22 : Config Error : Your NickFilterFile path is not Valid!
﻿03:00:22 : Config Error : WhiteListFile path is not Valid
﻿03:00:22 : Config Error : WordFilterFile path is not Valid
﻿03:10:32 : Config Error : Your NickFilterFile path is not Valid!
﻿03:10:32 : Config Error : WhiteListFile path is not Valid
﻿03:10:32 : Config Error : WordFilterFile path is not Valid
﻿06:00:22 : Config Error : Your NickFilterFile path is not Valid!
﻿06:00:22 : Config Error : WhiteListFile path is not Valid
﻿06:00:22 : Config Error : WordFilterFile path is not Valid
﻿12:00:22 : Config Error : Your NickFilterFile path is not Valid!
﻿12:00:22 : Config Error : WhiteListFile path is not Valid
﻿12:00:22 : Config Error : WordFilterFile path is not Valid
﻿15:00:24 : Config Error : Your NickFilterFile path is not Valid!
﻿15:00:24 : Config Error : WhiteListFile path is not Valid
﻿15:00:24 : Config Error : WordFilterFile path is not Valid
﻿15:01:30 : Warning, Unexpected error in verified check. Processing info later.
﻿18:00:23 : Config Error : Your NickFilterFile path is not Valid!
﻿18:00:23 : Config Error : WhiteListFile path is not Valid
﻿18:00:23 : Config Error : WordFilterFile path is not Valid
﻿20:26:11 : Error in printing chatline
﻿21:00:22 : Config Error : Your NickFilterFile path is not Valid!
﻿21:00:22 : Config Error : WhiteListFile path is not Valid
﻿21:00:22 : Config Error : WordFilterFile path is not Valid
﻿21:01:11 : Warning, Unexpected error in verified check. Processing info later.
