09:26:20 : Config Error : Your NickFilterFile path is not Valid!
﻿09:26:20 : Config Error : WhiteListFile path is not Valid
﻿09:26:20 : Config Error : WordFilterFile path is not Valid
﻿09:33:32 : Config Error : Your NickFilterFile path is not Valid!
﻿09:33:32 : Config Error : WhiteListFile path is not Valid
﻿09:33:32 : Config Error : WordFilterFile path is not Valid
﻿09:40:26 : Config Error : Your NickFilterFile path is not Valid!
﻿09:40:26 : Config Error : WhiteListFile path is not Valid
﻿09:40:26 : Config Error : WordFilterFile path is not Valid
﻿09:49:15 : Config Error : Your NickFilterFile path is not Valid!
﻿09:49:15 : Config Error : WhiteListFile path is not Valid
﻿09:49:15 : Config Error : WordFilterFile path is not Valid
﻿09:52:47 : Config Error : Your NickFilterFile path is not Valid!
﻿09:52:47 : Config Error : WhiteListFile path is not Valid
﻿09:52:47 : Config Error : WordFilterFile path is not Valid
﻿09:54:02 : Config Error : Your NickFilterFile path is not Valid!
﻿09:54:02 : Config Error : WhiteListFile path is not Valid
﻿09:54:02 : Config Error : WordFilterFile path is not Valid
﻿10:00:52 : Config Error : Your NickFilterFile path is not Valid!
﻿10:00:52 : Config Error : WhiteListFile path is not Valid
﻿10:00:52 : Config Error : WordFilterFile path is not Valid
﻿10:04:32 : Config Error : Your NickFilterFile path is not Valid!
﻿10:04:32 : Config Error : WhiteListFile path is not Valid
﻿10:04:32 : Config Error : WordFilterFile path is not Valid
﻿10:12:40 : Config Error : Your NickFilterFile path is not Valid!
﻿10:12:40 : Config Error : WhiteListFile path is not Valid
﻿10:12:40 : Config Error : WordFilterFile path is not Valid
﻿11:51:38 : Config Error : Your NickFilterFile path is not Valid!
﻿11:51:38 : Config Error : WhiteListFile path is not Valid
﻿11:51:38 : Config Error : WordFilterFile path is not Valid
﻿12:21:11 : Config Error : Your NickFilterFile path is not Valid!
﻿12:21:11 : Config Error : WhiteListFile path is not Valid
﻿12:21:11 : Config Error : WordFilterFile path is not Valid
﻿12:26:55 : Config Error : Your NickFilterFile path is not Valid!
﻿12:26:55 : Config Error : WhiteListFile path is not Valid
﻿12:26:55 : Config Error : WordFilterFile path is not Valid
﻿12:40:18 : Config Error : Your NickFilterFile path is not Valid!
﻿12:40:18 : Config Error : WhiteListFile path is not Valid
﻿12:40:18 : Config Error : WordFilterFile path is not Valid
﻿12:40:24 : Warning, Unexpected error in verified check. Processing info later.
﻿15:00:55 : Config Error : Your NickFilterFile path is not Valid!
﻿15:00:55 : Config Error : WhiteListFile path is not Valid
﻿15:00:55 : Config Error : WordFilterFile path is not Valid
﻿23:59:53 : Config Error : Your NickFilterFile path is not Valid!
﻿23:59:53 : Config Error : WhiteListFile path is not Valid
﻿23:59:53 : Config Error : WordFilterFile path is not Valid
﻿19:00:25 : Config Error : Your NickFilterFile path is not Valid!
﻿19:00:25 : Config Error : WhiteListFile path is not Valid
﻿19:00:25 : Config Error : WordFilterFile path is not Valid
﻿21:00:22 : Config Error : Your NickFilterFile path is not Valid!
﻿21:00:22 : Config Error : WhiteListFile path is not Valid
﻿21:00:22 : Config Error : WordFilterFile path is not Valid
﻿23:13:31 : Config Error : Your NickFilterFile path is not Valid!
﻿23:13:31 : Config Error : WhiteListFile path is not Valid
﻿23:13:31 : Config Error : WordFilterFile path is not Valid
