00:13:03 : Side: [DOC] Sampson: how long been playing on sever
00:13:17 : Side: Captain Cuddles: a couple days
00:13:46 : Side: [DOC] Sampson: ok cool
00:14:01 : Side: Captain Cuddles: are you the owner?
00:14:21 : Side: [DOC] Sampson: no
00:16:16 : Side: [DOC] Sampson: why u ask
00:16:55 : Side: Captain Cuddles: cause your tag is DOC and the server name is DOC 
00:17:01 : Side: Captain Cuddles: so i put one and two together
00:17:20 : Side: [DOC] Sampson: no just a member
00:17:55 : Side: [DOC] Sampson: btw this is a new sever
00:18:00 : Side: Captain Cuddles: really
00:18:08 : Side: Captain Cuddles: loving it
00:18:13 : Side: [DOC] Sampson: ya are old poop out on us
00:18:34 : Side: [DOC] Sampson: *old one
00:18:46 : Side: Captain Cuddles: my friend is joining
00:18:53 : Side: [DOC] Sampson: ok
00:20:25 : Side: Captain Cuddles: you in a chopper?
00:20:39 : Side: [DOC] Sampson: ya at stary
00:20:44 : Side: Captain Cuddles: aight
00:20:48 : Side: Captain Cuddles: im at NW
00:21:08 : Side: [DOC] Sampson: ok
00:21:08 : Side: Captain Cuddles: gonna grab a chopper and go pick up my friend
00:21:14 : Side: [DOC] Sampson: alright
00:23:17 : Side: [DOC] Sampson: ya this is frist time on new sever have no money :(
00:34:58 : Side: [DOC] Sampson: waht you up to?
00:35:05 : Side: Captain Cuddles: looting
00:35:26 : Side: [DOC] Sampson: then land
00:36:14 : Side: [DOC] Sampson:  i here so dont shot me
00:36:19 : Side: Captain Cuddles: ok
00:41:12 : Side: Captain Cuddles: if you need anything lemme know
00:41:24 : Side: [DOC] Sampson: k
00:49:29 : Side: [DOC] Sampson: u still looting?
00:49:48 : Side: Captain Cuddles: my buddy is
00:49:51 : Side: Captain Cuddles: why?
00:50:05 : Side: [DOC] Sampson: i going to do mission
00:50:17 : Side: Captain Cuddles: ural attack?
00:50:23 : Side: [DOC] Sampson: ya
00:50:29 : Side: Captain Cuddles: kk
00:54:14 : Side: [DOC] Sampson: what happen
00:54:56 : Side: Captain Cuddles: he wanted to test his parkour abilities
00:55:25 : Side: [DOC] Sampson: lol
00:55:51 : Side: BlackoutDKS: hi
00:56:02 : Side: [DOC] Sampson: welcome
00:56:34 : Side: Captain Cuddles: aight im out
00:56:44 : Side: [DOC] Sampson: alright see ya
00:56:47 : Side: Captain Cuddles: see ya sampson
00:57:05 : Side: BlackoutDKS: Do cars randomly spawn unlocked or is that taken out?
00:57:06 : Side: [DOC] Sampson: see ya
00:58:25 : Side: [DOC] Sampson: no sure its a new sever
00:59:49 : Side: BlackoutDKS: can anyone be kind enough to pick me up from cherno?
01:05:10 : Side: [DOC] Sampson: sorry dont heli
01:05:37 : Side: BlackoutDKS: grrrr i think they have it so they dont spawn in random unlocked cars :T
01:06:16 : Side: [DOC] Sampson: just need main roter  to build mossie
01:06:32 : Side: BlackoutDKS: i cant even find a mossie :T
01:26:15 : Side: [DOC] Sampson: HEY REAPER
01:26:35 : Side: SandReaper: hi
01:26:58 : Side: [DOC] Sampson: HOW LONG BEEN PALYING ON SEVER?
01:27:23 : Side: SandReaper:  about 4 days
01:29:55 : Side: [DOC] Sampson: cool
01:30:42 : Side: SandReaper: not many vechicles though
01:31:01 : Side: [DOC] Sampson: have to buy them
01:32:04 : Side: [DOC] Sampson: u hero or bandit?
01:32:47 : Side: SandReaper: trying to be hero haven't made it yet
01:33:12 : Side: SandReaper: u ?
01:33:31 : Side: [DOC] Sampson: on way to hero
01:34:40 : Side: SandReaper: lost 2000 humanity yesterday a young guy came on and it was shoot on sight had to take him out
01:35:15 : Side: [DOC] Sampson: u have to do what it takes to survive
01:36:01 : Side: SandReaper: he was soppose to be a friend of one of the other guys i was doing missions with
05:11:16 : Side: jetBlue: spock
05:11:22 : Side: Mr. Spock: sup
05:11:32 : Side: jetBlue: u could craft a mozzie with main rotar and scrap
05:11:45 : Side: Mr. Spock: yeah
05:23:10 : Direct: jetBlue: im building a base
05:23:14 : Direct: jetBlue: in berazino
05:23:16 : Direct: Mr. Spock: nice
05:23:17 : Direct: jetBlue: wanna join?
05:23:21 : Direct: Mr. Spock: sure
05:23:24 : Direct: jetBlue: :D
05:23:25 : Direct: Mr. Spock: i have a cube
05:23:37 : Direct: jetBlue: where?
05:23:48 : Direct: jetBlue: i thought u did it on napf
05:23:49 : Direct: jetBlue: xD
05:23:53 : Direct: Mr. Spock: i think its 14 97
05:24:33 : Direct: jetBlue: the one on map?
05:24:38 : Direct: jetBlue: or somewhere else?
05:24:43 : Direct: jetBlue: i just marked it
05:24:46 : Direct: jetBlue: direct
05:24:47 : Direct: Mr. Spock: hold on ill teleport there
05:24:52 : Direct: jetBlue: okay
05:24:59 : Direct: Mr. Spock: yeah
05:25:41 : Direct: jetBlue: gotta get my mtvr back
05:25:45 : Direct: Mr. Spock: k
05:25:46 : Direct: jetBlue: it's in berazino
05:25:48 : Direct: Mr. Spock: turn around
05:25:48 : Direct: jetBlue: hold on
05:25:53 : Direct: jetBlue: lol nice
05:25:59 : Direct: jetBlue: got a plot pole?
05:26:00 : Direct: Mr. Spock: yeah
05:26:15 : Direct: jetBlue: well we can extend it 
05:29:32 : Direct: jetBlue: got some supplies :D
05:29:40 : Direct: Mr. Spock: nice
05:29:55 : Direct: jetBlue: so how do you wanna do this ?
05:30:02 : Direct: jetBlue: do you wanna keep ur base and build it ur own?
05:31:26 : Direct: jetBlue: all legit things
05:31:28 : Direct: jetBlue: :)
05:31:43 : Direct: jetBlue: aks worth a lot once the eco system is updated
05:35:07 : Direct: jetBlue: whatcha doing?
05:35:19 : Direct: jetBlue: going to the mission?
05:35:23 : Direct: Mr. Spock: yeah
05:35:26 : Direct: Mr. Spock: take this one
05:35:32 : Direct: jetBlue: im good im going to build
05:35:33 : Direct: Mr. Spock: ill get mine i left at the trader
05:35:37 : Direct: Mr. Spock: k
05:35:41 : Direct: jetBlue: i got the parts
05:35:51 : Direct: jetBlue: want me to build close ?
05:35:56 : Direct: jetBlue: or a bit away?
05:36:04 : Direct: Mr. Spock: either way
05:36:10 : Direct: Mr. Spock: we can have a walk way
06:17:07 : Side: hampuz: meep
06:17:17 : Side: DaBethum: Hey sexy
06:18:01 : Side: hampuz: that is alot of ppl on your channell...
06:18:13 : Side: jetBlue: hey hampus
06:18:15 : Side: jetBlue: z *
06:18:25 : Side: hampuz: ello jetBlue
06:20:07 : Direct: <[IDC]> Chuckles: my stuff in here?
06:20:49 : Side: hampuz: bastard
06:20:54 : Side: hampuz: stole my truck without fuel >:o
06:23:46 : Direct: <[IDC]> Chuckles: thx brutha
06:25:18 : Direct: DaBethum: 642
06:25:28 : Direct: DaBethum: 983
06:45:22 : Side: jetBlue: damic can u buy food on ur way?
06:45:30 : Side: jetBlue: ty
06:46:00 : Side: Mr. Spock: np
06:56:36 : Direct: jetBlue: lol wtf can i do with a ruby? xD
06:56:45 : Direct: Mr. Spock: right click
06:56:57 : Direct: jetBlue: holy shit
06:57:01 : Direct: Mr. Spock: yup
06:57:06 : Direct: jetBlue: that's not legit tho lol right?
06:57:18 : Direct: Mr. Spock: yeah
06:57:24 : Direct: Mr. Spock: you can buy them at the trader
06:57:29 : Direct: jetBlue: nice
06:57:34 : Direct: jetBlue: i put it back in ur backpack
06:57:39 : Direct: Mr. Spock: lol
06:57:47 : Direct: Mr. Spock: its yours
06:57:49 : Direct: Mr. Spock: i have two
06:58:00 : Direct: jetBlue: i wouldn't know where to place it now
06:58:18 : Direct: Mr. Spock: that looks good
06:58:47 : Direct: jetBlue: yeah snapping is pretty cool man
06:59:42 : Side: <[IDC]> Revixy: sandman did u remove your plotpole?
07:00:06 : Side: SandReaper: yes
07:00:14 : Side: <[IDC]> Revixy: ok
07:00:17 : Direct: jetBlue: should i put a floor on top of u ?
07:00:20 : Direct: jetBlue: or no?
07:00:36 : Direct: jetBlue: like this
07:00:37 : Direct: Mr. Spock: do you want to put cars under
07:00:49 : Direct: Mr. Spock: i don't think they will make it
07:00:51 : Direct: jetBlue: just one or two
07:01:02 : Direct: Mr. Spock: how are you making it move like that
07:01:16 : Direct: jetBlue: snapping
07:01:25 : Direct: Mr. Spock: how
07:01:33 : Direct: jetBlue: scroll down
07:01:37 : Direct: jetBlue: turn snapping on
07:01:41 : Direct: jetBlue: then press F
07:01:57 : Direct: jetBlue: it'll place it somewhere then start rotating or moving it the way you want
07:02:10 : Direct: Mr. Spock: yeah but its floating back n forth
07:14:25 : Group: jetBlue: how's the building going?
07:14:26 : Group: jetBlue: :D
07:14:33 : Group: Mr. Spock: it goes
07:14:36 : Group: Mr. Spock: playing around
07:14:44 : Group: jetBlue: check out this thing
07:15:15 : Group: jetBlue: :D
07:15:18 : Group: Mr. Spock: nice
07:15:24 : Group: Mr. Spock: i can shoot into from here
07:15:28 : Group: Mr. Spock: ;)
07:15:28 : Group: jetBlue: i know
07:15:35 : Group: jetBlue: so i can shoot at people in ur base
07:15:37 : Group: jetBlue: lol
07:15:43 : Group: jetBlue: along with the woods behind ur base
07:15:44 : Group: Mr. Spock: lol dido
07:15:53 : Group: jetBlue: so this is basically a camping spot in case of ER
07:15:54 : Group: jetBlue: xD
07:15:57 : Group: Mr. Spock: yeah i think im going to leave half walls
07:16:11 : Group: jetBlue: these are sand bags
07:16:22 : Group: Mr. Spock: yeah i saw that
07:16:22 : Group: jetBlue: might change them with half walls if they're removable by players
07:16:31 : Group: Mr. Spock: i think they are
07:16:54 : Group: jetBlue: if that's the case then i'll do that later
07:17:21 : Group: jetBlue: xD they're experts in sucking
07:17:26 : Group: Mr. Spock: yup
07:17:39 : Group: Mr. Spock: little faggie if ask me
07:17:39 : Group: jetBlue: lol
07:17:43 : Group: jetBlue: true
07:21:38 : Group: jetBlue: is that garage for the walk way?
07:21:56 : Group: Mr. Spock: its so it can be opened and shoot towards that way
07:21:57 : Side: <[IDC]> Revixy: the parachute function is bugged my friend just spawn on the ground.
07:22:00 : Group: jetBlue: nice
07:22:01 : Group: jetBlue: okay
07:26:08 : Group: jetBlue: going for the construction
07:26:13 : Group: Mr. Spock: k
07:45:51 : Side: [DOC] Sampson: dance
07:53:37 : Group: jetBlue: want doorways?
07:57:10 : Group: jetBlue: stole some stuff from the box D
07:57:12 : Group: jetBlue: xD
07:57:27 : Group: Mr. Spock: thats whats it there for
07:57:34 : Group: Mr. Spock: or maybe i should hunt you donw
07:57:55 : Group: jetBlue: i was about to go grab some metal poles / sandbags / garage doors
07:58:03 : Group: Mr. Spock: go for it
07:58:09 : Group: Mr. Spock: can i get a crowbar
07:58:15 : Group: jetBlue: sure
08:19:15 : Group: jetBlue: can i get a tp? lol too lazy to fly
08:19:17 : Group: jetBlue: xD
08:25:16 : Side: <[IDC]> Revixy: hvor er du?
08:26:36 : Side: <[IDC]> Revixy: hvor er du?
08:26:45 : Side: Changrey: lufthavnen ved vandet, siger ikke navnet fordi andre spillere :)
08:27:09 : Side: <[IDC]> Revixy: copy
08:27:17 : Side: <[IDC]> Revixy: on my way
08:27:44 : Side: DaBethum: Hey Chang!
08:28:02 : Side: Changrey: hello m8
08:29:47 : Side: <[IDC]> Revixy: højre klik din radio
08:32:50 : Vehicle: <[IDC]> Revixy: Ring lige på skype
08:34:41 : Side: hampuz: rev
08:34:49 : Side: hampuz: done the green one down south_
08:34:53 : Side: hampuz: ?
08:34:59 : Side: <[IDC]> Revixy: negative
09:16:38 : Side: Captain Cuddles: whats up sampson
09:16:39 : Side: [DOC] Sampson: hey cap
09:17:28 : Side: Captain Cuddles: hows it going
09:17:37 : Side: [DOC] Sampson: fine
09:21:05 : Side: Captain Cuddles: have you been playing since i was last on?
09:21:26 : Side: [DOC] Sampson: besides like an hour to eat
09:22:40 : Side: Captain Cuddles: damn 
09:22:47 : Side: Captain Cuddles: have you been building a base?
09:23:02 : Side: [DOC] Sampson: no just looting
09:23:16 : Side: Captain Cuddles: wanna build a base together?
09:24:00 : Side: [DOC] Sampson: no i am good
09:25:18 : Side: Captain Cuddles: have you been to vmc yet?
09:25:30 : Side: [DOC] Sampson: vmc?
09:25:46 : Side: Captain Cuddles: veresnik military compound
09:25:54 : Side: [DOC] Sampson: no
09:26:31 : Side: Captain Cuddles: ok im probably gonna head ther
09:26:36 : Side: [DOC] Sampson: ok
09:29:58 : Side: MasterChief: me
09:30:05 : Side: Captain Cuddles: i saw youw
09:30:11 : Side: MasterChief: :)
09:30:19 : Side: jetBlue: who's the blackhawk?
09:30:26 : Side: Captain Cuddles: me
09:30:30 : Side: jetBlue: friendly?
09:30:33 : Side: Captain Cuddles: yes
09:30:40 : Side: Captain Cuddles: you guys need anything
09:30:50 : Side: jetBlue: i couldn't find the crate
09:31:03 : Side: Captain Cuddles: thats what i was looking for
09:32:04 : Side: MasterChief: what?
09:32:07 : Side: jetBlue: alright i can't find it i give up
09:32:12 : Side: jetBlue: u can have it if u find it
09:35:40 : Side: MasterChief: That green mission i went to had 14 metal floors 
09:35:51 : Side: MasterChief: Yes you can
09:36:15 : Side: MasterChief: ;)
09:37:42 : Side: MasterChief: is there a shed or something there beth?
09:37:56 : Side: hampuz: bethum aint online
09:38:05 : Side: MasterChief: hes in console
09:38:14 : Side: hampuz: oh
09:41:19 : Side: MasterChief: You got a job finally :P
09:41:19 : Side: MasterChief: nice
09:41:42 : Side: MasterChief: Theres 7 metal floors in your shed
09:45:12 : Side: MasterChief: 7 floors in your shed beth
10:01:18 : Side: MasterChief: guys join the group ;P
10:01:23 : Side: MasterChief: okay
10:01:45 : Side: MasterChief: yeah, fuck this server right ;0
10:02:02 : Side: MasterChief: I did that
10:02:09 : Side: MasterChief: thats where i got the metal floors
10:02:26 : Side: MasterChief: yes
10:02:34 : Side: MasterChief: I gave you 7 floors
10:02:57 : Side: MasterChief: in yo sheed
10:03:45 : Side: MasterChief: Kamikazie it right infront of them
10:04:55 : Side: MasterChief: fer me
10:14:06 : Side: MasterChief: dont go ;-;
10:15:22 : Side: MasterChief: wtf
10:16:42 : Side: MasterChief: Tell Damic to tell them to come to our server ;)
10:19:18 : Side: MasterChief: Now both
10:20:26 : Side: MasterChief: lol 
10:20:50 : Side: MasterChief: building
10:21:43 : Side: MasterChief: A hazmat mask?
10:23:15 : Side: MasterChief: lol
10:23:49 : Side: MasterChief: dear lord
10:24:20 : Side: MasterChief: as I break my legs
10:24:41 : Side: MasterChief: you doing the mayors mansion?
10:25:21 : Side: MasterChief: is your base that barn on that road? :P
10:26:41 : Side: MasterChief: lol damn
10:29:25 : Side: hampuz: anyone else do the mayors_
10:29:27 : Side: hampuz: ?
10:31:55 : Side: hampuz: who else is doing it_
10:32:12 : Side: MasterChief: I might ina little
10:32:25 : Side: hampuz: well someone have shot at it and killed some ais
10:32:40 : Side: [DOC] Sampson: ya i here
10:32:47 : Side: hampuz: okay
10:35:00 : Side: MasterChief: Ka boooomm :)
10:37:17 : Side: MasterChief: lol
10:38:06 : Side: MasterChief: i need a invite too
10:39:07 : Side: MasterChief: yes
10:39:21 : Side: MasterChief: its been there for awhile
10:39:22 : Side: MasterChief: no
10:40:37 : Side: MasterChief: I have one of those..
10:41:08 : Side: MasterChief: yeah lol
10:57:48 : Side: MasterChief: reallyyy..
10:57:52 : Side: MasterChief: thanks sandy :p
11:16:00 : Side: MasterChief: Welcome :D
11:25:25 : Side: MasterChief: im out of bandagessss
11:27:17 : Side: MasterChief: Poosays
11:27:25 : Side: MasterChief: Put that shit in a potato and eat it
11:38:22 : Side: MasterChief: bath i cant remove this floor ;-;
11:38:36 : Side: MasterChief: No
11:39:02 : Side: MasterChief: rain rain go away dont bring back another gay
11:39:41 : Side: MasterChief: use yo admin tools beth and help :)
11:40:03 : Side: MasterChief: removing this floor
11:40:21 : Side: MasterChief: this 1/4 floor
11:40:26 : Side: MasterChief: well
11:41:36 : Side: MasterChief: i got it but if i do ill fall
11:41:40 : Side: MasterChief: fuck -.-
11:41:49 : Side: MasterChief: YEAHHH
11:45:20 : Side: MasterChief: are they moving or nah :p
11:45:38 : Side: MasterChief: my landing pad is gunna be dope
11:45:42 : Side: MasterChief: hopefully
11:45:48 : Side: MasterChief: No.
11:46:13 : Side: MasterChief: and..
11:46:55 : Side: MasterChief: Prolly
11:47:21 : Side: MasterChief: /restart :p
11:48:04 : Side: MasterChief: burn him at the stake!
11:48:14 : Side: MasterChief: ..No ;)
11:48:56 : Side: MasterChief: No theyre small
11:49:04 : Side: MasterChief: So i played with the lav last night
11:49:12 : Side: MasterChief: it gets rekkkt with an m2..
11:49:51 : Side: MasterChief: The sos i found it
11:49:54 : Side: MasterChief: lol
11:50:04 : Side: MasterChief: uh
11:50:10 : Side: MasterChief: in the field o.o
11:50:16 : Side: MasterChief: lol 
11:50:22 : Side: MasterChief: How am i supposed to explain
11:50:36 : Side: MasterChief: the 3rd blade of grass northwest of the yellow bush
11:51:04 : Side: MasterChief: Yes
12:14:34 : Side: MasterChief: aint that true
12:14:44 : Side: MasterChief: ill buy you a safe sandy
12:14:55 : Side: MasterChief: beth need wood ;)
12:15:13 : Side: MasterChief: lol
12:15:20 : Side: MasterChief: ill come over with a chainsaw
12:15:24 : Side: MasterChief: deforestation
12:15:27 : Side: MasterChief: and..
12:15:33 : Side: MasterChief: Good to know
12:16:02 : Side: MasterChief: I get screwed because my humanity glitches and doubles..
12:16:51 : Side: MasterChief: You can kill dad if he ever comes on
12:17:05 : Side: MasterChief: holllllaa
12:17:33 : Side: MasterChief: and i slapped you guys and beth got mad ;P
12:17:38 : Side: MasterChief: xD
12:18:34 : Side: MasterChief: bath im glitched into my rock o.o
12:18:42 : Side: MasterChief: No
12:18:44 : Side: MasterChief: Sorry bath
12:18:48 : Side: MasterChief: im fixed now
12:18:56 : Side: MasterChief: HA
12:19:03 : Side: MasterChief: Dont talk about your sister that way
12:19:06 : Side: MasterChief: thats fucked up
12:19:29 : Side: MasterChief: lol
12:19:51 : Side: MasterChief: god damn it
12:19:59 : Side: MasterChief: ya sick basterds
12:20:25 : Side: MasterChief: Are you a soda?
12:20:32 : Side: MasterChief: Because i want to mount and dew you ;)
12:21:27 : Side: MasterChief: trying
12:21:40 : Side: MasterChief: I breaking bad that shit
12:21:58 : Side: MasterChief: same
12:22:17 : Side: MasterChief: its from before breaking bad took place
12:22:32 : Side: MasterChief: no
12:22:41 : Side: MasterChief: Do what I did
12:22:49 : Side: MasterChief: lol
12:23:27 : Side: MasterChief: ;-; like my granma
12:23:30 : Side: MasterChief: grandma
12:23:37 : Side: MasterChief: it sucks
12:23:43 : Side: MasterChief: Shoots blanks
12:24:02 : Side: MasterChief: omg
12:24:18 : Side: MasterChief: Wings
12:24:22 : Side: MasterChief: Are you quer
12:24:27 : Side: MasterChief: Damn it i knew it
12:24:34 : Side: MasterChief: Avoiding the question
12:24:56 : Side: MasterChief: bath 
12:25:05 : Side: MasterChief: any of you have wood floors
12:25:22 : Side: MasterChief: bath do you have wood floors?w
12:25:24 : Side: MasterChief: I can have
12:25:27 : Side: MasterChief: why
12:25:30 : Side: MasterChief: :(
12:25:59 : Side: MasterChief: lol
12:26:42 : Side: MasterChief: wtf is a bird
12:26:48 : Side: MasterChief: :D
12:26:55 : Side: MasterChief: Is that what daddy meant
12:27:15 : Side: MasterChief: I have 14 M2 ammo
12:27:20 : Side: MasterChief: and 12 Nato ammoss
12:27:51 : Side: MasterChief: Food porn
12:28:34 : Side: MasterChief: Mo bile..
12:28:41 : Side: MasterChief: ill come rek you m8
12:29:13 : Side: MasterChief: :(
12:29:19 : Side: MasterChief: Yeah..
12:29:19 : Side: MasterChief: duh
12:29:46 : Side: MasterChief: :)
12:30:15 : Side: MasterChief: Its not my ping its my router yuh fucks
12:30:26 : Side: MasterChief: xD
12:31:47 : Side: MasterChief: 4-5..
12:31:57 : Side: MasterChief: 1 shot from my gun and u ded
12:32:01 : Side: MasterChief: yes
12:33:28 : Side: MasterChief: So one time i was in new york and this chinese lady asked me for weed in china town
12:33:33 : Side: MasterChief: Fun fact of the day
12:34:13 : Side: MasterChief: who..
12:34:22 : Side: MasterChief: how do you know im white?
12:34:32 : Side: MasterChief: lol
12:34:35 : Side: MasterChief: and
12:35:12 : Side: MasterChief: What kind
12:35:14 : Side: MasterChief: shit kind
12:35:23 : Side: MasterChief: xD
12:35:41 : Side: MasterChief: Your mom knows you like the meats
12:35:54 : Side: MasterChief: Shes not
12:36:05 : Side: MasterChief: Because you just said earlier "my mommys home"
12:36:10 : Side: MasterChief: tell your mom i said Hi
12:36:39 : Side: MasterChief: Slaves, asains, dad
12:36:45 : Side: MasterChief: they go in the shed
12:36:58 : Side: MasterChief: wtf
12:37:19 : Side: MasterChief: you didnt see what i said
12:37:45 : Side: MasterChief: Beth said less value things go intot he shed..
12:38:10 : Side: MasterChief: sany
12:38:18 : Side: MasterChief: yes
12:38:24 : Side: MasterChief: bath
12:39:00 : Side: MasterChief: same for me :(
12:39:06 : Side: MasterChief: what
12:39:12 : Side: MasterChief: I already have rootberr
12:39:40 : Side: MasterChief: better dead then in my freezer
12:39:48 : Side: MasterChief: Nothing
12:40:20 : Side: MasterChief: no its there
12:40:41 : Side: MasterChief: My plotpole isnt giving a thing for maintain
12:41:03 : Side: MasterChief: okay captain
12:41:56 : Side: MasterChief: I want to plot your pole ;)
12:42:21 : Side: MasterChief: is there even maintain..
12:42:46 : Side: MasterChief: lel
12:42:55 : Side: MasterChief: x
12:44:04 : Side: MasterChief: WHERE IS HE
12:44:09 : Side: MasterChief: :)
12:44:28 : Side: MasterChief: okay ;)
12:44:37 : Side: MasterChief: only on saturdays
12:45:20 : Side: MasterChief: ill help with it
12:45:28 : Side: MasterChief: fuuck
12:46:00 : Side: MasterChief: my base is almost finished
12:46:58 : Side: MasterChief: darn
12:47:10 : Side: MasterChief: killing
12:47:16 : Side: MasterChief: xD
12:48:21 : Side: MasterChief: No one
12:48:58 : Side: MasterChief: a boot
12:49:15 : Side: MasterChief: yeha
12:49:59 : Side: MasterChief: id watch it
12:50:16 : Side: MasterChief: really :D
12:50:24 : Side: MasterChief: screww you
12:50:59 : Side: MasterChief: they have money
12:52:11 : Side: MasterChief: Beths family
12:54:29 : Side: MasterChief: they all suck
12:55:25 : Side: MasterChief: xD
12:55:30 : Side: MasterChief: unq
12:55:34 : Side: MasterChief: no..
12:55:43 : Side: MasterChief: it is
12:55:53 : Side: MasterChief: yeah.
12:55:59 : Side: MasterChief: idk history..
12:56:06 : Side: MasterChief: No.
12:56:13 : Side: MasterChief: its the weekend
12:56:21 : Side: MasterChief: lol
12:56:32 : Side: MasterChief: lol
12:56:37 : Side: MasterChief: sorry
12:56:47 : Side: MasterChief: beth close your legs
12:58:33 : Side: MasterChief: yes
12:58:41 : Side: MasterChief: oh ;/
12:59:42 : Side: MasterChief: someone come to the bandit bas
12:59:45 : Side: MasterChief: base
13:00:00 : Side: MasterChief: i just got there..
13:00:18 : Side: MasterChief: they flew a mozzie in there
13:00:49 : Side: MasterChief: fuck me
13:00:55 : Side: MasterChief: rekt
13:03:15 : Side: MasterChief: we know
13:03:28 : Side: MasterChief: i have one
13:03:39 : Side: MasterChief: you would follow
13:03:41 : Side: MasterChief: ;)
13:03:53 : Side: MasterChief: ill break your legs before you can touch him
13:03:59 : Side: MasterChief: yeah for doing nothing
13:04:12 : Side: MasterChief: that wouldnt be a strike
13:04:13 : Side: MasterChief: sir
13:05:31 : Side: MasterChief: :)
13:05:38 : Side: MasterChief: welcome hunter
13:05:42 : Side: Hunter Atkinson: hi!
13:07:50 : Side: MasterChief: sure
13:11:54 : Side: MasterChief: yes
13:16:12 : Side: MasterChief: beth you have a main rotor at your base?
13:16:54 : Side: MasterChief: Now i have 34k humanity
13:16:54 : Side: MasterChief: wtf
13:17:05 : Side: MasterChief: Im a hero ;)
13:17:06 : Side: MasterChief: No
13:17:08 : Side: MasterChief: legit
13:17:56 : Side: MasterChief: negative?
13:20:38 : Direct: XxWingsOfFuryxX: wanna go shoot them?
13:20:58 : Side: MasterChief: wait im coming for your base beth
13:21:02 : Side: MasterChief: waiitt
13:21:21 : Side: MasterChief: im hurrr
13:21:51 : Side: MasterChief: lol
13:21:54 : Side: MasterChief: easy to break in
13:23:24 : Side: MasterChief: I can build in here beth
13:23:29 : Side: MasterChief: cant
13:23:37 : Side: MasterChief: how -.-
13:23:42 : Side: MasterChief: cant
13:23:45 : Side: MasterChief: but i did
13:24:32 : Side: MasterChief: no
13:25:01 : Side: MasterChief: lol
13:25:09 : Side: MasterChief: now he will know how i feel
13:25:58 : Side: MasterChief: If you disconnect it will fly into the ground and explode
13:27:02 : Side: MasterChief: i shot 2 M2s
13:27:05 : Side: MasterChief: and the hmv
13:28:05 : Side: MasterChief: me too
13:28:21 : Side: MasterChief: whos in the venom..
13:29:01 : Side: DaBethum: I know right
13:29:12 : Side: Hunter Atkinson: i used to play on that server
13:29:22 : Side: MasterChief: youre in a better place :)
13:29:24 : Side: DaBethum: That server blows
13:29:29 : Side: Hunter Atkinson: it does
13:29:29 : Side: DaBethum: But it has pop
13:29:32 : Side: Hunter Atkinson: i hate it
13:29:33 : Side: MasterChief: m107
13:31:20 : Side: MasterChief: I took out the hmv
13:31:22 : Side: MasterChief: and m2s
13:32:28 : Group: MasterChief: I took out the hmv
13:32:34 : Group: MasterChief: and the M2s
13:32:39 : Side: MasterChief: beth
13:32:48 : Side: MasterChief: yeh
13:33:35 : Side: MasterChief: 3 ded
13:33:40 : Side: MasterChief: rlly
13:34:05 : Side: MasterChief: 6 ded
13:34:24 : Side: Hunter Atkinson: is there no black market at bor?
13:34:32 : Side: MasterChief: 9 ded
13:34:38 : Side: MasterChief: i dont think so
13:34:41 : Side: MasterChief: stary
13:34:51 : Side: hampuz: start only place with black market
13:34:55 : Side: XxWingsOfFuryxX: no its just suppose to be a FOB
13:35:00 : Side: MasterChief: 380
13:35:21 : Side: XxWingsOfFuryxX: bash has one too
13:35:24 : Side: MasterChief: see any?
13:35:26 : Side: XxWingsOfFuryxX: and maybe klan
13:35:53 : Side: Hunter Atkinson: a overpoch weapon at bor?
13:36:06 : Side: MasterChief: because theyre dead
13:36:19 : Side: MasterChief: move in
13:36:34 : Side: MasterChief: one sec
13:36:38 : Side: MasterChief: ded
13:36:45 : Side: Hunter Atkinson: is there an overpoch weapon trader here?
13:36:52 : Side: hampuz: ys
13:36:53 : Side: MasterChief: yes
13:36:53 : Side: DaBethum: Stary
13:36:53 : Side: hampuz: yes
13:37:00 : Side: MasterChief: clear
13:37:05 : Side: hampuz: there is 1 in all traders but bor
13:37:15 : Side: hampuz: not sure about staroye
13:37:19 : Side: MasterChief: :)
13:37:27 : Side: MasterChief: ill make you go down real quick
13:37:31 : Side: Hunter Atkinson: well fuck
13:37:49 : Side: MasterChief: not you
13:37:52 : Side: MasterChief: lol
13:38:47 : Side: MasterChief: theres good stuff in there
13:39:19 : Side: MasterChief: theres a breif in there
13:39:23 : Side: MasterChief: yes
13:39:40 : Side: MasterChief: less do it
13:40:09 : Side: MasterChief: I needa drop my stuff on and ill come
13:40:12 : Side: MasterChief: HELI IN BOUND
13:40:34 : Side: MasterChief: down
13:40:40 : Side: MasterChief: it is
13:40:41 : Side: MasterChief: wat
13:40:42 : Side: MasterChief: xD
13:40:46 : Side: MasterChief: good
13:41:09 : Side: MasterChief: sorry wings
13:41:32 : Side: MasterChief: i see the huey
13:42:47 : Side: DaBethum: Oh hunter
13:42:55 : Side: Hunter Atkinson: ?
13:42:58 : Side: DaBethum: Right click on your binos or range finders
13:43:13 : Side: Hunter Atkinson: view distance?
13:43:18 : Side: DaBethum: Yup
13:43:20 : Side: MasterChief: also put all your money into breifs or whatnot before retarts
13:43:54 : Side: MasterChief: it doesnt save your bank for your first restart
13:46:11 : Side: MasterChief: I need one breif for a lav
13:46:24 : Side: MasterChief: best vehicle
13:46:28 : Side: MasterChief: lolw
13:47:01 : Side: MasterChief: does it have guns?q
13:47:28 : Side: MasterChief: the front gets destroyed by m2 doe
13:47:58 : Side: MasterChief: sampy
13:48:21 : Side: MasterChief: Beth
13:48:27 : Side: MasterChief: because he said it was an enemy
13:48:44 : Side: MasterChief: fly straigt?
13:48:46 : Side: MasterChief: idk..
13:49:00 : Side: MasterChief: yes they do
13:50:00 : Side: MasterChief: is the economy changed beth?
13:50:03 : Side: MasterChief: that spawned there
13:52:10 : Side: MasterChief: i got him beth
13:52:43 : Side: MasterChief: dont shoot me lol
13:53:43 : Side: MasterChief: yes
13:54:24 : Side: MasterChief: yes
13:54:40 : Side: MasterChief: ill one shot you
13:54:42 : Side: MasterChief: in the foot
13:55:08 : Side: MasterChief: clear?
13:55:59 : Side: MasterChief: GOGOGOGOGOGO'
13:57:53 : Side: MasterChief: prolly
13:57:56 : Side: MasterChief: i got stuffs
13:58:44 : Side: MasterChief: ded
13:58:56 : Side: MasterChief: fuck myslef
14:00:33 : Side: MasterChief: cords?w
14:01:00 : Side: MasterChief: ill break your legs from where i am
14:01:09 : Side: MasterChief: Its not
14:01:18 : Side: MasterChief: Thats disresepcting an admin
14:01:21 : Side: MasterChief: so now i can
14:01:22 : Side: MasterChief: wingsw
14:01:29 : Side: MasterChief: you disrespected an admin
14:01:34 : Side: MasterChief: yes you did
14:01:46 : Side: MasterChief: oh eell
14:03:43 : Side: MasterChief: id take it but im not there -.-
14:04:12 : Side: MasterChief: god damn it
14:04:18 : Side: MasterChief: 68k humanity now 
14:04:52 : Side: MasterChief: dieingw
14:09:54 : Vehicle: XxWingsOfFuryxX: WHERE TO?
14:10:17 : Vehicle: [DOC] Sampson: mayors
14:10:44 : Vehicle: [DOC] Sampson: drop off point on map
14:12:06 : Side: MasterChief: I changed my skin, it crashed my game and deleted everything in my backpack lol
14:12:08 : Direct: [DOC] Sampson: gogogogo
14:12:18 : Side: MasterChief: I know that
14:14:46 : Side: MasterChief: Call for an admin ;)
14:15:39 : Side: MasterChief: mayors mansion
14:15:48 : Side: MasterChief: abraham or whoever is gone
14:15:50 : Side: MasterChief: me too
14:16:49 : Side: MasterChief: I bought revi a 250k little bird and he gave me 50k..
14:16:58 : Side: MasterChief: he owes me 200k
14:17:49 : Side: MasterChief: I want to crawl into that mayors mansion and see how long it takes for them to see me
14:17:51 : Side: MasterChief: hey wings
14:17:55 : Side: MasterChief: fuck yourself
14:18:14 : Side: XxWingsOfFuryxX: Go Fuck yourself^
14:18:19 : Side: XxWingsOfFuryxX: *
14:18:43 : Side: MasterChief: Go fuck yourself.*
14:18:49 : Side: MasterChief: Stop talking
14:19:07 : Side: MasterChief: yes you are
14:19:08 : Side: MasterChief: stop
14:19:34 : Side: MasterChief: Can i crawl inot the mayors mansion?
14:19:36 : Side: MasterChief: wtfff
14:19:40 : Side: MasterChief: mom ;-;
14:19:48 : Side: hampuz: because they will shoot you ?
14:20:05 : Side: MasterChief: If they notice me
14:20:41 : Side: hampuz: GL
14:20:48 : Side: MasterChief: thanks
14:22:16 : Side: MasterChief: never
14:22:22 : Side: MasterChief: wait
14:22:29 : Side: MasterChief: let me crawl into the mission
14:23:21 : Side: MasterChief: How old is your cousin beth?
14:23:27 : Side: MasterChief: ..
14:23:50 : Side: MasterChief: yeah what if you meet a girl and its your cousin..
14:23:52 : Side: MasterChief: but you dont know
14:27:06 : Side: MasterChief: Idk how to morph into one
14:27:20 : Side: MasterChief: me?
14:27:35 : Side: MasterChief: I asked beth and he said not to because it fucks the server up
14:27:39 : Side: MasterChief: I know what to doq
14:27:46 : Side: MasterChief: if the server breaks thats all on damicq
14:27:57 : Side: MasterChief: lol
14:28:18 : Side: MasterChief: when im bored i fly things
14:28:33 : Side: MasterChief: yes
14:28:46 : Side: MasterChief: idk how i did
14:28:59 : Side: MasterChief: ayyy the LAV is here
14:29:10 : Side: MasterChief: vehicle
14:29:13 : Side: MasterChief: NO
14:29:16 : Side: MasterChief: woops
14:29:42 : Side: MasterChief: Beth i think this economy is wrong again
14:29:47 : Side: MasterChief: the repair vehicle is 100k
14:29:56 : Side: MasterChief: repair ural*
14:30:06 : Side: MasterChief: its 100k
14:30:10 : Side: MasterChief: im buying it
14:30:17 : Side: MasterChief: maybe :p
14:30:30 : Side: MasterChief: yeah its cheeeeppp
14:30:41 : Side: MasterChief: wow
14:30:46 : Side: MasterChief: one...restart
14:32:05 : Side: MasterChief: lol
14:32:54 : Side: MasterChief: where
14:32:56 : Side: MasterChief: nope
14:33:03 : Side: MasterChief: omw
14:38:08 : Side: MasterChief: where are you guys
14:38:30 : Side: MasterChief: coming beth ;)
14:41:30 : Side: XxWingsOfFuryxX: ^EXPLANATION
15:10:24 : Side: MasterChief: Oh well
15:10:54 : Side: MasterChief: beth is f2 the only admin button?
15:11:13 : Side: MasterChief: good
15:11:23 : Side: MasterChief: No
15:11:31 : Side: MasterChief: 8k..
15:11:36 : Side: MasterChief: sell a gun
15:13:17 : Side: MasterChief: no
15:13:54 : Side: DaBethum: player.additem 'cookie' 1
15:15:09 : Side: XxWingsOfFuryxX: player.placeatme T-90 MS
15:15:43 : Side: hampuz: player.suckmenut big-blackone 30inch
15:16:33 : Side: MasterChief: what chopper ;)
15:16:45 : Side: MasterChief: no
15:17:12 : Side: MasterChief: idk
15:17:59 : Side: MasterChief: is there a group?
15:19:20 : Side: MasterChief: spare what
15:19:24 : Side: MasterChief: yes i do
15:19:35 : Side: MasterChief: here ill land
15:19:38 : Side: MasterChief: wher are you
15:19:43 : Side: MasterChief: its okay
15:19:51 : Side: MasterChief: ill land ;)
15:20:03 : Side: MasterChief: perfect
15:20:26 : Side: MasterChief: When i can double click and get one?
15:20:35 : Side: MasterChief: its for the laughs man
15:20:38 : Side: MasterChief: wuhh?w
15:20:57 : Side: MasterChief: Im bored..
15:21:03 : Side: MasterChief: ill helpw
15:22:45 : Side: MasterChief: thats me
15:24:06 : Side: MasterChief: yes
15:24:44 : Side: MasterChief: needs fuel
15:25:18 : Side: MasterChief: that damn M2 wont die
15:27:47 : Side: MasterChief: Did i froget my toaster there?
15:30:14 : Side: MasterChief: heat up a banana peel
15:30:17 : Side: MasterChief: works great
15:30:26 : Side: MasterChief: I wouldnt know
15:30:52 : Side: MasterChief: I dont tell my friends that
15:31:17 : Side: MasterChief: I got it from a livesteam calm yo tatsw
15:31:31 : Side: XxWingsOfFuryxX: tits^*
15:31:42 : Side: MasterChief: just needs fuelw
15:31:56 : Side: XxWingsOfFuryxX: fuel^*
15:32:30 : Side: MasterChief: I call it the piece of shit
15:32:50 : Side: MasterChief: I wasnt talking about the gun
15:32:53 : Side: MasterChief: sorry wings
15:33:15 : Side: MasterChief: noooooo
15:33:36 : Side: MasterChief: pick me upw
15:33:55 : Side: MasterChief: where we goin
15:34:28 : Side: MasterChief: go to stary :p
15:41:28 : Side: MasterChief: Im going to blow that ural up.
15:41:38 : Side: MasterChief: Because its wings
15:41:44 : Side: MasterChief: Yeah, DIck
15:42:07 : Side: XxWingsOfFuryxX: dick^*
15:42:16 : Side: MasterChief: I meant to type wings..
15:42:20 : Side: MasterChief: sorry
15:42:23 : Side: MasterChief: yes
15:42:31 : Side: XxWingsOfFuryxX: mean't^*
15:42:47 : Side: MasterChief: Mean't.*
15:42:53 : Side: MasterChief: ^^^
15:43:01 : Side: hampuz: chocolate rain.
15:43:16 : Side: XxWingsOfFuryxX: wasn't the start of a sentence dumbass
15:43:27 : Side: MasterChief: Wasn't*
15:43:36 : Side: MasterChief: Dumbass.
15:44:14 : Side: XxWingsOfFuryxX: wanna talk about it champ?
15:44:27 : Side: MasterChief: Are you still talking?
15:44:32 : Side: XxWingsOfFuryxX: are you?
15:44:36 : Side: MasterChief: You cant but metal floors beth
15:44:44 : Side: MasterChief: Yes
15:44:50 : Side: XxWingsOfFuryxX: i've been here longer then you ...
15:44:56 : Side: MasterChief: Nopee
15:44:57 : Side: XxWingsOfFuryxX: i have the right
15:45:07 : Side: MasterChief: Oh shit, Mr. bigdick over here
15:45:22 : Side: XxWingsOfFuryxX: thanks for the compliment =D
15:45:45 : Side: DaBethum: 8============D '~.
15:46:05 : Side: XxWingsOfFuryxX: wanna talk about it yet?
15:46:17 : Side: XxWingsOfFuryxX: come out of the closet yet
15:46:27 : Side: XxWingsOfFuryxX: with a warm bannanna peel
15:46:42 : Side: MasterChief: still more action than you :)
15:46:55 : Side: MasterChief: and youre in ts and youre typing xD
15:47:22 : Side: MasterChief: Id get down on your level and lose my admin :)
15:47:37 : Side: MasterChief: I dont to be in the lower class like you
15:47:49 : Side: XxWingsOfFuryxX: get^*
15:47:55 : Direct: MasterChief: No offence ;)
15:48:03 : Side: MasterChief: ?
15:48:29 : Side: MasterChief: We are bestfriends
15:48:53 : Side: MasterChief: Would I be laughing right now
15:51:40 : Side: MasterChief: Im not mad?
15:52:51 : Side: MasterChief: why
15:52:57 : Side: MasterChief: 14
15:53:23 : Side: MasterChief: How tall are you
15:54:00 : Side: MasterChief: No
15:54:07 : Side: MasterChief: the answer is lotion
15:54:11 : Side: MasterChief: 5'9
15:54:24 : Side: MasterChief: Yes
15:54:36 : Side: MasterChief: Sweet
15:55:13 : Side: MasterChief: Im growing a lot..so
15:55:16 : Side: MasterChief: yeh
16:05:25 : Side: MasterChief: Bye
16:06:51 : Side: MasterChief: wat
16:07:18 : Side: MasterChief: lol
16:07:31 : Side: MasterChief: Bandit sniper is best :P
16:07:41 : Side: MasterChief: ..
16:07:46 : Side: MasterChief: you do?q
16:07:53 : Side: MasterChief: How
16:07:54 : Side: MasterChief: oh
16:08:53 : Side: MasterChief: Yuh
16:28:26 : Side: [Америка]WhiteBoyCentral: hello all
16:28:33 : Side: XxWingsOfFuryxX: sup
16:28:41 : Side: Vesicant: Hey
16:28:52 : Side: [Америка]WhiteBoyCentral: could i get a ride by oe of u fine shaps?
16:28:56 : Side: [Америка]WhiteBoyCentral: chaps*
16:29:07 : Side: Vesicant: I donèt have a vehicle, sorry
16:29:12 : Side: XxWingsOfFuryxX: i dont have a vehicle
16:29:28 : Side: [Америка]WhiteBoyCentral: its perfectly fine chaps, how many ppl avg play here?
16:29:30 : Side: XxWingsOfFuryxX: a mozzy only takes a rotor and scrap
16:29:33 : Side: Vesicant: You can mak mozzies and bikes though
16:29:51 : Side: XxWingsOfFuryxX: we had abot 6 about 30 mins ago
16:30:02 : Side: XxWingsOfFuryxX: usaaly it get populated
16:30:10 : Side: [Америка]WhiteBoyCentral: who is an owner or an admin?
16:30:16 : Side: Vesicant: The server just came back up again so it has been a bit lower, but it is increasing
16:30:22 : Side: XxWingsOfFuryxX: we've had to re do the server 3 times
16:30:30 : Side: [Америка]WhiteBoyCentral: dang
16:30:54 : Side: XxWingsOfFuryxX: it got fully populated back in the day
16:31:13 : Side: XxWingsOfFuryxX: then we changed boxes and it fucked it up
16:31:53 : Side: [Америка]WhiteBoyCentral: so are u the owner
16:32:11 : Side: XxWingsOfFuryxX: no but im DOC and know the admin
16:32:25 : Side: [Америка]WhiteBoyCentral: so are there donator options
16:32:34 : Side: XxWingsOfFuryxX: si
16:32:41 : Side: [Америка]WhiteBoyCentral: where would i find these
16:33:33 : Side: XxWingsOfFuryxX: http://drinkinoutacups.com/
16:35:00 : Side: [Америка]WhiteBoyCentral: that page s fucked up
16:36:22 : Side: XxWingsOfFuryxX: whats wrong with it?
16:36:33 : Side: [Америка]WhiteBoyCentral: all the words be smashed together
16:37:07 : Side: XxWingsOfFuryxX: mine look ok refresh
16:37:47 : Side: XxWingsOfFuryxX: better?
16:38:40 : Side: Vesicant: Btw, welcome LoadingCaboose
16:39:11 : Side: XxWingsOfFuryxX: Welcome Caboose
16:39:46 : Side: LoadingCaboose: herro
16:45:04 : Side: LoadingCaboose: white boy
17:00:14 : Side: XxWingsOfFuryxX: Master?
17:00:35 : Side: MasterChief: yes sir
17:00:40 : Side: MasterChief: im in ts
17:00:53 : Side: MasterChief: Welcome the new guys btw!
17:01:03 : Side: XxWingsOfFuryxX: Admin^
17:01:06 : Side: MasterChief: Yeah
17:01:29 : Side: MasterChief: Need help?
17:02:21 : Side: MasterChief: he is afk
17:02:52 : Direct: MasterChief: :)
17:03:00 : Side: MasterChief: Welcome spud!
17:03:02 : Direct: LoadingCaboose: hello
17:03:07 : Side: Vesicant: Welcome!
17:03:09 : Direct: MasterChief: How are you guys today
17:03:17 : Side: Spud: Hrllo good sir.
17:03:20 : Direct: LoadingCaboose: good do you like my flare face
17:03:25 : Direct: MasterChief: yes
17:03:30 : Direct: MasterChief: is this guy afk?w
17:03:39 : Direct: LoadingCaboose: ye
17:03:57 : Side: MasterChief: Im not wings
17:03:59 : Direct: LoadingCaboose: he is my friend
17:04:13 : Direct: MasterChief: Have a nice day
17:04:17 : Direct: LoadingCaboose: bye
17:06:30 : Side: MasterChief: invite me to a group works
17:06:55 : Side: MasterChief: Yes
17:07:10 : Side: MasterChief: thats why id do that
17:07:14 : Side: MasterChief: You dont trust me
17:07:53 : Side: Spud: Who are you talking to sir?
17:07:58 : Side: MasterChief: guys in ts
17:07:59 : Side: XxWingsOfFuryxX: me
17:08:14 : Side: MasterChief: My mics retarded so i use side chat :)
17:08:15 : Side: DaBethum: He can't figure out how to plug in his headset
17:08:19 : Side: DaBethum: So we have to deal with this..
17:08:28 : Side: MasterChief: xD
17:08:36 : Side: MasterChief: Cant plug it into a whole thats not there
17:08:41 : Side: DaBethum: hole
17:08:42 : Side: XxWingsOfFuryxX: also admin^
17:08:44 : Side: DaBethum: You yard
17:08:46 : Side: DaBethum: tard
17:08:48 : Side: MasterChief: fuck
17:08:50 : Side: MasterChief: yeah
17:10:13 : Side: MasterChief: yes
17:13:45 : Side: DaBethum: Welcome new players btw
17:13:52 : Side: MasterChief: already did ;)
17:14:00 : Side: DaBethum: Oh so I can't?
17:14:05 : Side: MasterChief: No
17:14:11 : Side: MasterChief: Doesnt work
17:14:13 : Side: DaBethum: Rude bastard.
17:14:25 : Side: MasterChief: I may be rude but i know my dad
17:14:43 : Side: DaBethum: I've never been to jail, so I've never met your dad
17:14:47 : Side: [Америка]WhiteBoyCentral: da fuq
17:14:53 : Side: MasterChief: Im also white
17:14:59 : Side: [Америка]WhiteBoyCentral: HEY IM WHITE TO!
17:15:03 : Side: DaBethum: Wow, racist.
17:15:05 : Side: XxWingsOfFuryxX: did you donnate white?
17:15:06 : Side: MasterChief: Congrats
17:15:14 : Side: [Америка]WhiteBoyCentral: i can
17:15:29 : Side: MasterChief: ?
17:15:34 : Side: [Америка]WhiteBoyCentral: but lal the words smashed together
17:15:56 : Side: DaBethum: That's odd
17:16:08 : Side: DaBethum: I didn't make the page, but I'll take a look at it
17:16:26 : Side: XxWingsOfFuryxX: you went afk talking about so didnt know
17:16:48 : Side: [Америка]WhiteBoyCentral: yea i had to go throw up srry
17:17:05 : Side: [Америка]WhiteBoyCentral: i dont feel good
17:17:08 : Side: [Америка]WhiteBoyCentral: :(
17:17:23 : Side: MasterChief: well
17:17:28 : Side: DaBethum: That sounds awful
17:17:35 : Side: MasterChief: dont eat the raw chicken
17:17:38 : Side: [Америка]WhiteBoyCentral: yea
17:18:24 : Side: MasterChief: lol
17:18:44 : Side: [Америка]WhiteBoyCentral: so if u can like read me the list that would be great
17:19:30 : Side: DaBethum: Un momento
17:20:18 : Side: MasterChief: in game yes
17:20:40 : Side: DaBethum: Could you join the teamspeak?
17:20:50 : Side: [Америка]WhiteBoyCentral: i cannot srry
17:21:10 : Side: [Америка]WhiteBoyCentral: all ready in one
17:21:16 : Side: DaBethum: Donator boxes, starting loadouts, unique vehicles
17:21:21 : Side: MasterChief: You can join 2..
17:21:29 : Side: DaBethum: Donator boxes being building supplies
17:21:29 : Side: [Америка]WhiteBoyCentral: how
17:21:51 : Side: MasterChief: connect-connections-in new tab
17:22:39 : Side: MasterChief: wtf
17:22:52 : Side: [Америка]WhiteBoyCentral: okay
17:23:10 : Side: Spud: I GOT SCARCED
17:23:14 : Side: [Америка]WhiteBoyCentral: whats the TS god damn it
17:23:22 : Side: LoadingCaboose: lol noob
17:23:31 : Side: MasterChief: one sec man ;-;
17:23:36 : Side: [Америка]WhiteBoyCentral: OKAY!
17:23:36 : Side: DaBethum: ts45.gameservers.com
17:23:39 : Side: [Америка]WhiteBoyCentral: jk jk
17:23:40 : Side: DaBethum: If memory serves
17:23:41 : Side: MasterChief: 66.55.142.230:9269
17:24:05 : Side: MasterChief: dont be rude to players ;)
17:24:45 : Side: Spud: whats the ip again?]
17:24:52 : Side: [Америка]WhiteBoyCentral: fucking idiot
17:24:53 : Side: DaBethum: ts45.gameservers.com
17:25:12 : Side: MasterChief: Im an admin so you should watch what you say ;)
17:26:09 : Side: Spud: that ip is not a real one
17:26:14 : Side: Spud: the ts on 
17:26:14 : Side: MasterChief: it i
17:26:16 : Side: MasterChief: is
17:26:32 : Side: Spud: is it the 45 or the 66.55 one?
17:26:44 : Side: MasterChief: 66.55.142.230:9269 this one?
17:26:45 : Side: Spud: i still need the real one because there is a troll in the server
17:26:48 : Side: LoadingCaboose: invite meh
17:27:14 : Side: LoadingCaboose: cuz im the best
17:27:31 : Side: [Америка]WhiteBoyCentral: fuck ya bitch caboose
17:27:48 : Side: LoadingCaboose: fool i will 360 noscope you from across the map
17:29:59 : Side: MasterChief: Beth likes a lot of guys
17:30:16 : Side: XxWingsOfFuryxX: ^true
17:30:21 : Side: MasterChief: Yes a girl
17:31:58 : Side: [Америка]WhiteBoyCentral: IM AM BETTER THAN YOU CABOOSE
17:32:11 : Side: LoadingCaboose: fuck you bich 
17:32:28 : Side: LoadingCaboose: dont lie
17:32:28 : Side: [Америка]WhiteBoyCentral: get in the TS mudda fuqer
17:32:38 : Side: LoadingCaboose: dont know the ip bitch
17:34:25 : Side: XxWingsOfFuryxX: join the group bethum
17:34:32 : Side: LoadingCaboose: what is the ip
17:34:36 : Side: [Америка]WhiteBoyCentral: hold
17:34:43 : Side: DaBethum: ts45.gameservers.com
17:34:47 : Side: XxWingsOfFuryxX: 66.55.142.230:9269
17:34:53 : Side: [Америка]WhiteBoyCentral: 66.55.142.230:9269
17:35:01 : Side: XxWingsOfFuryxX: off ts info^
17:35:02 : Side: [Америка]WhiteBoyCentral: 66.55.142.230:9269  66.55.142.230:9269   /66.55.142.230:9269
17:36:56 : Group: DaBethum: Vesi wants an invite
17:38:34 : Group: XxWingsOfFuryxX: how havent you fucking killed yourself?
17:38:50 : Group: DaBethum: Who?
17:38:50 : Group: XxWingsOfFuryxX: i already have a headache
17:38:57 : Group: DaBethum: Gotta be nice
17:45:28 : Group: XxWingsOfFuryxX: gonna kill him if he is there
17:46:09 : Group: XxWingsOfFuryxX: gonna leave his stuff
17:47:02 : Side: XxWingsOfFuryxX: Welcome Shayo
17:47:10 : Side: [Америка]WhiteBoyCentral: This se4rver is BEAST!
17:47:25 : Side: MasterChief: anyone find a pickup pkp
17:48:03 : Side: [Америка]WhiteBoyCentral: ouch stop im sorry
17:49:42 : Side: LoadingCaboose: BITCH INVITE ME
17:52:05 : Group: XxWingsOfFuryxX: pulling out the buzzsaw
17:56:59 : Side: MasterChief: lol
17:57:57 : Side: MasterChief: wat
17:58:03 : Side: MasterChief: yayyy
17:58:39 : Side: MasterChief: xD
17:58:42 : Side: MasterChief: wtf
17:59:23 : Side: MasterChief: no
18:10:34 : Side: DaBethum: Alright, gonna head off to bed here shortly
18:10:40 : Side: DaBethum: You gentlemen behave yourselves
18:12:40 : Side: [Америка]WhiteBoyCentral: guys come back :(
18:12:49 : Side: DaBethum: I'm going to bed
18:12:52 : Side: LoadingCaboose: they dont wnat it
18:13:19 : Side: [Америка]WhiteBoyCentral: hes putting duck tape on his dick hurry
18:13:31 : Side: LoadingCaboose: its very bad
18:13:41 : Side: DaBethum: I cringed at that
18:13:46 : Side: LoadingCaboose: lol
18:13:57 : Side: MasterChief: DuckDick
18:16:50 : Group: MasterChief: wings you cock
18:22:24 : Group: MasterChief: Good
18:22:39 : Group: MasterChief: hello
18:22:41 : Group: MasterChief: No
18:22:48 : Group: MasterChief: beth went to bed so no one is talking
18:22:50 : Group: MasterChief: hero
18:22:55 : Group: MasterChief: 69k hummanity ;D
18:22:57 : Group: MasterChief: what?
18:23:06 : Group: MasterChief: No
18:23:14 : Group: MasterChief: Yes?
18:23:26 : Group: MasterChief: You werent jokin earlier? ;-;
18:23:33 : Group: MasterChief: wings
18:23:44 : Group: MasterChief: ill come to the ins thing
18:23:58 : Group: MasterChief: gimme a minute
18:24:06 : Side: [Америка]WhiteBoyCentral: hey blackhawk
18:24:35 : Side: MasterChief: lol
18:24:44 : Side: [Америка]WhiteBoyCentral: reinforce ments under fire
18:25:32 : Group: MasterChief: hello
18:32:40 : Side: MasterChief: run
18:32:44 : Side: MasterChief: lol
18:36:10 : Side: MasterChief: the list has to load
18:36:35 : Side: MasterChief: it deleted after restart
18:37:02 : Side: MasterChief: ay
18:37:14 : Side: MasterChief: it has to load
18:37:33 : Side: MasterChief: yeah
18:37:50 : Side: MasterChief: wtf
18:38:10 : Side: MasterChief: I can run in there and end it
18:38:15 : Side: MasterChief: whenit loads
18:39:04 : Side: MasterChief: give it a moment ;P
18:39:46 : Side: MasterChief: stay there real quick
18:39:52 : Side: MasterChief: the gunner is out on thatw
18:40:04 : Side: MasterChief: its out xDw
18:40:42 : Side: MasterChief: herte
18:40:49 : Side: MasterChief: itll work
18:40:50 : Side: MasterChief: yes
18:40:52 : Side: MasterChief: one left i think
18:40:55 : Side: MasterChief: wait
18:40:58 : Side: MasterChief: nvm
18:41:04 : Side: MasterChief: go
18:42:52 : Side: MasterChief: im stuck in this jet xD
18:43:01 : Side: MasterChief: xD
18:43:04 : Side: MasterChief: :(
18:43:22 : Side: MasterChief: No
18:43:29 : Side: MasterChief: fuck
18:43:35 : Side: MasterChief: Ill relog
18:45:02 : Direct: XxWingsOfFuryxX: tank
18:45:12 : Side: MasterChief: I know sir
18:45:30 : Side: MasterChief: the list has to load ma'am
18:45:46 : Side: MasterChief: WELCOME :D
18:45:50 : Side: MasterChief: do what?
18:45:59 : Side: MasterChief: no
18:46:08 : Side: MasterChief: it.has.to.load
18:46:15 : Side: MasterChief: it just says
18:46:17 : Side: MasterChief: Air
18:46:19 : Side: MasterChief: Land
18:46:20 : Side: MasterChief: water
18:46:24 : Side: MasterChief: Ship*
18:46:40 : Side: MasterChief: No.
18:46:43 : Side: MasterChief: It has to load
18:47:46 : Side: MasterChief: some, not tanks
18:49:01 : Side: MasterChief: yes
18:49:24 : Direct: MasterChief: beth knows what we are doing o.o
18:49:25 : Direct: MasterChief: yes
18:49:34 : Direct: MasterChief: he just msged me..
18:49:37 : Direct: MasterChief: hes a god dude
18:49:38 : Direct: MasterChief: wtf
18:50:48 : Direct: MasterChief: beth add this 
18:51:13 : Direct: MasterChief: nvm'
18:52:04 : Direct: MasterChief: roll to the other side
18:54:00 : Direct: MasterChief: they already came
18:54:42 : Direct: MasterChief: its the prezzziee
18:54:50 : Direct: MasterChief: I dont want this
18:54:52 : Direct: MasterChief: not legit
18:55:27 : Side: MasterChief: lolw
18:55:50 : Side: MasterChief: well duh
18:57:01 : Direct: MasterChief: didnt meant o do that
18:57:18 : Direct: MasterChief: it was the top of the buildings
18:58:20 : Side: MasterChief: I did
18:58:43 : Side: MasterChief: wat?
18:58:49 : Side: MasterChief: invite me to the group?
18:59:22 : Group: MasterChief: what
18:59:27 : Group: MasterChief: No
19:02:00 : Group: MasterChief: you guys want to do an event?w
19:02:06 : Group: MasterChief: us
19:02:12 : Group: MasterChief: idk
19:02:16 : Group: MasterChief: plane/heli fights
19:02:26 : Group: MasterChief: now
19:02:31 : Group: MasterChief: yes
19:02:34 : Group: MasterChief: if i know the cords
19:02:56 : Group: MasterChief: know the cords
19:03:11 : Group: MasterChief: Im not there yet
19:03:44 : Group: MasterChief: Of what..
19:03:47 : Group: MasterChief: why
19:03:50 : Group: MasterChief: camel fights
19:09:07 : Side: MasterChief: group invite
19:15:48 : Side: MasterChief: ready?
19:16:05 : Side: MasterChief: xD
19:16:09 : Direct: MasterChief: jesus
19:16:17 : Direct: MasterChief: should I?
19:18:52 : Direct: MasterChief: how do I spell a safe?
19:19:51 : Direct: MasterChief: wait
19:19:57 : Direct: MasterChief: we use these
19:20:01 : Direct: MasterChief: fly
19:20:09 : Direct: MasterChief: ho
19:20:10 : Direct: MasterChief: how
19:20:24 : Side: MasterChief: there isnt
19:20:36 : Side: MasterChief: ready ves
19:21:08 : Side: MasterChief: invite to group ;p
19:22:01 : Side: MasterChief: No
19:22:10 : Side: MasterChief: I wont
19:22:32 : Group: MasterChief: with hydras
19:22:44 : Group: MasterChief: yes
19:22:56 : Group: MasterChief: slows it down for take off
19:22:58 : Group: MasterChief: landing*
19:23:26 : Group: MasterChief: yes
19:23:51 : Group: MasterChief: over here
19:23:54 : Group: MasterChief: this areaq
19:24:05 : Group: MasterChief: ready?
19:24:07 : Group: MasterChief: GO
19:25:27 : Group: MasterChief: im out lol
19:25:43 : Group: MasterChief: are you guys out?
19:37:33 : Side: MasterChief: group
19:37:37 : Side: MasterChief: thats not yours
19:37:39 : Side: MasterChief: thats mine
19:37:50 : Group: MasterChief: idk
19:38:05 : Group: MasterChief: okay
19:38:24 : Group: MasterChief: over here
19:39:05 : Group: MasterChief: safe?
19:39:10 : Group: MasterChief: idk how to spawn one ;-;
19:39:51 : Group: MasterChief: you look like a woman
19:40:02 : Group: MasterChief: your eye is dripping out
19:40:13 : Group: MasterChief: ew
19:40:19 : Group: MasterChief: what we flyin boys
19:40:21 : Group: MasterChief: yes
19:40:34 : Group: MasterChief: You guys can say its okay ;)
19:40:45 : Group: MasterChief: Im deleteing the wrecks so its not thattt bad
19:40:53 : Group: MasterChief: what am i doing bad :(
19:41:02 : Side: Ryusuke: how can i craft a plot pole
19:41:15 : Side: MasterChief: You can buy them
19:41:21 : Side: Ryusuke: no money
19:41:25 : Side: Ryusuke: what about crafting?
19:41:27 : Side: Ryusuke: can i craft?
19:41:28 : Side: XxWingsOfFuryxX: Need a document or go buy at trader
19:41:37 : Side: MasterChief: or you need to find documents then you might get a plot pole deed
19:41:46 : Side: MasterChief: Go to the airfields and sell guns
19:41:52 : Side: XxWingsOfFuryxX: or maybe with a 10 oz idk
19:42:09 : Group: MasterChief: take it adnd go
19:42:22 : Group: MasterChief: 300+
19:42:26 : Group: MasterChief: okay then
19:43:11 : Group: MasterChief: 1k up
19:43:26 : Group: MasterChief: 2k
19:43:58 : Group: MasterChief: we need something else..
19:43:59 : Group: MasterChief: this wont work
19:44:23 : Group: MasterChief: challenge accpeted
19:45:24 : Group: MasterChief: i got up to 1200 in this once
19:45:38 : Group: MasterChief: like 10k
19:46:31 : Side: XxWingsOfFuryxX: where are you guys?
19:55:14 : Direct: MasterChief: hurry
19:55:29 : Side: MasterChief: tell me when youre done
19:56:24 : Direct: MasterChief: okay
19:56:46 : Direct: MasterChief: what?
19:56:59 : Direct: MasterChief: type in direct
19:57:08 : Direct: Vesicant: 083098
19:57:30 : Direct: Vesicant: Near mogilevka
19:57:46 : Direct: MasterChief: here?
19:58:12 : Side: MasterChief: s
19:58:35 : Side: MasterChief: ew
19:58:38 : Side: MasterChief: arent you 16..
19:58:47 : Side: MasterChief: lol
19:59:04 : Side: MasterChief: I mean I have but whateva
19:59:50 : Side: MasterChief: ima get get off, have fun gents
20:00:06 : Direct: XxWingsOfFuryxX: hey
20:00:09 : Side: Ryusuke: w
20:00:15 : Side: Ryusuke: bb
20:00:23 : Side: MasterChief: Bye ;)
20:00:24 : Side: MasterChief: and welcome
20:00:33 : Direct: [MLL] Lokings: hey, mind if i beg? haha
20:00:42 : Direct: XxWingsOfFuryxX: what you neeD?
20:00:54 : Direct: [MLL] Lokings: im new. so anything u wanna spare is good haha
20:01:04 : Direct: XxWingsOfFuryxX: like how new?
20:01:13 : Direct: [MLL] Lokings: like 30min kinda new
20:01:17 : Direct: XxWingsOfFuryxX: like just bought the game new?
20:01:28 : Direct: [MLL] Lokings: nope. haha played this game a fair bit
20:01:57 : Direct: XxWingsOfFuryxX: now off with yah =D
20:02:00 : Direct: [MLL] Lokings: thanks!
20:02:09 : Side: Ryusuke: i dont have 20k?
20:02:12 : Direct: XxWingsOfFuryxX: want this bag?
20:02:13 : Side: Ryusuke: D:
20:02:20 : Direct: XxWingsOfFuryxX: what?
20:02:27 : Direct: [MLL] Lokings: yes!
20:02:44 : Direct: [MLL] Lokings: ty!
20:03:12 : Direct: XxWingsOfFuryxX: want this gun?
20:03:29 : Direct: [MLL] Lokings: thanks!
20:07:14 : Direct: [MLL] Lokings: lol
20:07:19 : Direct: [MLL] Lokings: what are u doing?
20:07:41 : Direct: XxWingsOfFuryxX: drinking whiskey and talking to someone
20:07:47 : Direct: [MLL] Lokings: ahh haha
20:09:46 : Side: XxWingsOfFuryxX: need a ride?
20:10:05 : Side: Spud: No thanks just waiting for a friend
20:10:23 : Side: XxWingsOfFuryxX: you sure? (look over)
20:10:33 : Side: Spud: I saw you
20:10:42 : Side: XxWingsOfFuryxX: =(
20:10:51 : Side: Mr_Tibbs [DOC]: welcome to the server spud
20:10:53 : Side: XxWingsOfFuryxX: we can go pick him up....
20:11:17 : Side: Spud: Its fine were just messing around anyways
20:23:27 : Direct: [MLL] Lokings: oh wow, how many vehicles do u have?
20:23:33 : Direct: XxWingsOfFuryxX: 2
20:24:11 : Direct: XxWingsOfFuryxX: i use two have 2 chinooks 1 venom 2 urals and a tank but the server restarted
20:24:22 : Direct: XxWingsOfFuryxX: and changed boxes
20:24:36 : Direct: [MLL] Lokings: oh wow
20:24:44 : Direct: XxWingsOfFuryxX: its been up for like a week
20:26:11 : Group: [Америка]WhiteBoyCentral: any admins?
20:26:18 : Side: [Америка]WhiteBoyCentral: any admins?
20:26:24 : Side: XxWingsOfFuryxX: why/
20:26:27 : Side: XxWingsOfFuryxX: ?
20:26:37 : Side: [Америка]WhiteBoyCentral: i need him to sell a gun for me
20:26:46 : Side: XxWingsOfFuryxX: whats its name?
20:26:52 : Side: [Америка]WhiteBoyCentral: its a laur
20:26:52 : Side: [MLL] Lokings: there are the traders
20:27:00 : Side: [Америка]WhiteBoyCentral: nvm
20:28:58 : Direct: [MLL] Lokings: hi!
20:29:07 : Direct: Mr_Tibbs [DOC]: sup
20:29:12 : Direct: [MLL] Lokings: cna i hop on
20:29:39 : Direct: Mr_Tibbs [DOC]: nah, i got some things i gotta do 
20:29:44 : Direct: [MLL] Lokings: alright
20:31:17 : Side: [NSG] Bdoodb: why cant i shoot, move faster, aim down site and pick up this crow bar
20:31:34 : Side: Mr_Tibbs [DOC]: try relogging dawg
20:31:43 : Side: Mr_Tibbs [DOC]: that our your keybindings are fubared
20:32:01 : Side: [NSG] Bdoodb: i will check
20:34:16 : Side: [NSG] Bdoodb: i picked police officer may that be it?
20:34:42 : Side: Mr_Tibbs [DOC]: it just chooses your skin option and pistol option when joining, it wouldn't be it
20:38:56 : Side: [NSG] Bdoodb: logging helps thsx
20:39:12 : Side: Mr_Tibbs [DOC]: np
20:39:24 : Side: [NSG] Bdoodb: where are the zombies :o
20:40:15 : Side: Mr_Tibbs [DOC]: they should be anywhere where buildings are
20:40:40 : Side: [NSG] Bdoodb: they should be but i dont see any :o
20:40:57 : Side: LawnOfLegend: who was in cherno witha chopper
20:44:49 : Side: [MLL] Lokings: who is at the chopper at novy?
20:45:12 : Side: Mr_Tibbs [DOC]: me, and i got a ksvk pointed atcha 
20:45:26 : Side: [MLL] Lokings: D:
20:47:50 : Side: [Америка]WhiteBoyCentral: is there a bank somewhere?
20:48:05 : Side: Mr_Tibbs [DOC]: any traider has an ATM look for the OW npcs
20:58:00 : Side: Mr_Tibbs [DOC]: and thank you for respecting my space lokings, the ksvk comment was just a caution lol
20:58:22 : Side: [MLL] Lokings: haha i just drove there coz i saw a chopper
20:58:32 : Side: [MLL] Lokings: then i saw a person taking cover
20:58:35 : Side: [MLL] Lokings: so i left haha
20:58:44 : Side: Mr_Tibbs [DOC]: yeah i belly flopped her down trying to pick up the damn dshkem so i need to fix her
20:58:55 : Side: [MLL] Lokings: icic haha
20:59:06 : Side: [MLL] Lokings: what does DOC stand for anw
20:59:16 : Side: Mr_Tibbs [DOC]: drinkin outta cups
20:59:21 : Side: [MLL] Lokings: ohhh
20:59:23 : Side: [MLL] Lokings: LOL
20:59:31 : Side: Mr_Tibbs [DOC]: one of our boys INS owns the server
20:59:40 : Side: [MLL] Lokings: ins?
20:59:48 : Side: [MLL] Lokings: sry im not from the states
20:59:49 : Side: Mr_Tibbs [DOC]: head of the INS, idk what it means
21:12:48 : Side: Spud: [Mll] might be dupping
21:12:51 : Side: [Америка]WhiteBoyCentral: DUPER!!!!!
21:15:53 : Side: Ryusuke: lada is sO SLOW
21:16:39 : Side: Mr_Tibbs [DOC]: not suprising for a car that lookes like it fucked a golfcart
21:16:52 : Side: Ryusuke: w
21:17:03 : Side: Ryusuke: that's the only car i found working :O
21:17:28 : Side: LawnOfLegend: how do we get a chainsaw to work?
21:17:29 : Side: Mr_Tibbs [DOC]: yeah your gonna wanna upgrade eventuallally then
21:17:34 : Side: Ryusuke: yup!
21:17:37 : Side: Mr_Tibbs [DOC]: you need two stroke motor oil
21:30:39 : Side: Ryusuke: reporting
21:30:43 : Side: Ryusuke: someone stealing
21:30:46 : Direct: [Америка]WhiteBoyCentral: u can have the cash
21:30:54 : Side: Ryusuke: whiteboy stealing my car
21:30:57 : Side: Ryusuke: pls ban him
21:31:11 : Side: Ryusuke: i dint want to sell my car
21:31:20 : Side: Ryusuke: he sold mine
21:31:21 : Side: Ryusuke: pls ban him
21:31:22 : Direct: [Америка]WhiteBoyCentral: lol, it wasnt even a bought car
21:31:31 : Side: Spud: You were trying to steal our car and some other guys vodnik
21:31:40 : Side: [Америка]WhiteBoyCentral: u cant say shit
21:31:43 : Side: Ryusuke: vodnik is our car
21:31:55 : Side: [Америка]WhiteBoyCentral: i dont belive you
21:31:55 : Side: Ryusuke: even if it's dont have key
21:32:03 : Side: Ryusuke: i found that, no stealing @ town
21:32:07 : Side: Mr_Tibbs [DOC]: really guys...? who sold his car?
21:32:15 : Side: [Америка]WhiteBoyCentral: i giave you 5k man shut the fuck up
21:32:17 : Side: Ryusuke: Whiteboycentral
21:33:10 : Side: Ryusuke: i still want my car.
21:33:19 : Side: [Америка]WhiteBoyCentral: okay? i sold his car and gave him more money to buy another? and he bitches?
21:33:29 : Side: Ryusuke: i have feelings for that car
21:33:36 : Side: Ryusuke: it's destiny that i found her
21:33:36 : Side: [DPT]KNNCCB: LOL
21:33:42 : Side: [Америка]WhiteBoyCentral: .......
21:33:56 : Side: Mr_Tibbs [DOC]: ryu, its gone, just buy a new one, white.... really bro? retaliation isnt the answer, you come see us to sort it out
21:34:00 : Side: Ryusuke: it's fate that brought us together.
21:34:07 : Side: Ryusuke: D:
21:34:09 : Side: [Америка]WhiteBoyCentral: come see u in ts?
21:34:24 : Side: Mr_Tibbs [DOC]: yes, if you got an issue with someone bring it up with an admin bro 
21:34:45 : Side: Ryusuke: nvm.. im sad
21:34:46 : Side: Mr_Tibbs [DOC]: and cross the board, NO ONE Should be fucking with another persons car in a traider, period.
21:35:00 : Side: [Америка]WhiteBoyCentral: idc if some one reports me when i have given them more, and they all ready dont like us in TS
21:35:52 : Side: Ryusuke: how many more cinder block we need?
21:36:06 : Side: Mr_Tibbs [DOC]: and i'm just pointing the rules out to you white, you shouldnt sell off peoples cars, but all of you, move on and dont let it happen again
21:36:17 : Side: [Америка]WhiteBoyCentral: fine with me :)
21:37:31 : Side: Spud: I just gave my friend 100k and he didnt recieve it
21:37:57 : Side: Ryusuke: relog?
21:38:01 : Side: [Америка]WhiteBoyCentral: tried
21:38:01 : Side: Spud: He did
21:38:15 : Side: Ryusuke: maybe that's the punishment for selling my virgin car
21:38:16 : Side: Ryusuke: Lol
21:38:23 : Side: [Америка]WhiteBoyCentral: drop it
21:38:30 : Side: [DPT]KNNCCB: lolololololo
21:38:30 : Side: Ryusuke: :(
21:38:40 : Side: Ryusuke: DPT how many more CINDERBLOCK
21:38:47 : Side: [DPT]KNNCCB: my friend here has some issues with insecurities of the heart
21:38:59 : Side: [Америка]WhiteBoyCentral: Mr tibbs
21:39:00 : Side: [DPT]KNNCCB: 8
21:39:09 : Side: Ryusuke: im seeing doctor now, but he say im hopeless
21:39:10 : Side: Mr_Tibbs [DOC]: as well guys this is a new server DB don't do any cash traids, traid using briefcases for now
21:39:28 : Side: Mr_Tibbs [DOC]: we havent got the new code hashed out yet
21:39:36 : Side: [Америка]WhiteBoyCentral: well, is there a way to get refuned cause we didnt know that?
21:40:06 : Side: Spud: Cant you check the logs to see that were not lying?
21:40:12 : Side: Mr_Tibbs [DOC]: ill see if i can find someone with inventory control rights 1 sec
21:41:52 : Side: [Америка]WhiteBoyCentral: okay thank you
21:43:03 : Side: Ryusuke: what is recruit units for?
21:43:32 : Side: Mr_Tibbs [DOC]: its going to be for the bodyguards addon comming soon
21:43:43 : Side: Mr_Tibbs [DOC]: you will be able to buy NPC's to potect you and roll with you
21:43:44 : Side: [Америка]WhiteBoyCentral: find anyone Mr?
21:44:26 : Side: [Америка]WhiteBoyCentral: hey spud
21:44:35 : Side: Mr_Tibbs [DOC]: most admins are afk right now, i let them a message, id help you but i'm just a mod
21:44:45 : Side: [DPT]KNNCCB: whoes talking
21:44:46 : Direct: [Америка]WhiteBoyCentral: what?
21:44:56 : Direct: [Америка]WhiteBoyCentral: go to there TS for this server
21:45:03 : Direct: Spud: JOIN A DIFF TS OURS IS GETTING DDOSED
21:45:33 : Direct: [Америка]WhiteBoyCentral: join 
21:45:51 : Direct: [Америка]WhiteBoyCentral: okay
21:46:33 : Direct: [Америка]WhiteBoyCentral: join there server
21:46:41 : Direct: [Америка]WhiteBoyCentral: and my group
21:46:54 : Direct: [Америка]WhiteBoyCentral: hold
21:47:16 : Direct: [Америка]WhiteBoyCentral: 66.55.142.230:9269
21:49:08 : Side: Ryusuke: what the different with the 2 type of SUV
21:49:22 : Side: Mr_Tibbs [DOC]: one model is upgraded 
21:49:32 : Side: [Америка]WhiteBoyCentral: Mr can u buy metal floors?
21:49:33 : Side: Ryusuke: more armor?
21:49:36 : Side: Mr_Tibbs [DOC]: so you can carry more, better armouring etc
21:50:01 : Side: Mr_Tibbs [DOC]: no , you can however get them from building supply missions,
21:50:06 : Side: [Америка]WhiteBoyCentral: okay
21:50:07 : Side: Mr_Tibbs [DOC]: otherwise you need to craft them
21:50:16 : Side: [Америка]WhiteBoyCentral: okay
21:56:41 : Side: [Америка]WhiteBoyCentral: hey master if you dont get disconnected i need you assitance please
21:57:09 : Side: MasterChief: Yeah whats the problem
21:57:10 : Side: [DPT]KNNCCB: nice choppa
21:57:18 : Side: [Америка]WhiteBoyCentral: i got 100k deleted
21:57:27 : Side: Mr_Tibbs [DOC]: yeah.... fucking thing cost me a fortune to fix tho lol
21:57:27 : Side: MasterChief: How
21:57:35 : Side: [DPT]KNNCCB: where did u get it?
21:57:40 : Side: Mr_Tibbs [DOC]: bought it
21:57:41 : Side: Ryusuke: fly to the patrol station and fix it 
21:57:41 : Side: [Америка]WhiteBoyCentral: it was trasferred by another play through me and did come through
21:57:43 : Side: Ryusuke: cheaper
21:57:59 : Side: MasterChief: Was it a trade?
21:58:19 : Side: [Америка]WhiteBoyCentral: he transferred the money to me
21:58:28 : Side: MasterChief: and it didnt come
21:58:31 : Side: MasterChief: okay
21:58:33 : Side: [Америка]WhiteBoyCentral: nope
21:58:41 : Side: [Америка]WhiteBoyCentral: yea it dint come
21:58:48 : Side: MasterChief: 100k correct
21:58:53 : Side: [Америка]WhiteBoyCentral: yes sir
21:59:03 : Side: [Америка]WhiteBoyCentral: thank you
21:59:07 : Side: MasterChief: np
22:00:40 : Side: Angel Of Light: Hello
22:00:55 : Side: MasterChief: Hello
22:00:56 : Side: Mr_Tibbs [DOC]: welcome angel,
22:01:09 : Side: Angel Of Light: Thank you
22:01:13 : Side: MasterChief: Welcome
22:01:19 : Side: Angel Of Light: I am new to overpoch
22:01:23 : Side: Angel Of Light: whats different
22:01:49 : Side: Ryusuke: epoch
22:01:52 : Side: Ryusuke: building
22:01:53 : Side: Mr_Tibbs [DOC]: if your from epoch, the biggest difference is new vehicles, weapon options the whole nine yards
22:01:56 : Side: Ryusuke: overwatch guns
22:02:08 : Side: Ryusuke: and overwatch vehicle
22:02:11 : Side: Angel Of Light: Im just from regular arma lol
22:02:37 : Side: Angel Of Light: is there pvp?
22:02:43 : Side: [DPT]KNNCCB: yes
22:02:49 : Side: Mr_Tibbs [DOC]: okay so you can build bases, theirs a huge new array of guns, and other amazing features and yes this is PVP so keep your back up
22:03:10 : Side: Angel Of Light: sounds good
22:03:12 : Side: MasterChief: lol
22:03:32 : Side: [DPT]KNNCCB: wow
22:03:37 : Side: [DPT]KNNCCB: nice harrier
22:03:55 : Side: MasterChief: thanks
22:04:05 : Side: MasterChief: got it on ebay
22:04:41 : Side: Angel Of Light: is anyone in cherno?
22:04:49 : Side: MasterChief: I can be
22:04:55 : Side: [Америка]WhiteBoyCentral: Dayz mosy infmous saying
22:05:11 : Side: Angel Of Light: lmao
22:05:12 : Side: Mr_Tibbs [DOC]: their may be people there and they will not brodcast they are there
22:05:28 : Side: Mr_Tibbs [DOC]: so always assume someone is there and go forward with caution
22:05:49 : Side: Angel Of Light: Im just checking lmao
22:05:51 : Side: MasterChief: Hows everyone likeing the server so far?
22:06:04 : Side: Angel Of Light: It is good
22:06:09 : Side: Angel Of Light: runs pretty smooth
22:06:09 : Direct: LawnOfLegend: move the fuck away
22:06:20 : Side: MasterChief: Thats good
22:06:50 : Side: Angel Of Light: I like the dark atmosphere
22:07:57 : Side: MasterChief: gas station at novy
22:08:27 : Side: Angel Of Light: does anyone want to group up?
22:08:54 : Direct: MasterChief: whats wrong
22:09:31 : Direct: Ryusuke: eh
22:09:38 : Direct: Ryusuke: how many more cinder for the wall
22:09:41 : Direct: Ryusuke: or the motar
22:09:55 : Direct: [DPT]KNNCCB: 6 more i think
22:12:24 : Direct: Ryusuke: admin
22:12:37 : Direct: Ryusuke: corrugated fence will it break when i ram my car over it
22:16:53 : Direct: MasterChief: bang bang youre dead
22:21:06 : Direct: MasterChief: old player
22:21:11 : Direct: MasterChief: I have a mission too
22:21:20 : Direct: MasterChief: reinforcments comming hurry
22:22:07 : Direct: MasterChief: no
22:22:17 : Direct: MasterChief: nice
22:22:35 : Direct: MasterChief: cinder blocks?
22:23:00 : Direct: MasterChief: will check
22:23:06 : Direct: MasterChief: you in a group?
22:23:35 : Direct: MasterChief: yes
22:24:13 : Group: MasterChief: how are you finding this money..w
22:25:10 : Group: MasterChief: I dont think there is
22:25:19 : Group: MasterChief: me too
22:25:30 : Group: MasterChief: damn 11 people
22:25:45 : Side: MasterChief: Welcome everyone that is new and if i missed you joining!
22:26:26 : Side: MasterChief: If you need help im here
22:27:13 : Group: MasterChief: I was going to base there
22:27:25 : Side: Angel Of Light: wHO EVER IS WHINCING IN PAIN IN CHERNO DO YOU NEED HELP?
22:27:40 : Side: MasterChief: might be a zombie ;p
22:27:51 : Group: MasterChief: Yeah
22:27:52 : Group: MasterChief: sorta
22:27:55 : Group: MasterChief: 500k
22:27:58 : Side: Angel Of Light: if ya say so lmao
22:28:05 : Group: MasterChief: you can turn the rest into breifs
22:28:13 : Group: MasterChief: no
22:28:20 : Side: Ryusuke: where can i buy fuel  pump
22:31:17 : Side: Ryusuke: expected.
22:31:49 : Side: MasterChief: What?
22:32:30 : Side: Ryusuke: nothing, just 2 roach..
22:37:56 : Group: MasterChief: im busy ;p
22:40:21 : Side: Angel Of Light: anyone want to be friends
22:42:53 : Group: LawnOfLegend: you're sandman right?
22:43:24 : Direct: MasterChief: he left
22:43:31 : Group: SandReaper: yes
22:43:43 : Side: Ryusuke: which asshole
22:43:57 : Side: MasterChief: Killed you im guessing?
22:44:07 : Side: Ryusuke: ya
22:48:48 : Group: MasterChief: you boys should see my base ;)
22:48:58 : Group: MasterChief: No
22:48:59 : Group: MasterChief: legit
22:49:16 : Group: MasterChief: Only admin thing i use my powers for are jets i fly when i get bored
22:49:26 : Group: MasterChief: and helping people*
22:49:28 : Group: MasterChief: yeah
22:49:56 : Group: MasterChief: Come build a base by me
22:51:43 : Group: MasterChief: you guys have safes/lockboxes
22:52:28 : Group: MasterChief: No its global bank
22:54:30 : Group: MasterChief: Theres no bases..
22:54:35 : Group: MasterChief: expect mine and beths
22:54:39 : Group: MasterChief: and i think another
22:54:44 : Group: MasterChief: so come raid me :)
22:54:52 : Group: MasterChief: No the server is just 4 days old..
22:55:08 : Group: MasterChief: our old one went to shit and went down for awhile
22:55:36 : Group: MasterChief: ours?
22:55:41 : Group: MasterChief: mine* ;p
22:55:59 : Group: MasterChief: ima tp you guys back there after
22:56:03 : Group: MasterChief: ready?
22:56:25 : Group: MasterChief: one sec :P
22:56:46 : Group: MasterChief: okay
22:57:18 : Group: MasterChief: yes
22:57:34 : Group: MasterChief: lol
22:57:41 : Group: MasterChief: plot pole in the thing
22:57:48 : Group: MasterChief: scaffolding for building the thing
22:57:53 : Group: MasterChief: its the nice one
22:58:11 : Group: MasterChief: I know  
22:58:14 : Group: MasterChief: i was working on it
22:58:18 : Group: MasterChief: I ran out
22:58:26 : Group: MasterChief: I was going to get wood :P
22:58:35 : Group: MasterChief: up there leads out
22:58:42 : Group: MasterChief: but its a lot of ladders
22:59:03 : Group: MasterChief: shoot me
22:59:26 : Group: MasterChief: :)
22:59:35 : Group: MasterChief: ;)
22:59:45 : Group: MasterChief: idk.. lol
23:00:01 : Direct: Spud: []
23:00:22 : Group: MasterChief: ;)
23:00:41 : Side: MasterChief: Welcome Duke of....yeah..welcome :)
23:00:50 : Side: Duke of Wu-Tang: what
23:00:58 : Group: MasterChief: Bow down ;)
23:01:00 : Side: Spud: Duke Nukem?
23:01:07 : Side: Duke of Wu-Tang: wutang sillies
23:01:13 : Side: MasterChief: Welcome..
23:01:14 : Side: MasterChief: lol
23:01:16 : Side: Spud: At least its not Pu-Tang
23:01:16 : Side: Duke of Wu-Tang: hi
23:01:24 : Side: Duke of Wu-Tang: so masterchief i have a question
23:01:29 : Side: MasterChief: yes sir
23:01:49 : Side: Duke of Wu-Tang: do you feel bad that you single handedly caused the destruction of two different alien races by using the halo ringS?
23:01:58 : Side: MasterChief: No.
23:02:01 : Side: Duke of Wu-Tang: okay cool
23:02:11 : Side: Mr_Tibbs [DOC]: at least it aint pooon tang
23:02:20 : Side: MasterChief: That was after 
23:03:10 : Group: MasterChief: lol
23:04:04 : Group: MasterChief: Call my base "Chiefs Rock"
23:04:12 : Group: MasterChief: No..
23:04:16 : Group: MasterChief: Chiefs rock
23:04:39 : Group: MasterChief: roll up in dat new ferrari
23:05:03 : Group: MasterChief: Thats what you woke up in
23:05:45 : Group: MasterChief: Does it bother you I have 70k humanity
23:05:58 : Group: MasterChief: It glitches and doubles when i die
23:06:10 : Group: MasterChief: oh well
23:06:23 : Group: MasterChief: No
23:06:33 : Group: MasterChief: eh
23:06:35 : Group: MasterChief: no
23:06:41 : Group: MasterChief: because it glitchs
23:06:51 : Group: MasterChief: money would be a different thing
23:07:09 : Group: MasterChief: kill em
23:08:18 : Group: MasterChief: lol
23:09:11 : Group: MasterChief: thats tibbs
23:09:14 : Group: MasterChief: is it a merlin?
23:09:26 : Group: MasterChief: thats them 
23:09:41 : Group: MasterChief: dont killem :P
23:10:07 : Group: MasterChief: The original squad of people
23:10:56 : Group: MasterChief: Me,beth,spock/damic,wings, and prolly more but thats the genreal group
23:11:30 : Group: MasterChief: yes
23:11:40 : Group: MasterChief: Where have you guys played? 
23:11:43 : Group: MasterChief: Firecock....
23:11:46 : Group: MasterChief: ew
23:11:49 : Group: MasterChief: Im sorry
23:12:26 : Group: MasterChief: Cant :P
23:12:32 : Group: MasterChief: I dont have any..
23:12:45 : Group: MasterChief: They should be in the traders
23:12:56 : Group: MasterChief: I know but damic has to add them
23:13:02 : Group: MasterChief: theyre there just not in
23:13:40 : Group: MasterChief: what
23:13:43 : Group: MasterChief: you got quite
23:13:52 : Group: MasterChief: what about it
23:14:07 : Group: MasterChief: Talk to Spock/Damic or DaBethum
23:14:30 : Group: MasterChief: you guys have wood floors? 
23:14:54 : Group: MasterChief: okey
23:14:55 : Group: MasterChief: bye
23:25:29 : Side: Duke of Wu-Tang: hi little mozzie
23:25:34 : Side: MasterChief: hello
23:25:42 : Side: MasterChief: civ blackhawk
23:25:46 : Side: Duke of Wu-Tang: yeeee
23:25:51 : Side: Captain Cuddles: whaddup
23:28:52 : Group: MasterChief: his buddy is off
23:28:56 : Group: MasterChief: im getting one
23:31:05 : Side: MasterChief: me
23:31:41 : Side: [DOC] Sampson: welcome everybody
23:31:47 : Side: Duke of Wu-Tang: hay
23:32:00 : Side: Captain Cuddles: whaddup sampson
23:32:24 : Side: [DOC] Sampson: what up
23:40:45 : Side: Duke of Wu-Tang: bby we just trying to repair ur choppa 4 u
23:41:44 : Side: Mr_Tibbs [DOC]: yeah... not a smart thing to be doing up there, their reaaal trigger happy... nice people but don't like visitors
23:43:12 : Group: MasterChief: I have 140k humanity
23:48:20 : Group: MasterChief: tell tibbs to decline the group invite he has and join ours
23:49:01 : Side: [NSG] Bdoodb: whats the website for this server?
23:49:42 : Side: MasterChief: I should know this but i dont sorry ;p
23:49:57 : Side: Duke of Wu-Tang: try googling drinksoutofcups dayz
23:49:57 : Side: [NSG] Bdoodb: its cool ;p
23:51:27 : Side: Duke of Wu-Tang: there ya go
23:55:20 : Side: [DOC] Sampson: you can get ban for that
23:55:28 : Side: MasterChief: Whats wrong?
23:55:33 : Side: Duke of Wu-Tang: huh?
23:55:50 : Side: [DOC] Sampson: trader shoting
23:55:51 : Side: Captain Cuddles: what happened?
23:56:09 : Side: Duke of Wu-Tang: i didnt know you could kill traders
23:57:01 : Side: [DOC] Sampson: cant shoting when leaving and coming in
