04:04:12 : Side: MasterChief: hey
04:04:35 : Side: MasterChief: good
04:04:48 : Side: MasterChief: how are you?
04:05:15 : Side: MasterChief: whats with the 4 hour uptime?w
04:08:50 : Side: MasterChief: Ill help you guys
04:09:13 : Side: MasterChief: get a vodnik, swim it out there and build off of i
04:09:46 : Side: MasterChief: land probably
04:09:55 : Side: MasterChief: ah
04:10:38 : Side: MasterChief: you need anything? 
04:11:55 : Side: MasterChief: I found 2 armored suvs yesterday
04:12:12 : Side: MasterChief: selling one right now
04:12:20 : Side: MasterChief: if you want the other one you can have it
04:12:25 : Side: MasterChief: hero
04:12:33 : Side: MasterChief: i think my humanity is duping :(
04:12:47 : Side: MasterChief: 100k each
04:13:18 : Side: MasterChief: I market the suv on the map, take a fuel can..not barrel with you
04:13:54 : Side: MasterChief: yeah because when you use a barrel it say it cant hold that much..
04:14:05 : Side: MasterChief: wow
04:14:20 : Side: MasterChief: im going to that bandit missionw
04:14:24 : Side: MasterChief: you want to come
04:15:29 : Side: MasterChief: I got up at 5:30 and my school called at 6 saying i dont have school
04:15:36 : Side: MasterChief: so im staying up
04:16:00 : Side: MasterChief: damn
04:17:56 : Side: MasterChief: I have an amazing immune system or whatever so i never get sick
04:18:01 : Side: MasterChief: its great
04:18:11 : Side: MasterChief: ;-;
04:18:28 : Side: MasterChief: yeah lol
04:18:40 : Side: MasterChief: this mission is in a bad spot
04:18:53 : Side: MasterChief: lol
04:19:43 : Side: MasterChief: ill sell the vehicle for you guys if you need
04:20:07 : Side: MasterChief: it despawns after restart
04:20:16 : Side: MasterChief: mission vehicles
04:20:19 : Side: MasterChief: oh
04:20:27 : Side: MasterChief: yeah the mission one
04:21:03 : Side: MasterChief: if this was a populated server you would be dead sandy ;Pw
04:21:48 : Side: MasterChief: ./freezeAI 
04:21:50 : Side: MasterChief: :p
04:22:33 : Side: MasterChief: for..narniaa
04:22:41 : Side: MasterChief: or however you spell ittt
04:23:12 : Side: MasterChief: im 180 from them lol
04:24:52 : Side: MasterChief: oh shiet
04:25:35 : Side: MasterChief: i shot 2..
04:25:38 : Side: MasterChief: now theyre gone..
04:26:27 : Side: MasterChief: a lot dead
04:26:28 : Side: MasterChief: 8
04:27:09 : Side: MasterChief: i dont see any
04:28:00 : Side: MasterChief: becaseu theyre all dead lol
04:28:15 : Side: MasterChief: im bandit ghillie
04:28:55 : Side: MasterChief: no theyre dead
04:29:08 : Side: MasterChief: i shot 11..
04:29:19 : Side: MasterChief: thats how good i am
04:29:22 : Side: MasterChief: yes
04:29:52 : Side: MasterChief: lol
04:30:03 : Side: MasterChief: 1 ;p
04:30:25 : Side: MasterChief: theres ammo in the crate
04:30:29 : Side: MasterChief: yeah
04:31:22 : Side: MasterChief: whos taking the car?
04:31:25 : Side: MasterChief: ill sell it for you
04:31:35 : Side: MasterChief: are you a hero?
04:31:46 : Side: MasterChief: then you cant sell it
04:33:00 : Side: MasterChief: i would
04:33:05 : Side: MasterChief: but i wanted youu guys too :p
04:33:08 : Side: MasterChief: i took the nato ammo
04:33:48 : Side: MasterChief: gj boys
04:33:55 : Side: MasterChief: men, woman whatever you prefer
04:34:31 : Side: MasterChief: hold shift revi
04:34:35 : Side: MasterChief: if you didnt know
04:34:40 : Side: MasterChief: okay sorry ;)
04:36:54 : Side: MasterChief: its going pretty fast for a vehicle ;p
04:37:08 : Side: MasterChief: in a regular suv you go like 5-9
04:39:13 : Side: MasterChief: watch us run out of fuel 
04:39:43 : Side: MasterChief: lol
04:41:23 : Side: MasterChief: sells for 50k
04:41:38 : Side: MasterChief: nah
04:41:53 : Side: MasterChief: yah
04:42:25 : Side: MasterChief: dat 7 fps
04:42:46 : Side: MasterChief: np
04:42:53 : Side: MasterChief: i guess..
04:42:56 : Side: MasterChief: yes
04:43:30 : Side: MasterChief: can we run down to the regular one 
04:43:35 : Side: MasterChief: kinda expensive here
04:43:43 : Side: MasterChief: its okay
04:43:58 : Side: MasterChief: bird?
04:44:01 : Side: MasterChief: blackhawk?
04:44:03 : Side: MasterChief: huey
04:44:46 : Side: MasterChief: can i just buy a huey, its half the bird ;p
04:45:00 : Side: MasterChief: okey
04:45:40 : Side: MasterChief: 250k
04:45:47 : Side: MasterChief: yeah :P
04:46:45 : Side: MasterChief: any of you going to the trader?
04:47:34 : Side: MasterChief: are you locked?
04:47:47 : Side: MasterChief: move out of trader
04:47:50 : Side: MasterChief: key in gear 
04:47:57 : Side: MasterChief: oh
04:48:18 : Side: MasterChief: lol
04:48:25 : Side: MasterChief: once sec
04:48:36 : Side: MasterChief: i can eject you from the vehicle?..
04:48:44 : Side: MasterChief: just kicks you out
04:49:00 : Side: MasterChief: there
04:49:14 : Side: MasterChief: see im helpful ;P
04:49:55 : Side: MasterChief: theres a green mission over there sandy
04:50:03 : Side: MasterChief: building supplies
04:50:09 : Side: MasterChief: not the ural
04:50:42 : Side: MasterChief: is it your mouse?
04:50:45 : Side: MasterChief: no
04:50:52 : Side: MasterChief: trader to sell guns
04:51:07 : Side: MasterChief: it takes a little to get interactions when you log in
04:51:10 : Side: MasterChief: give it a sec
04:51:59 : Side: MasterChief: what kind is it?
04:52:04 : Side: MasterChief: nato?q
04:52:19 : Side: MasterChief: I have M2 and Nato
04:52:34 : Side: MasterChief: doesnt it come with ammo?z
04:52:39 : Side: MasterChief: wowz
04:52:54 : Side: MasterChief: idk why i kept saying z..
04:53:43 : Side: MasterChief: ill help with it
04:54:49 : Side: MasterChief: fizz you on the ground?
04:55:09 : Side: jetBlue: yeah
04:55:13 : Side: MasterChief: okay
04:55:15 : Side: jetBlue: got a mozzie tho
04:55:16 : Side: MasterChief: :)
04:55:19 : Side: MasterChief: dont fly yet
04:55:20 : Side: jetBlue: why what's up
04:55:29 : Side: MasterChief: ;)
04:55:40 : Side: MasterChief: anything weird
04:55:41 : Side: jetBlue: ;)
04:55:57 : Side: MasterChief: youre an admin -.-
04:56:09 : Side: jetBlue: lol just for the moment
04:56:15 : Side: jetBlue: was testing stuff out 
04:56:24 : Side: MasterChief: lol
04:56:29 : Side: MasterChief: yes
04:56:46 : Side: MasterChief: I am one
04:57:14 : Side: MasterChief: I found a glitch
04:57:17 : Side: MasterChief: i has to tell beth
04:57:22 : Side: MasterChief: money dupe
04:57:50 : Side: MasterChief: when you sell a weapon and it like doesnt sell right away put it in your backpack and it doesnt go away and gives money
04:57:52 : Side: MasterChief: ill help
04:58:26 : Side: MasterChief: you can sell it again right after 
04:58:59 : Side: MasterChief: rainn :D
04:59:09 : Side: MasterChief: woopss
04:59:12 : Side: MasterChief: lol
04:59:23 : Side: MasterChief: i turned it into a storm
04:59:28 : Side: MasterChief: sorry bout that
04:59:41 : Side: MasterChief: idk how 
05:00:03 : Side: MasterChief: ^
05:00:55 : Side: MasterChief: are we able to do that or do we have to get damic or beth
05:01:00 : Side: MasterChief: me
05:02:20 : Side: MasterChief: finding that out now
05:02:56 : Side: MasterChief: im 400 out
05:03:01 : Side: MasterChief: i have a good spot
05:03:11 : Side: MasterChief: yeah
05:03:17 : Side: MasterChief: parachute kill you?
05:03:28 : Side: MasterChief: glitch ;-;
05:03:52 : Side: MasterChief: should i start shooting or wait
05:04:06 : Side: MasterChief: spawn at balogne and find a rotor
05:04:11 : Side: MasterChief: if you want
05:05:01 : Side: MasterChief: He quit...
05:05:08 : Side: jetBlue: lol
05:05:09 : Side: MasterChief: sany
05:05:49 : Side: MasterChief: are you guys coming to this mission?
05:05:55 : Side: MasterChief: theyre hungry
05:06:35 : Side: MasterChief: Murica
05:06:42 : Side: jetBlue: 'murica *
05:06:59 : Side: MasterChief: fuck
05:07:05 : Side: MasterChief: i killed 2
05:11:39 : Side: MasterChief: somenes getting mad
05:11:55 : Side: MasterChief: I found this guys shit
05:12:14 : Side: MasterChief: lol
05:12:42 : Side: MasterChief: lol
05:12:55 : Side: MasterChief: ill fuck you m8
05:13:43 : Side: MasterChief: yeah i thought the same when i shot that M2 that killed me -.-
05:13:54 : Side: MasterChief: are you..cheating
05:13:58 : Side: MasterChief: :P
05:14:03 : Side: MasterChief: im kidding
05:15:24 : Side: MasterChief: might be
05:15:32 : Side: MasterChief: 270
05:15:35 : Side: MasterChief: away
05:15:43 : Side: MasterChief: yes
05:16:06 : Side: MasterChief: i just got my stuff ill move up
05:16:26 : Side: MasterChief: yeah theyre dead
05:16:54 : Side: MasterChief: I have 0 humanity..
05:16:57 : Side: MasterChief: what
05:17:00 : Side: MasterChief: ..
05:17:03 : Side: MasterChief: idkw
05:17:07 : Side: MasterChief: ill relog
05:17:09 : Side: MasterChief: 8ki
05:17:12 : Side: MasterChief: i died though
05:17:15 : Side: MasterChief: what?
05:17:21 : Side: MasterChief: I know
05:17:24 : Side: MasterChief: oh
05:17:49 : Side: MasterChief: helllliiiiiii
05:18:00 : Side: MasterChief: okey
05:18:29 : Side: MasterChief: theres some nice stuff in here
05:18:32 : Side: MasterChief: if you want
05:18:40 : Side: MasterChief: yes
05:18:43 : Side: MasterChief: xD
05:18:45 : Side: MasterChief: hes here..
05:19:08 : Side: MasterChief: taking any?
05:19:13 : Side: MasterChief: ill take the hmv :P
05:19:57 : Side: MasterChief: needs pwoer i thing
05:20:00 : Side: MasterChief: think
05:20:30 : Side: MasterChief: how do i do it
05:20:51 : Side: MasterChief: lol
05:21:46 : Side: MasterChief: damn it i cant fill this
05:22:38 : Side: MasterChief: your gunbag is on my body..w
05:22:44 : Side: MasterChief: over here
05:23:53 : Side: MasterChief: here
05:23:56 : Side: MasterChief: take the gunbag on mine
05:24:11 : Side: MasterChief: this one has your bag
05:24:19 : Side: MasterChief: i know where yours it
05:24:36 : Side: MasterChief: your key
05:24:50 : Side: MasterChief: red key on here
05:25:05 : Side: MasterChief: your body is over here
05:25:19 : Side: MasterChief: idk
05:25:22 : Side: MasterChief: bird
05:25:32 : Side: MasterChief: red is the little bird
05:25:41 : Side: MasterChief: Me
05:25:48 : Side: MasterChief: i thought that was my body
05:25:51 : Side: MasterChief: then i found mine
05:26:36 : Side: MasterChief: fill the hmv i cant :9
05:26:39 : Side: MasterChief: :(*
05:26:49 : Side: MasterChief: thanks
05:26:57 : Side: MasterChief: oh..
05:27:07 : Side: MasterChief: I know
05:27:12 : Side: MasterChief: it like flashed for me
05:28:13 : Side: MasterChief: lol wtf
05:28:23 : Side: MasterChief: these bodies
05:29:01 : Side: MasterChief: ima relog
05:32:00 : Side: MasterChief: my humanity is back
05:33:57 : Side: MasterChief: ew
05:34:08 : Side: MasterChief: eh well i like naph
05:35:03 : Side: MasterChief: me to
05:35:50 : Side: MasterChief: its not shwing for me 
05:37:05 : Side: MasterChief: damn it
05:37:45 : Side: MasterChief: me
05:38:05 : Side: MasterChief: WTF IS WRONG WITH YOUR FACCE.
05:38:15 : Side: MasterChief: yes
05:38:34 : Direct: red beret: cheater
05:38:35 : Direct: MasterChief: hello
05:38:47 : Direct: MasterChief: lol
05:38:49 : Direct: red beret: IM OFF TO DO THE MISSION
05:38:59 : Direct: MasterChief: 30 mintues till restart..
05:39:00 : Direct: red beret: THE WONDERFUL MISSION OF DOC
05:39:39 : Side: MasterChief: you guys get the suv?
05:39:49 : Side: MasterChief: the armored one
05:40:05 : Side: MasterChief: i found one ;p
05:41:51 : Side: MasterChief: brb
05:47:04 : Side: MasterChief: It gets worse
05:47:19 : Side: MasterChief: it does that, deletes everything in your inventory and tps you to stary
05:47:54 : Side: MasterChief: what did you lose?
05:50:45 : Side: MasterChief: me
05:51:11 : Side: MasterChief: ./banjetblue :P
05:51:23 : Side: MasterChief: I cant anyways 
05:51:34 : Side: MasterChief: I can buy i was told not too it fucks stuff up
05:52:44 : Direct: red beret: people
05:52:51 : Side: MasterChief: he took mine
05:53:07 : Side: red beret: not yours if you leave it in the street unlocked
05:53:11 : Side: red beret: but its ours
05:53:20 : Side: MasterChief: it spawned there
05:53:32 : Side: red beret: how was it yours then lol
05:53:48 : Side: MasterChief: I claimed it
05:53:50 : Side: MasterChief: :)
05:54:14 : Side: red beret: with your penis?
05:54:18 : Side: MasterChief: yes
05:54:19 : Side: red beret: cause i did that
05:54:21 : Side: red beret: oh
05:54:22 : Side: MasterChief: and the tail pipe
05:54:24 : Side: red beret: fuckin slut suv
05:54:45 : Side: MasterChief: :)
05:54:51 : Side: MasterChief: anything wrong
05:55:03 : Direct: MasterChief: I have ammo for that
05:55:08 : Direct: red beret: gimme gimme
05:55:14 : Direct: red beret: oh the suv
05:55:18 : Direct: MasterChief: dont buy parts repair at gas station for 5k xD
05:55:25 : Direct: MasterChief: smh
05:55:31 : Direct: red beret: price changes based on vehicle
05:55:33 : Direct: red beret: dis ones 10k
05:55:45 : Direct: MasterChief: and
05:55:57 : Direct: red beret: cheaper to fix
05:56:04 : Direct: red beret: plus i didnt have 10k on me
05:57:06 : Direct: red beret: your song cut out
05:57:39 : Direct: red beret: thats actually really clear audio
05:57:45 : Direct: red beret: ur playing that off a phone?
05:57:47 : Direct: MasterChief: lol i know ;)
05:57:49 : Direct: MasterChief: no
05:57:52 : Direct: red beret: oh?
05:57:53 : Direct: MasterChief: spotify
05:57:57 : Direct: red beret: ah.
05:57:58 : Direct: MasterChief: on my laptop
05:58:14 : Direct: MasterChief: it plays whatever i hear
05:58:31 : Direct: red beret: NOOOO
05:58:37 : Direct: MasterChief: ill do a live thing of this
05:58:42 : Direct: MasterChief: DUDUDUDDDDDuhh
05:58:46 : Direct: MasterChief: DUUUUUHHDUUHHH
05:58:50 : Direct: MasterChief: DUDUDUDUD
05:58:52 : Direct: MasterChief: DUDUUDUDUDUUDUD
05:58:55 : Direct: MasterChief: UDUDUUDUDUUDUUDUDUUDUUDDUD
05:58:57 : Direct: red beret:  DUDUDUDUUDUDUDUUDUDUD
05:58:59 : Direct: MasterChief: dlanfwvefvbebebebbtbqtbt4b4trb4tb4tb
05:59:00 : Direct: MasterChief: TBretbretbt
05:59:01 : Direct: MasterChief: Etb
05:59:12 : Direct: MasterChief: ;)
05:59:26 : Direct: MasterChief: this might not be here after restart lol
05:59:29 : Direct: red beret: ik
05:59:32 : Direct: red beret: im moving iy
05:59:37 : Direct: MasterChief: its one minute
05:59:42 : Direct: red beret: and fixed
05:59:53 : Direct: MasterChief: this mozzie lol
05:59:59 : Direct: red beret: move my mozzie pls
06:11:32 : Side: MasterChief: mightve just deleted it
06:12:36 : Side: MasterChief: lets do that convoy
06:12:37 : Side: MasterChief: im not
06:12:46 : Side: MasterChief: im looking in the area
06:13:19 : Side: MasterChief: yeah
06:14:04 : Side: MasterChief: it sucks doe
06:14:14 : Side: MasterChief: found it
06:14:26 : Side: MasterChief: literally righ toutside
06:14:32 : Side: MasterChief: ye
06:14:44 : Side: MasterChief: no
06:14:59 : Side: MasterChief: yes
06:15:01 : Side: MasterChief: im fine
06:15:04 : Side: MasterChief: great
06:15:06 : Side: MasterChief: lol
06:15:19 : Side: MasterChief: xD
06:15:25 : Side: MasterChief: i need go put this safe down
06:15:58 : Side: MasterChief: ill fill the suv up with gasw
06:16:10 : Side: MasterChief: yeah
06:16:20 : Side: MasterChief: yes
06:17:03 : Side: MasterChief: at the gas station
06:17:06 : Side: MasterChief: being refueled
06:17:13 : Side: MasterChief: i took it and refuel it
06:17:21 : Side: MasterChief: its literally 500 meters away xD
06:17:25 : Side: MasterChief: idk..
06:17:28 : Side: MasterChief: omwd
06:17:30 : Side: MasterChief: no
06:18:10 : Side: MasterChief: where u is
06:18:35 : Side: MasterChief: no
06:18:42 : Side: MasterChief: why
06:18:46 : Side: MasterChief: no -.-
06:18:52 : Side: MasterChief: dont do it
06:19:13 : Side: MasterChief: wtf
06:19:15 : Side: MasterChief: xDw
06:19:27 : Side: MasterChief: xDw
06:20:12 : Direct: MasterChief: the ammo for this is like 50k
06:20:18 : Direct: MasterChief: yes
06:20:40 : Side: MasterChief: with my tools i can lower terrain which gets rid of grass and gives me better fps :D
06:21:07 : Vehicle: MasterChief: i can turn on vehicle boost
06:21:15 : Vehicle: MasterChief: but i prolly have to be driving
06:21:20 : Vehicle: MasterChief: faster i think
06:21:30 : Vehicle: MasterChief: i have to drive
06:21:32 : Vehicle: MasterChief: it is on
06:21:35 : Vehicle: MasterChief: yes
06:22:37 : Vehicle: MasterChief: its off
06:22:49 : Vehicle: MasterChief: its okay
06:22:57 : Vehicle: MasterChief: get out
06:23:25 : Direct: MasterChief: one sec
06:23:33 : Direct: MasterChief: move :P
06:23:51 : Direct: MasterChief: tf
06:23:53 : Direct: MasterChief: wtf look
06:24:01 : Direct: MasterChief: its flying
06:24:11 : Direct: MasterChief: okay one sec
06:24:17 : Side: MasterChief: no
06:24:37 : Side: MasterChief: the hull
06:25:33 : Side: MasterChief: youre a bastard
06:26:27 : Side: MasterChief: well shit now beth is on
06:30:25 : Side: red beret: im being punished
06:30:40 : Side: MasterChief: im not doing anything bad
06:30:42 : Side: MasterChief: i think
06:32:17 : Side: red beret: sweet i get a dollar
06:32:43 : Side: red beret: beth wtf when i use snap it make me bleed and make me not able to build it
06:32:44 : Side: red beret: :c
06:32:50 : Side: MasterChief: hes not on..
06:32:55 : Side: MasterChief: that was damic 
06:33:06 : Direct: MasterChief: lets put safes here
06:33:14 : Direct: MasterChief: tag me
06:33:40 : Side: red beret: sandbags?
06:33:46 : Side: red beret: i use snap with em and they just fly away
06:34:35 : Direct: MasterChief: no
06:34:46 : Direct: MasterChief: those dont
06:35:04 : Direct: MasterChief: we can remove this sandbag and put cinder there
06:35:15 : Direct: MasterChief: that actually looks cool
06:35:20 : Direct: MasterChief: look at it
06:35:26 : Direct: MasterChief: it goes up
06:36:17 : Side: red beret: waddup
06:36:34 : Side: red beret: are you using steam family sharing?
06:36:39 : Side: MasterChief: is this beth or damic?..
06:37:05 : Side: MasterChief: using it
06:37:08 : Direct: MasterChief: doing t
06:37:15 : Direct: MasterChief: yes
06:37:47 : Direct: MasterChief: yeh
06:37:59 : Direct: MasterChief: for what?
06:38:06 : Direct: MasterChief: like this
06:38:27 : Direct: MasterChief: make scaffolds
06:38:35 : Direct: MasterChief: of stairs and ladders and floors
06:40:01 : Direct: MasterChief: come get the wood
06:40:15 : Side: MasterChief: ay come get this wood
06:40:33 : Side: MasterChief: My wood ;)
06:41:03 : Side: MasterChief: lots of lumber
06:41:23 : Side: MasterChief: deforestation
06:41:40 : Side: MasterChief: brb
06:41:48 : Side: MasterChief: yes
06:42:43 : Direct: MasterChief: we need to make stairs and floorsw
06:43:06 : Side: MasterChief: Offizier are you new?
06:43:21 : Side: Offizier Komanov: yeah
06:43:28 : Side: MasterChief: Welcome :)
06:43:32 : Side: Offizier Komanov: ty 
06:44:02 : Side: DaBethum: Hey Officer, just remember during your first restart your banking info isn't created, so keep all your money in gold or items
06:44:14 : Side: Offizier Komanov: ok
06:44:18 : Side: Offizier Komanov: ty
06:44:24 : Side: red beret: Server just got back up after a looong downtime
06:44:30 : Side: red beret: So theres not too many folks
06:44:48 : Side: MasterChief: yes
06:45:38 : Side: MasterChief: make a wood floor
06:45:42 : Side: MasterChief: like 1/2 of one
06:45:53 : Side: MasterChief: gimme
06:46:27 : Direct: MasterChief: put it in the safe
06:46:41 : Direct: MasterChief: okey
06:46:47 : Direct: MasterChief: no mine exploded
06:46:51 : Direct: MasterChief: use the other safe
06:47:01 : Direct: MasterChief: this safe
06:47:06 : Direct: MasterChief: over here
06:47:13 : Direct: MasterChief: what?..
06:47:22 : Direct: MasterChief: I know
06:47:26 : Direct: MasterChief: so put stuff in here
06:48:50 : Direct: MasterChief: take the pink one to trader
06:49:04 : Direct: MasterChief: okay ill build up the wall
06:49:14 : Direct: MasterChief: put it in the other safe :P
06:49:32 : Direct: MasterChief: stuff if you need
06:50:44 : Direct: MasterChief: scaffolding
06:50:55 : Direct: MasterChief: im aware
06:53:00 : Side: red beret: Zombies knock you out? :P
06:53:56 : Side: MasterChief: the ladder works
06:56:11 : Side: MasterChief: lol
06:56:30 : Side: MasterChief: jumped off the platform
06:56:32 : Side: MasterChief: dont do dat
06:56:51 : Side: MasterChief: officer is gone :(
06:56:58 : Side: MasterChief: friend ;-;
07:02:04 : Side: MasterChief: no
07:05:40 : Side: MasterChief: Fuck
07:05:50 : Side: MasterChief: I forgot to ask him if he was my step brother
07:06:00 : Side: MasterChief: Officer
07:06:16 : Side: MasterChief: inside joke :p
07:06:25 : Side: red beret: ayyylmao
07:10:05 : Side: MasterChief: thats rude guys
07:10:49 : Side: MasterChief: why
07:18:40 : Side: DaBethum: I left your keys
07:18:41 : Side: DaBethum: btw
07:18:46 : Side: DaBethum: They're in the humvee
07:19:29 : Side: red beret: My gun?
07:19:44 : Side: DaBethum: Should be there
07:21:11 : Side: red beret: Where was it at again?
07:21:27 : Side: DaBethum: Near veresnik somewhere
07:21:42 : Side: red beret: Awesome.
07:37:19 : Side: MasterChief: really
07:37:48 : Side: DaBethum: What's wrong?
07:37:53 : Side: MasterChief: nothing :
07:37:56 : Side: MasterChief: :)
07:42:19 : Side: MasterChief: hes going to play borderlands
07:42:39 : Side: MasterChief: and ill tell you something..He was waiting at that mission for you
07:42:54 : Side: MasterChief: hes gone no
07:42:57 : Side: MasterChief: now
07:45:33 : Side: MasterChief: A lot of things arent nice
07:45:56 : Side: MasterChief: But you do them anyways.
07:52:51 : Side: MasterChief: Im going to make twin towers
07:53:05 : Side: MasterChief: then ill buy a c130 and park it in front
07:54:05 : Side: MasterChief: wasnt me
07:54:38 : Side: MasterChief: did you give allah the wrong place for where you killed him..
07:55:58 : Side: MasterChief: lead it by Tractor ;-;
07:57:07 : Side: MasterChief: bless yew
07:57:23 : Side: MasterChief: youre welcome.
07:57:33 : Side: MasterChief: ok
07:58:31 : Side: MasterChief: Welcome
08:04:07 : Side: MasterChief: I thought ou cant build without a plot pole..
08:04:25 : Side: MasterChief: then how is that h-barrier up?
08:04:28 : Side: MasterChief: no
08:14:34 : Side: MasterChief: what
08:14:39 : Side: MasterChief: ugh
08:14:54 : Side: MasterChief: unless i lose it -.-
08:15:02 : Side: MasterChief: whats the problem sir
08:15:10 : Side: MasterChief: okay
08:15:25 : Side: MasterChief: should i spawn you in one...
08:15:31 : Side: MasterChief: no wait
08:16:02 : Side: MasterChief: locked vehicles/
08:16:25 : Side: MasterChief: no one here
08:16:36 : Side: MasterChief: one sec
08:17:17 : Side: MasterChief: nuice
08:17:42 : Side: MasterChief: move
08:17:49 : Side: MasterChief: key in gear
08:17:56 : Side: MasterChief: idfk..
08:17:59 : Side: MasterChief: does it matter
08:22:07 : Side: MasterChief: why does my scroll thing say wardrobe in orang
08:22:10 : Side: MasterChief: orange
08:22:19 : Side: MasterChief: did i
08:22:22 : Side: MasterChief: no
08:22:32 : Side: MasterChief: I havent
08:22:58 : Side: MasterChief: oh well itll be gone soon probably
08:27:51 : Side: MasterChief: I remember my atv days..
08:28:21 : Side: MasterChief: woahhhhh
08:28:31 : Side: MasterChief: this missions spawned on me -.-
08:28:35 : Side: MasterChief: literally under me
08:28:47 : Side: MasterChief: disabled
08:28:57 : Side: MasterChief: ..Im aware
08:29:10 : Side: MasterChief: that happened to me on firecocks
08:30:16 : Side: MasterChief: si
08:32:04 : Side: MasterChief: also i find a way to dupe money
08:32:20 : Side: MasterChief: are you going to fix it or use it :P
08:32:33 : Side: MasterChief: no
08:32:55 : Side: MasterChief: I knew about it i just wanted to tell you if you could fixx it
08:33:31 : Side: MasterChief: You sell the gun, and if the server is slow you have to wait till it actually takes the gun away so while thats happening you put it in your backpack
08:33:36 : Side: MasterChief: and you sell it agian
08:33:42 : Side: MasterChief: yes..
08:33:51 : Side: MasterChief: what..
08:34:06 : Side: MasterChief: i said no to you beth
08:34:12 : Side: MasterChief: you asked is that what im doing
08:34:24 : Side: MasterChief: ive done it before..
08:34:28 : Side: MasterChief: not on here
08:34:52 : Side: MasterChief: to not access your gear till the gun is gone
08:39:04 : Side: MasterChief: Oh kyle
08:40:39 : Side: MasterChief: I can move when i lock my safes....
08:42:42 : Side: MasterChief: no
08:48:41 : Direct: MasterChief: Open the door ;)
08:50:19 : Side: MasterChief: go to your front door
08:50:43 : Side: MasterChief: idk
08:50:48 : Side: MasterChief: can you crawl inside?
08:54:49 : Side: MasterChief: My mouth is so dry
08:54:54 : Side: MasterChief: Like a nuns vagina
08:54:58 : Side: MasterChief: ;)
08:55:07 : Side: MasterChief: lol
08:58:30 : Side: MasterChief: Santas creme?
08:58:34 : Side: MasterChief: Cream*
08:58:38 : Side: MasterChief: I hope not
09:10:48 : Side: MasterChief: my screen is black o.o
09:10:49 : Side: MasterChief: halp
09:12:09 : Side: MasterChief: I guess im in water...
09:12:25 : Side: MasterChief: this game..
09:13:39 : Side: MasterChief: Did you do that green mission already?
09:15:09 : Side: MasterChief: ima do that
09:15:26 : Side: MasterChief: i need ti c:
09:15:41 : Side: MasterChief: si senior
09:16:03 : Side: MasterChief: No, revi is just mad.
09:16:12 : Side: MasterChief: shh ;)
09:19:20 : Side: MasterChief: convoy
09:19:34 : Side: MasterChief: meet you there
09:20:30 : Direct: <[IDC]> Revixy: Red72 is the pass
09:20:40 : Side: MasterChief: so the bank limit is 500k rightq
09:20:59 : Side: MasterChief: damn my bank is full :(
09:21:59 : Direct: <[IDC]> Revixy: Red72
09:22:00 : Side: MasterChief: like i would go there and take his stuff..right
09:22:14 : Side: MasterChief: I dont need his stuff
09:22:20 : Side: MasterChief: yeah
09:22:39 : Side: MasterChief: according to beth im bad :)
09:22:42 : Direct: SandReaper: lockbox by tree Red03
09:23:09 : Side: MasterChief: i have perfect explanations for what I did that last list 
09:23:13 : Side: MasterChief: other restart tthin
09:23:23 : Side: MasterChief: I have a screen shot of the list of what i did
09:23:40 : Side: MasterChief: that was the only bad thing i did
09:23:47 : Side: MasterChief: but i did that because you killed allah
09:24:00 : Side: MasterChief: because he locked me into his car and i broke his legs
09:24:03 : Side: MasterChief: so i healed him
09:24:25 : Side: MasterChief: i told him id do it, and he said do it bitch
09:24:32 : Side: MasterChief: thats disrespecting an admin
09:24:34 : Side: MasterChief: :)
09:24:41 : Side: MasterChief: yea lol
09:24:56 : Direct: SandReaper: green79
09:25:47 : Side: MasterChief: i started the mission
09:25:57 : Side: MasterChief: thats me
09:26:00 : Side: MasterChief: doing the mission
09:26:56 : Side: MasterChief: the gunners are down
09:27:28 : Side: MasterChief: they areee retarded..like they get shot and dont die
09:27:53 : Side: MasterChief: they found me ;-;
09:28:43 : Side: MasterChief: he did
09:28:46 : Side: MasterChief: my fault
09:28:54 : Side: MasterChief: i didnt join
09:29:38 : Side: MasterChief: your name yes
09:29:43 : Side: MasterChief: how much is an as50?
09:29:44 : Side: MasterChief: no
09:29:56 : Side: MasterChief: im 880 from the mission
09:30:50 : Side: MasterChief: hero
09:32:36 : Side: MasterChief: heaters man
09:33:15 : Side: MasterChief: i do
09:33:59 : Side: MasterChief: how much is an as50?
09:34:11 : Side: MasterChief: .
09:34:21 : Side: MasterChief: sweet :D
09:35:33 : Side: MasterChief: can i build a castle tower thing
09:35:34 : Side: MasterChief: no
09:35:39 : Side: MasterChief: but i think there are some more left
09:35:42 : Side: MasterChief: I can
09:35:47 : Side: MasterChief: youre closer
09:35:57 : Side: MasterChief: i am
09:37:57 : Side: MasterChief: clear
09:38:01 : Side: MasterChief: yee
09:38:15 : Side: MasterChief: damn zombie
09:38:39 : Side: MasterChief: :D
09:38:51 : Side: MasterChief: chainsaw for you
09:39:04 : Side: MasterChief: it  orange lol
09:39:44 : Side: MasterChief: yes
09:39:50 : Side: MasterChief: unless you dont want the mortar
09:40:02 : Side: MasterChief: i put half backw
09:40:42 : Side: MasterChief: what mission
09:40:47 : Side: MasterChief: no
09:41:12 : Side: MasterChief: There was 2 lockboxes
09:41:18 : Side: MasterChief: i took one :p
09:41:25 : Side: MasterChief: i dont hear them
09:41:30 : Side: MasterChief: yeah i do
09:42:06 : Side: MasterChief: I like how they parachute like...20 meters away from where the heli is sitting
09:43:03 : Side: MasterChief: okey
09:43:42 : Side: MasterChief: AYE MAN SET YO ALARM ON YUH DAMN PHONE YAH HEAR ME
09:43:51 : Side: MasterChief: Xd
09:43:55 : Side: MasterChief: how
09:44:37 : Side: MasterChief: what
09:44:40 : Side: MasterChief: no
09:44:42 : Side: MasterChief: bless you
09:44:50 : Side: MasterChief: ;)
09:44:54 : Side: MasterChief: my banks full
09:45:01 : Side: MasterChief: plus I have a brief in my bag
09:45:25 : Side: MasterChief: nah ;)
09:45:27 : Side: MasterChief: black..
09:45:33 : Side: MasterChief: those..are dopppe
09:45:35 : Side: MasterChief: man
09:45:44 : Side: MasterChief: the AI come in on like 4 blackhawks
09:45:50 : Side: MasterChief: but the stuff on me..
09:46:29 : Side: MasterChief: i can put mine
09:47:03 : Side: MasterChief: ive never had onew
09:47:17 : Side: MasterChief: never had that eitherw
09:47:25 : Side: MasterChief: 14
09:47:42 : Side: MasterChief: kiss it ;*
09:49:01 : Side: MasterChief: theres a hmv
09:49:52 : Side: MasterChief: notice no AIw
09:50:01 : Side: MasterChief: AI
09:50:11 : Side: MasterChief: yeah
09:50:16 : Side: MasterChief: they will come ;)
09:50:18 : Side: MasterChief: just wait
09:50:30 : Side: MasterChief: the other day i flew over one
09:50:38 : Side: MasterChief: youll see
09:50:52 : Side: MasterChief: theres ont that many there
09:51:24 : Side: MasterChief: HERE THEY COMMMME
09:51:35 : Side: MasterChief: BE RADY
09:51:37 : Side: MasterChief: READY
09:52:17 : Side: MasterChief: the blackhaws
09:52:25 : Side: MasterChief: they bring them
09:54:23 : Side: MasterChief: is this the best mission?
09:54:47 : Side: MasterChief: a bunch over here
09:54:54 : Side: MasterChief: yes
09:55:21 : Side: MasterChief: You can see a lot more over here
09:56:53 : Side: MasterChief: inb4 rruns us over
09:57:48 : Side: MasterChief: bull
09:57:53 : Side: MasterChief: I get that a lot
09:58:34 : Side: MasterChief: yes
09:59:21 : Side: MasterChief: blow it up ;p
09:59:54 : Side: MasterChief: now
10:00:11 : Side: MasterChief: theres one running
10:00:18 : Side: MasterChief: yes
10:00:45 : Side: MasterChief: wow 
10:01:39 : Side: MasterChief: im moving in
10:01:51 : Side: MasterChief: he dead
10:01:59 : Side: MasterChief: i killed the hill guy
10:02:23 : Side: MasterChief: there is still a m2 guy right
10:02:44 : Side: MasterChief: he deaddd
10:02:48 : Side: MasterChief: move in
10:03:18 : Side: MasterChief: SOS
10:03:56 : Side: MasterChief: Can i kill the girl in here?
10:04:06 : Side: MasterChief: theres no rape add on is hter
10:04:15 : Side: MasterChief: :D
10:04:35 : Side: MasterChief: 130k of gold
10:04:42 : Side: MasterChief: and 13 documents
10:04:52 : Side: MasterChief: how can i rape
10:04:58 : Side: MasterChief: fuck this bitch
10:05:01 : Side: MasterChief: oh
10:05:05 : Side: MasterChief: ok
10:05:17 : Side: MasterChief: Her name is Nela
10:05:35 : Direct: MasterChief: fuck you
10:06:14 : Direct: MasterChief: taking the chainsaw?
10:06:16 : Direct: MasterChief: or nah
10:06:41 : Side: MasterChief: take the restw
10:08:08 : Side: MasterChief: beth, there was also a safe ;P
10:08:15 : Side: MasterChief: No o.o
10:10:28 : Side: MasterChief: BETH
10:10:30 : Side: MasterChief: bath
10:11:45 : Side: MasterChief: bath does/nuke work? ;)
10:12:03 : Side: MasterChief: ./nuke..
10:12:07 : Side: MasterChief: does it workw
10:12:14 : Side: MasterChief: yes
10:12:15 : Side: MasterChief: to set off an icbm
10:12:22 : Side: MasterChief: sure
10:12:59 : Side: MasterChief: woah
10:13:03 : Side: MasterChief: what is this
10:13:08 : Side: MasterChief: God mode on beth?
10:13:17 : Side: MasterChief: mhm
10:18:13 : Side: MasterChief: Later ill have my internet that cuts out every 5 minutes :D
10:18:45 : Side: MasterChief: yeah, me too
10:18:54 : Side: MasterChief: jinx it -_-
10:19:25 : Side: MasterChief: burn my house down, kill my cat and eat it, maybe these things will work
10:19:43 : Side: MasterChief: last night when i was in a jet
10:19:53 : Side: MasterChief: i got up to 1200mph
10:20:27 : Side: MasterChief: I got a plot deed
10:20:36 : Side: MasterChief: okey
10:21:03 : Side: MasterChief: need a chainsaw sandy?q
10:21:25 : Side: MasterChief: lol
10:21:46 : Side: MasterChief: need a chainsaw
10:22:06 : Direct: MasterChief: ay
10:22:40 : Direct: MasterChief: okey then
10:23:47 : Side: MasterChief: from me
10:24:02 : Side: MasterChief: ^
10:24:23 : Side: MasterChief: Beth did you want this chainsaw?
10:24:57 : Side: MasterChief: okey
10:25:35 : Side: MasterChief: yeah 
10:27:22 : Side: MasterChief: I need a boat down by my place ;)
10:27:44 : Side: MasterChief: jet skies op
10:28:05 : Side: MasterChief: On firecock i was chasing a bubble copter in a camel
10:28:14 : Side: MasterChief: the fucker lands, buys one of those and shoots me down
10:28:24 : Side: MasterChief: smartest thing ive ever seen
10:28:26 : Side: MasterChief: wasnt you
10:28:43 : Side: MasterChief: there were 2 free ones so i used it :)
10:29:03 : Side: MasterChief: I want to buys something fun :)
10:29:39 : Side: MasterChief: can you eat pumpkins?
10:29:44 : Side: MasterChief: realllyy
10:29:47 : Side: MasterChief: didnt know thatq
10:29:58 : Side: MasterChief: can i plant them by my house? :Dq
10:31:06 : Side: MasterChief: do you have the platform out there?
10:31:13 : Side: MasterChief: okay
10:31:33 : Side: MasterChief: what are you saving up for beth?
10:31:40 : Side: MasterChief: it gives radiation doe
10:31:54 : Side: MasterChief: you cant buy an lav
10:32:14 : Side: MasterChief: hero hero
10:32:37 : Side: MasterChief: if you hvae one youre unstoppable :p
10:32:49 : Side: MasterChief: 200k for a as50 :/
10:32:59 : Side: MasterChief: 100k for m107
10:33:03 : Side: MasterChief: :D
10:33:19 : Side: MasterChief: ima use a m107
10:33:51 : Side: MasterChief: Remember how we met beth? :P
10:34:05 : Side: MasterChief: I flew over your base and you shot me with an as50 xD
10:34:10 : Side: MasterChief: good times
10:34:14 : Side: MasterChief: lol
10:34:44 : Side: MasterChief: i have 15k humanity..
10:34:54 : Side: MasterChief: i think it duped :P
10:34:59 : Side: MasterChief: seriously
10:35:13 : Side: MasterChief: I check them too
10:35:15 : Side: MasterChief: you godmode
10:35:36 : Side: MasterChief: lower terrain is like..a hotdog to a homeless man
10:35:38 : Side: MasterChief: its amazing
10:35:47 : Side: MasterChief: xD
10:36:02 : Side: MasterChief: i have a shit phone
10:36:27 : Side: MasterChief: its like a new router to me,
10:36:33 : Side: MasterChief: Life
10:36:45 : Side: MasterChief: got dat m107 doe
10:37:10 : Side: MasterChief: arent the m107 and as50 like the sameq
10:38:18 : Side: MasterChief: star warsw
10:38:20 : Side: MasterChief: yes
10:38:25 : Side: MasterChief: chainsaw..
10:38:31 : Side: MasterChief: its shit
10:38:41 : Side: MasterChief: no :(
10:38:52 : Side: MasterChief: outhouse, workbench and chainsaw
10:39:15 : Side: MasterChief: ima do the bandit mission
10:39:46 : Side: MasterChief: dont the bandits have a key to that heli on them?
10:40:00 : Side: MasterChief: yeahq
10:40:13 : Side: MasterChief: and the money on the ai thing
10:40:50 : Side: MasterChief: you hear crackles
10:41:02 : Side: MasterChief: Like my cat
10:41:26 : Side: MasterChief: no
10:46:31 : Side: MasterChief: the recoil on this
10:52:24 : Side: MasterChief: THIS HAS NO FUEL -_-
10:52:41 : Side: MasterChief: wowowowuhh
10:53:23 : Side: MasterChief: this heli doesnt have fuel -.-
10:53:28 : Side: MasterChief: i just did the mission
10:53:30 : Side: MasterChief: yes
10:53:39 : Side: MasterChief: nope
10:53:41 : Side: MasterChief: its by stary anyways
10:56:02 : Side: MasterChief: dont you have to place the plot pole first?q
10:56:17 : Side: MasterChief: boom
10:56:22 : Side: MasterChief: i wanna try a skybase
10:57:15 : Side: MasterChief: lol
10:57:53 : Side: MasterChief: we already checked that one beth
10:58:04 : Side: MasterChief: yes
10:58:06 : Side: MasterChief: it had a chainsaw
10:58:11 : Side: MasterChief: oh..idk
10:58:17 : Side: MasterChief: oh
11:00:09 : Side: MasterChief: 1 hour everyone 1 hour
11:00:58 : Side: MasterChief: here i come :D
11:03:40 : Side: MasterChief: lol how my blackhawk is sitting on this gas station is scary
11:03:47 : Side: MasterChief: beth
11:03:50 : Side: MasterChief: disabled convoy
11:04:30 : Side: MasterChief: bath
11:07:16 : Side: MasterChief: ima start the convoy
11:13:12 : Side: MasterChief: ima do it
11:13:17 : Side: MasterChief: so if he comes
11:13:39 : Side: MasterChief: its in a raally bad spot
11:14:05 : Side: MasterChief: its not near vybor so no ;p
11:15:02 : Side: MasterChief: no its not
11:15:06 : Side: MasterChief: the convoy?
11:20:48 : Side: MasterChief: can i get a group invite?
11:21:17 : Side: MasterChief: I am?
11:21:58 : Side: MasterChief: anyone gunna do the convoy?
11:22:07 : Side: hampuz: nup
11:22:37 : Side: MasterChief: ill be talking on side to the guys in ts ;P
11:22:53 : Side: hampuz: ah
11:22:54 : Side: MasterChief: welcome back btw 
11:22:55 : Side: hampuz: ok^^
11:23:44 : Side: hampuz: will coins save in bank now after ive put coins in and at restart  it deleted?
11:24:35 : Side: MasterChief: it will save
11:24:39 : Side: hampuz: okay
11:24:41 : Side: MasterChief: have you been on before?
11:25:02 : Side: hampuz: ye
11:25:03 : Side: <[IDC]> Revixy: your character has to be alive at a restart first, before it saves.
11:25:06 : Side: hampuz: when you stole my 350z.p
11:25:13 : Side: hampuz: wich i later crashed into a tree..
11:25:14 : Side: MasterChief: lol oh yeah
11:25:24 : Side: hampuz: okay
11:25:27 : Side: <[IDC]> Revixy: so don't save any money in a bank until *after* a restart.
11:25:38 : Side: hampuz: thats alredy done so should be safe now then:D
11:25:48 : Side: <[IDC]> Revixy: cool.
11:29:36 : Side: MasterChief: 2 stroke oil
11:29:41 : Side: MasterChief: and a gas can
11:33:53 : Side: MasterChief: beth look what missions
11:34:07 : Side: MasterChief: hapl me
11:34:41 : Group: MasterChief: halp me beth
11:34:44 : Side: DaBethum: Hi Humpz
11:35:06 : Side: hampuz: ello bethum
11:35:07 : Group: MasterChief: sorta
11:36:00 : Side: hampuz: recruit units is wut?
11:36:01 : Group: MasterChief: they might be dead
11:36:02 : Group: MasterChief: idk
11:36:10 : Side: DaBethum: Doesn't work, join the ts
11:36:14 : Side: DaBethum: It will be for bodygaurds
11:36:44 : Side: hampuz: passworded:p
11:36:50 : Side: DaBethum: 2nd
11:37:46 : Side: MasterChief: beth help ;-;
11:38:09 : Side: MasterChief: and you got all pissy
11:38:34 : Side: MasterChief: I heard him even ask if you wanted the sand bags
11:39:20 : Side: MasterChief: beth fly intot he mission i thinnk theyre all dead
11:39:38 : Side: MasterChief: why am i the leader
11:40:04 : Side: MasterChief: one sec
11:40:24 : Side: MasterChief: wtf
11:40:42 : Side: MasterChief: no shit
11:40:49 : Side: MasterChief: not anymore
11:41:54 : Side: MasterChief: pumpkins :D
11:42:17 : Side: MasterChief: No.
11:42:27 : Side: MasterChief: how much a dollar
11:42:49 : Side: hampuz: 20
11:43:26 : Side: MasterChief: and i cri
11:43:30 : Side: MasterChief: ery tim
11:44:05 : Side: MasterChief: lol
11:44:12 : Side: MasterChief: Can i do it :D
11:45:13 : Side: MasterChief: lol
11:45:40 : Side: MasterChief: where do i sell ambulance hmvs
11:45:59 : Side: hampuz: military unarmed at car dealers
11:46:04 : Side: MasterChief: this server?
11:46:08 : Side: hampuz: 20k-40k worth
11:47:03 : Side: MasterChief: allah..
11:47:07 : Side: MasterChief: lol 
11:47:59 : Side: MasterChief: the heli is there lol
11:48:08 : Side: MasterChief: yes
11:49:35 : Side: MasterChief: buy what
11:49:40 : Side: MasterChief: now my bank is full:(
11:49:42 : Side: MasterChief: sweet
11:50:17 : Side: MasterChief: green mission by stary beth
11:50:24 : Side: MasterChief: oh
11:50:27 : Side: MasterChief: /didnt notice you
11:50:34 : Side: MasterChief: I would do that
11:50:45 : Side: MasterChief: MUAHAHAH
11:50:55 : Side: MasterChief: MUAHAHAHHAHAHHHHHHH
11:51:18 : Side: MasterChief: shat
11:51:37 : Side: MasterChief: camel fight :D
11:51:58 : Side: MasterChief: jets :D
11:52:05 : Side: MasterChief: TRACTOR?! :D
11:52:19 : Side: MasterChief: omg pls ;-;
11:53:18 : Side: MasterChief: I havent died in awhile..so..idk about dis
11:53:32 : Side: MasterChief: okey ill do it ;) i know about it
11:53:51 : Side: MasterChief: whos paradox
11:53:54 : Side: MasterChief: he new
11:54:05 : Side: MasterChief: Welcome bby ;*
11:54:50 : Side: MasterChief: WHOEVER YOU ARE I WILL FIND OUT :)
11:54:54 : Side: MasterChief: have a nice day.
11:55:13 : Side: MasterChief: You're* beth
11:55:52 : Side: MasterChief: because it hatesd you
11:57:10 : Side: MasterChief: how much is a lav? 1 mil?
11:57:16 : Side: MasterChief: okay
11:57:23 : Side: MasterChief: more than half way there
11:57:28 : Side: MasterChief: FPS=18
11:58:09 : Side: MasterChief: ima put all my stuff away
11:58:16 : Side: MasterChief: for this 'event'
12:08:39 : Side: MasterChief: night time? :D
12:09:03 : Side: MasterChief: no
12:09:14 : Side: MasterChief: there :)
12:09:24 : Side: MasterChief: ive seen that
12:09:33 : Side: MasterChief: no its not
12:10:10 : Side: MasterChief: Good ones
12:10:30 : Side: MasterChief: that means messing around time :D
12:10:58 : Side: MasterChief: lol
12:11:56 : Side: MasterChief: I need a drink...bad
12:12:33 : Side: MasterChief: omw beth :D
12:12:40 : Side: MasterChief: where you is
12:12:48 : Side: MasterChief: i put my stuff awayq
12:13:06 : Side: MasterChief: fuck
12:14:57 : Side: MasterChief: rub1off
12:15:10 : Side: MasterChief: lol
12:15:18 : Side: MasterChief: mayday in the vajayjay
12:15:31 : Side: MasterChief: my car :)
12:15:43 : Side: MasterChief: BOOOBBBBBSSSS
12:15:57 : Side: MasterChief: where we going?
12:16:03 : Side: MasterChief: those boobies
12:16:10 : Side: MasterChief: where too 
12:16:19 : Side: MasterChief: bath ;-;
12:16:24 : Side: MasterChief: whcih one..
12:16:32 : Side: MasterChief: too /okay
12:16:51 : Side: MasterChief: :)
12:16:55 : Side: MasterChief: yes
12:17:02 : Side: MasterChief: sorry xD
12:17:10 : Side: MasterChief: we should use cop cars
12:17:29 : Side: MasterChief: one sec
12:17:45 : Side: MasterChief: i dont have a gps :(
12:17:59 : Side: MasterChief: readdy
12:24:35 : Side: MasterChief: :
12:24:37 : Side: MasterChief: :D
12:24:42 : Side: MasterChief: yes -.-
12:25:53 : Side: MasterChief: fuck trees 
12:26:30 : Side: MasterChief: welll damn you mean
12:26:40 : Side: MasterChief: whoever wins gets a breif LD
12:26:41 : Side: MasterChief: :D
12:26:45 : Side: MasterChief: thats the prize
12:28:23 : Side: MasterChief: You won a brief :)
12:28:38 : Side: MasterChief: xD
12:30:41 : Side: MasterChief: yes
12:31:10 : Side: MasterChief: a blumpkin
12:31:12 : Side: MasterChief: from beth
12:31:45 : Side: MasterChief: im coming back guysss
12:32:49 : Side: MasterChief: you guys at kamenks?
12:33:08 : Side: MasterChief: no
12:33:27 : Side: MasterChief: its a bi plane
12:33:43 : Side: MasterChief: good one
12:33:45 : Side: MasterChief: but no
12:34:36 : Side: MasterChief: finew
12:35:22 : Side: MasterChief: no
12:35:28 : Side: MasterChief: its not damaged
12:35:45 : Side: MasterChief: maybe thatw
12:35:53 : Side: MasterChief: getin
12:35:56 : Side: MasterChief: or dir :)
12:35:59 : Side: MasterChief: ./nuke
12:36:05 : Side: MasterChief: /nuke
12:36:08 : Side: MasterChief: doesnt work
12:36:22 : Side: MasterChief: woah
12:38:22 : Side: MasterChief: you shot me
12:38:26 : Side: MasterChief: i saw you 
12:38:34 : Side: MasterChief: xD
12:38:38 : Group: MasterChief: yeah im abusing it
12:40:13 : Side: MasterChief: I have a question
12:40:27 : Side: MasterChief: Is...is this a game?
12:40:42 : Side: MasterChief: No, its a game..so calm the fuck down 
12:40:44 : Side: MasterChief: :)
12:40:59 : Side: MasterChief: we are messing around
12:41:02 : Side: MasterChief: gez
12:48:18 : Side: MasterChief: i can
12:48:19 : Side: MasterChief: cant
13:25:09 : Side: DaBethum: The weather outside is frightful
17:56:05 : Side: MasterChief: im back..
17:56:16 : Side: MasterChief: excuse me
17:56:26 : Side: MasterChief: I didnt but whatever
17:56:48 : Side: MasterChief: ?
17:57:31 : Side: MasterChief: darn
17:58:40 : Side: MasterChief: No
17:58:56 : Side: MasterChief: State a reason of why i should kill you
17:59:05 : Side: MasterChief: wow
17:59:13 : Side: MasterChief: I didnt
17:59:29 : Side: MasterChief: okey?
17:59:33 : Side: MasterChief: fuck boi
18:07:29 : Side: MasterChief: Tractor :)
18:07:59 : Side: MasterChief: okay give me a minute
18:08:03 : Side: MasterChief: 57
18:08:10 : Side: MasterChief: Im kidding
18:08:21 : Side: MasterChief: 3
18:08:22 : Side: MasterChief: :)
18:08:41 : Side: MasterChief: You take your hand
18:08:55 : Side: MasterChief: and whatever it does from then is greatness
18:09:22 : Side: MasterChief: its a glitch
18:09:32 : Side: MasterChief: snaps your neck when that happens
18:09:42 : Side: MasterChief: Should i help him?
18:09:54 : Side: MasterChief: If you say it right ill help you
18:10:04 : Side: MasterChief: .
18:10:08 : Side: MasterChief: Buh Low tuh
18:10:35 : Side: MasterChief: Where too wings?
18:10:59 : Side: MasterChief: bought it
18:11:04 : Side: MasterChief: yep
18:11:31 : Side: MasterChief: im use to getting shit from all of you now..
18:12:16 : Side: MasterChief: Is that video on YT yet?
18:12:26 : Side: MasterChief: how cute
18:12:55 : Side: MasterChief: I could prolly record my POV ;)
18:13:17 : Side: MasterChief: :)
18:13:24 : Side: MasterChief: Point of view?
18:13:37 : Side: MasterChief: PLOTTWIST: im ron jeremy
18:13:42 : Side: MasterChief: ;)
18:13:47 : Side: MasterChief: ..
18:14:02 : Side: MasterChief: I CUMM IN LIKE A RECKINNN BALLSSS
18:14:16 : Side: MasterChief: ILL REKT YERRR POSSAYYY WITH RECKKIN BALLSS
18:14:23 : Side: MasterChief: lolw
18:14:35 : Side: MasterChief: And when I play music you kick me -.-
18:14:48 : Side: MasterChief: SOMETIMES?!
18:14:50 : Side: MasterChief: always 
18:15:02 : Side: MasterChief: ill mute you next time then
18:15:09 : Side: MasterChief: NO
18:15:12 : Side: MasterChief: woops
18:15:31 : Side: MasterChief: dear lord
18:15:36 : Side: MasterChief: shit quality ;p
18:15:56 : Side: MasterChief: he is old as fuck
18:16:04 : Side: MasterChief: he sells pills for pornnnn
18:16:08 : Side: MasterChief: he has a smalll dickkkk
18:16:18 : Side: MasterChief: photoshopp is his besttttfrienddddd
18:16:32 : Side: MasterChief: Im sure
18:16:47 : Side: MasterChief: With half a bottle of viagra it might get big enough
18:17:47 : Side: MasterChief: Should i search for it?w
18:17:56 : Side: MasterChief: Genreal area?w
18:18:21 : Side: MasterChief: Fucked me like a buck in the butt ;P
18:18:32 : Side: MasterChief: No
18:18:42 : Side: MasterChief: K
18:18:52 : Side: MasterChief: with his hand
18:18:54 : Side: MasterChief: No
18:18:59 : Side: MasterChief: is tat a joke?
18:19:24 : Side: MasterChief: 500k plus whatever is in my safe
18:19:31 : Side: MasterChief: lol
18:19:34 : Side: MasterChief: youre funny
18:19:51 : Side: MasterChief: Okay..
18:19:54 : Side: MasterChief: I wont need help
18:20:07 : Side: MasterChief: Maybe you shouldve not disrespected Tractor
18:20:22 : Side: MasterChief: Are you still salty that im admin and you arent?
18:20:24 : Side: MasterChief: ohh
18:20:25 : Side: MasterChief: you are
18:20:45 : Side: MasterChief: I know i shouldnt, idk how i am
18:21:14 : Side: MasterChief: are you saying that you arent being mean
18:22:01 : Side: MasterChief: really lolw
18:22:23 : Side: MasterChief: what car you want?
18:22:38 : Side: MasterChief: even though youre a dick, I am nice
18:22:51 : Side: MasterChief: true
18:22:54 : Side: MasterChief: I am toow
18:23:42 : Side: MasterChief: what
18:23:47 : Side: MasterChief: I know
18:23:51 : Side: MasterChief: No
18:23:57 : Side: MasterChief: No
18:24:06 : Side: MasterChief: once i get there
18:29:03 : Side: MasterChief: Need help?
18:29:16 : Side: MasterChief: where are you
18:29:35 : Side: MasterChief: I have about 5 minutes before my internet cuts out
18:29:37 : Side: MasterChief: lol
18:30:26 : Side: MasterChief: yeah its gonne
18:30:39 : Side: MasterChief: I bought rivv a 250k little bird earlier
18:36:01 : Side: XxWingsOfFuryxX: comin ta starry?
18:37:29 : Side: XxWingsOfFuryxX: hello?
18:39:35 : Side: MasterChief: im back
18:39:46 : Side: MasterChief: beths gone
18:41:43 : Side: XxWingsOfFuryxX: hey
18:41:49 : Side: XxWingsOfFuryxX: im dying
18:41:55 : Side: XxWingsOfFuryxX: =D
19:19:53 : Side: MasterChief: Hello
19:20:12 : Side: Mr_Tibbs [DOC]: sup cheif
19:38:46 : Side: MasterChief: omg my ping..
19:40:21 : Side: MasterChief: I cant stop running
19:40:23 : Side: MasterChief: halp
19:40:43 : Side: Mr_Tibbs [DOC]: heh, hammer your w key
19:40:59 : Side: MasterChief: not working :p
19:41:49 : Side: MasterChief: doing that mission? ;)
19:41:55 : Side: Mr_Tibbs [DOC]: yup
19:42:04 : Side: MasterChief: I have to relog brb
19:49:28 : Side: MasterChief: are you a hero/bandit?
19:49:39 : Side: Mr_Tibbs [DOC]: survivor /hero
19:49:49 : Side: MasterChief: whats your humanity?
19:49:54 : Side: Mr_Tibbs [DOC]: 4100
19:50:08 : Side: MasterChief: need 5000 to sell thay blackhawk ;P
19:50:23 : Side: Mr_Tibbs [DOC]: ill get it,
19:50:26 : Side: MasterChief: okay
19:50:34 : Side: Mr_Tibbs [DOC]: theris enough fishes here to put me over 5k
19:50:34 : Side: MasterChief: also it needs fuel
20:02:14 : Side: Mr_Tibbs [DOC]: not bad weapons.,,, im definitly keepin a few of these
20:02:21 : Side: MasterChief: Nice
20:05:28 : Side: Mr_Tibbs [DOC]: im sort of liking the ksvk as well., i think its going to be my new weapon of choice lol
20:17:30 : Side: MasterChief: where you is son
20:17:46 : Side: Mr_Tibbs [DOC]: bout of dislexia there?
20:18:01 : Side: MasterChief: wat
20:18:12 : Side: Mr_Tibbs [DOC]: nvm lol
20:27:14 : Side: MasterChief: where are you ;)
20:27:24 : Side: MasterChief: I have a gift
20:32:33 : Side: Mr_Tibbs [DOC]: really...?
20:32:36 : Side: MasterChief: wat
20:32:46 : Side: Mr_Tibbs [DOC]: i was about to farm them
20:33:00 : Side: MasterChief: why didn you say you were there
20:33:24 : Side: MasterChief: sorry :/
20:33:53 : Side: MasterChief: oh nmo
20:34:14 : Side: MasterChief: I needa test these some how man
23:44:44 : Side: [DOC] Sampson: hey cap what up
23:44:59 : Side: Captain Cuddles: nothin much just gonna go for this mission
23:45:21 : Side: [DOC] Sampson: better hurry
23:45:56 : Side: [DOC] Sampson: i will be back after restart
