00:05:29 : Side: Duke of Wu-Tang: so sampson
00:05:32 : Side: Duke of Wu-Tang: hows your day been
00:05:41 : Side: [DOC] Sampson: fine why
00:05:46 : Side: Duke of Wu-Tang: just wondering
00:05:56 : Side: Captain Cuddles: this is my buddy sampson
00:06:10 : Side: [DOC] Sampson: ok cool
00:13:19 : Side: Duke of Wu-Tang: sampson are you and your sniper buddies about to escape from nwaf?
00:16:59 : Side: [DOC] Sampson: yes we are
00:31:35 : Side: [DOC] Sampson: what you guys doing
00:31:44 : Side: Captain Cuddles: mission
00:31:44 : Side: Duke of Wu-Tang: doing a mission
00:32:03 : Side: [DOC] Sampson: h1
00:32:22 : Side: Duke of Wu-Tang: ?
00:32:39 : Side: [DOC] Sampson: i can hear you guys shoting
00:32:44 : Side: Duke of Wu-Tang: oh my bad
00:35:37 : Side: [DOC] Sampson: i here
00:36:39 : Side: Captain Cuddles: sampson
00:36:53 : Side: [DOC] Sampson: yes
00:37:03 : Side: Captain Cuddles: are you here
00:37:09 : Side: [DOC] Sampson: ya
00:37:20 : Side: [DOC] Sampson: why
00:37:46 : Side: Duke of Wu-Tang: could you keep an eye on that chopper while cuddles swoops me back up
00:37:47 : Side: Captain Cuddles: i gotta pick up duke
00:37:59 : Side: [DOC] Sampson: ya
00:38:03 : Side: Duke of Wu-Tang: big thanks mang
00:38:22 : Side: [DOC] Sampson: ya np
00:42:15 : Side: WAKAWAKA: pvp?
00:42:20 : Side: Duke of Wu-Tang: thanks sampson
00:42:56 : Side: [DOC] Sampson: welcome back and yes there is pvp
00:44:12 : Side: [DOC] Sampson: my bad
00:44:18 : Side: Duke of Wu-Tang: its chill
00:45:26 : Side: [DOC] Sampson: o its fucked
00:46:20 : Side: [DOC] Sampson: whats this
00:46:37 : Side: Duke of Wu-Tang: stuff falling out
00:47:07 : Side: [DOC] Sampson: ok
01:11:58 : Side: Duke of Wu-Tang: whatsup guys
01:12:11 : Side: [DPT]KNNCCB: sup
01:13:17 : Side: Duke of Wu-Tang: whats up wit u
01:13:56 : Side: [DPT]KNNCCB: can i get any higher?
01:14:06 : Side: Duke of Wu-Tang: wut
01:14:18 : Side: [DPT]KNNCCB: lol, just messin with ya
01:14:45 : Side: Duke of Wu-Tang: lol
01:15:01 : Side: Duke of Wu-Tang: you guys buds?
01:15:14 : Side: [DPT]KNNCCB: who lol
01:15:22 : Side: Duke of Wu-Tang: you and uhh wakawakaaaaa
01:15:26 : Side: [DPT]KNNCCB: nopeee
01:15:30 : Side: Duke of Wu-Tang: waka flocka flocka
01:16:00 : Side: WAKAWAKA: ?
01:17:14 : Side: Duke of Wu-Tang: you guys got choppers?
01:17:21 : Side: WAKAWAKA: no
01:17:23 : Side: [DPT]KNNCCB: nope
01:17:32 : Side: Duke of Wu-Tang: know how to get one with your toolbox?
01:17:39 : Side: [DPT]KNNCCB: yup
01:17:46 : Side: Duke of Wu-Tang: aight cool just making sure
01:17:47 : Side: [DPT]KNNCCB: mozziessss ftw!
01:17:58 : Side: WAKAWAKA: im
02:20:16 : Side: LawnOfLegend: holy shit ur the only one on
02:20:45 : Side: Mr_Tibbs [DOC]: you sound suprised
02:20:59 : Side: LawnOfLegend: yeah it's empty as shit
02:21:35 : Group: LawnOfLegend: what was the server we were on?
02:21:49 : Group: LawnOfLegend: i mean ts
02:22:00 : Group: Mr_Tibbs [DOC]: not on ts atm
02:22:09 : Group: LawnOfLegend: k good
02:22:41 : Group: LawnOfLegend: going to do blackhawk mission
02:23:29 : Group: LawnOfLegend: well shit it broke
02:33:05 : Group: LawnOfLegend: I swear pain pills have fucked me so manny times
02:33:20 : Group: Mr_Tibbs [DOC]: why would they have fucked you?
02:33:36 : Group: LawnOfLegend: cause i need them for perception
02:33:50 : Group: LawnOfLegend: presision
02:38:57 : Group: LawnOfLegend: gmtfo
02:40:59 : Group: LawnOfLegend: im close to u
02:47:11 : Direct: LawnOfLegend: I GOT FUCKING NOTHING
02:47:14 : Direct: LawnOfLegend: srry caps
02:47:59 : Direct: LawnOfLegend: Hellz yeah
02:48:19 : Direct: LawnOfLegend: who do i give it too
02:48:27 : Direct: Mr_Tibbs [DOC]: sell that briefcase and bank the cash yo, the lady with the backpacks
02:52:53 : Group: Mr_Tibbs [DOC]: i'm peeling off to go find a place to set down
02:53:21 : Group: LawnOfLegend: wait for me then damn it
02:53:34 : Group: Mr_Tibbs [DOC]: restarts comming dawg
02:54:17 : Group: LawnOfLegend: fine ill gear up real quick
02:55:22 : Group: LawnOfLegend: do u want to set up a base? I can buy a plotpole
02:55:49 : Group: Mr_Tibbs [DOC]: i havent ever owned a base, i'm a ranger, :p 
02:56:14 : Group: LawnOfLegend: thought it would be cool to make one
02:56:36 : Group: LawnOfLegend: I've been waiting to get that plotpole forever
02:56:42 : Group: Mr_Tibbs [DOC]: oh it is, but i find i cant be fucked with when my enemies have no base to attack
06:45:46 : Side: DaBethum: Welcome Waka
06:46:01 : Side: waka waka: hi
06:46:10 : Side: Neverwhere: so yea, apparently my push to talk stops working the second I tab into the game
06:46:11 : Side: DaBethum: First time on the server?
06:46:19 : Side: Neverwhere: which seems quite counterproductive
06:46:22 : Side: Vesicant: Hello
06:46:28 : Group: Neverwhere: True enough
06:46:34 : Group: Neverwhere: Yea I'll be over
06:47:02 : Group: Neverwhere: I seem to have some setting issues, seems I haven't played since I last formatted
06:47:08 : Group: Neverwhere: so I'm gona dick with that I think.
07:01:25 : Group: Neverwhere: naw I'm good
07:01:28 : Group: Neverwhere: but thx
07:05:06 : Group: Neverwhere: yea
07:06:03 : Group: Neverwhere: AI are blind on these missions
07:46:14 : Side: DaBethum: Welcome Cookies
07:48:44 : Vehicle: Neverwhere: If ya didn't catch that Beth, 104000 is what I lost.
07:49:01 : Vehicle: Neverwhere: There was a full brief at the mission I spawned into :P
08:08:25 : Side: Neverwhere: INV
08:24:35 : Direct: cookiesnbeans: its not like i have not seen you 
08:28:10 : Side: cookiesnbeans: am i that important mr desert ghillie?
08:33:42 : Side: cookiesnbeans: whats the chance i get out of this alive?
08:36:02 : Side: cookiesnbeans: cmon i just wanted to do the mission and you banidos stop by:x
08:36:11 : Side: cookiesnbeans: bandidos*
08:36:33 : Side: Vesicant: You were the one that shot at us xD
08:36:41 : Side: cookiesnbeans: i have not killed anyone
08:36:51 : Side: cookiesnbeans: it was an act of self defense
08:36:54 : Side: DaBethum: lol
08:39:15 : Side: cookiesnbeans: so are you gonna let me out of here or am i stuck?
08:42:37 : Side: Neverwhere: Soo... youre free to go.... ?
08:43:38 : Side: Neverwhere: D:
08:44:00 : Side: cookiesnbeans: thought dat silent sniper was on the ground..
08:44:11 : Side: DaBethum: Which one?
08:44:12 : Side: DaBethum: :P
08:44:16 : Side: cookiesnbeans: the one who shot me:p
08:44:17 : Side: Neverwhere: daimn O.o
08:44:22 : Side: Neverwhere: How many were there?
08:46:33 : Side: DaBethum: I wonder why battleye is doing that..
08:47:59 : Side: DaBethum: If you want your key back I can leave it somewhere after restart
08:48:44 : Side: Neverwhere: Murderer! D:<
08:48:55 : Side: cookiesnbeans: says the bandits
08:49:01 : Side: DaBethum: You shot me first. :P
08:49:16 : Side: cookiesnbeans: thought you were an ai
08:49:50 : Side: DaBethum: Says the bandit. :P
08:49:56 : Side: cookiesnbeans: indeed
08:50:06 : Side: Vesicant: You shot me before I looked at you too
08:50:18 : Side: cookiesnbeans: liar
08:50:28 : Side: DaBethum: Don't take any shit from that guy
08:50:40 : Side: DaBethum: lolz
08:51:10 : Side: Vesicant: Ièm just Bethanyès bitch
08:51:14 : Side: cookiesnbeans: where  was you when i shot you then mr?
08:51:26 : Side: Neverwhere: I'm having doubts. Sounds like cookies might have earned it, O.o
08:51:35 : Side: Vesicant: Sniper hill
08:51:48 : Side: cookiesnbeans: ofc..
08:51:58 : Side: cookiesnbeans: i shot 1 and someother guy shows up landing on sniper hill 
08:52:11 : Side: cookiesnbeans: self defense :D
08:52:13 : Side: cookiesnbeans: bandit!
08:53:12 : Side: Neverwhere: Well I shot your foot and I KNOW it looked at me funny D:<
08:53:22 : Side: DaBethum: HAX!
08:53:32 : Side: DaBethum: You guys wanna do an event after restart?
08:54:22 : Side: DaBethum: But seriously, if you want your key lemme know
08:54:38 : Side: cookiesnbeans: keep it
08:54:43 : Side: DaBethum: What's it for?
08:54:52 : Side: cookiesnbeans: its for levodnik in forest outside staroye
08:55:02 : Side: Neverwhere: Naw man, server is still fairly new so we're trying to get the pop up still.
08:55:10 : Side: Neverwhere: We'll return it if you want it.
08:55:19 : Side: cookiesnbeans: not risking to get shot again!
08:55:30 : Side: cookiesnbeans: bandits these days
08:55:34 : Side: DaBethum: I'll leave it in a trader city for ya
08:55:35 : Side: jetBlue: lol
08:55:57 : Side: DaBethum: Welcome Nay
08:57:09 : Side: Neverwhere: but still 
08:57:11 : Side: DaBethum: Eat shit Nev
08:57:19 : Side: Neverwhere: xD
08:58:53 : Side: Neverwhere: logging for restart, cya later.
08:58:59 : Side: DaBethum: Same
08:59:02 : Side: DaBethum: Event after restart
09:06:19 : Side: DaBethum: Welcome Nan
09:07:27 : Side: DaBethum: What kind of event?
09:07:34 : Side: Your Nan: DILDO
09:07:56 : Side: DaBethum: AS50 TWS?  Camel fight?  Armed Lil bird fight?  Armed Cessna fight?
09:08:06 : Side: cookiesnbeans: camel
09:08:19 : Side: cookiesnbeans: or cessna
09:09:01 : Side: DaBethum: Let me know when  you're ready for tp
09:09:26 : Side: Nay: are you admin?
09:09:27 : Side: cookiesnbeans: im ready
09:09:33 : Side: DaBethum: I hope so
09:10:22 : Direct: cookiesnbeans: bandit
09:10:39 : Direct: DaBethum: You
09:10:41 : Direct: SandReaper: nope
09:10:46 : Direct: cookiesnbeans: you are
09:10:52 : Direct: DaBethum: Nuh uh
09:10:58 : Direct: cookiesnbeans: yes
09:11:00 : Direct: DaBethum: I'm neither
09:11:02 : Direct: cookiesnbeans: you shot me
09:11:06 : Direct: cookiesnbeans: and killed me
09:11:09 : Direct: cookiesnbeans: for no reason
09:11:10 : Direct: SandReaper: nah got shot down going to mission
09:11:11 : Direct: DaBethum: I did not. :P
09:11:36 : Side: DaBethum: Nan you want in the event?>
09:11:37 : Direct: cookiesnbeans: yes you did
09:11:47 : Side: Your Nan: WHAT IS IT ?
09:11:50 : Side: Your Nan: caps*
09:11:52 : Side: DaBethum: Camel fight
09:11:56 : Side: Neverwhere: "Nev needs to chill. Go administer some 9mm tranquilizers."
09:11:57 : Side: Your Nan: wtf
09:12:03 : Side: Your Nan: ok
09:12:05 : Side: Neverwhere: Yea, I'll come.
09:12:28 : Side: DaBethum: A plane
09:12:29 : Direct: cookiesnbeans: an animal
09:12:43 : Direct: cookiesnbeans: 6 legs and 3 heads and 2 tails
09:13:48 : Direct: cookiesnbeans: black camel aint armed..
09:19:17 : Side: Your Nan: rip 
09:19:24 : Side: Your Nan: we rammed each other
09:19:25 : Side: DaBethum: Wanna do another event?
09:19:28 : Side: DaBethum: That was kinda fun
09:19:33 : Side: Your Nan: bring me back plz
09:19:55 : Side: DaBethum: Nope
09:19:56 : Direct: cookiesnbeans: i did
09:20:10 : Side: Neverwhere: I especially liked the part where I couldn't figure out how to get airborne untill the fight was over.
09:20:22 : Direct: cookiesnbeans: i aint turning
09:20:28 : Direct: cookiesnbeans: forward all day
09:20:42 : Side: Neverwhere: Naw dude xD
09:20:54 : Side: Neverwhere: No because I didn't earn one. 
09:21:02 : Side: Neverwhere: All I did was being too dumb to get airborne :P
09:21:10 : Direct: cookiesnbeans: no idea
09:21:14 : Direct: cookiesnbeans: shot down 2-3 ppl
09:21:18 : Direct: cookiesnbeans: if i am right
09:21:31 : Direct: cookiesnbeans: anyone got a blood bag?
09:24:00 : Side: cookiesnbeans: meh
09:24:03 : Side: cookiesnbeans: locked myh ural?
09:24:27 : Side: DaBethum: Yeah, just incase
09:24:30 : Side: DaBethum: bbs
09:28:04 : Side: Nay: King?
09:29:52 : Group: Neverwhere: Nan or something
09:30:00 : Group: Neverwhere: Your Nan
09:30:34 : Direct: Neverwhere: Naw he aint.
09:32:00 : Side: Neverwhere: I did.
09:32:08 : Side: Neverwhere: He tried to take me snippy rifle.
09:32:17 : Side: Neverwhere: I find that mean.
09:33:20 : Side: Your Nan: ya coon
09:34:21 : Side: Neverwhere: You asked for it, politely.
09:34:26 : Side: Your Nan: k
09:35:22 : Side: Neverwhere: I'll leave all your stuff on your body dude.
09:35:29 : Side: Your Nan: lol i had shit all
09:35:29 : Side: Neverwhere: if there's anything you want off it.
09:35:39 : Side: Your Nan: oh what a hero
09:35:53 : Side: cookiesnbeans: their bandits
09:35:54 : Side: cookiesnbeans: all of them
09:35:55 : Side: cookiesnbeans: !
09:36:02 : Side: Your Nan: i see that
09:36:06 : Side: <[IDC]> The King: barbies
09:36:07 : Side: Neverwhere: LOL, you're the one who tried to rob me! xD
09:36:07 : Side: cookiesnbeans: shot me for no reason before in electro
09:36:20 : Side: Neverwhere: No, I had plenty of reason. =3
09:36:38 : Side: cookiesnbeans: proof?
09:37:00 : Side: Neverwhere: The kill lists at traders.
09:37:19 : Side: Neverwhere: We had someone go check that it wasn't AIs.
09:37:19 : Side: cookiesnbeans: they no work 
09:37:24 : Side: Neverwhere: dey doooo
09:37:33 : Side: cookiesnbeans: nop
09:37:39 : Side: cookiesnbeans: go and check it ma fwiend
09:38:16 : Side: Neverwhere: mabby I will >:D
09:38:20 : Side: cookiesnbeans: do it now!
09:38:34 : Side: cookiesnbeans: or else you will be my biatch for life
09:39:11 : Side: Neverwhere: pffffft, you wish.
09:39:20 : Side: cookiesnbeans: i dont wish
09:39:22 : Side: Neverwhere: Your feet were my bitches just a while back :P
09:39:29 : Side: cookiesnbeans: i do it and make it happend
09:39:41 : Side: cookiesnbeans: because you are a bandit
09:39:44 : Side: Neverwhere: cudos for not combatlogging though. 
09:39:45 : Side: cookiesnbeans: that shot me for no reason
09:40:00 : Side: Neverwhere: Because YOU shot DBs face which I ADMIT was hilarious
09:40:01 : Side: cookiesnbeans: whats combatloggin?
09:40:15 : Side: cookiesnbeans: thats not a reason :x
09:40:18 : Side: cookiesnbeans: he scared me
09:40:35 : Side: cookiesnbeans: also...i came back from getting something to drink and he was just sitting there on the ladder :x
09:41:31 : Side: Neverwhere: I almost wish that would be true. Makes it even more fun =3
09:45:05 : Side: Your Nan: good
09:45:07 : Side: cookiesnbeans: pew:o
09:45:14 : Side: Your Nan: you got him ?
09:45:25 : Side: Your Nan: gj !
09:45:25 : Side: <[IDC]> The King: me
09:45:30 : Side: Your Nan: gj
09:46:00 : Side: <[IDC]> The King: 2230meter shot with g17 not bad
09:46:12 : Side: Your Nan: lol
09:46:48 : Side: Neverwhere: My car just randomly upped and exploded >:(
09:46:57 : Side: cookiesnbeans: liar
09:47:01 : Side: Neverwhere: I must have hit a bush or some shit.
09:47:28 : Side: Neverwhere: True story bitch.
09:47:42 : Side: <[IDC]> The King: everyone soo hostle
09:51:10 : Side: DaBethum: Ok, does anyone need anything quick?
09:51:18 : Side: <[IDC]> The King: me
09:51:34 : Side: DaBethum: What do you need?
09:52:01 : Side: <[IDC]> The King: my shit
09:52:02 : Side: DaBethum: headset's not on, I'm in a hurry
09:52:06 : Side: DaBethum: What shit?
09:52:22 : Side: <[IDC]> The King: nvm man ill find ti
10:48:15 : Side: Nay: ANYONE AT BLACKHAWK
10:48:24 : Side: Lameninja: me
10:48:52 : Side: Nay: im friendly
10:50:14 : Side: Nay: take out the m2's
10:50:20 : Side: Nay: then i will help
10:50:50 : Side: Lameninja: nah i left
10:59:16 : Side: Lameninja: nay you doing this other mission?
11:03:54 : Side: DaBethum: I am back.
11:05:34 : Side: DaBethum: Hi Nic, welcome
11:05:50 : Side: DaBethum: Wanna do another event
11:09:03 : Side: Changrey: Are heli crash sites enabled here?
11:09:16 : Side: <[IDC]> Revixy: nope
11:09:25 : Side: <[IDC]> Revixy: only mission related
11:09:34 : Side: Changrey: /sadface
11:09:53 : Side: Lameninja: there are missions without ai so dont worry
11:09:56 : Side: DaBethum: So, event or no?
11:10:11 : Side: Changrey: How will I ever get my rocket launch fix then *tearsofblood*
11:10:24 : Side: <[IDC]> Revixy: lol
11:12:52 : Group: <[IDC]> Revixy: kan du høre mig?
11:12:59 : Group: Changrey: nope
11:13:11 : Group: <[IDC]> Revixy: Damn
11:13:51 : Group: <[IDC]> Revixy: 2 clicks
11:20:35 : Direct: Lameninja: /boggie
12:26:03 : Side: MasterChief: okay, Hi bath
12:26:18 : Side: MasterChief: Cheese?..
12:27:28 : Side: MasterChief: I use it lol
12:30:19 : Side: MasterChief: remote connect
12:32:48 : Side: MasterChief: anyone do that green mission?
12:32:51 : Side: DaBethum: brb
12:33:29 : Side: DaBethum: I'll be like 5 or 10, go ahead and lave without me if you want I have mozzie parts
13:01:07 : Side: MasterChief: Welcome ;)
13:01:26 : Side: =Covert= HeXx: thank you
13:03:49 : Side: MasterChief: His house is just burning down its okay
13:06:03 : Side: MasterChief: Everything was lost
13:30:37 : Side: MasterChief: lolw
13:33:11 : Side: MasterChief: where are you?
13:36:13 : Side: MasterChief: Welcome!
13:38:32 : Side: MasterChief: put on auto hover if you didint know to land..
13:38:38 : Side: MasterChief: yes
13:39:03 : Side: MasterChief: with an osprey? thats what you do llol
13:39:18 : Side: MasterChief: Thats auto-kill..
13:39:35 : Side: MasterChief: me
13:39:44 : Side: MasterChief: Thats me
13:39:49 : Side: MasterChief: ^^^^
13:41:23 : Group: MasterChief: are you graphics down?
13:42:38 : Side: MasterChief: sandy are your graphics down? might want to check that
13:43:07 : Vehicle: MasterChief: where tpp
13:48:24 : Side: MasterChief: lol okayy
13:48:37 : Side: MasterChief: double tap shift
13:48:58 : Side: MasterChief: ^
13:49:33 : Group: MasterChief: Double click shift
13:49:36 : Group: MasterChief: left shift
13:49:54 : Side: MasterChief: youre welcome l;)
13:51:04 : Side: MasterChief: Briefs 
13:51:17 : Side: MasterChief: yes
13:51:48 : Side: MasterChief: rare to get a fulll breif but theyre mostly like 60k or 90k breifsw
14:38:46 : Side: [Америка]WhiteBoyCentral: any admins on atm?
14:50:54 : Side: [Америка]WhiteBoyCentral: the fuq
15:06:13 : Direct: XxWingsOfFuryxX: hey
15:06:18 : Direct: hampuz: ello
15:06:43 : Direct: XxWingsOfFuryxX: hows your day?
15:06:47 : Direct: hampuz: good
15:06:50 : Direct: hampuz: or... decent good:p
15:07:17 : Direct: XxWingsOfFuryxX: any assholes i need ta kill? =D
15:07:18 : Direct: hampuz: hows your day been?:p
15:07:22 : Direct: XxWingsOfFuryxX: good
15:07:26 : Direct: hampuz: cools
15:07:27 : Direct: hampuz: and nop
15:07:53 : Direct: XxWingsOfFuryxX: your a bandit like me =D
15:07:53 : Direct: hampuz: saw a venom land outside my base... was so mad cus  i wanted to shoot it >.<
15:07:58 : Direct: hampuz: *shh*
15:08:08 : Direct: hampuz: im not a bandit :-) im a hero
15:14:53 : Direct: XxWingsOfFuryxX: ty
15:15:04 : Direct: Vesicant: Do you need blood?
15:15:11 : Direct: Vesicant: Yeah, I am buying it back
15:16:07 : Direct: [Америка]WhiteBoyCentral: 80k sir
15:16:26 : Direct: [Америка]WhiteBoyCentral: if u gave it to me i didnt get it
15:16:29 : Direct: Vesicant: Get your guys out first
15:16:41 : Direct: [Америка]WhiteBoyCentral: ge gets out when i get the money
15:16:49 : Direct: Vesicant: Hell no
15:16:53 : Direct: [Америка]WhiteBoyCentral: we arent stealing its just to be sure
15:17:00 : Direct: [Америка]WhiteBoyCentral: im legit mate
15:17:08 : Direct: Vesicant: Then get them out first
15:17:22 : Direct: [Америка]WhiteBoyCentral: he stacome back up to our TS
15:18:02 : Direct: Vesicant: Wings go
15:23:01 : Group: <[IDC]> Revixy: all the way
15:23:06 : Group: <[IDC]> Revixy: to the edge
15:42:43 : Side: [Америка] Justin: i need bacon
15:42:54 : Side: Mr. Spock: Kevin Bacon?
15:43:03 : Side: [Америка] Justin: oh why sure 
15:43:37 : Side: <[IDC]> Revixy: how do you use the snap funtion?
15:43:47 : Side: Mr. Spock: turn it on
15:43:50 : Side: Mr. Spock: then hit f
15:43:59 : Side: Mr. Spock: rotate to change position
15:44:00 : Side: <[IDC]> Revixy: how do you turn it on?
15:44:04 : Side: Mr. Spock: scroll
15:44:11 : Side: hampuz: scroll @click on the off one so it says on
15:44:13 : Side: hampuz: then F 
15:44:15 : Side: <[IDC]> Revixy: thx
15:44:22 : Side: hampuz: and it will snap,be carefull with sandbags
15:47:56 : Direct: [Америка] Justin: yo white
15:48:03 : Direct: [Америка] Justin: in side shhh 
15:48:13 : Direct: [Америка]WhiteBoyCentral: what
15:48:13 : Direct: [Америка] Justin: does snaks know of our plan on dills base
15:48:19 : Direct: [Америка]WhiteBoyCentral: idk
15:48:21 : Direct: [Америка]WhiteBoyCentral: ill ask
15:48:32 : Direct: [Америка] Justin: i hope not lol yeah ask him
15:51:37 : Side: [NSG] Bdoodb: does the dog do anything?
15:51:48 : Side: Mr. Spock: you can train it
15:51:49 : Side: Spud: yes it can become your pet
15:52:04 : Side: [NSG] Bdoodb: how do you use rangefinder
15:52:14 : Side: [NSG] Bdoodb: nvn
15:52:15 : Side: LoadingCaboose: b
15:52:47 : Side: [NSG] Bdoodb: i got a large gun bag :3
15:52:51 : Side: hampuz: if got binoculars you gotta drop em to use rangefinder
15:57:49 : Side: [NSG] Bdoodb: and another question., i wanna make a base how do i do that
15:58:04 : Side: [Америка] Justin: gotta get building supplies man
15:58:22 : Side: [Америка] Justin: wood walls, or cinderblock walls...
15:58:24 : Side: [NSG] Bdoodb: idk how do get the work bench or what ever
15:58:36 : Side: [Америка] Justin: gotta craft it with lumber i believe
15:58:51 : Side: Mr. Spock: You can buy it, or make it from supplies or find one in a mission
15:59:16 : Side: hampuz: lumber + plywood if gonna make workbench if not make it you can buy it at building material at traders
15:59:37 : Side: [NSG] Bdoodb: i havent played for two years, when there were no traders, you buy bases and vehicals for like 35 bucks lol
16:00:11 : Side: hampuz: tip is you can check up guides on youtube etc
16:00:38 : Side: [NSG] Bdoodb: for traders, can you buy helis and vehicals?
16:09:19 : Group: Will: im on top of the indutrial tower
16:09:29 : Group: [Америка]WhiteBoyCentral: okay
16:10:10 : Group: [Америка]WhiteBoyCentral: im in a little bird en routeq
16:10:24 : Group: Will: robert who is you
16:10:28 : Group: [Америка]WhiteBoyCentral: white
16:10:41 : Group: Will: okay
16:17:39 : Group: [Америка]WhiteBoyCentral: get in
16:18:02 : Group: Will: i gotto go do ishes so ill just be here for the ride
16:18:08 : Group: [Америка]WhiteBoyCentral: okay
16:28:34 : Side: MasterChief: Hello ladies
16:28:40 : Side: LoadingCaboose: hi
16:28:44 : Side: [Америка]WhiteBoyCentral: hey masterbator, i mean cheif
16:29:10 : Side: [Америка] Justin: sup master 
16:29:14 : Group: MasterChief: I can tell you guys where they are..
16:29:17 : Group: MasterChief: but im not
16:29:23 : Group: Will: im back
16:29:26 : Group: MasterChief: Thats rude
16:29:29 : Group: MasterChief: and admin abuse
16:29:36 : Vehicle: [Америка]WhiteBoyCentral: yayw
16:29:42 : Group: MasterChief: Last night me and damic found some guy duping 1.3mill
16:29:51 : Group: Will: we caught the woods on fire hahaha
16:29:56 : Group: MasterChief: so damic spawned behind him and killed him
16:30:06 : Group: Will: nice flying whoever this is.
16:30:10 : Group: [Америка]WhiteBoyCentral: me
16:30:22 : Group: [Америка] Justin: hahahahahahahhahahahaha
16:30:26 : Side: MasterChief: If anyone is new welcome!
16:30:34 : Group: MasterChief: wat
16:30:34 : Group: [Америка]WhiteBoyCentral: u have been welcomed
16:30:35 : Group: Will: can i have some weapon and ammo?
16:30:39 : Group: [Америка]WhiteBoyCentral: ye
16:30:39 : Group: MasterChief: Sure
16:30:43 : Side: [Америка] Justin: im new cause my old server has a douchebag moderator 
16:30:45 : Group: MasterChief: I have 140k humanity
16:31:08 : Side: MasterChief: Dont get on my bad side and you will have a great time here ;)
16:31:24 : Group: Will: floor
16:31:24 : Group: [Америка]WhiteBoyCentral: one sec
16:31:34 : Group: MasterChief: ill break your legs ;)
16:31:49 : Group: MasterChief: lol
16:31:51 : Group: MasterChief: Id heal you
16:31:58 : Group: MasterChief: fine then
16:32:05 : Group: Will: could i have supplies?
16:32:05 : Group: MasterChief: ill kill you ad youll never know
16:32:11 : Group: MasterChief: yeah
16:32:16 : Group: [Америка]WhiteBoyCentral: they arent to hard to find
16:32:25 : Group: MasterChief: they arent building their base or anything ;P
16:32:29 : Group: Will: i aint just gonnna run off
16:32:38 : Group: MasterChief: what?
16:32:38 : Group: [Америка]WhiteBoyCentral: i was gonna give u a gun
16:32:56 : Group: Will: thats what i want
16:33:01 : Group: [Америка]WhiteBoyCentral: im trying
16:33:14 : Group: Will: could i stay here
16:33:25 : Group: MasterChief: duping?
16:33:29 : Group: MasterChief: excuse me
16:33:35 : Group: [Америка]WhiteBoyCentral: u have to live with me but sure
16:33:43 : Group: Will: thats fine
16:33:59 : Group: Will: nice snoiper
16:34:09 : Group: [Америка]WhiteBoyCentral: here take my gun
16:34:15 : Group: MasterChief: What
16:34:16 : Group: [Америка]WhiteBoyCentral: open my bag
16:34:18 : Group: MasterChief: No
16:34:24 : Group: MasterChief: If youre plotting to kill them?
16:34:27 : Group: [Америка]WhiteBoyCentral: behind you
16:34:28 : Group: Will: which one is you,this is confusing
16:34:36 : Group: [Америка]WhiteBoyCentral: follow
16:34:42 : Group: MasterChief: its not a rule but if they tell me what youre doing you have to stop
16:34:50 : Group: [Америка]WhiteBoyCentral: u have the ammo?
16:34:51 : Group: MasterChief: No
16:34:55 : Group: MasterChief: well
16:34:58 : Group: Will: yeah im good
16:35:00 : Group: MasterChief: Is that a rule
16:35:02 : Group: MasterChief: no
16:35:18 : Group: Will: who has the sniper gun thing?
16:35:21 : Group: [Америка]WhiteBoyCentral: cool, aight let me finsish up here
16:35:23 : Group: MasterChief: As long as you dont break the rules idc
16:35:41 : Group: MasterChief: I cant pull..
16:35:46 : Group: MasterChief: Hes not talking
16:35:46 : Group: Will: can i shoot this person
16:35:50 : Group: [Америка]WhiteBoyCentral: no
16:36:03 : Group: Will: okay i didint know who this was
16:36:05 : Group: MasterChief: Yeah i know
16:36:08 : Group: MasterChief: it aint a rule
16:36:08 : Group: [Америка]WhiteBoyCentral: yea
16:36:13 : Group: MasterChief: its a dick move
16:36:44 : Group: Will: nice bridge thing.
16:36:58 : Group: MasterChief: Seahawk?...
16:37:22 : Group: MasterChief: Does it suck?
16:37:37 : Group: MasterChief: So its not like the NFL team
16:37:39 : Group: MasterChief: thats good
16:38:04 : Group: MasterChief: Dont do dat
16:38:12 : Group: Will: im so comfusedwith all these people
16:38:45 : Group: LoadingCaboose: its all spuds falt
16:38:57 : Group: Will: theres aq bo0x here?
16:38:58 : Group: [Америка]WhiteBoyCentral: will go do missions just hold on
16:39:05 : Group: [Америка]WhiteBoyCentral: its empty
16:39:24 : Group: Will: you want me to do missions?
16:39:37 : Group: MasterChief: wasnt me :D
16:39:41 : Side: XxWingsOfFuryxX: wat?
16:39:45 : Group: LoadingCaboose: ts broke
16:39:49 : Group: MasterChief: what?
16:39:52 : Group: [Америка]WhiteBoyCentral: me and you both will
16:39:52 : Side: XxWingsOfFuryxX: tha fuk
16:39:58 : Side: XxWingsOfFuryxX: ts down?
16:39:59 : Side: Vesicant: I think the TS just took a shit
16:40:02 : Group: Will: sounds good then?
16:40:02 : Side: Spud: tS JUST FARTED
16:40:02 : Group: [Америка] Justin: im getting error for TS
16:40:05 : Side: <[IDC]> Revixy: it did.
16:40:07 : Side: MasterChief: yes
16:40:12 : Group: LoadingCaboose: me 2
16:40:17 : Group: Will: im not
16:40:18 : Side: Mr. Spock: yup
16:40:21 : Side: Vesicant: Is there an actual DOC ts?
16:40:26 : Group: MasterChief: yes
16:40:30 : Side: MasterChief: yeah
16:40:32 : Side: MasterChief: once sec
16:40:34 : Side: [DOC] Sampson: to doc ts
16:40:34 : Side: XxWingsOfFuryxX: ts.doc-clan.com
16:40:37 : Group: Will: how do you od that?
16:40:41 : Side: XxWingsOfFuryxX: ts.doc-clan.com
16:40:48 : Side: XxWingsOfFuryxX: DOC Ts
16:40:52 : Group: [Америка]WhiteBoyCentral: i think its broken
16:40:55 : Group: LoadingCaboose: crouch put wepon down look down and slow walk
16:41:01 : Side: MasterChief: ts.doc-clan.com
16:41:02 : Side: MasterChief: ts.doc-clan.com
16:41:03 : Side: MasterChief: ts.doc-clan.com
16:41:25 : Group: [Америка]WhiteBoyCentral: guys big papa
16:41:39 : Group: Will: robert where are yuou?
16:41:44 : Group: [Америка]WhiteBoyCentral: i cant
16:42:19 : Group: LoadingCaboose: svd here
16:42:19 : Group: [Америка] Justin: soc you locked me in
16:42:30 : Group: Will: can i have that?
16:42:35 : Group: LoadingCaboose: ye
16:42:38 : Side: XxWingsOfFuryxX: other ts back up
16:42:42 : Group: [Америка]WhiteBoyCentral: will coem to me
16:42:49 : Group: [Америка] Justin: spud you locked me in 
16:42:53 : Group: Will: where are you?
16:43:03 : Side: MasterChief: ^ yeh
16:43:09 : Group: MasterChief: about 1 mill
16:43:10 : Group: [Америка]WhiteBoyCentral: come to me
16:43:23 : Group: [Америка]WhiteBoyCentral: im gonna upgrade this one thing
16:43:26 : Group: Will: im here
16:43:51 : Group: Will: wait where are you?
16:43:57 : Group: [Америка]WhiteBoyCentral: come to the building
16:44:17 : Group: [Америка]WhiteBoyCentral: can u not see my name?
16:44:29 : Group: Will: when i scroll wheel on you i can
16:44:35 : Group: [Америка]WhiteBoyCentral: press home key
16:44:37 : Side: XxWingsOfFuryxX: can we make it night next restart?
16:44:45 : Side: MasterChief: Yes
16:44:45 : Group: Will: whats that
16:45:01 : Group: [Америка]WhiteBoyCentral: the thing with the windoaws symbol
16:45:17 : Group: Will: i see your name now.
16:45:21 : Group: [Америка]WhiteBoyCentral: good
16:45:35 : Group: [Америка]WhiteBoyCentral: aight lets ball
16:45:42 : Group: Will: do you have svd ammo?
16:45:52 : Group: [Америка]WhiteBoyCentral: do u have an SCD?
16:45:54 : Group: [Америка]WhiteBoyCentral: SVD?
16:46:09 : Group: Will: yeah
16:46:14 : Group: LoadingCaboose: big papa
16:46:16 : Side: MasterChief: Did it just go down again?..
16:46:17 : Group: [Америка]WhiteBoyCentral: ill take it
16:46:27 : Side: LoadingCaboose: ye
16:46:29 : Group: Will: i need ammo for it.
16:46:30 : Side: [Америка]WhiteBoyCentral: your being DDOs
16:46:34 : Side: MasterChief: yeah
16:46:39 : Side: XxWingsOfFuryxX: ts.doc-clan.com
16:46:51 : Side: LoadingCaboose: its back
16:46:54 : Group: Will: why does it jkeep saying rogroup
16:47:05 : Side: [Америка]WhiteBoyCentral: ignore it
16:47:10 : Group: Will: is that a base in the woods to our right
16:47:11 : Side: [Америка]WhiteBoyCentral: wrong chat
16:47:17 : Group: [Америка]WhiteBoyCentral: yes
16:47:24 : Group: Will: okauy
16:47:38 : Group: Will: airfeild
16:47:42 : Group: [Америка]WhiteBoyCentral: look for a big green box
16:47:55 : Group: Will: i see it
16:48:06 : Group: [Америка]WhiteBoyCentral: ill grab the loots we need them
16:48:20 : Group: Will: can i grap it
16:48:22 : Group: Will: too
16:48:56 : Group: [Америка]WhiteBoyCentral: u can grab the next one lets go
16:49:09 : Group: Will: okayt
16:49:17 : Group: [Америка]WhiteBoyCentral: go up to it and put it in your bagq
16:49:44 : Group: [Америка]WhiteBoyCentral: will?
16:50:06 : Group: LoadingCaboose: give it a second to come back
16:52:19 : Side: MasterChief: Invite back to group pls
16:52:44 : Group: MasterChief: Man thats fucked up
16:52:48 : Group: LoadingCaboose: lol
16:52:51 : Group: [Америка]WhiteBoyCentral: HAHA
16:53:04 : Group: MasterChief: lol:
16:53:12 : Group: MasterChief: /ban
16:53:24 : Group: [Америка]WhiteBoyCentral: dont /ban me
16:53:30 : Group: [Америка] Justin: snacks get in our ts
16:53:37 : Group: LoadingCaboose: damn fool
16:53:58 : Group: [Америка] Justin: america
16:54:00 : Group: [Америка]WhiteBoyCentral: america
16:54:53 : Group: MasterChief: Have you gents seen my base?
16:56:25 : Side: LoadingCaboose: master i have a problem
16:57:07 : Group: MasterChief: Fucking stfu
16:57:22 : Group: MasterChief: Mine
16:57:47 : Side: LoadingCaboose: can you help?
16:57:54 : Side: Mr. Spock: whats wrong?
16:58:11 : Side: LoadingCaboose: kind got my vodnik stuck in a wall
16:58:28 : Side: MasterChief: Keep backing up
16:58:37 : Side: LoadingCaboose: i am
16:59:14 : Direct: MasterChief: get in
16:59:30 : Side: LoadingCaboose: ty
16:59:36 : Side: MasterChief: youre welcome
16:59:51 : Group: MasterChief: its caboose
17:01:20 : Group: MasterChief: No
17:01:23 : Side: LoadingCaboose: fuck off
17:02:40 : Side: LoadingCaboose: run pussy
17:04:10 : Side: LoadingCaboose: pussy
17:05:44 : Group: MasterChief: what?
17:05:48 : Group: MasterChief: wait what
17:06:00 : Group: MasterChief: Yeah..i tped
17:06:01 : Group: MasterChief: to help him
17:06:13 : Group: MasterChief: He was stuck
17:06:19 : Group: MasterChief: yes
17:06:34 : Group: MasterChief: Thats still help
17:06:40 : Group: MasterChief: Dont tell me how to admin
17:07:18 : Group: MasterChief: Boo hoo
17:07:24 : Group: MasterChief: Im serious too
17:07:28 : Group: MasterChief: im not listening to you..
17:07:42 : Group: MasterChief: And you arent
17:07:58 : Group: MasterChief: Unless Damic or beth tell me not to do that then i wont
17:08:11 : Group: MasterChief: Good
17:08:18 : Group: MasterChief: I told him myself
17:08:22 : Group: MasterChief: Yes
17:08:36 : Group: MasterChief: BOo
17:08:38 : Group: MasterChief: Fucking
17:08:39 : Group: MasterChief: hoo
17:08:50 : Group: MasterChief: lol
17:10:45 : Side: [Америка]WhiteBoyCentral: buying metal floors tell me if you are selling
17:11:26 : Group: MasterChief: Wings you want to hear what damic said?
17:11:35 : Group: MasterChief: Okay good
17:11:36 : Group: MasterChief: :)
17:13:16 : Group: MasterChief: lol stop talking about it
17:13:19 : Group: MasterChief: talk to damic
17:13:25 : Group: MasterChief: No
17:13:26 : Group: MasterChief: stop
17:13:31 : Group: MasterChief: Youre being a whinny bitch
17:13:40 : Group: MasterChief: Oh shit mr big dick here
17:13:45 : Group: MasterChief: Mr doc member
17:14:33 : Group: MasterChief: Hey
17:14:35 : Group: MasterChief: tell him
17:16:06 : Side: LoadingCaboose: how much is it to rearm a vodnik pkp
17:16:26 : Side: MasterChief: 20k
17:16:28 : Group: MasterChief: :)
17:18:50 : Side: Spud: Admin i locked myself in my own car
17:18:59 : Side: XxWingsOfFuryxX: log out
17:19:02 : Side: XxWingsOfFuryxX: alt f4
17:19:06 : Side: MasterChief: Now thats your fauly :P
17:19:15 : Group: MasterChief: Yeah
17:19:24 : Group: MasterChief: So stop it :)
17:19:34 : Side: Spud: it said it was unlocked :P but the game lied to me 
17:19:46 : Side: Newfie Vengence: go to gear
17:19:50 : Side: Newfie Vengence: right click key
17:19:54 : Group: MasterChief: Id help
17:22:34 : Group: MasterChief: No
17:23:06 : Group: MasterChief: yeah
17:23:07 : Group: MasterChief: stop lol
17:24:28 : Group: MasterChief: Come to my base and do it
17:30:58 : Side: Vesicant: King?
17:33:41 : Direct: MasterChief: is this legit?
17:40:17 : Side: DaBethum: Hello gentlemen
17:40:35 : Side: LoadingCaboose: hey sexy
17:40:37 : Side: [Америка]WhiteBoyCentral: hey i got a donation question for you
17:40:39 : Side: MasterChief: Hi dad
17:40:40 : Side: DaBethum: Sup girlfriend
17:40:48 : Side: [Америка] Justin: i love you
17:41:04 : Side: MasterChief: What boy
17:41:04 : Direct: [DOC] Sampson: go ahead white boy
17:41:04 : Side: DaBethum: Gimme a few
17:41:09 : Side: [Америка]WhiteBoyCentral: aight
17:41:18 : Side: [Америка] Justin: dirty thoughts...
17:41:19 : Side: [DOC] Sampson: what whight boy
17:41:30 : Side: [Америка] Justin: mmmmm
17:41:32 : Side: [Америка]WhiteBoyCentral: its about vehicles
17:41:38 : Side: [DOC] Sampson: what about
17:41:39 : Side: [Америка] Justin: its about the bacon
17:41:47 : Side: [Америка]WhiteBoyCentral: like what vehicles
17:41:59 : Side: [DOC] Sampson: ya
17:42:04 : Side: [Америка] Justin: bacon should be automatically filled in all veicles 
17:42:12 : Side: [DOC] Sampson: no
17:42:17 : Side: [Америка]WhiteBoyCentral: can i get armoured target vehicles
17:42:26 : Side: MasterChief: Im not sure
17:42:29 : Side: [Америка] Justin: yes. compliments from you lovely admins
17:42:34 : Side: [Америка]WhiteBoyCentral: like the LAV=25 HQ
17:42:39 : Side: [Америка] Justin: bacon brings bitches in
17:42:51 : Side: MasterChief: Thats to expensive :P
17:43:08 : Side: MasterChief: Wheres Bath
17:44:26 : Side: [Америка] Justin: i want an rpg with rapid fire and unlimited ammo
17:44:28 : Side: DaBethum: Trying to help a guy get in
17:44:33 : Side: MasterChief: uhh No
17:44:34 : Side: [Америка] Justin: ill pay 40 dollars
17:44:41 : Side: MasterChief: 1k
17:44:44 : Side: LoadingCaboose: ill pay 100
17:44:47 : Side: DaBethum: I'll be wtih you asap
17:44:52 : Side: [Америка] Justin: ill pay 100.01
17:44:52 : Side: [Америка]WhiteBoyCentral: okay thx
17:44:58 : Side: LoadingCaboose: 150
17:45:02 : Side: [Америка] Justin: 175
17:45:02 : Side: MasterChief: Donate your kidney
17:45:09 : Side: [Америка] Justin: ill donate my left nut
17:45:18 : Side: [Америка] Justin: no wait my right. my lefts name is fred
17:45:18 : Side: MasterChief: To small
17:45:24 : Side: DaBethum: Testicles are worth about 12,000 usd
17:45:34 : Side: MasterChief: you would know
17:45:39 : Side: DaBethum: I would
17:45:42 : Side: [Америка] Justin: thats 12k and you only need one
17:45:54 : Side: DaBethum: 12k should pay my wages for a week or so
17:46:00 : Side: [DOC] Sampson: beth was you?
17:46:05 : Side: DaBethum: Yes
17:46:13 : Side: [DOC] Sampson: u fuck
17:46:19 : Side: [Америка] Justin: 12k i can get a nice hooker and use the  shit out of that one nut for a good time
17:46:39 : Side: [Америка] Justin: (;
17:51:29 : Side: Vesicant: DaBethum, be a babe and make room for my chopper
17:53:39 : Side: DaBethum: Ok, who needs help?
17:53:49 : Side: [Америка]WhiteBoyCentral: i did with doations vehicles
17:54:08 : Vehicle: DaBethum: Sup?
17:54:15 : Vehicle: [Америка]WhiteBoyCentral: what vehciles can i donate for
17:54:21 : Side: Spud: SHIT! I SPILLED JUCIE ALL OVER MY DICK!!!!
17:54:46 : Vehicle: DaBethum: We have to get the blacklist up and running before I can get the op ones up
17:55:04 : Vehicle: DaBethum: But the list will include most of the sweet jets and helis
17:55:20 : Direct: [Америка]WhiteBoyCentral: can we talk i n ts?
17:55:32 : Direct: [Америка]WhiteBoyCentral: ill join real quick
17:55:34 : Direct: DaBethum: I'm trying to help a guy setup his dayz atm, so I can't right now
17:55:40 : Direct: [Америка]WhiteBoyCentral: okay
17:55:54 : Direct: [Америка]WhiteBoyCentral: like i just wanna get the LAv-25 HQ
17:55:55 : Direct: DaBethum: But once we get the weapon blacklist up it'll be kobra, su, a10, things like that
17:55:59 : Direct: DaBethum: But they're not available yuet
17:56:04 : Direct: DaBethum: You can already get the Lav
17:56:05 : Direct: [Америка]WhiteBoyCentral: what about that one
17:56:14 : Direct: DaBethum: It's at hero and bandit
17:56:19 : Direct: [Америка]WhiteBoyCentral: the reg with a turret or HQ?
17:56:32 : Direct: DaBethum: The two seater, whichever it is
17:56:37 : Direct: [Америка]WhiteBoyCentral: okay HQ
17:56:41 : Direct: DaBethum: I don't know the difference offhand
17:56:45 : Direct: [Америка]WhiteBoyCentral: so i cant donate for it?
17:57:38 : Direct: DaBethum: This one?
17:57:41 : Direct: [Америка]WhiteBoyCentral: yes
17:57:54 : Direct: DaBethum: Yeah, you can donate for this
17:57:59 : Direct: [Америка]WhiteBoyCentral: how much?
17:58:14 : Direct: [Америка]WhiteBoyCentral: and is there like a warranty for it?
17:58:16 : Direct: DaBethum: Let me talk to the guys, we don't have anything specific for this, one minute
17:58:22 : Direct: [Америка]WhiteBoyCentral: aight
17:58:23 : Direct: DaBethum: Define warranty
17:58:35 : Direct: [Америка]WhiteBoyCentral: respawns if i lose it or it gets blown up
17:58:53 : Direct: [Америка]WhiteBoyCentral: like i can get it respawned
17:59:00 : Direct: [Америка]WhiteBoyCentral: and its a perma vehcile
17:59:01 : Direct: DaBethum: It wouldn't respawn by itself, an admin would have to spawn you another one
17:59:08 : Direct: [Америка]WhiteBoyCentral: thats what i mean
18:11:48 : Side: DaBethum: You gotta mvoe forward
18:12:29 : Side: XxWingsOfFuryxX: whats this red key to?
18:12:55 : Side: XxWingsOfFuryxX: wanna buy it back/
18:12:58 : Side: XxWingsOfFuryxX: ?
18:13:18 : Side: [Америка]WhiteBoyCentral: wings come ur stupid ass over here agin, it wont be good
18:13:30 : Side: XxWingsOfFuryxX: love you too =D
18:13:46 : Side: [Америка]WhiteBoyCentral: how much for the key
18:13:59 : Side: XxWingsOfFuryxX: how badly you want it?
18:14:11 : Side: [Америка]WhiteBoyCentral: not to bad
18:14:37 : Side: XxWingsOfFuryxX: whats it too/
18:14:40 : Side: XxWingsOfFuryxX: ?
18:14:50 : Side: [Америка]WhiteBoyCentral: idek it wasnt me u killed
18:15:08 : Side: XxWingsOfFuryxX: if you dont tell me ill put it in a lockbox and youll never see it again
18:15:25 : Side: XxWingsOfFuryxX: i got money ta waste
18:15:33 : Side: [Америка]WhiteBoyCentral: ill just blow the vehicle up, dont matter to me
18:15:44 : Side: XxWingsOfFuryxX: your loss not mine
18:15:52 : Side: XxWingsOfFuryxX:  i simply just dont care
18:15:57 : Side: [Америка]WhiteBoyCentral: me either
18:16:47 : Direct: DaBethum: Who's that?\
18:16:56 : Direct: Vesicant: Sampsonw
18:17:02 : Direct: Vesicant: Can you not hear me?
18:17:08 : Direct: DaBethum: Nope
18:18:56 : Side: Spud: So wings are you a shoot on sight bandit?
18:19:06 : Side: Spud: Or a different kind?
18:19:15 : Side: XxWingsOfFuryxX: i shoot on sight faggots
18:19:31 : Side: XxWingsOfFuryxX: all of you deserve whats coming to you
18:19:39 : Side: [Америка]WhiteBoyCentral: what did we do?
18:20:07 : Side: Spud: We just joined yesterday and about 4 of our friends joined last restart i dont know what we could of done to you
18:20:11 : Side: XxWingsOfFuryxX: wanna buy the key back yet?
18:20:41 : Side: XxWingsOfFuryxX: tell me what its to and ill give you a price
18:21:09 : Side: Spud: I dont need it dude if you want the key so bad keep it XD i have 380k 
18:21:10 : Side: MasterChief: Beth invite me to the group
18:21:18 : Side: XxWingsOfFuryxX: kk
18:21:26 : Side: DaBethum: Not the leader
18:21:39 : Side: XxWingsOfFuryxX: selling it for 200k
18:21:39 : Side: MasterChief: Who is..
18:21:48 : Side: Spud: if you find a uaz, mabey it will be the right one
18:27:53 : Side: [Америка]WhiteBoyCentral: wings is a bandit, unexpected
18:28:03 : Side: MasterChief: ^
18:28:27 : Side: [Америка]WhiteBoyCentral: love you master
18:32:16 : Side: MasterChief: same
18:33:46 : Side: D-Cline: sup hunter.. 
18:33:54 : Side: Hunter Atkinson: lol hi
18:33:55 : Side: MasterChief: Welcome new peolpe
18:33:59 : Side: MasterChief: people*
18:34:12 : Side: D-Cline: following us around huh?
18:34:21 : Side: Hunter Atkinson: i played on this before you
18:34:28 : Side: MasterChief: ^
18:34:36 : Side: D-Cline: oh. lol. u getting on big papa again?
18:34:56 : Side: Hunter Atkinson: lol no i like this server better
18:35:09 : Side: MasterChief: Bath look in ts i have a question
18:35:18 : Side: D-Cline: dont blame u
18:35:23 : Side: LoadingCaboose: how long have you been on hunter?
18:35:50 : Side: Hunter Atkinson: couple daysw
18:39:22 : Side: MasterChief: invite me too 
18:48:58 : Side: DaBethum: Event?
18:49:04 : Side: XxWingsOfFuryxX: like?w
18:49:06 : Side: MasterChief: yes?
18:49:07 : Side: Lameninja: yes please
18:49:19 : Side: DaBethum: Kind?
18:49:39 : Side: Lameninja: capture the flag?
18:50:01 : Side: MasterChief: Fight to the death in the arena
18:51:26 : Side: Vesicant: DaBethum wre you shooting at usÉ
18:53:08 : Side: Yuri: Debethum, i sent you an invite
18:53:14 : Side: DaBethum: K
18:53:30 : Side: XxWingsOfFuryxX: key to rhib in safe vlack
18:58:39 : Side: Hunter Atkinson: can i sell the mk17 sniper?
18:58:41 : Side: DaBethum: The reward for this missions will be rather awesome
18:58:42 : Side: DaBethum: Yes
18:58:49 : Side: Hunter Atkinson: were?
18:58:49 : Side: DaBethum: Event rather
18:58:55 : Side: DaBethum: Havne't finished it yet
18:58:56 : Side: Hunter Atkinson: i saw the SD but not regular
18:59:03 : Side: DaBethum: Oh, um
18:59:07 : Side: DaBethum: In the tent if I had to guess
19:11:30 : Side: Hunter Atkinson: where is that?
19:11:53 : Side: DaBethum: Marked on the map.
19:12:14 : Side: Hunter Atkinson: will i get killed going there?
19:12:22 : Side: DaBethum: Anything's possible
19:12:36 : Side: Hunter Atkinson: ok if i get there will i get killed?
19:12:38 : Side: DaBethum: I'm sure you won't be the only one coming
19:12:52 : Side: DaBethum: I don't have a definitive answer for that I'm afraid.
19:13:00 : Side: Hunter Atkinson: so they can shoot me if i am there?
19:13:03 : Side: DaBethum: You will probably get shot at.
19:13:04 : Side: Lameninja: Whats the event bethem
19:13:06 : Side: DaBethum: Yes
19:13:08 : Side: DaBethum: No details
19:13:12 : Side: DaBethum: The prize is awesome
19:13:16 : Side: DaBethum: That's all I'm saying.
19:25:52 : Direct: Mr. Spock: lol
19:26:14 : Side: DaBethum: Well
19:26:19 : Direct: Mr. Spock: you can stop wasting ammo
19:26:34 : Side: DaBethum: I blew up the prize
19:26:40 : Side: DaBethum: So, give me one second
19:26:44 : Side: Hunter Atkinson: what was it
19:27:02 : Side: DaBethum: I'm making a new one
19:33:03 : Side: [DOC] Sampson: fuck off wings
19:33:31 : Side: DaBethum: I agree
19:33:59 : Side: DaBethum: The prize btw, was a super storage suv
19:38:34 : Side: Yuri: Well boy's i'm out. Later guys
19:45:56 : Direct: Mr. Spock: 45 57
19:47:10 : Direct: Mr. Spock: he just went the suv
19:49:01 : Direct: Mr. Spock: 53 67
19:55:17 : Vehicle: Mr. Spock: follow the rode
19:55:19 : Vehicle: Mr. Spock: 1k
19:55:43 : Vehicle: Mr. Spock: under us
19:56:06 : Vehicle: [DOC] Sampson: i see
19:56:14 : Vehicle: Mr. Spock: back
22:25:03 : Side: [DOC] Sampson: what up
22:28:28 : Side: [DOC] Sampson: hello
22:28:52 : Side: Advo: hi
22:29:18 : Side: Advo: finally got the server back up :)
22:29:30 : Side: [DOC] Sampson: ya
22:29:50 : Side: [DOC] Sampson: just past week
22:30:17 : Side: Advo: yah I've been on a coupla times
22:35:42 : Side: Advo: lost me base thos and all my gear
22:35:53 : Side: [DOC] Sampson: we alldid
22:35:59 : Side: [DOC] Sampson: all did
22:36:02 : Side: Advo: I had 28 BC's full
22:45:14 : Side: [DOC] Sampson: waht a pussy 
22:45:47 : Side: Advo: he kill ya?
22:45:50 : Side: [NSG] Bdoodb: who
22:46:05 : Side: [DOC] Sampson: one of you guess KOS
22:46:28 : Side: Advo: not me
22:46:47 : Side: [NSG] Bdoodb: was that you?
22:46:52 : Side: [NSG] Bdoodb: i thought that was ai
22:47:27 : Side: [NSG] Bdoodb: im sorry i havent played a server like this i didnt see a name 
22:47:28 : Side: [DOC] Sampson: sure ai that kills zomblie LOL
22:48:02 : Side: [NSG] Bdoodb: well i didnt know they didnt
22:48:15 : Side: [DOC] Sampson: they are ai
22:48:53 : Side: [NSG] Bdoodb: im sorry, 
22:49:29 : Side: [NSG] Bdoodb: there is only three of us on here i didnt think we would ever be in the same place
22:56:30 : Side: [DOC] Sampson: where you at ?
23:07:18 : Side: Advo: were you asking where I was?
23:08:05 : Side: Advo: sampson
23:08:28 : Side: [DOC] Sampson: ya i was
23:11:53 : Side: Advo: so did no one get any recompence for their lose's
23:12:20 : Side: [DOC] Sampson: no
23:12:23 : Side: Advo: head of INS said he would make it up
23:12:59 : Side: Advo: no biggy it give you something to do
23:13:18 : Side: Advo: I did'nt like my base antway
23:13:53 : Side: Advo: ok have a good night cya later
23:14:02 : Side: [DOC] Sampson: cya
