14:28:13 : Group: Newfie Vengence: roger that
14:32:43 : Group: Newfie Vengence: come back
14:33:13 : Group: Newfie Vengence: ginding one night
14:33:15 : Group: Newfie Vengence: grinding
14:33:28 : Group: Newfie Vengence: suv and high loot spawns
14:33:38 : Group: Newfie Vengence: lav
14:33:41 : Group: hampuz: what is he saying waht about?
14:33:52 : Group: Newfie Vengence: money
14:33:55 : Group: hampuz: oh
14:33:59 : Group: Newfie Vengence: up
14:34:45 : Group: Newfie Vengence: thank you
14:35:54 : Side: [NSG] Bdoodb: how long till my body despawns
14:36:07 : Side: hampuz: after 30 minutes it will turn into a skull
14:36:07 : Side: DaBethum: Restart
14:36:15 : Side: hampuz: then it despawn at restart
14:36:23 : Side: hampuz: *can still loot it when it is a skull*
14:39:31 : Side: [NSG] Bdoodb: i dont understand how i cant find it :/
14:39:44 : Side: red beret: a crippling case of amnesia
14:39:47 : Side: DaBethum: Want help?
14:40:08 : Side: [NSG] Bdoodb: kinda :/
14:40:46 : Side: DaBethum: one sec
14:42:28 : Side: DaBethum: I marked it on the map for you
14:43:05 : Side: [NSG] Bdoodb: how did you find it so quick
14:43:11 : Side: hampuz: *magic*
14:43:12 : Side: red beret: admin abose
14:43:40 : Group: Newfie Vengence: yup
14:44:02 : Group: Newfie Vengence: glitched in
14:44:37 : Side: [NSG] Bdoodb: can you say who was shooting me?
14:44:45 : Side: DaBethum: Negative
14:46:23 : Group: Newfie Vengence: debth
14:46:26 : Group: Newfie Vengence: come here
14:46:38 : Side: [NSG] Bdoodb: thank you :)
14:46:40 : Group: Newfie Vengence: in base
14:46:43 : Group: Newfie Vengence: down stairs
14:47:42 : Group: Newfie Vengence: got a lot of blood bags?
14:48:06 : Group: Newfie Vengence: ill hit up a hospital then blood bag u a shit ton
14:48:13 : Group: Newfie Vengence: after restart
14:48:38 : Group: hampuz: nub farmers!
14:49:54 : Side: DaBethum: Event after restart?
14:50:10 : Group: Newfie Vengence: thats cool
14:50:13 : Group: Newfie Vengence: crazy
14:50:24 : Group: Newfie Vengence: no?
15:10:48 : Side: DaBethum: Who's ready for an event?
15:11:01 : Side: =Covert= HeXx: me
15:13:30 : Side: DaBethum: Anyone else ready?
15:13:38 : Side: [NSG] Bdoodb: whats the event
15:13:45 : Side: DaBethum: PvP
15:15:02 : Side: [NSG] Bdoodb: i dont wanna do pvp ;p
15:15:06 : Side: DaBethum: Yeah ya do
15:15:11 : Side: DaBethum: It'll be super fun
15:15:16 : Side: DaBethum: I'll give you a nice prize
15:15:28 : Side: [NSG] Bdoodb: how long will it take?
15:15:32 : Side: DaBethum: Not very
15:16:03 : Side: [NSG] Bdoodb: do i lose items?
15:16:14 : Side: DaBethum: I'll give you a safe to put your items in before we begin
15:16:23 : Side: red beret: beth
15:16:31 : Side: [NSG] Bdoodb: meh i kinda gotta go in 20 min to work
15:16:34 : Side: DaBethum: Barret
15:16:45 : Side: DaBethum: Party pooper
15:24:48 : Side: [NSG] Bdoodb: why cant i harvest wood
15:24:54 : Side: red beret: you're not a prostitute
15:26:09 : Side: DaBethum: /brb
16:57:35 : Side: Vesicant: Hey
16:58:40 : Side: Vesicant: Are you guys new?
17:06:04 : Side: NickLingle: Is it hard to find cars around on this server ?
17:06:17 : Side: Vesicant: It can be
17:06:36 : Side: Bryce: wanna come get us then :0
17:06:44 : Side: Vesicant: I can't sorry
17:06:56 : Side: Vesicant: I crashed my heli
17:07:06 : Side: Vesicant: You can deploy a mozzie or bike though
17:08:08 : Side: Bryce: you need a rotor for the mossie 
17:08:14 : Side: Vesicant: yeah
17:12:13 : Side: Vesicant: Heyw
17:12:18 : Side: NickLingle: Hey
17:12:25 : Side: Rapture: hey
17:12:33 : Side: Bryce: hey
17:12:37 : Side: Vesicant: Hey
17:12:42 : Side: Rapture: Hey
17:12:45 : Side: Bryce: hey
17:12:47 : Side: NickLingle: Hey
17:12:49 : Side: Vesicant: Hi
17:12:54 : Side: Bryce: hi
17:12:58 : Side: Rapture: Whats up?
17:13:01 : Side: NickLingle: w
17:13:02 : Side: Rapture: BOOM
17:13:05 : Side: Vesicant: Nothing much
17:13:07 : Side: Bryce: nm wbu
17:13:10 : Side: Vesicant: What's up?
17:13:24 : Side: Rapture: good, your day
17:13:30 : Side: Rapture: ?
17:13:52 : Side: Vesicant: brb\
17:15:43 : Side: Vesicant: I'm back
17:15:58 : Side: Rapture: wb
17:16:23 : Side: Vesicant: You aren't Wings are you?w
17:16:51 : Side: Rapture: who's wings ;]
17:17:08 : Side: Vesicant: Some asshole that fucked over his best friend for a car
17:17:24 : Side: Vesicant: And no longer shows his face in TS
17:17:28 : Side: Rapture: wasnt my best friend
17:17:38 : Side: Vesicant: hehehe
17:17:50 : Side: Rapture: i have no best friends on here
17:17:57 : Side: Vesicant: Not anymore xD
17:18:13 : Side: Rapture: never hadf
17:18:28 : Side: Vesicant: Come on man, that was fucking cold lol
17:18:40 : Side: Rapture: i shot master no one gave a fuck
17:19:17 : Side: Rapture: what were gonna do with the truck share it?
17:19:29 : Side: Vesicant: Always a good option
17:19:37 : Side: Rapture: sampson wouldnt even got out of there without my help
17:19:52 : Side: Vesicant: Anyway he is still fucking pissed
17:19:53 : Side: Rapture: i shot beth and damic
17:20:37 : Side: Rapture: ive exiled myself anyway though
17:20:54 : Side: Vesicant: So i've seen
17:20:54 : Side: Rapture: hint hint: left after the rapture
17:21:08 : Side: Rapture: get it?
17:21:21 : Side: Vesicant: Yes
17:22:04 : Side: Vesicant: Who is at the building mission?
17:22:25 : Side: NickLingle: What color
17:22:33 : Side: Vesicant: Green
17:22:37 : Side: Rapture: definitley not me
17:22:42 : Side: NickLingle: Nope
17:22:52 : Side: Bryce: we just hit blue
17:22:52 : Side: Rapture: maybe it was me
17:23:19 : Side: NickLingle: Yeah and all we got were camo's -_-
17:23:53 : Side: Vesicant: Yeah, blue are just basic supply missions
17:24:01 : Side: Rapture: red guns
17:24:09 : Side: Rapture: only good green
17:24:12 : Side: Vesicant: green are building supplies
17:24:23 : Side: Rapture: others mostly wasye of time
17:24:46 : Side: Vesicant: That is only when they don't have a name and a Dot in the middle 
17:24:55 : Side: Vesicant: The ones that do are AI
17:30:07 : Side: Vesicant: I'm back
17:32:11 : Side: Rapture: Jeg kan ikke betale tilbake mine synder , så jeg ble liggende igjen
17:34:10 : Side: Rapture: wanna what that means?
17:39:24 : Side: Vesicant: Do you two still need a ride?
17:39:30 : Side: NickLingle: no
17:44:38 : Side: Vesicant: I just almost landed a helicopter without my landing gear deployed
17:49:32 : Side: Rapture: Jeg kan ikke betale tilbake mine synder , så jeg ble liggende igjen
17:53:16 : Side: Rapture: ^?
17:57:23 : Side: Needy: GET OFF MAX
17:58:49 : Side: Canadian Bacon: max come on man
18:22:09 : Side: Canadian Bacon: RIP
18:38:32 : Side: Canadian Bacon: cody man get off
18:55:33 : Side: MainFrame: hello guys
18:55:43 : Side: MasterChief: Hello
18:55:50 : Side: MainFrame: im new
18:55:55 : Side: MasterChief: Welcome!
18:56:56 : Side: MainFrame: master
18:57:02 : Side: MasterChief: Yes?
18:57:09 : Side: MainFrame: where is the best place for loot?
18:57:13 : Side: MasterChief: airfields
19:01:34 : Side: MainFrame: do you guys shoot on site?
19:01:40 : Side: MasterChief: No
19:02:58 : Side: MasterChief: are you new to the game or the server?
19:03:03 : Side: MainFrame: both 
19:03:09 : Side: MainFrame: well kind of to the game
19:03:22 : Side: MasterChief: If you need help im an admin btw
19:03:36 : Side: Canadian Bacon: nice
19:04:40 : Side: MainFrame: do you guys have a base?
19:05:08 : Side: MasterChief: yes but maintain is fucked and like all of it just dissapeared
19:05:10 : Side: MasterChief: so yeah :)
19:05:28 : Side: MainFrame: oh that sucks
19:10:13 : Side: MainFrame: master
19:10:17 : Side: MasterChief: Yes?
19:10:19 : Side: MainFrame: are you really an admin?
19:10:21 : Side: MasterChief: Yes
19:10:26 : Side: MainFrame: if you are tp to me 
19:10:29 : Side: MasterChief: See
19:10:32 : Side: MainFrame: just to make sure
19:10:33 : Side: MasterChief: wait..
19:10:45 : Side: MasterChief: where are you
19:11:15 : Direct: MasterChief: ;)
19:12:43 : Side: Lingorlion: hey max
19:13:13 : Side: Lingorlion: don't lie
19:13:18 : Side: Lingorlion: your mainframe bruh
19:13:47 : Side: MainFrame: ?
19:14:00 : Side: MainFrame: i was afk what?
19:14:12 : Side: Lingorlion: reallly xd
19:14:32 : Side: MainFrame: fuck u needy
19:14:36 : Side: MainFrame: ;)
19:14:37 : Side: Smoker: Hey Guys Im New And Really Hope This Is A Good Server
19:14:45 : Side: MasterChief: it is
19:14:47 : Side: Canadian Bacon: gtfo cody
19:14:49 : Side: MainFrame: sma reid 
19:15:08 : Side: Lingorlion: smoker ain't new he smurfuimging
19:15:09 : Side: MainFrame: can me and cody have a war against you 
19:15:13 : Side: Smoker: can anyone give me a liftw
19:15:25 : Side: Canadian Bacon: NO THIS IS WHY WE DIDNT WANT U ON ]
19:15:35 : Side: MasterChief: wat?
19:15:35 : Side: MainFrame: ur such a bitch 
19:15:36 : Side: MasterChief: okay :D
19:15:42 : Side: MainFrame: im just asking
19:15:46 : Side: MainFrame: um ok 
19:15:52 : Side: MainFrame: fly a jet over me 
19:15:54 : Side: Canadian Bacon: no get off man this is ares
19:16:01 : Side: MasterChief: ;D
19:16:09 : Side: MainFrame: reid i aint gonna kill you 
19:16:18 : Side: MainFrame: u can shoot me all u want i aint gonna kill u 
19:16:20 : Side: Canadian Bacon: u fucking ruin everything cody and max 
19:16:28 : Side: MainFrame: i havent ruined shit in dayz
19:16:30 : Side: Lingorlion: man max please you gonna make this like firecock
19:16:41 : Side: MainFrame: like what the building 
19:16:46 : Side: Canadian Bacon: mainframe=Max Smoker=cody
19:16:48 : Side: MainFrame: i just wanted to help 
19:17:01 : Side: MainFrame: brb 
19:17:02 : Side: Lingorlion: if you want to help get off
19:17:11 : Side: Smoker: the fuck i
19:17:15 : Side: Smoker: is cody
19:17:36 : Side: Lingorlion: the fuck you is cody
19:17:57 : Side: Smoker: no
19:18:47 : Side: MasterChief: I can tell someone just got scared huh? ;)
19:18:57 : Side: Smoker: fuck yes
19:19:09 : Side: MasterChief: lol im not killing anyone 
19:19:12 : Side: MasterChief: im an admin
19:19:30 : Side: MainFrame: cody come to me baby
19:19:53 : Side: Canadian Bacon: master can u ban mainframe and smoker plz we will donate if u do
19:19:57 : Side: MainFrame: we shall jump off a building together and leave the server
19:20:02 : Side: MasterChief: No..?
19:20:04 : Side: MainFrame: bullshit
19:20:10 : Side: MainFrame: u wouldnt donate
19:20:24 : Side: Canadian Bacon: no i have 50 card
19:20:32 : Side: MainFrame: we are leaVING ANYWAY
19:20:37 : Side: MainFrame: woops caps
19:20:39 : Side: Lingorlion: Ha lies
19:20:41 : Side: Canadian Bacon: plz
19:20:46 : Side: MasterChief: vroom vroom goes the plane
19:20:47 : Side: MainFrame: how did i mess up fir cock?
19:20:50 : Side: Canadian Bacon: come on man dont be assholes
19:20:51 : Side: Lingorlion: you always try to fuck with us max
19:20:52 : Side: Smoker: i havent done anything
19:20:57 : Side: MainFrame: howm!
19:21:01 : Side: MainFrame: james who are u 
19:21:13 : Side: MainFrame: whats ur name
19:21:17 : Side: MainFrame: lin?
19:21:20 : Side: MainFrame: s
19:21:28 : Side: MasterChief: ay
19:21:29 : Side: MasterChief: badq
19:21:38 : Side: MainFrame: i also didnt ask the admin for anything reid
19:21:41 : Side: Canadian Bacon: cody leave 
19:21:59 : Side: MainFrame: so bye and i didnt even do anything on firecock to you 
19:22:06 : Side: Lingorlion: WHy do you want to fuck with us so badly
19:22:08 : Side: MainFrame: needy was always being an asshole to me 
19:22:13 : Side: MasterChief: firecock sucks cock
19:22:13 : Side: MainFrame: i dont!!!
19:22:20 : Side: MainFrame: i just want to play on a server
19:22:23 : Side: MainFrame: with you 
19:22:27 : Side: MasterChief: all the players are shit
19:22:39 : Side: Lingorlion: Ya firecock sucks dick
19:22:49 : Direct: James: /then how do you suck penis
19:22:51 : Side: MainFrame: i just want to play with you 
19:23:00 : Side: MainFrame: but whatever 
19:23:03 : Side: James: max ur bad
19:23:14 : Side: Lingorlion: get gooder
19:23:15 : Side: MainFrame: cool 
19:23:23 : Side: James: HAHAHAHAHAHAHA GET TOLD
19:23:34 : Side: MainFrame: FIREWORKS
19:24:14 : Side: MainFrame: james
19:24:21 : Side: MainFrame: u have never played dayz with me 
19:24:34 : Side: Lingorlion: Ik but yourrr bad
19:24:39 : Side: Canadian Bacon: he is already better than u
19:24:41 : Side: MainFrame: nice to know
19:24:42 : Side: James: but ur bad
19:25:38 : Side: James: ur bad
19:25:46 : Side: James: hey max
19:25:49 : Side: MasterChief: Guys
19:25:51 : Side: James: get gooder
19:25:56 : Side: MasterChief: shut the fuck up
19:25:56 : Side: James: dont worry max is bad
19:25:56 : Side: MainFrame: cool 
19:26:05 : Side: James: cool is not cool 
19:26:15 : Side: James: max get gooder comebacks
19:26:22 : Side: James: XD
19:26:23 : Side: MainFrame: im just not gonna talk 
19:26:28 : Side: Lingorlion: Okey good
19:26:30 : Side: James: or you could just leave
19:26:34 : Side: MainFrame: nope
19:26:37 : Side: James: FGT
19:26:42 : Side: James: SUCK MY ASS
19:26:43 : Side: MainFrame: im killing one of u guys first ;0
19:26:45 : Side: Smoker: gooder is not a word...
19:27:19 : Side: Canadian Bacon: cody can u plz leave
19:27:55 : Side: MasterChief: Whos at Balota?
19:27:56 : Side: Smoker: not until you apoligize
19:28:02 : Side: Smoker: me
19:28:06 : Side: MainFrame: and me 
19:28:09 : Side: Canadian Bacon: i apoligize cody
19:28:15 : Side: Lingorlion: Why would we say sorry?
19:28:21 : Side: MainFrame: wait for me master
19:28:31 : Side: MainFrame: wait
19:28:57 : Side: MasterChief: one seater ;)
19:29:05 : Side: MainFrame: damn
19:29:20 : Side: Smoker: not to me
19:29:24 : Side: Smoker: to max
19:29:33 : Side: Smoker: and like you mean it
19:29:44 : Side: MainFrame: they do this everyday 
19:29:48 : Side: MainFrame: so doesnt matter to me 
19:30:05 : Side: MainFrame: i get called a fat nigger by needy 
19:30:19 : Side: James: dont forget me
19:30:19 : Side: Lingorlion: ~Max 2015
19:30:34 : Side: James: Nigger ~!Needy
19:30:40 : Side: MainFrame: james starts saying shit to me when reid and needy come into the call
19:30:50 : Side: James: cuz ur bad
19:30:52 : Side: MainFrame: or anyone
19:30:55 : Side: MainFrame: ahhaha
19:30:58 : Side: MainFrame: go die fgt
19:31:01 : Side: Canadian Bacon: lol
19:31:03 : Side: Smoker: scrub
19:31:04 : Side: MainFrame: ;0
19:31:06 : Side: MainFrame: ;)
19:31:15 : Side: Lingorlion: yOU SAY YOU WANT TO BE FRIENDS WITH REID AND CALLED HIM A FGT
19:31:22 : Side: Lingorlion: GREAT LOGIC
19:31:55 : Side: MainFrame: its called sarcaism 
19:32:02 : Side: MainFrame: i dont hate reid 
19:32:06 : Side: MainFrame: i dont hate anyone
19:32:10 : Side: Lingorlion: WELL HE HATES YOU
19:32:11 : Side: MasterChief: Why dont you guys go on firecock and do this?
19:32:22 : Side: Lingorlion: CAUSE THAT SERVER SUCKS
19:32:28 : Side: MainFrame: cool he hates me for coming on a server
19:32:28 : Side: Smoker: im banned of that server
19:32:32 : Side: MasterChief: Yeah, I know
19:32:41 : Side: MainFrame: sorry master 
19:33:38 : Side: Canadian Bacon: so what u be saying while i be dead i like to be cought up with the drama
19:34:03 : Side: MainFrame: nothing i jusrt said i dont hate anyone
19:34:39 : Side: Smoker: max im at balota now
19:34:43 : Side: Canadian Bacon: u guys leaving yet?
19:34:50 : Side: MainFrame: reid 
19:34:52 : Side: Lingorlion: nope
19:35:01 : Side: Canadian Bacon: leave stop being assholes
19:35:15 : Side: MasterChief: Guys stop arguing over side chat please
19:35:23 : Side: MainFrame: remember when u sent tyler a skype msg and said im sick of you always calling me shit and i snapped 
19:35:25 : Side: Canadian Bacon: only u are on
19:35:34 : Side: MasterChief: Yeah?
19:35:51 : Side: Canadian Bacon: what?
19:35:51 : Side: MainFrame: u*
19:36:01 : Side: Canadian Bacon: can u retype that
19:36:05 : Side: MainFrame: thats what happening to me 
19:36:18 : Side: Lingorlion: duuude grammmar
19:36:21 : Side: Canadian Bacon: i dont get it is it a riddle>
19:36:24 : Side: Canadian Bacon: ?
19:36:29 : Side: MainFrame: i always get called shit by needy 
19:36:39 : Side: MainFrame: and james 
19:36:47 : Side: Lingorlion: Cause you are annoying
19:36:55 : Side: MainFrame: nnedy
19:36:57 : Side: MainFrame: needy
19:37:07 : Side: MainFrame: ur in grade 7 and are annoying as fuck
19:37:23 : Side: Lingorlion: Im in grade 7 good job you know my grade 
19:37:29 : Side: Smoker: woops
19:37:29 : Side: MainFrame: cody killed me 
19:37:34 : Side: MasterChief: Want to be banned from this server too? or
19:37:42 : Side: Canadian Bacon: who?
19:37:52 : Side: MasterChief: alllll of you
19:37:54 : Side: MasterChief: stop aruging
19:37:58 : Side: Canadian Bacon: woah why?
19:38:02 : Side: Smoker: missclicked
19:38:09 : Side: MasterChief: ive told you guys 3 times already
19:38:17 : Side: Smoker: yess sir
19:38:20 : Side: Canadian Bacon: have u never played dayz before all it is arguing
19:38:30 : Side: Canadian Bacon: but ya sure well stopw
19:38:50 : Side: MasterChief: Yeah
19:39:00 : Side: MasterChief: and im also an admin telling you to stop
19:39:08 : Side: Canadian Bacon: cool
19:39:23 : Side: Canadian Bacon: and i amw
19:40:28 : Side: MainFrame: do u want me to leave still?
19:40:29 : Side: Smoker: come and kill me at balota
19:40:34 : Side: Canadian Bacon: ya
19:40:38 : Side: MainFrame: ok 
19:40:40 : Side: MainFrame: bye guys
19:40:58 : Side: Canadian Bacon: bye
19:41:10 : Side: Smoker: i wanna firefight before i leave
19:41:23 : Side: Canadian Bacon: sorry cantw
19:41:32 : Side: Smoker: scared? XD
19:41:48 : Side: Canadian Bacon: no i bet im better u have shit computer
19:42:01 : Side: Smoker: skills
19:42:10 : Side: Canadian Bacon: i am still better
19:42:17 : Side: Smoker: test it
19:42:22 : Side: Canadian Bacon: na
19:42:27 : Side: MasterChief: Did I not say stop..?
19:42:32 : Side: Smoker: yes sir
19:44:07 : Side: MasterChief: Thank you
19:44:35 : Side: Smoker: are you the owner?
19:44:39 : Side: MasterChief: No
19:44:54 : Side: Smoker: close friend
19:45:04 : Side: MasterChief: Something like that
19:45:39 : Side: Smoker: crap no cars
19:49:21 : Side: Smoker: my bike glitched :(
19:49:26 : Side: MasterChief: how
19:49:48 : Side: Smoker: i spawned it ina tree...
19:49:57 : Side: MasterChief: that would probably be why
19:50:02 : Side: Smoker: XD
19:51:37 : Side: Smoker: what does the safe mean under my coins?
19:51:45 : Side: MasterChief: Its the bank
19:51:55 : Side: Smoker: ok
19:59:44 : Side: Smoker: can i get another bike :3
19:59:56 : Side: MasterChief: Yeah make one
20:00:01 : Side: MasterChief: or pack the other one
20:00:01 : Side: Smoker: shit
20:09:29 : Side: MasterChief: welcome will!
20:10:12 : Side: MasterChief: okey dokey then
20:17:25 : Side: MainFrame: im gonna ride a bike off a building 
20:17:41 : Side: MasterChief: okey..
20:17:58 : Side: MainFrame: shit my bike got stuck on the roof
20:18:00 : Side: MasterChief: you can right click your pistol for suicide
20:18:26 : Side: MainFrame: anyone doing black hawk?
20:18:32 : Side: MasterChief: No
20:18:34 : Side: MainFrame: k
20:19:03 : Side: MainFrame: doesnt let me get in the bike
20:19:23 : Side: MainFrame: vya
20:19:25 : Side: MainFrame: cya
22:43:26 : Side: [NSG] Bdoodb: friendly?
22:43:47 : Side: <[IDC]> Ghost: WITH ONLY 2 PPL ON HELL NO!!
22:43:54 : Side: [NSG] Bdoodb: :(
22:43:57 : Side: <[IDC]> Ghost: jk
22:44:17 : Side: [NSG] Bdoodb: :D
22:45:04 : Side: [NSG] Bdoodb: have you looted anything yet?
22:45:14 : Side: <[IDC]> Ghost: nwaf is
22:45:38 : Side: [NSG] Bdoodb: can i reloot it or it wont work :p
22:45:56 : Side: <[IDC]> Ghost: some stuff respawns
22:46:21 : Side: [NSG] Bdoodb: i wanna make mooonah
22:46:55 : Side: <[IDC]> Ghost: i'd say get a good sniper rifle and do missions made over a mil today
22:47:13 : Side: [NSG] Bdoodb: can i has some ;p 
23:04:40 : Side: [NSG] Bdoodb: how much is svd camo
23:04:43 : Side: [NSG] Bdoodb: 6k?
23:04:57 : Side: <[IDC]> Ghost: no its more than that
23:08:36 : Side: [NSG] Bdoodb: how about sv98
23:08:48 : Side: <[IDC]> Ghost: its 25k
23:09:31 : Side: <[IDC]> Ghost: a good starter sniper is the 417 sniper sd its silenced too for 20k
23:10:15 : Side: [NSG] Bdoodb: stanag?
23:10:28 : Side: <[IDC]> Ghost: 20 rounds 7.62
23:10:28 : Side: [NSG] Bdoodb: xm2010?
23:10:35 : Side: <[IDC]> Ghost: nah they suck
23:10:42 : Side: [NSG] Bdoodb: price check ;p
23:10:51 : Side: <[IDC]> Ghost: 80k
23:18:17 : Side: [NSG] Bdoodb: uhhh
23:18:37 : Side: [NSG] Bdoodb: found it
23:25:16 : Side: [NSG] Bdoodb: are you laggin a bit?
23:25:23 : Side: <[IDC]> Ghost: NOPEQ
23:56:03 : Side: [NSG] Bdoodb: hello?
23:56:14 : Side: <[IDC]> Ghost: H
23:56:19 : Side: [NSG] Bdoodb: okay just checking :D
23:56:38 : Side: wakawaka: hi
