04:50:54 : Direct: DaBethum: 861 952
08:00:33 : Side: Newfie Vengence: ?weird should be in a hour and a half
08:02:22 : Side: Newfie Vengence: anyone friendly?w
08:02:50 : Side: Justin: i
08:13:09 : Side: waka waka: hi
08:41:18 : Direct: Newfie Vengence: scream/scream/scream/scream/
17:39:41 : Side: DaBethum: We need more people on
17:39:50 : Side: Canadian Bacon: na its fine
17:40:01 : Side: Canadian Bacon: small reward
17:40:06 : Side: DaBethum: True enough
17:40:09 : Side: Canadian Bacon: i just wanna do something
17:40:15 : Side: DaBethum: Who would wanna do an event?
17:40:32 : Side: Canadian Bacon: me
17:40:35 : Side: StickOfReflex: me
17:40:44 : Side: DaBethum: We can do a race or something more tame if you like, Bbboobblslkd
17:40:52 : Side: [NSG] Bdoodb: no
17:40:56 : Side: Canadian Bacon: deathmatch?
17:41:11 : Side: [NSG] Bdoodb: do it with out me i wanna do my own thing, 
17:41:14 : Side: DaBethum: I do have a PvP arena that I've been wanting to try out
17:41:29 : Side: Canadian Bacon: ya
17:41:55 : Side: Canadian Bacon: lets do it!!
17:42:53 : Side: Canadian Bacon: wanna tp me there!!!
17:43:10 : Side: MasterChief: wat
17:43:11 : Side: DaBethum: /So, we have two people?
17:43:16 : Side: MasterChief: for?
17:43:21 : Side: DaBethum: PvP?
17:43:24 : Side: MasterChief: yes
17:43:28 : Side: DaBethum: 3
17:43:29 : Side: Vesicant: Ill come
17:43:31 : Side: Canadian Bacon: we have 1 more coming in
17:43:31 : Side: DaBethum: 4
17:43:37 : Side: DaBethum: I'll do this one too
17:43:44 : Side: Canadian Bacon: i have a friend joining
17:43:53 : Side: StickOfReflex: ill come
17:44:02 : Side: StickOfReflex: if u give me nvgs
17:44:14 : Side: MasterChief: Chief incoming
17:44:46 : Side: Canadian Bacon: lol u know who cheif is in goldyTV?
17:44:51 : Side: MasterChief: Yes
17:44:57 : Side: DaBethum: Ok, let me go get it set up
17:44:59 : Side: MasterChief: TheChief
17:45:02 : Side: Canadian Bacon: yes my omfg yes
17:45:08 : Side: DaBethum: We'll do it after restart.
17:45:10 : Side: MasterChief: Love them all
17:45:13 : Side: MasterChief: so funny
17:45:14 : Side: Canadian Bacon: ya
17:45:31 : Side: Canadian Bacon: ok imma log off brb in 20 mins
17:45:43 : Side: MasterChief: Beth are you home?
17:45:48 : Side: DaBethum: Yessir
17:45:53 : Side: MasterChief: good ;l
17:45:55 : Side: MasterChief: look up
17:45:56 : Side: DaBethum: I went to your house yesterday btw\
17:46:01 : Side: MasterChief: why?
17:46:08 : Side: DaBethum: You told me to check it out
17:46:09 : Side: MasterChief: wasnt me
17:46:14 : Side: MasterChief: it was gone though
17:46:19 : Side: MasterChief: its me
17:46:53 : Side: Lingorlion: Hello
17:47:25 : Side: MasterChief: dick -.-
17:47:28 : Direct: MasterChief: whyyy
17:47:33 : Direct: MasterChief: halpppp
17:47:36 : Direct: MasterChief: hero
17:47:41 : Direct: MasterChief: HERRO
17:48:01 : Direct: MasterChief: where you goin
17:48:09 : Direct: MasterChief: i have stuff
17:48:32 : Vehicle: MasterChief: I have 114k humanity
17:49:12 : Side: MasterChief: wtf jhappened xD
17:49:25 : Side: MasterChief: the boat xD
17:49:35 : Side: MasterChief: yes
17:49:56 : Side: MasterChief: i can get it
17:50:31 : Side: MasterChief: I got everything
17:50:48 : Side: [NSG] Bdoodb: what ammo does sr 25 use
17:50:57 : Side: MasterChief: DMR
17:51:06 : Direct: MasterChief: Do you have a bloodbag i can use? ;-;
17:51:16 : Side: MasterChief: I have it
17:51:18 : Side: [NSG] Bdoodb: thanks
17:51:30 : Direct: MasterChief: dude
17:51:32 : Direct: MasterChief: this base
17:51:37 : Direct: MasterChief: omg
17:51:41 : Direct: MasterChief: gettin them gurls wet
17:51:43 : Direct: MasterChief: damn
17:51:45 : Direct: MasterChief: fuck me
17:51:53 : Direct: MasterChief: this looks amazing ;-;
17:52:10 : Direct: MasterChief: sure
17:52:24 : Direct: MasterChief: lol
17:52:27 : Direct: MasterChief: yeah ther eis
17:52:41 : Direct: MasterChief: xD
17:52:47 : Direct: MasterChief: isnt that off?
17:53:15 : Direct: MasterChief: I can just give it to him
17:53:58 : Direct: MasterChief: saving for the war or wat?
17:54:15 : Direct: MasterChief: need yo stuff
17:54:29 : Direct: MasterChief: where should i put it
17:54:37 : Direct: MasterChief: here
17:54:54 : Direct: MasterChief: get those keys
17:55:01 : Direct: MasterChief: 8th ;D
17:55:12 : Direct: MasterChief: No
17:55:21 : Direct: MasterChief: dink me bby ;)
17:55:22 : Direct: MasterChief: yes
17:55:26 : Direct: MasterChief: it was all gone
17:55:28 : Direct: MasterChief: no shit
17:55:35 : Direct: MasterChief: I told you that you cock
17:55:40 : Direct: MasterChief: i also came by your house
17:55:46 : Direct: MasterChief: the front was gone
17:55:50 : Direct: MasterChief: floating ladders
17:55:52 : Direct: MasterChief: shit base
17:56:34 : Side: Rapture: Would you Kindly?
17:56:47 : Direct: MasterChief: ima hide here ;)
17:57:03 : Direct: MasterChief: dink
17:57:44 : Side: MasterChief: These will be easy to blow up
17:58:13 : Direct: MasterChief: dink
17:59:16 : Direct: MasterChief: fuck
17:59:25 : Side: MasterChief:  :O
18:05:58 : Side: [NSG] Bdoodb: :/
18:06:49 : Side: MainFrame: any events?
18:06:55 : Direct: MasterChief: wtf are you doing
18:07:02 : Direct: MasterChief: youre like
18:07:09 : Direct: MasterChief: nvm
18:07:25 : Direct: MasterChief: Did you find all these?
18:07:28 : Side: MainFrame: admin
18:07:34 : Side: MasterChief: what
18:07:47 : Side: DaBethum: Masterchief
18:07:49 : Side: DaBethum: Be nicer
18:07:53 : Side: MasterChief: ?
18:07:55 : Side: MainFrame: hi 
18:07:55 : Side: DaBethum: Say, Yes good sir?
18:07:58 : Side: MainFrame: haha 
18:08:03 : Side: MasterChief: Okay ma'am
18:08:05 : Side: MainFrame: can we have some fun?
18:08:15 : Side: MainFrame: mexican stand off
18:08:20 : Side: MasterChief: bath stop being a wenne
18:08:29 : Side: [NSG] Bdoodb: master you are a admin?
18:08:33 : Side: MasterChief: yes sir
18:08:33 : Side: MainFrame: yeah he is
18:08:42 : Side: [NSG] Bdoodb: and you killed me?
18:08:48 : Side: MasterChief: when?
18:08:57 : Side: MainFrame: master 
18:08:59 : Side: [NSG] Bdoodb: who killed me 
18:09:04 : Side: MainFrame: want to have a mexican stand off
18:09:06 : Side: MasterChief: I dont kill
18:09:08 : Side: MasterChief: so idk
18:09:10 : Side: MasterChief: when?
18:09:14 : Side: MainFrame: now man 
18:09:16 : Side: MasterChief: ask beth main
18:09:17 : Side: MainFrame: tp ot me
18:09:19 : Side: MainFrame: to 
18:09:30 : Side: [NSG] Bdoodb: some one who starts with a m killed me and main said no
18:09:32 : Side: MasterChief: why
18:09:32 : Side: DaBethum: What are we doing?
18:09:46 : Side: MainFrame: it was canadian bacon 
18:09:46 : Side: MasterChief: at the event?
18:09:50 : Side: MainFrame: that killed you 
18:09:53 : Side: [NSG] Bdoodb: no at my base
18:09:53 : Side: MainFrame: also 
18:09:59 : Side: MainFrame: can we do an event
18:10:04 : Side: DaBethum: yeah
18:10:10 : Side: DaBethum: We gotta wait until everyone gets back
18:10:10 : Side: MasterChief: hunger games :D
18:10:15 : Side: MainFrame: can i get a tp to you Dabeth 
18:10:30 : Side: DaBethum: What for sir?
18:10:38 : Side: MainFrame: so talk in direct
18:10:44 : Side: MainFrame: to*
18:11:08 : Direct: MasterChief: gg to them
18:11:15 : Direct: DaBethum: Type
18:11:17 : Direct: DaBethum: VON is super low
18:11:21 : Direct: MainFrame: event?
18:11:25 : Direct: MainFrame: what one
18:11:27 : Side: Canadian Bacon: we are doing a deathmatch right
18:11:30 : Direct: MainFrame: attack and defend?
18:11:34 : Direct: DaBethum: Deathmatch probs
18:11:37 : Direct: MainFrame: k
18:11:40 : Direct: DaBethum: Depends how many people show up
18:11:41 : Direct: MainFrame: i also have no guns 
18:11:48 : Direct: DaBethum: Attack and defend sounds fun though
18:11:50 : Direct: MainFrame: are u gonna give us gear for the event
18:11:52 : Direct: DaBethum: Hold the fort, so to speak
18:11:56 : Direct: DaBethum: I can
18:11:57 : Direct: MainFrame: yes 
18:12:00 : Direct: MainFrame: ok 
18:12:13 : Side: Canadian Bacon: tp me i am ready!
18:12:14 : Direct: MainFrame: or just give me that sr-25 ;)
18:12:23 : Direct: DaBethum: Hk417 Sniper SD
18:12:27 : Direct: MainFrame: wops
18:12:29 : Direct: MainFrame: woops
18:12:30 : Side: James: im ready too
18:12:30 : Side: MasterChief:  We arent
18:12:32 : Direct: MainFrame: shit 
18:12:37 : Side: James: k'
18:12:44 : Direct: DaBethum: Imo best gun in Overwatch
18:12:45 : Direct: MainFrame: thats also one of the ones i like
18:12:51 : Direct: MainFrame: yee
18:13:00 : Direct: DaBethum: Anywhere you need to go?
18:13:10 : Direct: MainFrame: a tp to canadian bacon 
18:13:15 : Direct: MainFrame: im in a skype call with him 
18:13:18 : Direct: DaBethum: Umm
18:13:25 : Direct: MainFrame: or james
18:13:34 : Direct: MainFrame: we are all friends
18:13:36 : Direct: DaBethum: Ok
18:13:38 : Side: MasterChief: on this server
18:13:38 : Direct: DaBethum: I has idea
18:13:40 : Side: MasterChief: :)
18:13:43 : Direct: DaBethum: Cause troll
18:13:45 : Direct: MainFrame: haha
18:13:50 : Direct: MainFrame: alright 
18:13:58 : Side: MasterChief: then whats the right answer fuck boi?
18:14:02 : Side: MasterChief: oh you dont know thats right
18:14:26 : Side: James: sup
18:14:28 : Direct: Canadian Bacon: hi
18:14:35 : Direct: DaBethum: Blame Canada.
18:14:37 : Direct: MainFrame: could u supply me and james for the event?
18:14:49 : Side: MasterChief: No I didnt
18:14:53 : Direct: DaBethum: It'll be about 20 mins into restart
18:14:56 : Direct: MainFrame: oh ok 
18:15:02 : Direct: DaBethum: We still gotta get it set up
18:15:20 : Side: MasterChief: ooo sexy
18:15:20 : Direct: Canadian Bacon: so like 10mins?
18:15:25 : Direct: DaBethum: Give or take
18:15:28 : Direct: MasterChief: weiner
18:15:34 : Direct: MasterChief: wher at
18:16:34 : Side: StickOfReflex: vodnik friendly?
18:17:40 : Side: MasterChief: he did
18:17:52 : Side: MasterChief: halp
18:18:16 : Side: [NSG] Bdoodb: with?
18:18:17 : Direct: MasterChief: how I help
18:18:31 : Direct: MasterChief: me and you?
18:18:37 : Direct: MasterChief: hi
18:18:39 : Side: Canadian Bacon: wait y we in water
18:18:45 : Direct: MasterChief: Who
18:19:19 : Direct: MasterChief: are we fighting in here?
18:19:27 : Direct: MasterChief: well
18:19:36 : Direct: MasterChief: that doesnt sound fun :P
18:19:44 : Direct: MasterChief: Not really
18:19:46 : Direct: MasterChief: but we can try it
18:20:00 : Direct: MasterChief: The hunger games was really fun
18:20:09 : Direct: MasterChief: sure we can
18:20:59 : Direct: MasterChief: xD
18:21:07 : Direct: MasterChief: it wasnt even build..
18:21:17 : Direct: MasterChief: there
18:21:31 : Direct: MasterChief: weapons such as?
18:21:46 : Side: DaBethum: Who wants to be in the event?
18:21:50 : Side: Canadian Bacon: meh
18:21:52 : Side: MasterChief: I
18:21:52 : Side: MainFrame: me!
18:22:04 : Side: James: me
18:22:23 : Side: MasterChief: So 4..
18:22:40 : Side: MainFrame: yes
18:22:41 : Side: Vesicant: I'm in
18:22:47 : Side: MasterChief: 5
18:23:55 : Direct: MasterChief: 5
18:24:01 : Direct: MasterChief: yes
18:24:05 : Direct: MasterChief: 6
18:24:19 : Direct: MasterChief: Rapture
18:24:28 : Direct: MasterChief: yes
18:24:31 : Side: DaBethum: Wings
18:24:31 : Direct: MasterChief: and stick i think
18:24:35 : Side: DaBethum: Officer Sniper
18:24:36 : Side: DaBethum: Stick
18:24:40 : Side: DaBethum: You want to do an event?
18:24:49 : Side: Rapture: yes?
18:24:56 : Side: Rapture: uummmm busy
18:25:04 : Side: OfficeSniper: im probs ognna get off soon got another fucking essay to do
18:25:12 : Direct: MasterChief: what are you talking about?>
18:25:41 : Side: Canadian Bacon: LONE SURVIVOR
18:26:07 : Side: Canadian Bacon: is it ready
18:26:22 : Direct: MasterChief: idk what im doing o.o
18:26:28 : Side: MainFrame: perso i a car stop 
18:26:37 : Side: MainFrame: in  a yural 
18:26:38 : Direct: MasterChief: Can i write on it?! :D
18:26:41 : Direct: MasterChief: No..
18:26:43 : Direct: MasterChief: :(
18:26:51 : Direct: MasterChief: :D
18:27:11 : Side: MasterChief: TEAMS: ME, BATH, AND VESI VS THE OTHER THREE GUYS
18:27:17 : Side: MasterChief: jk
18:27:19 : Side: MasterChief: no
18:27:21 : Side: MasterChief: i lied
18:27:24 : Side: MasterChief: dont listen
18:27:26 : Side: MasterChief: its not true
18:27:31 : Side: MasterChief: so dont listen
18:27:32 : Side: MasterChief: jk
18:27:35 : Side: Canadian Bacon: why i like them
18:27:39 : Direct: MasterChief: Its okay
18:27:43 : Direct: MasterChief: i said jk
18:27:46 : Direct: MasterChief: wat
18:27:53 : Direct: MasterChief: they believed it
18:28:05 : Direct: MasterChief: got one
18:28:12 : Direct: MasterChief: there
18:28:20 : Direct: MasterChief: ..No
18:28:21 : Direct: MasterChief: can they use it? xD
18:28:23 : Side: Vesicant: Back
18:28:36 : Direct: MasterChief: I need the ammo
18:28:44 : Side: Vesicant: Did I miss it?
18:28:51 : Side: Canadian Bacon: no
18:29:09 : Direct: MasterChief: are we defending first?
18:29:30 : Direct: MasterChief: what do we get?
18:29:43 : Direct: MasterChief: I am
18:30:13 : Side: DaBethum: Ok
18:30:17 : Side: MainFrame: tp me
18:30:19 : Side: DaBethum: You gentlemen defend this area
18:30:21 : Side: MainFrame: im ready
18:30:42 : Side: MasterChief: dont worry about the guns
18:31:36 : Direct: MasterChief: Good
18:31:41 : Side: MainFrame: Da 
18:31:48 : Side: DaBethum: Sir
18:31:54 : Side: MainFrame: didnt get any 
18:31:55 : Direct: MasterChief: Remember, this is bandit country; shoot everythin that moves
18:32:01 : Side: DaBethum: Any what?
18:32:04 : Side: MainFrame: gun 
18:32:10 : Side: DaBethum: There were guns in the safe.
18:32:15 : Direct: MasterChief: 2 guns..
18:32:20 : Side: MainFrame: didnt get tped in time
18:32:42 : Side: DaBethum: Someone bogart all the guns?
18:32:48 : Side: MainFrame: idk man 
18:32:52 : Side: MasterChief: there were only 2 guns
18:32:57 : Side: Canadian Bacon: there was only 2
18:32:59 : Side: MainFrame: ;(
18:33:00 : Side: DaBethum: Where's the Cheytac?
18:33:07 : Direct: MasterChief: they defend the area 
18:33:11 : Direct: MasterChief: we take it voer
18:33:12 : Side: MasterChief: I did
18:33:15 : Side: DaBethum: Stay here with me please
18:33:23 : Side: MainFrame: what
18:33:25 : Side: DaBethum: ....
18:33:32 : Direct: MasterChief: we take em
18:33:35 : Direct: MasterChief: the guns lol
18:33:38 : Side: DaBethum: Clearly you haven't seen the haunted mine before
18:33:43 : Direct: MasterChief: idk
18:33:51 : Side: DaBethum: Bacon stay here please
18:33:52 : Direct: MasterChief: brb
18:34:24 : Side: DaBethum: Guys
18:34:30 : Side: MainFrame: dude i need another tp 
18:35:04 : Direct: MasterChief: boobs
18:35:30 : Direct: Canadian Bacon: what we be doing?
18:35:42 : Side: DaBethum: There's your last gun
18:35:49 : Direct: MasterChief: in somewhere
18:35:53 : Side: DaBethum: The cop had the Cheytac
18:36:15 : Side: DaBethum: Can't hear ya
18:36:18 : Side: DaBethum: Tell the cop to c ough it up
18:36:26 : Direct: MasterChief: I can hear you..
18:36:30 : Side: Lingorlion: I don't have it
18:36:36 : Side: DaBethum: I saw you with it
18:36:39 : Direct: MasterChief: cheytac
18:36:40 : Direct: MainFrame: canadian has it
18:36:40 : Side: DaBethum: Where'd you drop it?
18:37:00 : Side: Lingorlion: Idk
18:37:17 : Direct: MasterChief: wow
18:37:23 : Side: MasterChief: wat the peins
18:37:45 : Side: MainFrame: LOST ALL MY GEAR
18:37:50 : Side: MainFrame: woops caps
18:38:24 : Side: DaBethum: Event is sadly canceled.
18:38:30 : Side: Canadian Bacon: noooooooooooooo
18:38:33 : Side: Lingorlion: why
18:38:33 : Side: Canadian Bacon: why
18:38:43 : Side: DaBethum: This is why we can't have nice things
18:39:07 : Side: DaBethum: One of you gentlemen tried to pull a fast one
18:39:20 : Side: Canadian Bacon: what?
18:39:34 : Side: Canadian Bacon: u took all are stuff can i have mine back?
18:39:40 : Side: James: what do you mean?
18:40:06 : Side: DaBethum: I asked where the Cheytac was
18:40:10 : Side: DaBethum: No one had it
18:40:14 : Side: DaBethum: Then it reappeared
18:40:15 : Side: Canadian Bacon: and i answered
18:40:20 : Side: James: no canadian had it
18:40:23 : Side: DaBethum: I saw nothing
18:40:27 : Side: Canadian Bacon: we told u i had it goof
18:40:28 : Side: James: we told you that
18:40:44 : Side: DaBethum: Did you type it?
18:40:53 : Side: Canadian Bacon: yes
18:40:55 : Side: Lingorlion: He had it out infront of you
18:40:57 : Side: Canadian Bacon: and said i
18:41:09 : Side: DaBethum: Well, shit
18:41:12 : Side: DaBethum: I missed that
18:41:13 : Side: DaBethum: My bad
18:41:17 : Side: DaBethum: We'll do it again
18:41:20 : Side: Canadian Bacon: now u spawned us in island with nothing 
18:41:20 : Side: James: k
18:41:23 : Side: DaBethum: This time, just sit still
18:41:28 : Side: Canadian Bacon: ok yes sir
18:41:32 : Side: James: dont grab the guns?
18:41:37 : Side: Canadian Bacon: ok
18:41:40 : Side: DaBethum: Grab the guns just stay still
18:41:46 : Side: James: aight
18:41:48 : Side: Canadian Bacon: tp me?
18:41:50 : Side: Lingorlion: TP me?
18:41:51 : Side: DaBethum: Sec
18:41:54 : Side: James: me three
18:41:54 : Side: Canadian Bacon: k
18:41:58 : Side: James: aight
18:44:39 : Side: Canadian Bacon: i do have to go soon in 45mins cause i am canadian i have hockey!!XD
18:44:53 : Side: DaBethum: Don't flirt with me.
18:45:03 : Side: Canadian Bacon: wait what?
18:45:09 : Side: OfficeSniper: just out for a rip are ya bud?
18:45:12 : Side: DaBethum: Hockey's my shit
18:45:40 : Side: Canadian Bacon: same
18:45:47 : Side: James: ME TOO
18:45:50 : Side: James: woops caps
18:45:53 : Side: DaBethum: Mainframe coming?
18:45:56 : Side: DaBethum: Grab guns
18:45:57 : Direct: Canadian Bacon: ok what we do
18:45:58 : Direct: Canadian Bacon: no
18:45:59 : Side: DaBethum: Just stay here
18:46:00 : Side: Lingorlion: Eating burgers are mine cause im american
18:46:14 : Side: DaBethum: I have no VON
18:46:18 : Side: DaBethum: Type or bust
18:46:30 : Direct: Canadian Bacon: do we grab gun?
18:46:33 : Side: DaBethum: Yup
18:46:40 : Side: DaBethum: Just stay here
18:46:45 : Side: DaBethum: And you said Mainframe's gone?
18:46:51 : Direct: Canadian Bacon: ya
18:47:09 : Direct: Canadian Bacon: oh hes back
18:47:17 : Side: James: add mainframe
18:47:19 : Direct: Lingorlion: He is coming on now
18:47:23 : Direct: Canadian Bacon: give him 2 mins
18:47:26 : Side: DaBethum: K
18:49:18 : Side: StickOfReflex: wheres the bank?
18:49:22 : Direct: MainFrame: IM BACK 
18:49:42 : Side: Vesicant: It is the overwatch weapons trader
18:50:48 : Side: DaBethum: Soon as MasterChef gets back we can begin.
18:51:02 : Side: James: how long?
18:51:10 : Side: DaBethum: he's in the lobby now
18:51:17 : Side: James: aight
18:53:30 : Side: DaBethum: He's having login issues
18:53:34 : Side: DaBethum: Sorry
18:53:44 : Side: Lingorlion: Does it say wait for host?
18:53:55 : Side: DaBethum: He hasn't said
18:54:00 : Side: DaBethum: He doesn't have a mic
18:57:04 : Side: James: we only got half an hour then its hockey time sooooo....
18:57:16 : Side: DaBethum: Trust me, I'm bitching at his douchebag ass
18:57:23 : Side: James: OHHHHHHHHHHHH
18:57:32 : Side: James: lol ik the feels
18:58:15 : Side: DaBethum: Fuck it, let's do eet
18:59:04 : Side: Canadian Bacon: yay now mainframe left for deoctor 
18:59:46 : Side: Canadian Bacon: lets go i have have to go in 30mins
19:00:53 : Side: James: we startang?
19:01:01 : Side: Canadian Bacon: LETS GO COME ON
19:01:05 : Side: Lingorlion: YEA
19:01:07 : Side: Vesicant: We're coming
19:01:12 : Side: DaBethum: We're at the door
19:01:23 : Side: Canadian Bacon: WHAT WE ARE DEFENDING!?!?!?
19:01:33 : Side: DaBethum: Your souls
19:03:15 : Side: Canadian Bacon: HOW MANY WAYS IN HERE?
19:03:22 : Side: DaBethum: 3
19:04:38 : Side: Canadian Bacon: theres only 1 and we defending?
19:04:55 : Side: DaBethum: Yes
19:04:59 : Side: Canadian Bacon: ok 
19:05:04 : Side: Canadian Bacon: 1 entrance
19:07:03 : Side: MasterChief: Chiefs here mothafucka
19:07:18 : Side: DaBethum: Mother fucker dies to zombies
19:07:30 : Side: Lingorlion: I knocked him :)
19:07:51 : Side: MasterChief: wwhere you guys at
19:08:02 : Side: Lingorlion: Being billy goats
19:08:37 : Group: MasterChief: aight
19:08:39 : Group: MasterChief: I got this
19:09:24 : Group: MasterChief: I cant hit f2 D:
19:10:37 : Side: Canadian Bacon: u guys can climb rocks
19:11:38 : Side: DaBethum: I would but ya spotted my way in. :P
19:11:45 : Group: MasterChief: dude theres like 10 zombies around his body
19:12:04 : Group: MasterChief: He didnt shoot him
19:12:56 : Group: MasterChief: im up lol
19:13:08 : Group: MasterChief: look
19:13:13 : Group: MasterChief: up
19:13:18 : Group: MasterChief: xD
19:13:26 : Group: MasterChief: fuckk
19:13:32 : Group: MasterChief: idk
19:13:36 : Group: MasterChief: might be..
19:13:38 : Group: MasterChief: but idk
19:13:42 : Group: MasterChief: yeah i am
19:14:48 : Side: Canadian Bacon: u guys coming?
19:15:03 : Side: DaBethum: Only if you buy me dinner
19:15:39 : Side: MasterChief: you guys see the people handing?
19:15:43 : Side: MasterChief: thatll be you when we are done
19:16:03 : Group: MasterChief: I cant get down :(
19:16:11 : Group: MasterChief: fak
19:16:50 : Side: DaBethum: lol
19:17:59 : Side: Canadian Bacon: are we suposed to be attacking aswell?
19:18:13 : Side: DaBethum: Up to you, all my partners killed themselves.
19:18:22 : Side: Canadian Bacon: wait were do we attack
19:19:23 : Side: DaBethum: Dunno what to tell ya on that one
19:20:11 : Side: Canadian Bacon: we dont know what to do!!! 
19:20:21 : Side: MasterChief: beth
19:20:25 : Side: DaBethum: Shit me neither, my team killed themselves
19:20:25 : Side: MasterChief: get my gun ;)
19:20:48 : Side: MasterChief: group inv
19:20:57 : Side: MasterChief: no
19:21:04 : Side: MasterChief: can I?
19:21:20 : Side: MasterChief: ill drive my tractor to come kill you al
19:23:08 : Side: StickOfReflex: what is the green circle on the map for?
19:23:15 : Side: MasterChief: Construction mission
19:23:17 : Side: MasterChief: non AI
19:23:19 : Side: Lingorlion: Why do you guys have a better base it's unfair :9
19:23:22 : Side: StickOfReflex: red one?
19:23:31 : Side: MasterChief: military mission
19:23:37 : Side: StickOfReflex: blue?
19:23:40 : Side: MasterChief: all circles with no words are non AI
19:23:47 : Side: MasterChief: foods, clothes
19:23:58 : Side: StickOfReflex: ok thanks 
19:24:05 : Side: StickOfReflex: what u guys doin?
19:24:16 : Side: MasterChief: some are doing an event
19:24:21 : Side: MasterChief: I died so im looting balota
19:24:33 : Side: StickOfReflex: nice
19:24:39 : Side: StickOfReflex: wann get on ts?
19:24:41 : Side: MasterChief: and i just found a cheytac..
19:24:42 : Side: MasterChief: wtf
19:25:04 : Side: StickOfReflex: xD
19:25:36 : Side: Canadian Bacon: we have to supplies becuase u deleted it all we dont have morphine or food drink anything
19:25:50 : Side: MasterChief: beth wait it out for them to starve ;P
19:25:54 : Side: DaBethum: Who's still up there?
19:25:56 : Side: StickOfReflex: do u have to find the box in the circles
19:25:57 : Side: Lingorlion: Yea we have a shit base and you guys have a awesome base
19:26:04 : Side: DaBethum: We have no base. :P
19:26:09 : Side: Vesicant: We didn't have a base.....
19:26:18 : Side: Lingorlion: What?
19:26:43 : Side: Canadian Bacon: well bye guys u took to long bye
19:26:46 : Side: DaBethum: We're trying to take Skalka from you.
19:26:50 : Side: DaBethum: Sorry man, cya later
19:26:57 : Side: Vesicant: Cya
19:27:10 : Side: MasterChief: quiterrr
19:27:14 : Side: Canadian Bacon: we were in some weird fucking city base u didnt tell us what to do so we just left XF
19:27:16 : Side: Canadian Bacon: XD
19:27:26 : Side: Vesicant: You were supposed to defend it
19:27:37 : Side: Lingorlion: we did
19:27:44 : Side: Lingorlion: but no one came
19:27:48 : Side: Lingorlion: except one
19:28:00 : Side: DaBethum: Vesi and Master Chief both killed themselves tryin to get in
19:28:06 : Side: DaBethum: I've been trying to find a way in, but..
19:28:34 : Side: Lingorlion: we one have more guy but he broke his leg in some other city near by
19:28:50 : Side: DaBethum: lol
19:28:53 : Side: Lingorlion: no one is defending xD
19:28:55 : Side: DaBethum: You went over to Golden River?
19:29:18 : Side: Lingorlion: Idk i broke my legs and dieeeddd
19:29:46 : Side: James: i broke my legs and am still alive
19:30:43 : Side: MasterChief: idk what youre doin but i found a cheytac :D
19:31:06 : Side: James: im trying to find sum fucking morphine
19:31:44 : Side: MasterChief: where
19:31:49 : Side: Lingorlion: im coming back in a mozzzziie
19:31:54 : Side: MasterChief: Do I have a cheytac in my hands?
19:33:22 : Side: StickOfReflex: whens another mission going to come?
19:33:23 : Side: MasterChief: told you that woudnt be fun beth
19:33:29 : Side: MasterChief: randomly
19:33:46 : Side: MasterChief: wouldve been fun if it was something else 
19:33:52 : Side: MasterChief: Kappa
19:34:30 : Side: MasterChief: Rocks dont kill people, The ground that they fall on off the rocks kill people
19:35:04 : Side: MasterChief: Or like when my cat was smashed with a rock
19:35:07 : Side: MasterChief: then that kills people
19:37:25 : Side: Canadian Bacon: so i am back for 30 mins
19:37:26 : Side: MasterChief: where at
19:37:33 : Side: StickOfReflex: hi other gyro
19:37:38 : Side: Canadian Bacon: we dont know what to do tell us?
19:37:39 : Side: Vesicant: Hey
19:37:47 : Side: MasterChief: where by stick?
19:37:48 : Side: StickOfReflex: wanna team?
19:37:51 : Side: DaBethum: Well, I'm trying to find and kill you
19:37:54 : Side: Vesicant: No, sorrys
19:37:59 : Side: StickOfReflex: awh ok
19:38:09 : Side: StickOfReflex: well im coming back i forgot something
19:40:04 : Side: MasterChief: Boobs.
19:40:13 : Side: MasterChief: no
19:40:55 : Side: MasterChief: that cheytac?
19:41:16 : Side: DaBethum: FUCKING zed
19:41:16 : Side: Canadian Bacon: yes
19:41:39 : Side: James: red?
19:41:46 : Side: Canadian Bacon: ya i killed him
19:41:54 : Side: James: skaype
19:42:18 : Side: MasterChief: idk :(
19:42:30 : Side: Canadian Bacon: just joni call
19:42:35 : Side: MasterChief: when youre in a dead zone your internet will be shit
19:42:36 : Side: James: not in it
19:42:57 : Side: James: got it
19:43:39 : Side: MasterChief: join the group lads
19:43:46 : Side: Canadian Bacon: we win?
19:43:50 : Side: MasterChief: yes
19:43:53 : Side: James: all me
19:43:54 : Side: Vesicant: yEAH
19:43:54 : Side: Canadian Bacon: cause we gotta gow
19:44:18 : Side: MasterChief: bath join
19:44:28 : Side: MasterChief: Land
19:44:46 : Side: MasterChief: are you at klen?..
19:45:02 : Side: MasterChief: ;)
19:45:03 : Side: Canadian Bacon: i also soht u in footw
19:45:07 : Side: MasterChief: xD
19:45:22 : Side: MasterChief: wat
19:45:25 : Side: DaBethum: gg
19:45:34 : Side: DaBethum: Shame my partners died sad sad deaths. :/
19:45:43 : Group: MasterChief: excuse me fuck boi
19:45:44 : Side: DaBethum: The prize is in my backpack
19:45:48 : Side: James: my legs were broken the entire time XD
19:45:50 : Side: Canadian Bacon: we kill 2
19:46:04 : Side: Canadian Bacon: cheytec?
19:46:06 : Group: MasterChief: Suck, my, dick
19:46:07 : Side: DaBethum: Yeah, it was 4v2
19:46:09 : Side: DaBethum: Yar
19:46:14 : Side: James: 3
19:46:33 : Side: DaBethum: After Vesi died Masterchief got on, there were only ever two of us at once
19:46:38 : Side: Canadian Bacon: we had 2 people what u mean?
19:46:54 : Side: DaBethum: Nah, it was me and one other person at any given time
19:47:00 : Side: DaBethum: So we couldn't push up like we wanted
19:47:21 : Side: MasterChief: beth I put my stuff in my safe before the hunger games and after restart it isnt there :(
19:47:37 : Side: MasterChief: okay
19:47:40 : Side: MasterChief: ill help myself then
19:47:48 : Side: MasterChief: idk how to get a key back :(
19:48:07 : Side: MasterChief: bad boys 2
19:48:18 : Side: MasterChief: idk
19:49:31 : Side: DaBethum: I'm off gentlemen, good night
20:15:31 : Side: MasterChief: What is esp
20:15:38 : Side: MasterChief: like radar or some shit
20:15:50 : Side: MasterChief: im being serious but okay
20:16:09 : Side: MasterChief: wings you dumb fuck
20:16:50 : Side: MasterChief: to you because youre a dick
20:18:40 : Side: MasterChief: main what are you doing?
20:19:12 : Side: MasterChief: Yeah
20:19:16 : Side: MasterChief: totally
20:19:28 : Side: MasterChief: when dad over here typing to me in steam 
20:19:32 : Side: MasterChief: hay tp me back
20:19:37 : Side: MasterChief: yes
20:19:40 : Side: MasterChief: he does that
20:19:41 : Side: MasterChief: okay
20:19:48 : Side: MasterChief: hes not now because he isnt in game
20:19:51 : Side: MasterChief: dont tell him i said that
20:20:06 : Side: MasterChief: No
20:20:12 : Side: MasterChief: Hes not
20:20:20 : Side: MasterChief: idk ;)
20:21:00 : Side: MasterChief: I like my mixed :)
20:21:40 : Side: MasterChief: I woudl tell you something helpful about the mission but idk if I want to
20:21:44 : Side: MasterChief: youre not a snitch...
20:21:47 : Side: MasterChief: really
20:22:06 : Side: MasterChief: yes you do
20:22:13 : Side: MasterChief: You told me to do that xD
20:22:21 : Side: MasterChief: me helping that guy..
20:22:30 : Side: MasterChief: He got stuck..
20:23:22 : Side: MasterChief: im not allowed to say
20:23:41 : Side: MasterChief: Thats the helpful thing i would tell you but youre being mean so..
20:23:44 : Side: MasterChief: idk if i want to tell you
20:24:00 : Side: MasterChief: well be nice
20:24:12 : Side: MasterChief: Yes I am
20:24:18 : Side: MasterChief: true that
20:25:05 : Side: MasterChief: idk is there?
20:25:35 : Side: MasterChief: tell me what esp is and ill tell you that helpful thing about the missionw
20:25:48 : Side: MasterChief: Nope
20:26:04 : Side: MasterChief: ive never used that to be honest with you 
20:26:26 : Side: MasterChief: Yeah
20:26:29 : Side: MasterChief: so those bodies
20:26:33 : Side: MasterChief: they spawn dead
20:26:39 : Side: MasterChief: lol
20:26:43 : Side: MasterChief: yes
20:27:01 : Side: MasterChief: They also have money on them now
20:27:16 : Side: MasterChief: No
20:27:20 : Side: MasterChief: Why would I do that
20:28:03 : Side: MasterChief: Yeah
20:28:04 : Side: MasterChief: I od
20:28:05 : Side: MasterChief: do
20:28:23 : Side: MasterChief: But you guys are going to be like oh look hes admin abusing and tping us and himself
20:28:31 : Side: MasterChief: Nope
20:28:57 : Side: MasterChief: where did you die -.-
20:29:29 : Side: MasterChief: one sec
20:30:07 : Direct: MasterChief: yeah
20:30:11 : Direct: MasterChief: youre welcome -.-
20:30:21 : Side: MasterChief: I know
20:30:25 : Side: MasterChief: I can tell
20:31:15 : Side: MasterChief: Idk what main is doing
20:31:21 : Side: MasterChief: hes afk i think
20:31:31 : Side: MasterChief: Hes not in game
20:31:34 : Side: MasterChief: so it doesnt matter
20:31:41 : Side: MasterChief: xD
20:31:57 : Side: MasterChief: lol
20:32:03 : Side: MasterChief: rootbeer
20:32:17 : Side: MasterChief: I take shots when my parents go to bed
20:32:34 : Side: MasterChief: coffee liqur or whateva you spell it
20:32:43 : Side: MasterChief: idk..
20:32:48 : Side: MasterChief: its from the bahamas doe
20:32:52 : Side: MasterChief: ands its good
20:33:55 : Side: MasterChief: .
20:34:43 : Side: MasterChief: why would I want to find it
20:35:39 : Side: MasterChief: okay and..
20:36:33 : Side: MasterChief: yes
20:37:55 : Direct: MasterChief: join the group
20:38:32 : Group: MasterChief: hes not
20:38:40 : Group: MasterChief: m2 down
20:39:07 : Group: MasterChief: hit
20:39:24 : Group: MasterChief: AI have money in their wallets
20:39:42 : Group: MasterChief: No healign ;P
20:40:41 : Group: MasterChief: wow
20:40:47 : Group: MasterChief: No :(
20:40:56 : Group: MasterChief: i can run and buy one
20:41:00 : Group: MasterChief: I see that lol
20:41:13 : Group: MasterChief: eat
20:43:02 : Side: MasterChief: ...heh
20:43:09 : Side: MasterChief: Hi ghost
20:43:15 : Side: <[IDC]> Ghost: HIYA
20:44:04 : Direct: MasterChief: no
20:44:09 : Direct: MasterChief: Ghost is ghost
20:44:16 : Direct: MasterChief: no
20:46:13 : Side: <[IDC]> Ghost: that suckedw
20:51:27 : Side: MasterChief: I found him!
20:51:30 : Side: MasterChief: shit
20:51:35 : Side: MasterChief: i didnt shoot you though
20:51:46 : Side: MasterChief: after you fell down...
20:51:48 : Side: MasterChief: i knew that was you
20:52:56 : Side: MasterChief: I am
20:53:49 : Side: MasterChief: he dad
20:53:51 : Side: MasterChief: ed
20:53:57 : Side: MasterChief: thats me
20:54:21 : Side: MasterChief: join group bruh
20:55:03 : Group: MasterChief: he was glitched in the m2
20:55:16 : Group: MasterChief: the therapist
20:55:25 : Group: MasterChief: what did she say..
20:55:30 : Side: <[IDC]> Ghost: dont shoot
20:55:43 : Group: MasterChief: look how hes sitting
20:55:59 : Side: MasterChief: I needa tell beth that this mission was glitched
20:57:04 : Side: MasterChief: wow
20:57:06 : Group: MasterChief: WOWWW
20:57:10 : Group: MasterChief: wtf yuh dick
20:57:37 : Group: MasterChief: xD
20:57:45 : Group: MasterChief: its ghost
20:58:00 : Group: MasterChief: restart in 4 minutes.
20:58:29 : Side: MasterChief: i like dogs
20:58:57 : Side: MasterChief: if beth is on when you guys are and im not tell him to fix the M2's sometimes spawning invisible
20:59:03 : Side: MasterChief: that one was gltiched
20:59:11 : Group: MasterChief: ONE MINUTE
20:59:39 : Group: MasterChief: GO GO GO GO GO
20:59:50 : Group: MasterChief: you can do it!
20:59:52 : Group: MasterChief: :P
21:09:38 : Side: MasterChief: where the fuck are we
21:09:51 : Side: MasterChief: same
21:11:19 : Side: MasterChief: How old is your sister?
21:11:43 : Side: MasterChief: How did youg et here
21:12:30 : Side: MasterChief: your forhead is 10 meters away
21:17:39 : Direct: MasterChief: How do you get the skull balaclava 
21:17:44 : Direct: MasterChief: it doesnt show in my options :(
21:18:17 : Direct: <[IDC]> Ghost: look in the faces part
21:18:41 : Direct: MasterChief: face masks?
21:19:19 : Direct: <[IDC]> Ghost: no the head part its the first one
21:29:28 : Side: MasterChief: 4 AI at a mission..
21:29:30 : Side: MasterChief: well then
21:38:57 : Side: MasterChief: wings where you at
21:39:25 : Side: Rapture: stary but im talking to my sister afk ftm
21:39:32 : Side: Rapture: she's visiting 
21:39:43 : Side: MasterChief: How old is she ;)
21:39:53 : Side: Rapture: 23
21:39:58 : Side: Rapture: OOYL
21:40:01 : Side: MasterChief: and she smokes..d
21:40:08 : Side: MasterChief: fucked up man
21:40:11 : Side: Rapture: how you know?
21:40:25 : Side: Rapture: did i say?
21:40:26 : Side: MasterChief: you said "Going out for a smoke?"
21:40:31 : Side: Rapture: lol
21:40:33 : Side: MasterChief: or someting
21:40:54 : Side: MasterChief: are you two "visiting" eachother ;) ;)
21:41:00 : Side: Rapture: im gonna do that mission
21:41:14 : Side: MasterChief: The mission i did had 4 AI//
21:45:15 : Side: MasterChief: lel
21:45:28 : Side: MasterChief: youre bad at doing missions :PO
21:46:41 : Side: Rapture: k do it
21:47:01 : Side: Rapture: ty =]
21:47:03 : Side: Rapture: im learning
21:47:12 : Side: MasterChief: yeah.. are you
21:51:46 : Side: MasterChief: welcome :D
21:52:56 : Side: NoNumbers: Hi!
21:53:00 : Side: MasterChief: Hi :)
21:53:47 : Side: NoNumbers: My first time playing dayz
21:53:52 : Side: NoNumbers: I watch alot of frankie thoughw
21:53:59 : Side: MasterChief: nice!
21:54:02 : Side: Rapture: HALP
21:54:47 : Side: NoNumbers: Why cant i ADS?
21:55:04 : Side: NoNumbers: oh nvm
21:55:05 : Side: MasterChief: right click?
21:55:05 : Side: <[IDC]> Ghost: ?
21:55:10 : Side: NoNumbers: It was glitched
21:55:15 : Side: NoNumbers: I dropped and picked back up
21:55:24 : Side: Rapture: master
21:55:33 : Side: MasterChief: i know
21:55:49 : Side: Rapture: ty
21:55:51 : Side: NoNumbers: Is there groupS?
21:56:01 : Side: MasterChief: If you need help im an admin so you can ask for help if something is wrong
21:56:01 : Side: Rapture: right click radio
21:56:05 : Side: MasterChief: and yes
21:56:26 : Side: NoNumbers: Can I join a group?
21:56:32 : Side: MasterChief: If anyone is in one
21:56:34 : Side: MasterChief: im not
21:58:12 : Side: NoNumbers: Found a lee enfiedld!
21:58:14 : Side: NoNumbers: Yes
21:58:24 : Side: Rapture: NICE!
21:58:24 : Side: NoNumbers: And a kimnber M1911 sd
21:58:30 : Side: NoNumbers: A revolver
21:58:32 : Side: NoNumbers: and a USP
21:58:33 : Side: NoNumbers: LOl
21:58:45 : Side: MasterChief: I found a cheytac earlier
21:58:47 : Side: MasterChief: ;P
22:00:12 : Side: NoNumbers: :O
22:00:15 : Side: NoNumbers: A RPK
22:00:15 : Side: MasterChief: wat
22:00:18 : Side: MasterChief: lol
22:00:21 : Side: NoNumbers: WOAH
22:00:24 : Side: NoNumbers: :D
22:01:47 : Side: NoNumbers: Is RPK or zastava M84 better?
22:02:01 : Side: Rapture: master you in jet?
22:02:07 : Side: MasterChief: yes
22:02:14 : Side: MasterChief: boom
22:02:20 : Side: MasterChief: No
22:02:25 : Side: Rapture: lolw
22:02:37 : Side: MasterChief: Im bored idk what to do :9
22:02:52 : Side: MasterChief: where you at numbers?
22:03:04 : Side: MasterChief: balota?
22:03:17 : Side: MasterChief: ill give you a ride to NW
22:04:10 : Side: NoNumbers: Foiund a m249 scope
22:04:14 : Side: NoNumbers: Im about done with dayz
22:04:15 : Side: NoNumbers: Lol
22:04:20 : Side: NoNumbers: No more gearing up
22:04:35 : Side: MasterChief: Ill buy ou a better gun :P
22:04:55 : Side: <[IDC]> Ghost: yeah i have over 10 million coins im done with dayz
22:05:09 : Side: MasterChief: did you donate?
22:05:16 : Side: <[IDC]> Ghost: now
22:05:22 : Side: <[IDC]> Ghost: npo
22:05:23 : Side: MasterChief: how? lol
22:05:25 : Side: <[IDC]> Ghost: no
22:05:33 : Side: <[IDC]> Ghost: missions
22:05:37 : Side: MasterChief: ah
22:05:50 : Side: MasterChief: idk how much i have
22:06:11 : Side: NoNumbers: Man
22:06:20 : Side: NoNumbers: This M249 saw scope
22:06:22 : Side: NoNumbers: Is good
22:09:06 : Side: NoNumbers: going to trader BAR
22:10:25 : Side: NoNumbers: is any one heere going to kill me?
22:10:33 : Side: NoNumbers: Because I dont want to fight anyone righ tnow
22:10:36 : Side: <[IDC]> Ghost: depends
22:10:36 : Side: Rapture: where?
22:10:55 : Side: NoNumbers: i just want to do some missions and build a house
22:10:57 : Side: Rapture: mayor?
22:11:11 : Side: Rapture: dont do mayor's thats mine
22:11:26 : Side: NoNumbers: Ive always had to play cracked arma
22:11:35 : Side: NoNumbers: Now I have the real thing because of my BFFw
22:12:02 : Side: MasterChief: boy friend forever?
22:12:09 : Side: NoNumbers: No
22:12:11 : Side: NoNumbers: Best freinds
22:12:19 : Side: NoNumbers: Me and him go way back m8w
22:12:23 : Side: NoNumbers: Im not gayw
22:12:30 : Side: MasterChief: lol :P
22:12:35 : Direct: MasterChief: what about numbers?
22:12:50 : Direct: MasterChief: you said if i keep helping you or something
22:13:03 : Direct: MasterChief: is this you?
22:13:08 : Side: NoNumbers: At trader BAR can I trade a RPK?
22:13:10 : Direct: MasterChief: in this room
22:13:12 : Direct: MasterChief: come here
22:13:12 : Side: NoNumbers: for a gun?w
22:13:26 : Direct: MasterChief: I found the mayor
22:13:28 : Direct: MasterChief: upstairs
22:13:40 : Direct: MasterChief: ded
22:13:51 : Direct: MasterChief: i shot him :Ps
22:14:34 : Side: NoNumbers: I can fly a helicopter though
22:14:37 : Side: NoNumbers: I have played arma
22:14:39 : Side: NoNumbers: But never dayz
22:14:41 : Side: MasterChief: nice
22:14:49 : Side: NoNumbers: I cant fly jets though
22:14:50 : Side: NoNumbers: Lol
22:14:54 : Side: NoNumbers: Too fast for mew
22:14:57 : Side: MasterChief: I can ;)
22:14:58 : Side: NoNumbers: me*
22:15:02 : Side: NoNumbers: Dang
22:15:04 : Side: NoNumbers: GG
22:15:22 : Side: <[IDC]> Ghost: jet armed?
22:15:55 : Side: MasterChief: theres no jets on this server though ;P
22:16:06 : Side: NoNumbers: Yay
22:16:08 : Side: NoNumbers: Im finally here
22:16:10 : Side: MasterChief: :)
22:16:14 : Side: MasterChief: wher
22:16:14 : Side: NoNumbers: To the BAR trader
22:16:22 : Side: NoNumbers: Bor*
22:16:32 : Side: NoNumbers: Bor trader city
22:16:55 : Side: NoNumbers: WOAH
22:17:00 : Side: NoNumbers: AHHHH
22:17:00 : Side: MasterChief: what
22:17:03 : Side: MasterChief: ;)
22:17:04 : Side: NoNumbers: I heard a jet
22:17:09 : Side: MasterChief: No you didnt
22:17:25 : Side: NoNumbers: I did
22:17:35 : Side: NoNumbers: Again
22:17:37 : Side: NoNumbers: I saw it
22:18:11 : Side: NoNumbers: I cant buy guns
22:18:16 : Side: MasterChief: why?
22:18:21 : Side: NoNumbers: idk
22:18:25 : Side: NoNumbers: the trader UN guy
22:18:31 : Side: NoNumbers: WOnt pull up trader menu
22:19:01 : Side: MasterChief: uh oh
22:19:35 : Side: NoNumbers: wut
22:19:40 : Side: MasterChief: nvm
22:20:04 : Side: NoNumbers: Dont hurt
22:20:05 : Side: NoNumbers: lease
22:20:05 : Side: MasterChief: this is the vehicle trader
22:20:10 : Side: MasterChief: its a safe zone lol
22:20:15 : Side: MasterChief: pick it up
22:20:19 : Side: NoNumbers: o
22:20:25 : Side: NoNumbers: That big M107 scared me
22:20:41 : Side: NoNumbers: Whats that
22:20:41 : Side: MasterChief: ;)
22:20:45 : Side: NoNumbers: Woah
22:20:48 : Side: MasterChief: XM20010
22:20:56 : Side: MasterChief: come here
22:20:57 : Side: NoNumbers: I want to buy a heli
22:21:00 : Side: NoNumbers: But no enough
22:21:03 : Side: MasterChief: this is bad trader
22:21:07 : Side: MasterChief: stary is the best
22:21:49 : Side: NoNumbers: u have a heli?
22:21:57 : Side: MasterChief: yep
22:22:01 : Side: NoNumbers: can I fly?
22:22:03 : Side: MasterChief: get in ;)
22:22:03 : Side: NoNumbers: Lol
22:22:07 : Side: MasterChief: we are going to stary
22:22:11 : Side: NoNumbers: Lets go
22:22:12 : Side: NoNumbers: !!!
22:22:15 : Side: MasterChief: ima give you money
22:22:21 : Side: NoNumbers: This is my fav heli too
22:22:31 : Side: NoNumbers: <3
22:23:00 : Side: NoNumbers: can we team?
22:23:09 : Side: MasterChief: I dont team sorry :P
22:23:12 : Side: NoNumbers: Ok
22:23:14 : Side: NoNumbers: Its ok
22:23:17 : Side: MasterChief: ill give you some stuff tho
22:23:20 : Side: NoNumbers: Awsome
22:23:43 : Side: NoNumbers: You are not bad at flying
22:24:00 : Side: NoNumbers: Task force 160 nightstalker
22:24:02 : Side: NoNumbers: Lol
22:24:06 : Side: MasterChief: lol
22:24:14 : Side: MasterChief: wait and see how I slow down :p
22:25:02 : Side: MasterChief: keep 
22:25:07 : Side: NoNumbers: WOAH
22:25:09 : Side: MasterChief: why..
22:25:09 : Side: NoNumbers: WTF
22:25:14 : Side: MasterChief: did oyu do that
22:25:17 : Side: MasterChief: no
22:25:19 : Side: NoNumbers: idk how I did
22:25:20 : Side: <[IDC]> Ghost: lol
22:25:20 : Side: NoNumbers: Lol
22:25:42 : Side: MasterChief: you fucked me heli bruh
22:25:42 : Side: NoNumbers: my bad
22:25:48 : Side: NoNumbers: :O
22:25:49 : Side: MasterChief: :P
22:25:52 : Side: NoNumbers: NOOOOOOOOOOOOOOOOOOOOOOOOOOOOOOOOOOO
22:25:56 : Side: MasterChief: lol
22:25:57 : Side: NoNumbers: im so sorry dude
22:26:06 : Side: MasterChief: its okay
22:26:10 : Side: MasterChief: trust me ;)
22:26:28 : Direct: MasterChief: K
22:26:31 : Direct: MasterChief: Maybe
22:26:34 : Side: NoNumbers: Whos mozzie?
22:26:41 : Side: Rapture: ghost you doing SE
22:26:45 : Side: Rapture: sniper
22:26:51 : Side: Rapture: extract.
22:27:01 : Direct: MasterChief: Come here No
22:27:06 : Side: Rapture: mine
22:27:11 : Side: MasterChief: No come here
22:27:33 : Side: MasterChief: you should have 46k on you
22:27:37 : Side: NoNumbers: WOah
22:27:39 : Side: NoNumbers: I do
22:27:40 : Side: NoNumbers: Lol
22:27:40 : Side: MasterChief: here
22:27:45 : Side: NoNumbers: Thank tou
22:27:47 : Side: NoNumbers: youp*
22:27:50 : Side: NoNumbers: You*
22:27:51 : Side: MasterChief: Put it in your bank
22:27:57 : Side: MasterChief: with this guy
22:28:13 : Side: MasterChief: unless you want to buy something then buy it then put the rest away
22:28:37 : Side: Rapture: ghost?
22:28:40 : Side: NoNumbers: AWsome
22:28:57 : Side: MasterChief: Go to airfields and other places to get guns and sell the,
22:29:07 : Side: MasterChief: I suggest getting a bigger backpack to hold more guns
22:29:09 : Side: MasterChief: or a car
22:29:16 : Side: Rapture: you doing sniper extract?
22:29:22 : Side: <[IDC]> Ghost: ?
22:31:43 : Side: NoNumbers: 37k is worth my rpk
22:39:50 : Side: MasterChief: brb
22:41:10 : Side: MasterChief: wanna go to the airfields?
22:42:00 : Side: NoNumbers: Should I spend 8k on a SUV?
22:42:08 : Side: MasterChief: If you want
22:42:18 : Side: MasterChief: good starting vehicle
22:42:34 : Side: NoNumbers: Does it get night on this serber?
22:42:42 : Side: MasterChief: No
22:42:51 : Side: NoNumbers: Ok
22:42:55 : Side: NoNumbers: No NV then
22:43:12 : Side: NoNumbers: Anything else for a base besides crowbar hatcht and toolbox?
22:43:48 : Side: MasterChief: etool
22:44:06 : Side: NoNumbers: What would that be used for?
22:44:07 : Side: MasterChief: hes dead
22:44:36 : Side: NoNumbers: I guess
22:44:40 : Side: NoNumbers: 3k down the drain
22:44:41 : Side: MasterChief: building
22:44:51 : Side: MasterChief: you need it
22:44:56 : Side: NoNumbers: Oh ok
22:44:58 : Direct: MasterChief: yeah hes dead
22:44:59 : Side: NoNumbers: Then ont wasted
22:45:24 : Side: NoNumbers: Should I get SUV or a 350 z?
22:45:25 : Side: NoNumbers: Lol
22:45:39 : Side: MasterChief: suv for start
22:45:46 : Side: MasterChief: yeh
22:46:08 : Side: MasterChief: No
22:46:16 : Side: MasterChief: :p
22:46:29 : Side: NoNumbers: 20k
22:46:30 : Side: NoNumbers: Dang
22:46:42 : Side: MasterChief: xD
22:47:09 : Side: NoNumbers: onl 16k left
22:47:10 : Side: NoNumbers: Lol
22:47:17 : Side: MasterChief: youll get more
22:47:49 : Side: MasterChief: go to the places marked "Here" and loot the,
22:47:53 : Side: MasterChief: borrow what?
22:48:01 : Side: MasterChief: idk..
22:48:27 : Side: MasterChief: 250k
22:48:31 : Side: MasterChief: :)w
22:48:43 : Side: MasterChief: okay 200k
22:48:58 : Side: MasterChief: NO
22:49:01 : Side: MasterChief: no :p
22:49:05 : Side: MasterChief: 200k for it.
22:49:09 : Side: MasterChief: nothing more nothing lower
22:49:17 : Side: MasterChief: its a super storage vehicle..
22:49:27 : Side: MasterChief: ask beth..w
22:49:40 : Side: NoNumbers: My SUV is super fast !
22:49:45 : Side: NoNumbers: Tot worth it
22:49:47 : Side: MasterChief: Press shift
22:49:48 : Side: NoNumbers: totally*
22:49:51 : Side: NoNumbers: i know
22:49:56 : Side: NoNumbers: Hey im not a bambi
22:49:58 : Side: NoNumbers: Or am I?
22:50:03 : Side: NoNumbers: Im not new to arma m8
22:50:04 : Side: MasterChief: lol nice :P
22:50:05 : Side: NoNumbers: Lol
22:50:16 : Group: MasterChief: So, how do i get them for you..
22:50:57 : Side: Rapture: go to the spawn list and look for armoured SUV PMC
22:51:04 : Group: MasterChief: okay
22:51:25 : Side: Rapture: let go to stary i need a ride
22:51:42 : Vehicle: Rapture: go
22:52:17 : Side: NoNumbers: 3km out from my new abse location
22:52:47 : Side: MasterChief: you need a plotpolew
22:53:03 : Side: NoNumbers: where is that?
22:53:06 : Side: NoNumbers: CanI make one?
22:53:06 : Vehicle: Rapture: i got one he can have
22:53:10 : Side: MasterChief: buy it
22:53:16 : Side: MasterChief: rapture has one you can have
22:53:23 : Side: NoNumbers: That would have been great to know...
22:53:28 : Side: NoNumbers: I am already 7km from stary
22:54:21 : Side: NoNumbers: ill write down my cordds
22:54:28 : Side: NoNumbers: ill make it the the nwaf trader
22:54:43 : Direct: Rapture: remeber to get the key version
22:54:52 : Direct: MasterChief: which one is that..
22:55:02 : Direct: Rapture: payment is delivered
22:55:04 : Direct: Rapture: epoch
22:55:12 : Direct: Rapture: or hive i mean 
22:55:13 : Direct: MasterChief: this it?
22:55:17 : Direct: Rapture: no
22:55:22 : Direct: Rapture: no gun
22:55:33 : Direct: MasterChief: whats the name? :p
22:55:36 : Direct: Rapture: did it have a key?
22:55:40 : Direct: MasterChief: No
22:55:45 : Direct: Rapture: Amoured Suv PMC
22:55:47 : Side: NoNumbers: i just dont like being near poeplew
22:55:52 : Direct: Rapture: do the hive one
22:55:55 : Side: NoNumbers: I fel like they wioll try something
22:56:02 : Direct: Rapture: it gets saved
22:56:42 : Direct: MasterChief: damn thing
22:56:47 : Side: NoNumbers: Is there bandit AI at NWAF?
22:56:55 : Side: MasterChief: No
22:57:03 : Side: NoNumbers: ok
22:57:16 : Side: NoNumbers: still prob non freindly poeple there though
22:57:19 : Direct: MasterChief: if its armored its going to have the gun..
22:57:22 : Side: NoNumbers: Well only us 4
22:57:22 : Side: NoNumbers: So
22:57:25 : Side: NoNumbers: Maybe not :D
22:57:28 : Side: NoNumbers: xD
22:57:29 : Direct: MasterChief: this..
22:57:33 : Direct: Rapture: it might be UN
22:57:34 : Direct: MasterChief: has 20k slots..
22:57:45 : Direct: Rapture: =D
22:57:54 : Direct: MasterChief: move
22:58:05 : Direct: MasterChief: there yuh go :)
22:58:15 : Direct: MasterChief: key in gear
22:58:19 : Direct: Rapture: ty
22:58:21 : Direct: MasterChief: check if its the key :P
22:58:36 : Side: MasterChief: check if its the keyy :P
22:58:42 : Side: Rapture: it does
22:58:45 : Side: MasterChief: okey
22:59:08 : Side: NoNumbers: uaz
23:01:56 : Side: NoNumbers: At bash what guys sel plotpole?
23:02:10 : Side: MasterChief: building supplies guy
23:02:17 : Side: MasterChief: its 60k you might not have enough
23:02:24 : Side: NoNumbers: I dont
23:02:28 : Side: NoNumbers: I need tha tto build?
23:02:29 : Side: MasterChief: Rapture has one for you but idk when you can get it to you
23:02:32 : Side: MasterChief: yesw
23:02:37 : Side: NoNumbers: Im at bash
23:02:42 : Side: NoNumbers: Dang
23:02:50 : Side: MasterChief: all you need is a safe for now..
23:03:04 : Side: MasterChief: so sell guns, a lot and buy a safe
23:03:08 : Side: MasterChief: or lockbox
23:03:20 : Side: NoNumbers: My base will not be found
23:03:26 : Side: NoNumbers: It will be pretty well hidden
23:03:30 : Side: NoNumbers: Middle of no where
23:03:37 : Side: MasterChief: well okey then :)
23:03:43 : Side: NoNumbers: Dont worry m9
23:03:44 : Side: NoNumbers: I got this
23:04:51 : Group: MasterChief: treat that as your baby boi
23:05:21 : Side: NoNumbers: Oh no
23:05:24 : Group: MasterChief: yes
23:05:25 : Side: NoNumbers: I rekt my car
23:05:27 : Side: MasterChief: what
23:05:27 : Side: NoNumbers: LKol
23:05:35 : Side: NoNumbers: Damnit
23:05:36 : Group: MasterChief: yesw
23:05:44 : Group: MasterChief: ?
23:05:47 : Side: NoNumbers: Well
23:05:51 : Side: NoNumbers: I wa about to log off
23:05:51 : Group: MasterChief: lol
23:05:53 : Side: NoNumbers: Anywas
23:05:55 : Side: NoNumbers: Bye duds
23:05:58 : Side: NoNumbers: Dudes(
23:05:59 : Side: MasterChief: bye
23:06:06 : Side: NoNumbers: I might be on tonight
23:06:24 : Group: MasterChief: lol talk to beth about dat 
23:06:28 : Group: MasterChief: and if he says yes im in
23:06:46 : Group: MasterChief: Me either
23:06:50 : Group: MasterChief: do it then :p
23:06:55 : Side: MasterChief: :D
23:07:00 : Side: MasterChief: im doin it
23:07:30 : Side: MasterChief: if it does then it might have to go :P
23:08:01 : Side: MasterChief: It shouldve been a lot more money...cause how many slots..
23:08:03 : Side: MasterChief: but idk
23:08:29 : Side: MasterChief: wow
23:08:58 : Side: MasterChief: lol
23:09:06 : Side: MasterChief: You backstabber
23:09:19 : Side: MasterChief: me
23:09:24 : Side: MasterChief: lol
23:09:40 : Side: MasterChief: No she fucked everyguy possbile ;P
23:10:14 : Side: MasterChief: The empire
23:10:39 : Side: MasterChief: lol
23:10:45 : Side: MasterChief: bruh 
23:10:51 : Side: MasterChief: thatlly be amazing
23:11:25 : Side: MasterChief: yeah
23:11:48 : Side: MasterChief: you  have to have a name like walter white did
23:11:56 : Side: MasterChief: lol
23:12:26 : Side: MasterChief: we can do that
23:12:30 : Side: MasterChief: sell meth
23:12:43 : Side: MasterChief: are you saying there arent drugs?
23:12:54 : Side: MasterChief: xD
23:13:45 : Side: MasterChief: wat
23:13:51 : Side: MasterChief: what?
23:13:55 : Side: MasterChief: idk
23:14:07 : Side: MasterChief: yeah where is it
23:14:17 : Side: MasterChief: then go get it
23:14:22 : Side: MainFrame: i need a tp 
23:14:26 : Side: MasterChief: okey then..
23:14:29 : Side: MasterChief: 100k
23:14:30 : Side: MainFrame: idk where i am 
23:14:31 : Side: MasterChief: bam
23:14:40 : Side: MainFrame: i got tped by Dabeth 
23:14:44 : Side: Rapture: right click gun
23:14:45 : Side: MainFrame: tp to me
23:14:56 : Side: MainFrame: no 
23:14:59 : Side: MainFrame: lol
23:15:05 : Side: MasterChief: one sec xD
23:15:07 : Side: MainFrame: can u just not get me out 
23:15:25 : Side: MasterChief: welcome
23:15:31 : Side: MasterChief: tyeah
23:15:38 : Side: Rapture: we could use planes
23:15:42 : Side: MasterChief: its okay
23:15:54 : Side: Rapture: someone could order it we loas the trucks and go
23:15:57 : Side: MainFrame: ok thanks
23:19:06 : Group: MasterChief: criswt
23:19:08 : Group: MasterChief: christ
23:19:11 : Group: MasterChief: I know
23:20:39 : Group: MasterChief: itll be heisenberg
23:20:44 : Group: MasterChief: and Chief
23:20:51 : Group: MasterChief: but no one knows who we are
23:21:25 : Group: MasterChief: idk about dat
23:21:51 : Group: MasterChief: You only meet at a certain place
23:22:12 : Group: MasterChief: kill em
23:22:16 : Group: MasterChief: take em out
23:23:01 : Group: MasterChief: yes
23:23:23 : Group: MasterChief: and when we deal we have to hit no on display name
23:23:57 : Group: MasterChief: come to my mission and get guns
23:24:11 : Group: MasterChief: sure why notw
23:24:51 : Group: MasterChief: full..
23:26:20 : Group: MasterChief: they are
23:26:30 : Group: MasterChief: what?
23:26:36 : Group: MasterChief: lol hes dead now
23:26:48 : Group: MasterChief: LOTS OF WEAPONS :D
23:26:56 : Group: MasterChief: yeah..
23:27:15 : Group: MasterChief: yes
23:27:20 : Group: MasterChief: on all AI
23:27:44 : Group: MasterChief: lol
23:27:54 : Group: MasterChief: nah break their legs then give them it
23:28:00 : Group: MasterChief: and tell them they better pay up
23:28:04 : Group: MasterChief: or itll be the end of the line
23:29:10 : Group: MasterChief: ..
23:29:23 : Group: MasterChief: we need to have a secret base somewhere..
23:29:49 : Group: MasterChief: same
23:30:00 : Group: MasterChief: we do events there
23:30:05 : Group: MasterChief: hurry :P
23:30:49 : Group: MasterChief: dont do dat
23:31:14 : Group: MasterChief: 177k from the wallets
23:31:23 : Group: MasterChief: yes
23:31:45 : Group: MasterChief: yeah stop dat
23:32:14 : Group: MasterChief: at the purchasing or whatever shouldnt you not be there?.
23:32:31 : Group: MasterChief: when they buy the stuff
23:32:38 : Group: MasterChief: shouldnt you be..secret or something
23:33:27 : Group: MasterChief: yes
23:35:04 : Group: MasterChief: move this closer
23:35:50 : Group: MasterChief: yes
23:35:57 : Side: MasterChief: Welcome bob!
23:36:08 : Side: BobTheBoss: good morning.. you been playing all night?
23:36:16 : Side: MasterChief: No
23:36:22 : Side: BobTheBoss: lies! :D
23:36:23 : Side: MasterChief: its night for me actually
23:37:02 : Side: BobTheBoss: eyescan for doords would be great!
23:37:07 : Side: BobTheBoss: its great script :P
23:37:24 : Side: MasterChief: yeah
23:37:29 : Group: MasterChief: yeah
23:37:55 : Group: MasterChief: if we find cheytacs
23:38:03 : Group: MasterChief: they sell for 300k at trader
23:38:08 : Group: MasterChief: we sell for 250k ;P
23:38:25 : Group: MasterChief: yeah
23:38:54 : Side: BobTheBoss: is server now restarting normally?
23:39:11 : Side: Rapture: yes
23:39:19 : Group: MasterChief: we keep the suv at a base then we put the Items they want in a special vehicle incase they do something then we take this suv out and loot at night 
23:39:22 : Group: MasterChief: when no one is on
23:39:22 : Side: BobTheBoss: goodie
23:39:30 : Side: BobTheBoss: is king still playing with same name or has he changed it?
23:39:39 : Group: MasterChief: yeah
23:39:48 : Side: MasterChief: idk
23:39:55 : Group: MasterChief: what..
23:40:01 : Group: MasterChief: yes
23:40:12 : Group: MasterChief: We dont talk about it ;)
23:40:26 : Group: MasterChief: look i have no gun ;P
23:40:37 : Group: MasterChief: im strokin the air
23:41:05 : Group: MasterChief: No
23:41:09 : Group: MasterChief: I have no m107 ammo doe
23:41:23 : Group: MasterChief: ..No
23:41:27 : Group: MasterChief: lol
23:41:39 : Group: MasterChief: yeh
23:42:04 : Group: MasterChief: what
23:42:24 : Group: MasterChief: we can stash it at my base?
23:42:31 : Group: MasterChief: Rock base :)
23:42:36 : Group: MasterChief: U
23:42:38 : Group: MasterChief: yes
23:42:44 : Group: MasterChief: No
23:43:15 : Group: MasterChief: uh
23:43:17 : Group: MasterChief: once sec
23:43:27 : Group: MasterChief: 128
23:43:44 : Group: MasterChief: ..
23:43:49 : Group: MasterChief: write it down :P
23:43:56 : Group: MasterChief: yeah :p
23:44:06 : Group: MasterChief: No one can get in 
23:44:25 : Group: MasterChief: yeah
23:44:31 : Group: MasterChief: yeah
23:44:38 : Group: MasterChief: ima get off too
23:44:49 : Group: MasterChief: I wont take it out..
23:45:28 : Side: MasterChief: im out :p bye bob have fun
23:45:35 : Side: BobTheBoss: good night m8
23:49:07 : Side: [NSG] Bdoodb: bob?
23:49:13 : Side: BobTheBoss: boob?
23:49:17 : Side: [NSG] Bdoodb: huehue
23:49:21 : Side: [NSG] Bdoodb: you a friendly guy?
23:49:28 : Side: BobTheBoss: in sidechat yes
23:49:35 : Side: BobTheBoss: not necessary if you are at my scope :D
23:49:37 : Side: [NSG] Bdoodb: friendly with your shooting
23:49:48 : Side: BobTheBoss: i wont shoot you, no worries =)
23:50:01 : Side: [NSG] Bdoodb: you so nice :D
23:50:17 : Side: [NSG] Bdoodb: question, where abouts are you in the map, north? northeaset?
23:50:30 : Side: BobTheBoss: nw/n about
23:50:47 : Side: [NSG] Bdoodb: that is about where i am at
23:51:05 : Side: BobTheBoss: if you wont shoot at me i wont shoot at you :D
23:51:23 : Side: [NSG] Bdoodb: deal :) i hope you arnt at my base tho :o
23:51:36 : Side: BobTheBoss: that base next to NW af?
23:51:54 : Side: [NSG] Bdoodb: not directly
23:52:07 : Side: BobTheBoss: about 1km away from it anyway , at that town
23:52:18 : Side: [NSG] Bdoodb: your at bash?
23:52:27 : Side: BobTheBoss: no, i just got here yesterday
23:52:41 : Side: [NSG] Bdoodb: you are new here?
23:52:46 : Side: BobTheBoss: yes
23:52:59 : Side: [NSG] Bdoodb: lol we should totally do base sharing
23:53:06 : Side: [NSG] Bdoodb: unless yuou have a base
23:53:29 : Side: BobTheBoss: i already have a small one
23:53:43 : Side: [NSG] Bdoodb: i do too a little lol
23:54:47 : Side: [NSG] Bdoodb: you south of nwaf>?
23:54:57 : Side: BobTheBoss: y
23:55:16 : Side: [NSG] Bdoodb: just so i dont get supprised lol
23:55:32 : Side: [NSG] Bdoodb: im very protective of my base because some guys where camping it :/
23:55:40 : Side: BobTheBoss: already? =)
23:55:54 : Side: [NSG] Bdoodb: well aparently i suck at blending in
23:56:19 : Side: BobTheBoss: logging out now
23:56:23 : Side: BobTheBoss: coming back after
23:56:25 : Side: [NSG] Bdoodb: okay :p
