00:00:02 : Lost Connection!
﻿00:00:02 : Closing socket & exiting!
﻿03:15:55 : Rcon client logging in
﻿03:15:55 : RCon admin #0 (127.0.0.1:55973) logged in
﻿03:16:05 : RCon admin #0: (Global) .:DoC:. Overpoch server visit http://drinkinoutacups.com/
﻿03:20:55 : RCon admin #0: (Global) .:DoC:. Server restarts every 3 hrs starting at 12am PST
﻿03:26:05 : RCon admin #0: (Global) .:DoC:. Overpoch server visit http://drinkinoutacups.com/
﻿03:30:55 : RCon admin #0: (Global) .:DoC:. Server restarts every 3 hrs starting at 12am PST
﻿03:36:05 : RCon admin #0: (Global) .:DoC:. Overpoch server visit http://drinkinoutacups.com/
﻿03:40:55 : RCon admin #0: (Global) .:DoC:. Server restarts every 3 hrs starting at 12am PST
﻿03:41:18 : Player #0 ConnorNisbet disconnected
﻿03:46:05 : RCon admin #0: (Global) .:DoC:. Overpoch server visit http://drinkinoutacups.com/
﻿03:50:55 : RCon admin #0: (Global) .:DoC:. Server restarts every 3 hrs starting at 12am PST
﻿03:56:05 : RCon admin #0: (Global) .:DoC:. Overpoch server visit http://drinkinoutacups.com/
﻿04:00:00 : RCon admin #0: (Global) .:DoC:. Server restarts in 2 hours
﻿04:00:55 : RCon admin #0: (Global) .:DoC:. Server restarts every 3 hrs starting at 12am PST
﻿04:01:00 : Player #0 MasterChief (50.54.77.96:2304) connected
﻿04:01:01 : Player #0 MasterChief - GUID: 9f05d38b2e454829aafa8cc12b8371a0 (unverified)
﻿04:01:02 : Verified GUID (9f05d38b2e454829aafa8cc12b8371a0) of player #0 MasterChief
﻿04:01:02 : Player #0 MasterChief - Legacy GUID: bf2e3cc1fe99153ef90e6345cb37e484
﻿04:06:05 : RCon admin #0: (Global) .:DoC:. Overpoch server visit http://drinkinoutacups.com/
﻿04:09:52 : Player #2 <[IDC]> Revixy (89.150.152.22:2304) connected
﻿04:09:55 : Player #2 <[IDC]> Revixy - Legacy GUID: fbbecc0bfe5b93f3bd2be72b308e26ad
﻿04:09:56 : Player #2 <[IDC]> Revixy - GUID: 384e3dc7eed8d13c94b11b20f2e8ca46 (unverified)
﻿04:09:58 : Verified GUID (384e3dc7eed8d13c94b11b20f2e8ca46) of player #2 <[IDC]> Revixy
﻿04:10:55 : RCon admin #0: (Global) .:DoC:. Server restarts every 3 hrs starting at 12am PST
﻿04:16:05 : RCon admin #0: (Global) .:DoC:. Overpoch server visit http://drinkinoutacups.com/
﻿04:20:55 : RCon admin #0: (Global) .:DoC:. Server restarts every 3 hrs starting at 12am PST
﻿04:26:05 : RCon admin #0: (Global) .:DoC:. Overpoch server visit http://drinkinoutacups.com/
﻿04:36:05 : RCon admin #0: (Global) .:DoC:. Overpoch server visit http://drinkinoutacups.com/
﻿04:46:05 : RCon admin #0: (Global) .:DoC:. Overpoch server visit http://drinkinoutacups.com/
﻿04:53:22 : Player #3 jetBlue (73.2.122.245:2304) connected
﻿04:53:23 : Player #3 jetBlue - GUID: 709bab312aa3844f20aa06b352f9109f (unverified)
﻿04:53:23 : Verified GUID (709bab312aa3844f20aa06b352f9109f) of player #3 jetBlue
﻿04:53:25 : Player #3 jetBlue - Legacy GUID: 57584c345b9fcf06bdf29c408e6bfe3f
﻿04:56:05 : RCon admin #0: (Global) .:DoC:. Overpoch server visit http://drinkinoutacups.com/
﻿05:00:00 : RCon admin #0: (Global) .:DoC:. Server restarts in 1 hours
﻿05:04:27 : Player #2 <[IDC]> Revixy disconnected
﻿05:06:05 : RCon admin #0: (Global) .:DoC:. Overpoch server visit http://drinkinoutacups.com/
﻿05:16:05 : RCon admin #0: (Global) .:DoC:. Overpoch server visit http://drinkinoutacups.com/
﻿05:18:46 : Player #2 red beret (24.239.58.100:2304) connected
﻿05:18:47 : Player #2 red beret - GUID: a1c207391eb02db8acaa6d0ef3dbaa68 (unverified)
﻿05:18:47 : Verified GUID (a1c207391eb02db8acaa6d0ef3dbaa68) of player #2 red beret
﻿05:18:47 : Player #2 red beret - Owner GUID: 1f1bd295ebaee9b0d898f3412f9e79f4
﻿05:18:47 : Player #4 <[IDC]> Revixy (89.150.152.22:2304) connected
﻿05:18:48 : Player #2 red beret - Legacy GUID: 1f47515801f344af4ef4983fa0890d1b
﻿05:18:48 : Player #4 <[IDC]> Revixy - GUID: 384e3dc7eed8d13c94b11b20f2e8ca46 (unverified)
﻿05:18:49 : Verified GUID (384e3dc7eed8d13c94b11b20f2e8ca46) of player #4 <[IDC]> Revixy
﻿05:18:50 : Player #4 <[IDC]> Revixy - Legacy GUID: fbbecc0bfe5b93f3bd2be72b308e26ad
﻿05:26:05 : RCon admin #0: (Global) .:DoC:. Overpoch server visit http://drinkinoutacups.com/
﻿05:30:00 : RCon admin #0: (Global) .:DoC:. Server restarts in 30 minutes
﻿05:31:56 : Player #5 William (67.167.109.10:2304) connected
﻿05:31:57 : Player #5 William - GUID: 1475c6a2a155bb0c4d83d8b0d6112972 (unverified)
﻿05:31:57 : Verified GUID (1475c6a2a155bb0c4d83d8b0d6112972) of player #5 William
﻿05:31:58 : Player #5 William - Legacy GUID: a5a1ff35a62b809e78a33390e127de40
﻿05:31:58 : Player #5 William disconnected
﻿05:36:05 : RCon admin #0: (Global) .:DoC:. Overpoch server visit http://drinkinoutacups.com/
﻿05:43:52 : Player #1 SandReaper disconnected
﻿05:45:00 : RCon admin #0: (Global) .:DoC:. Server restarts in 15 minutes
﻿05:46:05 : RCon admin #0: (Global) .:DoC:. Overpoch server visit http://drinkinoutacups.com/
﻿05:50:00 : RCon admin #0: (Global) .:DoC:. Server restarts in 10 minutes
﻿05:52:33 : Player #4 <[IDC]> Revixy disconnected
﻿05:55:00 : RCon admin #0: (Global) .:DoC:. Server restarts in 5 minutes. Stop all vehicles and get out!
﻿05:56:05 : RCon admin #0: (Global) .:DoC:. Overpoch server visit http://drinkinoutacups.com/
﻿05:59:00 : RCon admin #0: (Global) .:DoC:. Server restarts in 1 minutes. Hit ESC to save your character
﻿06:00:01 : Lost Connection!
﻿06:00:01 : Closing socket & exiting!
﻿06:01:12 : Rcon client logging in
﻿06:01:12 : RCon admin #0 (127.0.0.1:62757) logged in
﻿06:01:17 : RCon admin #1 (24.7.165.67:56507) logged in
﻿06:01:22 : RCon admin #0: (Global) .:DoC:. Overpoch server visit http://drinkinoutacups.com/
﻿06:03:22 : Player #0 MasterChief (50.54.77.96:2304) connected
﻿06:03:23 : Player #0 MasterChief - GUID: 9f05d38b2e454829aafa8cc12b8371a0 (unverified)
﻿06:03:23 : Verified GUID (9f05d38b2e454829aafa8cc12b8371a0) of player #0 MasterChief
﻿06:03:23 : Player #0 MasterChief - Legacy GUID: bf2e3cc1fe99153ef90e6345cb37e484
﻿06:05:50 : No Valid response. Trying to reconnect.!
﻿06:05:50 : Rcon client logging in
﻿06:05:50 : RCon admin #1 (127.0.0.1:62757) logged in
﻿06:06:12 : RCon admin #1: (Global) .:DoC:. Server restarts every 3 hrs starting at 12am PST
﻿06:06:53 : Player #0 MasterChief disconnected
﻿06:08:04 : Player #0 SandReaper (71.199.99.212:2304) connected
﻿06:08:05 : Player #0 SandReaper - GUID: 7b3b5d5f353cf7676aab6e240591671a (unverified)
﻿06:08:06 : Verified GUID (7b3b5d5f353cf7676aab6e240591671a) of player #0 SandReaper
﻿06:08:06 : Player #0 SandReaper - Legacy GUID: e924ca2ad1b201b25a900fffc98c1ac5
﻿06:09:01 : Player #2 MasterChief (50.54.77.96:2304) connected
﻿06:09:02 : Player #2 MasterChief - GUID: 9f05d38b2e454829aafa8cc12b8371a0 (unverified)
﻿06:09:02 : Verified GUID (9f05d38b2e454829aafa8cc12b8371a0) of player #2 MasterChief
﻿06:09:03 : Player #2 MasterChief - Legacy GUID: bf2e3cc1fe99153ef90e6345cb37e484
﻿06:11:22 : RCon admin #1: (Global) .:DoC:. Overpoch server visit http://drinkinoutacups.com/
﻿06:16:13 : RCon admin #1: (Global) .:DoC:. Server restarts every 3 hrs starting at 12am PST
﻿06:21:22 : RCon admin #1: (Global) .:DoC:. Overpoch server visit http://drinkinoutacups.com/
﻿06:25:41 : Player #3 Offizier Komanov (82.82.225.107:2304) connected
﻿06:25:41 : RCon admin #2 (73.175.154.94:59528) logged in
﻿06:25:42 : Player #3 Offizier Komanov - GUID: d4d719f59e6d244be0cd0adc09796a67 (unverified)
﻿06:25:42 : Verified GUID (d4d719f59e6d244be0cd0adc09796a67) of player #3 Offizier Komanov
﻿06:25:43 : Player #3 Offizier Komanov - Legacy GUID: 539a72fb483f8469981e88e9c408cdfc
﻿06:26:13 : RCon admin #1: (Global) .:DoC:. Server restarts every 3 hrs starting at 12am PST
﻿06:30:15 : RCon admin #2: (Global) [DaRT] You've still got time before I come in and read the logs Master Cheats.
﻿06:30:20 : RCon admin #2: (Global) [DaRT] I gotta make coffee.
﻿06:31:22 : RCon admin #1: (Global) .:DoC:. Overpoch server visit http://drinkinoutacups.com/
﻿06:32:05 : RCon admin #2: (Global) [DaRT] I betcha a dollar you've used more tools than just lower terrain
﻿06:33:22 : RCon admin #2: (Global) [DaRT] Some buildings exist during the building phase, most notably sheds
﻿06:33:31 : RCon admin #2: (Global) [DaRT] If you hit yourself hard enough with them you will hurt yourself
﻿06:34:02 : RCon admin #2: (Global) [DaRT]  They're probably grabbing onto the wrong thing
﻿06:34:15 : RCon admin #2: (Global) [DaRT] And yes, sandbags are pre-epoch
﻿06:36:12 : RCon admin #2: (Global) [DaRT] Ahh damnit
﻿06:36:13 : RCon admin #1: (Global) .:DoC:. Server restarts every 3 hrs starting at 12am PST
﻿06:36:22 : RCon admin #2: (Global) [DaRT] I was gonna jam some Skyrim but King's using it
﻿06:36:44 : RCon admin #2: (Global) [DaRT] Sometimes
﻿06:37:21 : RCon admin #2: (Global) [DaBethum] Sorry, there
﻿06:38:35 : Player #4 DaBethum (73.175.154.94:2304) connected
﻿06:38:36 : Player #4 DaBethum - GUID: 742b776f3e650847db12c4b20a384d86 (unverified)
﻿06:38:36 : Verified GUID (742b776f3e650847db12c4b20a384d86) of player #4 DaBethum
﻿06:38:37 : Player #4 DaBethum - Legacy GUID: ddd0a79f185c67916d68bdd6c94aaec3
﻿06:38:38 : Player #4 DaBethum disconnected
﻿06:40:26 : RCon admin #2: (Global) [DaBethum] "MasterChief: come get the wood" - Pervert.
﻿06:41:04 : Player #4 DaBethum (73.175.154.94:2304) connected
﻿06:41:05 : Player #4 DaBethum - GUID: 742b776f3e650847db12c4b20a384d86 (unverified)
﻿06:41:05 : Verified GUID (742b776f3e650847db12c4b20a384d86) of player #4 DaBethum
﻿06:41:06 : Player #4 DaBethum - Legacy GUID: ddd0a79f185c67916d68bdd6c94aaec3
﻿06:41:14 : Player #4 DaBethum disconnected
﻿06:41:22 : RCon admin #1: (Global) .:DoC:. Overpoch server visit http://drinkinoutacups.com/
﻿06:41:44 : Player #4 DaBethum (73.175.154.94:2304) connected
﻿06:41:45 : Player #4 DaBethum - GUID: 742b776f3e650847db12c4b20a384d86 (unverified)
﻿06:41:45 : Verified GUID (742b776f3e650847db12c4b20a384d86) of player #4 DaBethum
﻿06:41:46 : Player #4 DaBethum - Legacy GUID: ddd0a79f185c67916d68bdd6c94aaec3
﻿06:46:13 : RCon admin #1: (Global) .:DoC:. Server restarts every 3 hrs starting at 12am PST
﻿06:51:23 : RCon admin #1: (Global) .:DoC:. Overpoch server visit http://drinkinoutacups.com/
﻿06:52:59 : Player #3 Offizier Komanov disconnected
﻿06:53:25 : RCon admin #3 (24.7.165.67:52763) logged in
﻿06:53:25 : RCon admin #4 (73.175.154.94:62369) logged in
﻿06:56:13 : RCon admin #1: (Global) .:DoC:. Server restarts every 3 hrs starting at 12am PST
﻿07:00:00 : RCon admin #1: (Global) .:DoC:. Server restarts in 2 hours
﻿07:01:22 : RCon admin #1: (Global) .:DoC:. Overpoch server visit http://drinkinoutacups.com/
﻿07:06:12 : RCon admin #1: (Global) .:DoC:. Server restarts every 3 hrs starting at 12am PST
﻿07:10:41 : Player #1 red beret (1f1bd295ebaee9b0d898f3412f9e79f4) has been kicked by BattlEye: Admin Kick (Admin Kick)
﻿07:10:51 : Player #2 MasterChief (9f05d38b2e454829aafa8cc12b8371a0) has been kicked by BattlEye: Admin Ban ([DaBethum] Banned for 1 minute(s).)
﻿07:11:22 : RCon admin #1: (Global) .:DoC:. Overpoch server visit http://drinkinoutacups.com/
﻿07:12:14 : Player #1 MasterChief (50.54.77.96:2304) connected
﻿07:12:15 : Player #1 MasterChief - GUID: 9f05d38b2e454829aafa8cc12b8371a0 (unverified)
﻿07:12:15 : Verified GUID (9f05d38b2e454829aafa8cc12b8371a0) of player #1 MasterChief
﻿07:12:16 : Player #1 MasterChief - Legacy GUID: bf2e3cc1fe99153ef90e6345cb37e484
﻿07:14:00 : Player #2 red beret (24.239.58.100:2304) connected
﻿07:14:00 : Player #2 red beret - GUID: a1c207391eb02db8acaa6d0ef3dbaa68 (unverified)
﻿07:14:01 : Verified GUID (a1c207391eb02db8acaa6d0ef3dbaa68) of player #2 red beret
﻿07:14:01 : Player #2 red beret - Owner GUID: 1f1bd295ebaee9b0d898f3412f9e79f4
﻿07:14:02 : Player #2 red beret - Legacy GUID: 1f47515801f344af4ef4983fa0890d1b
﻿07:21:22 : RCon admin #1: (Global) .:DoC:. Overpoch server visit http://drinkinoutacups.com/
﻿07:31:23 : RCon admin #1: (Global) .:DoC:. Overpoch server visit http://drinkinoutacups.com/
﻿07:33:21 : Player #3 <[IDC]> Revixy (89.150.152.22:2304) connected
﻿07:33:22 : Player #3 <[IDC]> Revixy - GUID: 384e3dc7eed8d13c94b11b20f2e8ca46 (unverified)
﻿07:33:23 : Verified GUID (384e3dc7eed8d13c94b11b20f2e8ca46) of player #3 <[IDC]> Revixy
﻿07:33:23 : Player #3 <[IDC]> Revixy - Legacy GUID: fbbecc0bfe5b93f3bd2be72b308e26ad
﻿07:40:57 : Player #2 red beret disconnected
﻿07:41:22 : RCon admin #1: (Global) .:DoC:. Overpoch server visit http://drinkinoutacups.com/
﻿07:47:06 : RCon admin #0 (24.7.165.67:54639) logged in
﻿07:47:07 : RCon admin #2 (73.175.154.94:62269) logged in
﻿07:51:23 : RCon admin #1: (Global) .:DoC:. Overpoch server visit http://drinkinoutacups.com/
﻿07:54:04 : Player #2 Shikyo (180.51.224.131:2304) connected
﻿07:54:05 : Player #2 Shikyo - GUID: 7ea661ead86c18ae4b832a43da56c3f4 (unverified)
﻿07:54:05 : Verified GUID (7ea661ead86c18ae4b832a43da56c3f4) of player #2 Shikyo
﻿07:54:06 : Player #2 Shikyo - Legacy GUID: 083e97b2ebcd6de06ec8e77250f95264
﻿07:54:06 : Player #2 Shikyo disconnected
﻿07:56:24 : Player #2 Shikyo (180.51.224.131:2304) connected
﻿07:56:26 : Player #2 Shikyo - GUID: 7ea661ead86c18ae4b832a43da56c3f4 (unverified)
﻿07:56:26 : Verified GUID (7ea661ead86c18ae4b832a43da56c3f4) of player #2 Shikyo
﻿07:56:27 : Player #2 Shikyo - Legacy GUID: 083e97b2ebcd6de06ec8e77250f95264
﻿08:00:00 : RCon admin #1: (Global) .:DoC:. Server restarts in 1 hours
﻿08:01:22 : RCon admin #1: (Global) .:DoC:. Overpoch server visit http://drinkinoutacups.com/
﻿08:04:35 : Player #2 Shikyo disconnected
﻿08:05:01 : RCon admin #3 (73.175.154.94:56091) logged in
﻿08:11:22 : RCon admin #1: (Global) .:DoC:. Overpoch server visit http://drinkinoutacups.com/
﻿08:21:22 : RCon admin #1: (Global) .:DoC:. Overpoch server visit http://drinkinoutacups.com/
﻿08:30:00 : RCon admin #1: (Global) .:DoC:. Server restarts in 30 minutes
﻿08:31:22 : RCon admin #1: (Global) .:DoC:. Overpoch server visit http://drinkinoutacups.com/
﻿08:38:48 : Player #2 KyleMo98 (14.202.0.47:2304) connected
﻿08:38:49 : Player #2 KyleMo98 - GUID: 9234f416882a4b80b2883f95bb2af67c (unverified)
﻿08:38:49 : Player #2 KyleMo98 (9234f416882a4b80b2883f95bb2af67c) has been kicked by BattlEye: Admin Kick (BEC : Your player name can not contain any of the chars:{}()0123)
﻿08:41:16 : Player #2 KyleMo98 (14.202.0.47:2304) connected
﻿08:41:17 : Player #2 KyleMo98 - GUID: 9234f416882a4b80b2883f95bb2af67c (unverified)
﻿08:41:18 : Player #2 KyleMo98 (9234f416882a4b80b2883f95bb2af67c) has been kicked by BattlEye: Admin Kick (BEC : Your player name can not contain any of the chars:{}()0123)
﻿08:41:22 : RCon admin #1: (Global) .:DoC:. Overpoch server visit http://drinkinoutacups.com/
﻿08:45:00 : RCon admin #1: (Global) .:DoC:. Server restarts in 15 minutes
﻿08:50:00 : RCon admin #1: (Global) .:DoC:. Server restarts in 10 minutes
﻿08:51:22 : RCon admin #1: (Global) .:DoC:. Overpoch server visit http://drinkinoutacups.com/
﻿08:54:38 : RCon admin #2 (73.175.154.94:63832) logged in
﻿08:55:00 : RCon admin #1: (Global) .:DoC:. Server restarts in 5 minutes. Stop all vehicles and get out!
﻿08:55:36 : Player #3 <[IDC]> Revixy disconnected
﻿08:56:31 : Could not connect to BE Master
﻿08:56:31 : Update attempt failed
﻿08:59:00 : RCon admin #1: (Global) .:DoC:. Server restarts in 1 minutes. Hit ESC to save your character
﻿08:59:04 : Player #1 MasterChief disconnected
﻿08:59:18 : Player #0 SandReaper disconnected
﻿09:00:02 : Lost Connection!
﻿09:00:02 : Closing socket & exiting!
﻿09:01:13 : Rcon client logging in
﻿09:01:13 : RCon admin #2 (127.0.0.1:62088) logged in
﻿09:01:23 : RCon admin #2: (Global) .:DoC:. Overpoch server visit http://drinkinoutacups.com/
﻿09:02:57 : Player #0 SandReaper (71.199.99.212:2304) connected
﻿09:02:58 : Player #0 SandReaper - Legacy GUID: e924ca2ad1b201b25a900fffc98c1ac5
﻿09:02:58 : Player #0 SandReaper - GUID: 7b3b5d5f353cf7676aab6e240591671a (unverified)
﻿09:02:59 : Verified GUID (7b3b5d5f353cf7676aab6e240591671a) of player #0 SandReaper
﻿09:03:04 : Player #0 SandReaper disconnected
﻿09:04:37 : Player #0 MasterChief (50.54.77.96:2304) connected
﻿09:04:38 : Player #0 MasterChief - Legacy GUID: bf2e3cc1fe99153ef90e6345cb37e484
﻿09:04:39 : Player #0 MasterChief - GUID: 9f05d38b2e454829aafa8cc12b8371a0 (unverified)
﻿09:04:39 : Verified GUID (9f05d38b2e454829aafa8cc12b8371a0) of player #0 MasterChief
﻿09:04:44 : Player #0 MasterChief disconnected
﻿09:06:13 : RCon admin #2: (Global) .:DoC:. Server restarts every 3 hrs starting at 12am PST
﻿09:06:17 : Player #0 SandReaper (71.199.99.212:2304) connected
﻿09:06:18 : Player #0 SandReaper - GUID: 7b3b5d5f353cf7676aab6e240591671a (unverified)
﻿09:06:18 : Verified GUID (7b3b5d5f353cf7676aab6e240591671a) of player #0 SandReaper
﻿09:06:18 : Player #0 SandReaper - Legacy GUID: e924ca2ad1b201b25a900fffc98c1ac5
﻿09:07:41 : Player #1 MasterChief (50.54.77.96:2304) connected
﻿09:07:42 : Player #1 MasterChief - GUID: 9f05d38b2e454829aafa8cc12b8371a0 (unverified)
﻿09:07:42 : Verified GUID (9f05d38b2e454829aafa8cc12b8371a0) of player #1 MasterChief
﻿09:07:43 : Player #1 MasterChief - Legacy GUID: bf2e3cc1fe99153ef90e6345cb37e484
﻿09:11:23 : RCon admin #2: (Global) .:DoC:. Overpoch server visit http://drinkinoutacups.com/
﻿09:12:34 : Player #2 DaBethum (73.175.154.94:2304) connected
﻿09:12:35 : Player #2 DaBethum - GUID: 742b776f3e650847db12c4b20a384d86 (unverified)
﻿09:12:36 : Verified GUID (742b776f3e650847db12c4b20a384d86) of player #2 DaBethum
﻿09:12:36 : Player #2 DaBethum - Legacy GUID: ddd0a79f185c67916d68bdd6c94aaec3
﻿09:12:41 : Player #2 DaBethum disconnected
﻿09:14:10 : Player #2 DaBethum (73.175.154.94:2304) connected
﻿09:14:11 : Player #2 DaBethum - GUID: 742b776f3e650847db12c4b20a384d86 (unverified)
﻿09:14:11 : Verified GUID (742b776f3e650847db12c4b20a384d86) of player #2 DaBethum
﻿09:14:12 : Player #2 DaBethum - Legacy GUID: ddd0a79f185c67916d68bdd6c94aaec3
﻿09:15:59 : Player #3 <[IDC]> Revixy (89.150.152.22:2304) connected
﻿09:16:00 : Player #3 <[IDC]> Revixy - GUID: 384e3dc7eed8d13c94b11b20f2e8ca46 (unverified)
﻿09:16:01 : Verified GUID (384e3dc7eed8d13c94b11b20f2e8ca46) of player #3 <[IDC]> Revixy
﻿09:16:01 : Player #3 <[IDC]> Revixy - Legacy GUID: fbbecc0bfe5b93f3bd2be72b308e26ad
﻿09:16:13 : RCon admin #2: (Global) .:DoC:. Server restarts every 3 hrs starting at 12am PST
﻿09:21:23 : RCon admin #2: (Global) .:DoC:. Overpoch server visit http://drinkinoutacups.com/
﻿09:26:13 : RCon admin #2: (Global) .:DoC:. Server restarts every 3 hrs starting at 12am PST
﻿09:31:23 : RCon admin #2: (Global) .:DoC:. Overpoch server visit http://drinkinoutacups.com/
﻿09:36:13 : RCon admin #2: (Global) .:DoC:. Server restarts every 3 hrs starting at 12am PST
﻿09:41:23 : RCon admin #2: (Global) .:DoC:. Overpoch server visit http://drinkinoutacups.com/
﻿09:46:13 : RCon admin #2: (Global) .:DoC:. Server restarts every 3 hrs starting at 12am PST
﻿09:51:23 : RCon admin #2: (Global) .:DoC:. Overpoch server visit http://drinkinoutacups.com/
﻿09:54:03 : Player #4 TufStuf (68.98.124.101:2304) connected
﻿09:54:04 : Player #4 TufStuf - GUID: 7c678f617842e1f653635ebdbd210e46 (unverified)
﻿09:54:05 : Verified GUID (7c678f617842e1f653635ebdbd210e46) of player #4 TufStuf
﻿09:54:05 : Player #4 TufStuf disconnected
﻿09:56:13 : RCon admin #2: (Global) .:DoC:. Server restarts every 3 hrs starting at 12am PST
﻿10:00:00 : RCon admin #2: (Global) .:DoC:. Server restarts in 2 hours
﻿10:01:23 : RCon admin #2: (Global) .:DoC:. Overpoch server visit http://drinkinoutacups.com/
﻿10:03:22 : Player #3 <[IDC]> Revixy disconnected
﻿10:06:13 : RCon admin #2: (Global) .:DoC:. Server restarts every 3 hrs starting at 12am PST
﻿10:11:23 : RCon admin #2: (Global) .:DoC:. Overpoch server visit http://drinkinoutacups.com/
﻿10:12:51 : RCon admin #3 (73.175.154.94:63076) logged in
﻿10:12:51 : RCon admin #4 (24.7.165.67:57624) logged in
﻿10:16:23 : RCon admin #0 (73.175.154.94:53750) logged in
﻿10:16:23 : RCon admin #1 (24.7.165.67:49613) logged in
﻿10:16:57 : Player #3 <[IDC]> Revixy (89.150.152.22:2304) connected
﻿10:16:58 : Player #3 <[IDC]> Revixy - GUID: 384e3dc7eed8d13c94b11b20f2e8ca46 (unverified)
﻿10:16:59 : Verified GUID (384e3dc7eed8d13c94b11b20f2e8ca46) of player #3 <[IDC]> Revixy
﻿10:17:00 : Player #3 <[IDC]> Revixy - Legacy GUID: fbbecc0bfe5b93f3bd2be72b308e26ad
﻿10:20:21 : RCon admin #3 (24.7.165.67:60825) logged in
﻿10:21:23 : RCon admin #2: (Global) .:DoC:. Overpoch server visit http://drinkinoutacups.com/
﻿10:31:23 : RCon admin #2: (Global) .:DoC:. Overpoch server visit http://drinkinoutacups.com/
﻿10:41:23 : RCon admin #2: (Global) .:DoC:. Overpoch server visit http://drinkinoutacups.com/
﻿10:51:23 : RCon admin #2: (Global) .:DoC:. Overpoch server visit http://drinkinoutacups.com/
﻿10:54:07 : RCon admin #1 (73.175.154.94:61563) logged in
﻿10:54:07 : RCon admin #4 (24.7.165.67:62197) logged in
﻿10:59:07 : RCon admin #0 (24.7.165.67:52941) logged in
﻿11:00:00 : RCon admin #2: (Global) .:DoC:. Server restarts in 1 hours
﻿11:01:23 : RCon admin #2: (Global) .:DoC:. Overpoch server visit http://drinkinoutacups.com/
﻿11:04:16 : RCon admin #3 (73.175.154.94:53624) logged in
﻿11:04:17 : RCon admin #4 (24.7.165.67:49497) logged in
﻿11:11:23 : RCon admin #2: (Global) .:DoC:. Overpoch server visit http://drinkinoutacups.com/
﻿11:16:17 : Player #4 hampuz (85.227.134.111:2304) connected
﻿11:16:18 : Player #4 hampuz - GUID: 2205a3ef83c61033eeb504e6524a0e56 (unverified)
﻿11:16:19 : Verified GUID (2205a3ef83c61033eeb504e6524a0e56) of player #4 hampuz
﻿11:16:20 : Player #4 hampuz - Legacy GUID: dc9d62215193a6b327ad061927625172
﻿11:17:18 : Player #1 MasterChief disconnected
﻿11:18:02 : Player #1 MasterChief (50.54.77.96:2304) connected
﻿11:18:03 : Player #1 MasterChief - GUID: 9f05d38b2e454829aafa8cc12b8371a0 (unverified)
﻿11:18:04 : Verified GUID (9f05d38b2e454829aafa8cc12b8371a0) of player #1 MasterChief
﻿11:18:05 : Player #1 MasterChief - Legacy GUID: bf2e3cc1fe99153ef90e6345cb37e484
﻿11:20:45 : RCon admin #2: (To DaBethum) BEC : You have about 60 seconds left to join the mission.
﻿11:21:14 : RCon admin #2: (To DaBethum) BEC : You have about 30 seconds left to join the mission.
﻿11:21:23 : RCon admin #2: (Global) .:DoC:. Overpoch server visit http://drinkinoutacups.com/
﻿11:21:29 : RCon admin #2: (To DaBethum) BEC : You have about 15 seconds left to join the mission.
﻿11:21:45 : Player #2 DaBethum (742b776f3e650847db12c4b20a384d86) has been kicked by BattlEye: Admin Kick (BEC : Lobby idling to long)
﻿11:30:00 : RCon admin #2: (Global) .:DoC:. Server restarts in 30 minutes
﻿11:31:23 : RCon admin #2: (Global) .:DoC:. Overpoch server visit http://drinkinoutacups.com/
﻿11:31:37 : Player #2 DaBethum (73.175.154.94:2304) connected
﻿11:31:38 : Player #2 DaBethum - GUID: 742b776f3e650847db12c4b20a384d86 (unverified)
﻿11:31:39 : Verified GUID (742b776f3e650847db12c4b20a384d86) of player #2 DaBethum
﻿11:31:40 : Player #2 DaBethum - Legacy GUID: ddd0a79f185c67916d68bdd6c94aaec3
﻿11:35:33 : RCon admin #0 (73.175.154.94:55265) logged in
﻿11:35:33 : RCon admin #1 (24.7.165.67:60160) logged in
﻿11:36:03 : RCon admin #2: (To MasterChief) BEC : Warning. You are spamming the Group-chat channel and will be kicked for continued spam.
﻿11:41:23 : RCon admin #2: (Global) .:DoC:. Overpoch server visit http://drinkinoutacups.com/
﻿11:42:32 : Player #5 Paradox (93.221.121.22:2304) connected
﻿11:42:33 : Player #5 Paradox - GUID: 291810948a227d9d3f49282af332fda0 (unverified)
﻿11:42:34 : Verified GUID (291810948a227d9d3f49282af332fda0) of player #5 Paradox
﻿11:44:11 : Player #0 SandReaper disconnected
﻿11:44:57 : Player #3 <[IDC]> Revixy disconnected
﻿11:45:00 : RCon admin #2: (Global) .:DoC:. Server restarts in 15 minutes
﻿11:47:18 : Player #0 <[IDC]> The King (100.42.248.173:2304) connected
﻿11:47:19 : Player #0 <[IDC]> The King - GUID: 6b653acfe4652124ac711fe8235760cf (unverified)
﻿11:47:19 : Verified GUID (6b653acfe4652124ac711fe8235760cf) of player #0 <[IDC]> The King
﻿11:47:20 : Player #0 <[IDC]> The King - Legacy GUID: 869e79a5d29bc0ed5a3d61b88e0c2390
﻿11:48:32 : Player #3 Jovany (67.49.75.59:2304) connected
﻿11:48:33 : Player #3 Jovany - GUID: e0ca6dc68b9f13202c3417260830e819 (unverified)
﻿11:48:33 : Verified GUID (e0ca6dc68b9f13202c3417260830e819) of player #3 Jovany
﻿11:48:34 : Player #3 Jovany - Legacy GUID: 9f999cecb3f86342ea8ff4ee3454c5ea
﻿11:50:00 : RCon admin #2: (Global) .:DoC:. Server restarts in 10 minutes
﻿11:50:24 : Player #3 Jovany disconnected
﻿11:50:45 : Player #3 Cpt.Slaymore (73.42.159.100:2304) connected
﻿11:50:46 : Player #3 Cpt.Slaymore - GUID: e341d0f4abebe864d07d36a0a8cec3c5 (unverified)
﻿11:50:46 : Verified GUID (e341d0f4abebe864d07d36a0a8cec3c5) of player #3 Cpt.Slaymore
﻿11:50:46 : Player #3 Cpt.Slaymore disconnected
﻿11:51:23 : RCon admin #2: (Global) .:DoC:. Overpoch server visit http://drinkinoutacups.com/
﻿11:51:35 : Player #4 hampuz disconnected
﻿11:55:00 : RCon admin #2: (Global) .:DoC:. Server restarts in 5 minutes. Stop all vehicles and get out!
﻿11:55:12 : Player #3 TheCommando1999 (72.201.136.140:2434) connected
﻿11:55:13 : Player #3 TheCommando1999 - GUID: ff34e0b8ef92e33cf148b444c47a3869 (unverified)
﻿11:55:13 : Player #3 TheCommando1999 (ff34e0b8ef92e33cf148b444c47a3869) has been kicked by BattlEye: Admin Kick (BEC : Your player name can not contain any of the chars:{}()0123)
﻿11:57:15 : Player #3 TheCommando1999 (72.201.136.140:2434) connected
﻿11:57:16 : Player #3 TheCommando1999 - GUID: ff34e0b8ef92e33cf148b444c47a3869 (unverified)
﻿11:57:16 : Player #3 TheCommando1999 (ff34e0b8ef92e33cf148b444c47a3869) has been kicked by BattlEye: Admin Kick (BEC : Your player name can not contain any of the chars:{}()0123)
﻿11:58:43 : Player #1 MasterChief disconnected
﻿11:59:00 : RCon admin #2: (Global) .:DoC:. Server restarts in 1 minutes. Hit ESC to save your character
﻿11:59:46 : Player #5 Paradox disconnected
﻿12:00:01 : Lost Connection!
﻿12:00:01 : Closing socket & exiting!
﻿12:01:11 : Rcon client logging in
﻿12:01:11 : RCon admin #2 (127.0.0.1:54913) logged in
﻿12:01:21 : RCon admin #2: (Global) .:DoC:. Overpoch server visit http://drinkinoutacups.com/
﻿12:01:39 : Player #0 DaBethum (73.175.154.94:2304) connected
﻿12:01:40 : Player #0 DaBethum - GUID: 742b776f3e650847db12c4b20a384d86 (unverified)
﻿12:01:40 : Verified GUID (742b776f3e650847db12c4b20a384d86) of player #0 DaBethum
﻿12:01:40 : Player #0 DaBethum - Legacy GUID: ddd0a79f185c67916d68bdd6c94aaec3
﻿12:03:29 : Player #1 hampuz (85.227.134.111:2304) connected
﻿12:03:30 : Player #1 hampuz - GUID: 2205a3ef83c61033eeb504e6524a0e56 (unverified)
﻿12:03:30 : Verified GUID (2205a3ef83c61033eeb504e6524a0e56) of player #1 hampuz
﻿12:03:31 : Player #1 hampuz - Legacy GUID: dc9d62215193a6b327ad061927625172
﻿12:05:25 : No Valid response. Trying to reconnect.!
﻿12:05:25 : Rcon client logging in
﻿12:05:25 : RCon admin #2 (127.0.0.1:54913) logged in
﻿12:05:46 : Player #2 MasterChief (50.54.77.96:2304) connected
﻿12:05:47 : Player #2 MasterChief - GUID: 9f05d38b2e454829aafa8cc12b8371a0 (unverified)
﻿12:05:47 : Verified GUID (9f05d38b2e454829aafa8cc12b8371a0) of player #2 MasterChief
﻿12:05:48 : Player #2 MasterChief - Legacy GUID: bf2e3cc1fe99153ef90e6345cb37e484
﻿12:06:11 : RCon admin #2: (Global) .:DoC:. Server restarts every 3 hrs starting at 12am PST
﻿12:07:51 : Player #3 <[IDC]> The King (100.42.248.173:2304) connected
﻿12:07:52 : Player #3 <[IDC]> The King - GUID: 6b653acfe4652124ac711fe8235760cf (unverified)
﻿12:07:52 : Verified GUID (6b653acfe4652124ac711fe8235760cf) of player #3 <[IDC]> The King
﻿12:07:53 : Player #3 <[IDC]> The King - Legacy GUID: 869e79a5d29bc0ed5a3d61b88e0c2390
﻿12:09:56 : Player #4 SandReaper (71.199.99.212:2304) connected
﻿12:09:57 : Player #4 SandReaper - GUID: 7b3b5d5f353cf7676aab6e240591671a (unverified)
﻿12:09:57 : Verified GUID (7b3b5d5f353cf7676aab6e240591671a) of player #4 SandReaper
﻿12:09:58 : Player #4 SandReaper - Legacy GUID: e924ca2ad1b201b25a900fffc98c1ac5
﻿12:11:21 : RCon admin #2: (Global) .:DoC:. Overpoch server visit http://drinkinoutacups.com/
﻿12:16:11 : RCon admin #2: (Global) .:DoC:. Server restarts every 3 hrs starting at 12am PST
﻿12:21:21 : RCon admin #2: (Global) .:DoC:. Overpoch server visit http://drinkinoutacups.com/
﻿12:26:11 : RCon admin #2: (Global) .:DoC:. Server restarts every 3 hrs starting at 12am PST
﻿12:31:21 : RCon admin #2: (Global) .:DoC:. Overpoch server visit http://drinkinoutacups.com/
﻿12:36:11 : RCon admin #2: (Global) .:DoC:. Server restarts every 3 hrs starting at 12am PST
﻿12:38:23 : Player #3 <[IDC]> The King disconnected
﻿12:38:42 : Player #2 MasterChief disconnected
﻿12:38:50 : Player #2 MasterChief (50.54.77.96:2304) connected
﻿12:38:51 : Player #2 MasterChief - GUID: 9f05d38b2e454829aafa8cc12b8371a0 (unverified)
﻿12:38:52 : Verified GUID (9f05d38b2e454829aafa8cc12b8371a0) of player #2 MasterChief
﻿12:38:53 : Player #2 MasterChief - Legacy GUID: bf2e3cc1fe99153ef90e6345cb37e484
﻿12:41:21 : RCon admin #2: (Global) .:DoC:. Overpoch server visit http://drinkinoutacups.com/
﻿12:46:11 : RCon admin #2: (Global) .:DoC:. Server restarts every 3 hrs starting at 12am PST
﻿12:49:08 : Player #2 MasterChief disconnected
﻿12:51:21 : RCon admin #2: (Global) .:DoC:. Overpoch server visit http://drinkinoutacups.com/
﻿12:56:11 : RCon admin #2: (Global) .:DoC:. Server restarts every 3 hrs starting at 12am PST
﻿13:00:00 : RCon admin #2: (Global) .:DoC:. Server restarts in 2 hours
﻿13:01:21 : RCon admin #2: (Global) .:DoC:. Overpoch server visit http://drinkinoutacups.com/
﻿13:06:11 : RCon admin #2: (Global) .:DoC:. Server restarts every 3 hrs starting at 12am PST
﻿13:11:21 : RCon admin #2: (Global) .:DoC:. Overpoch server visit http://drinkinoutacups.com/
﻿13:21:21 : RCon admin #2: (Global) .:DoC:. Overpoch server visit http://drinkinoutacups.com/
﻿13:23:47 : RCon admin #3 (73.175.154.94:54509) logged in
﻿13:28:18 : Player #2 ByMaster (201.11.82.208:2304) connected
﻿13:28:20 : Player #2 ByMaster - GUID: 4fa786e9cd6049bff9946557e8d0ec0c (unverified)
﻿13:28:20 : Verified GUID (4fa786e9cd6049bff9946557e8d0ec0c) of player #2 ByMaster
﻿13:28:21 : Player #2 ByMaster - Legacy GUID: b9cfeff83b4c493edeaef17846b74d0b
﻿13:28:21 : Player #2 ByMaster disconnected
﻿13:31:21 : RCon admin #2: (Global) .:DoC:. Overpoch server visit http://drinkinoutacups.com/
﻿13:41:21 : RCon admin #2: (Global) .:DoC:. Overpoch server visit http://drinkinoutacups.com/
﻿13:51:21 : RCon admin #2: (Global) .:DoC:. Overpoch server visit http://drinkinoutacups.com/
﻿14:00:00 : RCon admin #2: (Global) .:DoC:. Server restarts in 1 hours
﻿14:00:03 : Player #2 micheal (66.118.105.252:2304) connected
﻿14:00:04 : Player #2 micheal - GUID: f6dd8a5b6378696c230c9f89115aad71 (unverified)
﻿14:00:04 : Verified GUID (f6dd8a5b6378696c230c9f89115aad71) of player #2 micheal
﻿14:00:05 : Player #2 micheal disconnected
﻿14:01:21 : RCon admin #2: (Global) .:DoC:. Overpoch server visit http://drinkinoutacups.com/
﻿14:11:21 : RCon admin #2: (Global) .:DoC:. Overpoch server visit http://drinkinoutacups.com/
﻿14:13:32 : RCon admin #0 (73.175.154.94:62503) logged in
﻿14:14:03 : RCon admin #3 (24.7.165.67:57890) logged in
﻿14:17:51 : Player #2 Brandon (50.158.15.196:2304) connected
﻿14:17:52 : Player #2 Brandon - GUID: 7667d6c048953df8f3071b0bef6286db (unverified)
﻿14:17:53 : Verified GUID (7667d6c048953df8f3071b0bef6286db) of player #2 Brandon
﻿14:17:53 : Player #2 Brandon - Legacy GUID: c95183276f9798513365b9c233e42751
﻿14:17:54 : Player #2 Brandon disconnected
﻿14:18:52 : Player #4 SandReaper disconnected
﻿14:21:21 : RCon admin #2: (Global) .:DoC:. Overpoch server visit http://drinkinoutacups.com/
﻿14:28:25 : Player #0 DaBethum disconnected
﻿14:29:00 : Player #0 DaBethum (73.175.154.94:2304) connected
﻿14:29:01 : Player #0 DaBethum - GUID: 742b776f3e650847db12c4b20a384d86 (unverified)
﻿14:29:01 : Verified GUID (742b776f3e650847db12c4b20a384d86) of player #0 DaBethum
﻿14:29:02 : Player #0 DaBethum - Legacy GUID: ddd0a79f185c67916d68bdd6c94aaec3
﻿14:30:00 : RCon admin #2: (Global) .:DoC:. Server restarts in 30 minutes
﻿14:31:21 : RCon admin #2: (Global) .:DoC:. Overpoch server visit http://drinkinoutacups.com/
﻿14:33:06 : RCon admin #2: (To DaBethum) BEC : You have about 60 seconds left to join the mission.
﻿14:33:34 : RCon admin #2: (To DaBethum) BEC : You have about 30 seconds left to join the mission.
﻿14:33:49 : RCon admin #2: (To DaBethum) BEC : You have about 15 seconds left to join the mission.
﻿14:34:06 : Player #0 DaBethum (742b776f3e650847db12c4b20a384d86) has been kicked by BattlEye: Admin Kick (BEC : Lobby idling to long)
﻿14:37:34 : Player #0 DaBethum (73.175.154.94:2304) connected
﻿14:37:35 : Player #0 DaBethum - GUID: 742b776f3e650847db12c4b20a384d86 (unverified)
﻿14:37:35 : Verified GUID (742b776f3e650847db12c4b20a384d86) of player #0 DaBethum
﻿14:37:36 : Player #0 DaBethum - Legacy GUID: ddd0a79f185c67916d68bdd6c94aaec3
﻿14:41:21 : RCon admin #2: (Global) .:DoC:. Overpoch server visit http://drinkinoutacups.com/
﻿14:45:00 : RCon admin #2: (Global) .:DoC:. Server restarts in 15 minutes
﻿14:50:00 : RCon admin #2: (Global) .:DoC:. Server restarts in 10 minutes
﻿14:50:16 : RCon admin #2: (To DaBethum) BEC : You have about 60 seconds left to join the mission.
﻿14:50:48 : RCon admin #2: (To DaBethum) BEC : You have about 30 seconds left to join the mission.
﻿14:51:02 : RCon admin #2: (To DaBethum) BEC : You have about 15 seconds left to join the mission.
﻿14:51:16 : Player #0 DaBethum (742b776f3e650847db12c4b20a384d86) has been kicked by BattlEye: Admin Kick (BEC : Lobby idling to long)
﻿14:51:21 : RCon admin #2: (Global) .:DoC:. Overpoch server visit http://drinkinoutacups.com/
﻿14:54:23 : Player #1 hampuz disconnected
﻿14:55:00 : RCon admin #2: (Global) .:DoC:. Server restarts in 5 minutes. Stop all vehicles and get out!
﻿14:59:00 : RCon admin #2: (Global) .:DoC:. Server restarts in 1 minutes. Hit ESC to save your character
﻿15:00:01 : Lost Connection!
﻿15:00:01 : Closing socket & exiting!
﻿15:01:12 : Rcon client logging in
﻿15:01:12 : RCon admin #0 (127.0.0.1:50142) logged in
﻿15:01:18 : RCon admin #1 (73.175.154.94:59414) logged in
﻿15:01:18 : RCon admin #2 (24.7.165.67:56775) logged in
﻿15:01:22 : RCon admin #0: (Global) .:DoC:. Overpoch server visit http://drinkinoutacups.com/
﻿15:02:08 : Player #0 MasterChief (50.54.77.96:2304) connected
﻿15:02:10 : Player #0 MasterChief - GUID: 9f05d38b2e454829aafa8cc12b8371a0 (unverified)
﻿15:02:10 : Player #0 MasterChief - Legacy GUID: bf2e3cc1fe99153ef90e6345cb37e484
﻿15:02:10 : Verified GUID (9f05d38b2e454829aafa8cc12b8371a0) of player #0 MasterChief
﻿15:04:22 : No Valid response. Trying to reconnect.!
﻿15:04:22 : Rcon client logging in
﻿15:04:22 : RCon admin #2 (127.0.0.1:50142) logged in
﻿15:04:51 : Player #0 MasterChief disconnected
﻿15:06:13 : RCon admin #2: (Global) .:DoC:. Server restarts every 3 hrs starting at 12am PST
﻿15:11:22 : RCon admin #2: (Global) .:DoC:. Overpoch server visit http://drinkinoutacups.com/
﻿15:16:13 : RCon admin #2: (Global) .:DoC:. Server restarts every 3 hrs starting at 12am PST
﻿15:21:23 : RCon admin #2: (Global) .:DoC:. Overpoch server visit http://drinkinoutacups.com/
﻿15:26:13 : RCon admin #2: (Global) .:DoC:. Server restarts every 3 hrs starting at 12am PST
﻿15:31:22 : RCon admin #2: (Global) .:DoC:. Overpoch server visit http://drinkinoutacups.com/
﻿15:36:13 : RCon admin #2: (Global) .:DoC:. Server restarts every 3 hrs starting at 12am PST
﻿15:41:22 : RCon admin #2: (Global) .:DoC:. Overpoch server visit http://drinkinoutacups.com/
﻿15:46:13 : RCon admin #2: (Global) .:DoC:. Server restarts every 3 hrs starting at 12am PST
﻿15:49:54 : Lost Connection!
﻿15:49:54 : Closing socket & exiting!
﻿16:03:13 : Rcon client logging in
﻿16:03:13 : RCon admin #1 (127.0.0.1:65334) logged in
﻿16:03:15 : RCon admin #2 (73.175.154.94:53452) logged in
﻿16:03:23 : RCon admin #1: (Global) .:DoC:. Overpoch server visit http://drinkinoutacups.com/
﻿16:09:13 : Lost Connection!
﻿16:09:13 : Closing socket & exiting!
﻿16:10:04 : Rcon client logging in
﻿16:10:05 : RCon admin #2 (127.0.0.1:64194) logged in
﻿16:10:26 : Lost Connection!
﻿16:10:26 : Closing socket & exiting!
﻿16:12:36 : Rcon client logging in
﻿16:12:37 : RCon admin #2 (127.0.0.1:56398) logged in
﻿16:12:56 : Lost Connection!
﻿16:12:56 : Closing socket & exiting!
﻿16:13:50 : Rcon client logging in
﻿16:13:50 : RCon admin #0 (127.0.0.1:61004) logged in
﻿16:13:53 : RCon admin #1 (73.175.154.94:62660) logged in
﻿16:13:53 : RCon admin #2 (24.7.165.67:49595) logged in
﻿16:14:00 : RCon admin #0: (Global) .:DoC:. Overpoch server visit http://drinkinoutacups.com/
﻿16:14:11 : Player #0 Mr. Spock (24.7.165.67:2304) connected
﻿16:14:12 : Player #0 Mr. Spock - GUID: 4af32554a2d84a4b2aededf38728bf33 (unverified)
﻿16:14:12 : Verified GUID (4af32554a2d84a4b2aededf38728bf33) of player #0 Mr. Spock
﻿16:14:13 : Player #0 Mr. Spock - Legacy GUID: fdd59afb221ccbac5728bf8aa08224b2
﻿16:18:51 : RCon admin #0: (Global) .:DoC:. Server restarts every 3 hrs starting at 12am PST
﻿16:24:00 : RCon admin #0: (Global) .:DoC:. Overpoch server visit http://drinkinoutacups.com/
﻿16:28:51 : RCon admin #0: (Global) .:DoC:. Server restarts every 3 hrs starting at 12am PST
﻿16:30:47 : Player #1 Rylan (50.21.227.102:2304) connected
﻿16:30:48 : Player #1 Rylan - GUID: 13f5c1126c4e182576281296cc10c653 (unverified)
﻿16:30:48 : Verified GUID (13f5c1126c4e182576281296cc10c653) of player #1 Rylan
﻿16:30:48 : Player #1 Rylan disconnected
﻿16:34:01 : RCon admin #0: (Global) .:DoC:. Overpoch server visit http://drinkinoutacups.com/
﻿16:38:51 : RCon admin #0: (Global) .:DoC:. Server restarts every 3 hrs starting at 12am PST
﻿16:44:01 : RCon admin #0: (Global) .:DoC:. Overpoch server visit http://drinkinoutacups.com/
﻿16:47:08 : Player #1 DaBethum (73.175.154.94:2304) connected
﻿16:47:09 : Player #1 DaBethum - GUID: 0a33617af46867093b6e8b6151f67c9a (unverified)
﻿16:48:16 : Player #1 DaBethum disconnected
﻿16:48:46 : Player #1 DaBethum (73.175.154.94:2304) connected
﻿16:48:47 : Player #1 DaBethum - GUID: 0a33617af46867093b6e8b6151f67c9a (unverified)
﻿16:48:51 : RCon admin #0: (Global) .:DoC:. Server restarts every 3 hrs starting at 12am PST
﻿16:50:17 : Player #1 DaBethum disconnected
﻿16:50:39 : Player #1 DaBethum (73.175.154.94:2304) connected
﻿16:50:40 : Player #1 DaBethum - GUID: 0a33617af46867093b6e8b6151f67c9a (unverified)
﻿16:52:11 : Player #1 DaBethum disconnected
﻿16:52:24 : Player #1 <[IDC]> The King (100.42.248.173:2304) connected
﻿16:52:25 : Player #1 <[IDC]> The King - GUID: 6b653acfe4652124ac711fe8235760cf (unverified)
﻿16:52:26 : Verified GUID (6b653acfe4652124ac711fe8235760cf) of player #1 <[IDC]> The King
﻿16:52:27 : Player #1 <[IDC]> The King - Legacy GUID: 869e79a5d29bc0ed5a3d61b88e0c2390
﻿16:53:26 : Player #2 Fisher (67.181.102.225:2304) connected
﻿16:53:27 : Player #2 Fisher - GUID: 7d52ad5520361f1513cf08f1a2aefade (unverified)
﻿16:53:27 : Verified GUID (7d52ad5520361f1513cf08f1a2aefade) of player #2 Fisher
﻿16:53:28 : Player #2 Fisher - Legacy GUID: 367fdb8217aede924e8a07292dcba614
﻿16:53:29 : Player #2 Fisher disconnected
﻿16:53:44 : Player #2 DaBethum (73.175.154.94:2304) connected
﻿16:53:45 : Player #2 DaBethum - GUID: 742b776f3e650847db12c4b20a384d86 (unverified)
﻿16:53:45 : Verified GUID (742b776f3e650847db12c4b20a384d86) of player #2 DaBethum
﻿16:53:46 : Player #2 DaBethum - Legacy GUID: ddd0a79f185c67916d68bdd6c94aaec3
﻿16:54:01 : RCon admin #0: (Global) .:DoC:. Overpoch server visit http://drinkinoutacups.com/
﻿16:58:51 : RCon admin #0: (Global) .:DoC:. Server restarts every 3 hrs starting at 12am PST
﻿17:00:00 : RCon admin #0: (Global) .:DoC:. Server restarts in 1 hours
﻿17:04:01 : RCon admin #0: (Global) .:DoC:. Overpoch server visit http://drinkinoutacups.com/
﻿17:08:51 : RCon admin #0: (Global) .:DoC:. Server restarts every 3 hrs starting at 12am PST
﻿17:12:24 : Player #3 carson (50.53.148.241:2354) connected
﻿17:12:25 : Player #3 carson - GUID: 862381ff01ce8e9f233f5b72722e89ac (unverified)
﻿17:12:25 : Verified GUID (862381ff01ce8e9f233f5b72722e89ac) of player #3 carson
﻿17:12:26 : Player #3 carson disconnected
﻿17:14:01 : RCon admin #0: (Global) .:DoC:. Overpoch server visit http://drinkinoutacups.com/
﻿17:18:45 : Player #3 disfunk_Burger (24.67.136.41:2304) connected
﻿17:18:47 : Player #3 disfunk_Burger - GUID: a4c1708076d3d088eed90ad839511254 (unverified)
﻿17:18:47 : Verified GUID (a4c1708076d3d088eed90ad839511254) of player #3 disfunk_Burger
﻿17:18:47 : Player #3 disfunk_Burger - Legacy GUID: 7d3b434f46ff156805e1d786ec841d38
﻿17:18:48 : Player #3 disfunk_Burger disconnected
﻿17:18:51 : RCon admin #0: (Global) .:DoC:. Server restarts every 3 hrs starting at 12am PST
﻿17:24:01 : RCon admin #0: (Global) .:DoC:. Overpoch server visit http://drinkinoutacups.com/
﻿17:30:00 : RCon admin #0: (Global) .:DoC:. Server restarts in 30 minutes
﻿17:34:01 : RCon admin #0: (Global) .:DoC:. Overpoch server visit http://drinkinoutacups.com/
﻿17:44:01 : RCon admin #0: (Global) .:DoC:. Overpoch server visit http://drinkinoutacups.com/
﻿17:45:00 : RCon admin #0: (Global) .:DoC:. Server restarts in 15 minutes
﻿17:47:04 : Player #3 MasterChief (50.4.72.93:2304) connected
﻿17:47:05 : Player #3 MasterChief - GUID: 9f05d38b2e454829aafa8cc12b8371a0 (unverified)
﻿17:47:06 : Verified GUID (9f05d38b2e454829aafa8cc12b8371a0) of player #3 MasterChief
﻿17:47:06 : Player #3 MasterChief - Legacy GUID: bf2e3cc1fe99153ef90e6345cb37e484
﻿17:50:00 : RCon admin #0: (Global) .:DoC:. Server restarts in 10 minutes
﻿17:53:20 : Player #4 XxWingsOfFuryxX (173.218.2.244:2304) connected
﻿17:53:21 : Player #4 XxWingsOfFuryxX - GUID: cfb6d47b3a9e2f8834cebf9c72f0900c (unverified)
﻿17:53:21 : Verified GUID (cfb6d47b3a9e2f8834cebf9c72f0900c) of player #4 XxWingsOfFuryxX
﻿17:53:22 : Player #4 XxWingsOfFuryxX - Legacy GUID: 2512716e7b10b86a775999ce808dca6e
﻿17:54:01 : RCon admin #0: (Global) .:DoC:. Overpoch server visit http://drinkinoutacups.com/
﻿17:55:00 : RCon admin #0: (Global) .:DoC:. Server restarts in 5 minutes. Stop all vehicles and get out!
﻿17:59:00 : RCon admin #0: (Global) .:DoC:. Server restarts in 1 minutes. Hit ESC to save your character
﻿17:59:03 : Player #4 XxWingsOfFuryxX disconnected
﻿17:59:35 : Player #3 MasterChief disconnected
﻿17:59:45 : Player #2 DaBethum disconnected
﻿18:00:01 : Lost Connection!
﻿18:00:01 : Closing socket & exiting!
﻿18:01:14 : Rcon client logging in
﻿18:01:14 : RCon admin #0 (127.0.0.1:57382) logged in
﻿18:01:18 : RCon admin #1 (24.7.165.67:53885) logged in
﻿18:01:19 : RCon admin #2 (73.175.154.94:55511) logged in
﻿18:01:24 : RCon admin #0: (Global) .:DoC:. Overpoch server visit http://drinkinoutacups.com/
﻿18:02:25 : Player #0 MasterChief (50.4.72.93:2304) connected
﻿18:02:26 : Player #0 MasterChief - Legacy GUID: bf2e3cc1fe99153ef90e6345cb37e484
﻿18:02:27 : Player #0 MasterChief - GUID: 9f05d38b2e454829aafa8cc12b8371a0 (unverified)
﻿18:02:27 : Verified GUID (9f05d38b2e454829aafa8cc12b8371a0) of player #0 MasterChief
﻿18:04:54 : No Valid response. Trying to reconnect.!
﻿18:04:54 : Rcon client logging in
﻿18:04:54 : RCon admin #2 (127.0.0.1:57382) logged in
﻿18:05:35 : Player #1 XxWingsOfFuryxX (173.218.2.244:2304) connected
﻿18:05:36 : Player #1 XxWingsOfFuryxX - GUID: cfb6d47b3a9e2f8834cebf9c72f0900c (unverified)
﻿18:05:36 : Verified GUID (cfb6d47b3a9e2f8834cebf9c72f0900c) of player #1 XxWingsOfFuryxX
﻿18:05:37 : Player #1 XxWingsOfFuryxX - Legacy GUID: 2512716e7b10b86a775999ce808dca6e
﻿18:06:14 : RCon admin #2: (Global) .:DoC:. Server restarts every 3 hrs starting at 12am PST
﻿18:06:37 : Player #2 DaBethum (73.175.154.94:2304) connected
﻿18:06:38 : Player #2 DaBethum - GUID: 742b776f3e650847db12c4b20a384d86 (unverified)
﻿18:06:38 : Verified GUID (742b776f3e650847db12c4b20a384d86) of player #2 DaBethum
﻿18:06:39 : Player #2 DaBethum - Legacy GUID: ddd0a79f185c67916d68bdd6c94aaec3
﻿18:11:24 : RCon admin #2: (Global) .:DoC:. Overpoch server visit http://drinkinoutacups.com/
﻿18:16:14 : RCon admin #2: (Global) .:DoC:. Server restarts every 3 hrs starting at 12am PST
﻿18:17:13 : RCon admin #3 (24.7.165.67:49737) logged in
﻿18:17:13 : RCon admin #4 (73.175.154.94:51887) logged in
﻿18:21:24 : RCon admin #2: (Global) .:DoC:. Overpoch server visit http://drinkinoutacups.com/
﻿18:23:31 : Player #3 zapp (110.137.204.76:2304) connected
﻿18:23:32 : Player #3 zapp - GUID: 37229d53333fc0723689dc6077e02f0a (unverified)
﻿18:23:33 : Verified GUID (37229d53333fc0723689dc6077e02f0a) of player #3 zapp
﻿18:23:33 : Player #3 zapp - Legacy GUID: ac9ab5a1c4aae3b24d24fccea0d00134
﻿18:23:34 : Player #3 zapp disconnected
﻿18:24:40 : Player #0 MasterChief (9f05d38b2e454829aafa8cc12b8371a0) has been kicked by BattlEye: Client not responding
﻿18:26:14 : RCon admin #2: (Global) .:DoC:. Server restarts every 3 hrs starting at 12am PST
﻿18:26:29 : Player #0 MasterChief (50.4.72.93:2304) connected
﻿18:26:30 : Player #0 MasterChief - GUID: 9f05d38b2e454829aafa8cc12b8371a0 (unverified)
﻿18:26:31 : Verified GUID (9f05d38b2e454829aafa8cc12b8371a0) of player #0 MasterChief
﻿18:26:31 : Player #0 MasterChief - Legacy GUID: bf2e3cc1fe99153ef90e6345cb37e484
﻿18:31:20 : RCon admin #0 (24.7.165.67:54753) logged in
﻿18:31:20 : RCon admin #1 (73.175.154.94:50267) logged in
﻿18:31:23 : Player #0 MasterChief (9f05d38b2e454829aafa8cc12b8371a0) has been kicked by BattlEye: Client not responding
﻿18:31:24 : RCon admin #2: (Global) .:DoC:. Overpoch server visit http://drinkinoutacups.com/
﻿18:33:54 : Player #0 MasterChief (50.4.72.93:2304) connected
﻿18:33:55 : Player #0 MasterChief - GUID: 9f05d38b2e454829aafa8cc12b8371a0 (unverified)
﻿18:33:56 : Verified GUID (9f05d38b2e454829aafa8cc12b8371a0) of player #0 MasterChief
﻿18:33:56 : Player #0 MasterChief - Legacy GUID: bf2e3cc1fe99153ef90e6345cb37e484
﻿18:35:40 : Player #2 DaBethum disconnected
﻿18:36:14 : RCon admin #2: (Global) .:DoC:. Server restarts every 3 hrs starting at 12am PST
﻿18:41:24 : RCon admin #2: (Global) .:DoC:. Overpoch server visit http://drinkinoutacups.com/
﻿18:42:08 : Player #0 MasterChief (9f05d38b2e454829aafa8cc12b8371a0) has been kicked by BattlEye: Client not responding
﻿18:46:14 : RCon admin #2: (Global) .:DoC:. Server restarts every 3 hrs starting at 12am PST
﻿18:50:15 : Player #0 Gaming Official (68.34.163.87:2304) connected
﻿18:50:16 : Player #0 Gaming Official - GUID: 074907b566972d68ce2164a09affdaab (unverified)
﻿18:50:16 : Verified GUID (074907b566972d68ce2164a09affdaab) of player #0 Gaming Official
﻿18:50:17 : Player #0 Gaming Official - Legacy GUID: 5190c121f8338ba2a5d35e4d9078b760
﻿18:51:24 : RCon admin #2: (Global) .:DoC:. Overpoch server visit http://drinkinoutacups.com/
﻿18:52:08 : Player #0 Gaming Official disconnected
﻿18:56:14 : RCon admin #2: (Global) .:DoC:. Server restarts every 3 hrs starting at 12am PST
﻿18:58:15 : Player #1 XxWingsOfFuryxX disconnected
﻿19:00:00 : RCon admin #2: (Global) .:DoC:. Server restarts in 2 hours
﻿19:01:24 : RCon admin #2: (Global) .:DoC:. Overpoch server visit http://drinkinoutacups.com/
﻿19:06:14 : RCon admin #2: (Global) .:DoC:. Server restarts every 3 hrs starting at 12am PST
﻿19:09:55 : Player #0 MasterChief (50.4.72.93:2304) connected
﻿19:09:56 : Player #0 MasterChief - GUID: 9f05d38b2e454829aafa8cc12b8371a0 (unverified)
﻿19:09:57 : Verified GUID (9f05d38b2e454829aafa8cc12b8371a0) of player #0 MasterChief
﻿19:09:57 : Player #0 MasterChief - Legacy GUID: bf2e3cc1fe99153ef90e6345cb37e484
﻿19:11:24 : RCon admin #2: (Global) .:DoC:. Overpoch server visit http://drinkinoutacups.com/
﻿19:13:33 : Player #1 Mr_Tibbs [DOC] (24.77.205.212:2304) connected
﻿19:13:34 : Player #1 Mr_Tibbs [DOC] - GUID: 5d0322d944bdfbcac5ce0218ad0cce4b (unverified)
﻿19:13:34 : Verified GUID (5d0322d944bdfbcac5ce0218ad0cce4b) of player #1 Mr_Tibbs [DOC]
﻿19:13:35 : Player #1 Mr_Tibbs [DOC] - Legacy GUID: 72416ef28f1a53a6ca82025e47dc7652
﻿19:13:38 : Player #1 Mr_Tibbs [DOC] disconnected
﻿19:15:37 : Player #1 Mr_Tibbs [DOC] (24.77.205.212:2304) connected
﻿19:15:38 : Player #1 Mr_Tibbs [DOC] - GUID: 5d0322d944bdfbcac5ce0218ad0cce4b (unverified)
﻿19:15:38 : Verified GUID (5d0322d944bdfbcac5ce0218ad0cce4b) of player #1 Mr_Tibbs [DOC]
﻿19:15:39 : Player #1 Mr_Tibbs [DOC] - Legacy GUID: 72416ef28f1a53a6ca82025e47dc7652
﻿19:21:24 : RCon admin #2: (Global) .:DoC:. Overpoch server visit http://drinkinoutacups.com/
﻿19:26:31 : Player #0 MasterChief (9f05d38b2e454829aafa8cc12b8371a0) has been kicked by BattlEye: Client not responding
﻿19:28:53 : Player #0 MasterChief (50.4.72.93:2304) connected
﻿19:28:54 : Player #0 MasterChief - GUID: 9f05d38b2e454829aafa8cc12b8371a0 (unverified)
﻿19:28:55 : Verified GUID (9f05d38b2e454829aafa8cc12b8371a0) of player #0 MasterChief
﻿19:28:55 : Player #0 MasterChief - Legacy GUID: bf2e3cc1fe99153ef90e6345cb37e484
﻿19:31:24 : RCon admin #2: (Global) .:DoC:. Overpoch server visit http://drinkinoutacups.com/
﻿19:41:24 : RCon admin #2: (Global) .:DoC:. Overpoch server visit http://drinkinoutacups.com/
﻿19:43:06 : Player #0 MasterChief disconnected
﻿19:43:54 : Player #0 MasterChief (50.4.72.93:2304) connected
﻿19:43:55 : Player #0 MasterChief - GUID: 9f05d38b2e454829aafa8cc12b8371a0 (unverified)
﻿19:43:55 : Verified GUID (9f05d38b2e454829aafa8cc12b8371a0) of player #0 MasterChief
﻿19:43:56 : Player #0 MasterChief - Legacy GUID: bf2e3cc1fe99153ef90e6345cb37e484
﻿19:51:24 : RCon admin #2: (Global) .:DoC:. Overpoch server visit http://drinkinoutacups.com/
﻿20:00:00 : RCon admin #2: (Global) .:DoC:. Server restarts in 1 hours
﻿20:01:24 : RCon admin #2: (Global) .:DoC:. Overpoch server visit http://drinkinoutacups.com/
﻿20:11:24 : RCon admin #2: (Global) .:DoC:. Overpoch server visit http://drinkinoutacups.com/
﻿20:21:24 : RCon admin #2: (Global) .:DoC:. Overpoch server visit http://drinkinoutacups.com/
﻿20:30:00 : RCon admin #2: (Global) .:DoC:. Server restarts in 30 minutes
﻿20:31:24 : RCon admin #2: (Global) .:DoC:. Overpoch server visit http://drinkinoutacups.com/
﻿20:35:56 : Player #0 MasterChief disconnected
﻿20:41:24 : RCon admin #2: (Global) .:DoC:. Overpoch server visit http://drinkinoutacups.com/
﻿20:45:00 : RCon admin #2: (Global) .:DoC:. Server restarts in 15 minutes
﻿20:46:08 : Player #0 MasterChief (50.4.72.93:2304) connected
﻿20:46:09 : Player #0 MasterChief - GUID: 9f05d38b2e454829aafa8cc12b8371a0 (unverified)
﻿20:46:09 : Verified GUID (9f05d38b2e454829aafa8cc12b8371a0) of player #0 MasterChief
﻿20:46:10 : Player #0 MasterChief disconnected
﻿20:50:00 : RCon admin #2: (Global) .:DoC:. Server restarts in 10 minutes
﻿20:51:24 : RCon admin #2: (Global) .:DoC:. Overpoch server visit http://drinkinoutacups.com/
﻿20:55:00 : RCon admin #2: (Global) .:DoC:. Server restarts in 5 minutes. Stop all vehicles and get out!
﻿20:58:37 : Player #1 Mr_Tibbs [DOC] disconnected
﻿20:59:00 : RCon admin #2: (Global) .:DoC:. Server restarts in 1 minutes. Hit ESC to save your character
﻿21:00:02 : Lost Connection!
﻿21:00:02 : Closing socket & exiting!
﻿21:01:21 : Rcon client logging in
﻿21:01:21 : RCon admin #2 (127.0.0.1:62258) logged in
﻿21:01:31 : RCon admin #2: (Global) .:DoC:. Overpoch server visit http://drinkinoutacups.com/
﻿21:06:21 : RCon admin #2: (Global) .:DoC:. Server restarts every 3 hrs starting at 12am PST
﻿21:11:31 : RCon admin #2: (Global) .:DoC:. Overpoch server visit http://drinkinoutacups.com/
﻿21:16:21 : RCon admin #2: (Global) .:DoC:. Server restarts every 3 hrs starting at 12am PST
﻿21:18:41 : Player #0 Benno (123.243.174.2:2304) connected
﻿21:18:43 : Player #0 Benno disconnected
﻿21:21:31 : RCon admin #2: (Global) .:DoC:. Overpoch server visit http://drinkinoutacups.com/
﻿21:26:21 : RCon admin #2: (Global) .:DoC:. Server restarts every 3 hrs starting at 12am PST
﻿21:31:31 : RCon admin #2: (Global) .:DoC:. Overpoch server visit http://drinkinoutacups.com/
﻿21:36:21 : RCon admin #2: (Global) .:DoC:. Server restarts every 3 hrs starting at 12am PST
﻿21:41:31 : RCon admin #2: (Global) .:DoC:. Overpoch server visit http://drinkinoutacups.com/
﻿21:46:21 : RCon admin #2: (Global) .:DoC:. Server restarts every 3 hrs starting at 12am PST
﻿21:51:31 : RCon admin #2: (Global) .:DoC:. Overpoch server visit http://drinkinoutacups.com/
﻿21:56:21 : RCon admin #2: (Global) .:DoC:. Server restarts every 3 hrs starting at 12am PST
﻿22:00:00 : RCon admin #2: (Global) .:DoC:. Server restarts in 2 hours
﻿22:01:31 : RCon admin #2: (Global) .:DoC:. Overpoch server visit http://drinkinoutacups.com/
﻿22:06:21 : RCon admin #2: (Global) .:DoC:. Server restarts every 3 hrs starting at 12am PST
﻿22:11:31 : RCon admin #2: (Global) .:DoC:. Overpoch server visit http://drinkinoutacups.com/
﻿22:21:31 : RCon admin #2: (Global) .:DoC:. Overpoch server visit http://drinkinoutacups.com/
﻿22:31:31 : RCon admin #2: (Global) .:DoC:. Overpoch server visit http://drinkinoutacups.com/
﻿22:41:31 : RCon admin #2: (Global) .:DoC:. Overpoch server visit http://drinkinoutacups.com/
﻿22:51:31 : RCon admin #2: (Global) .:DoC:. Overpoch server visit http://drinkinoutacups.com/
﻿22:52:17 : RCon admin #3 (73.175.154.94:59767) logged in
﻿22:55:49 : Player #0 [DOC] Sampson (98.157.155.171:2304) connected
﻿22:55:58 : Player #0 [DOC] Sampson - GUID: 8573c69df14ce0efbed64b6af732a05e (unverified)
﻿22:55:58 : Verified GUID (8573c69df14ce0efbed64b6af732a05e) of player #0 [DOC] Sampson
﻿22:56:20 : Player #0 [DOC] Sampson (8573c69df14ce0efbed64b6af732a05e) has been kicked by BattlEye: Client not responding
﻿22:58:57 : Player #0 [DOC] Sampson (98.157.155.171:2304) connected
﻿22:58:59 : Player #0 [DOC] Sampson - GUID: 8573c69df14ce0efbed64b6af732a05e (unverified)
﻿22:58:59 : Verified GUID (8573c69df14ce0efbed64b6af732a05e) of player #0 [DOC] Sampson
﻿22:58:59 : Player #0 [DOC] Sampson - Legacy GUID: 024bba13ed7124397ab79f5fae40f1ee
﻿22:59:30 : Player #0 [DOC] Sampson (8573c69df14ce0efbed64b6af732a05e) has been kicked by BattlEye: Client not responding
﻿23:00:00 : RCon admin #2: (Global) .:DoC:. Server restarts in 1 hours
﻿23:01:26 : Player #0 [DOC] Sampson (98.157.155.171:2304) connected
﻿23:01:28 : Player #0 [DOC] Sampson - GUID: 8573c69df14ce0efbed64b6af732a05e (unverified)
﻿23:01:29 : Verified GUID (8573c69df14ce0efbed64b6af732a05e) of player #0 [DOC] Sampson
﻿23:01:29 : Player #0 [DOC] Sampson - Legacy GUID: 024bba13ed7124397ab79f5fae40f1ee
﻿23:01:31 : RCon admin #2: (Global) .:DoC:. Overpoch server visit http://drinkinoutacups.com/
﻿23:04:55 : Player #0 [DOC] Sampson (8573c69df14ce0efbed64b6af732a05e) has been kicked by BattlEye: Client not responding
﻿23:07:11 : Player #0 [DOC] Sampson (98.157.155.171:2304) connected
﻿23:07:12 : Player #0 [DOC] Sampson - GUID: 8573c69df14ce0efbed64b6af732a05e (unverified)
﻿23:07:13 : Verified GUID (8573c69df14ce0efbed64b6af732a05e) of player #0 [DOC] Sampson
﻿23:07:43 : Player #0 [DOC] Sampson (8573c69df14ce0efbed64b6af732a05e) has been kicked by BattlEye: Client not responding
﻿23:07:54 : Player #0 [DOC] Sampson (98.157.155.171:2304) connected
﻿23:07:55 : Player #0 [DOC] Sampson - GUID: 8573c69df14ce0efbed64b6af732a05e (unverified)
﻿23:07:55 : Verified GUID (8573c69df14ce0efbed64b6af732a05e) of player #0 [DOC] Sampson
﻿23:07:55 : Player #0 [DOC] Sampson - Legacy GUID: 024bba13ed7124397ab79f5fae40f1ee
﻿23:11:31 : RCon admin #2: (Global) .:DoC:. Overpoch server visit http://drinkinoutacups.com/
﻿23:19:55 : Player #0 [DOC] Sampson disconnected
﻿23:21:07 : Player #0 [DOC] Sampson (98.157.155.171:2304) connected
﻿23:21:09 : Player #0 [DOC] Sampson - Legacy GUID: 024bba13ed7124397ab79f5fae40f1ee
﻿23:21:31 : RCon admin #2: (Global) .:DoC:. Overpoch server visit http://drinkinoutacups.com/
﻿23:21:40 : Player #0 [DOC] Sampson - GUID: 8573c69df14ce0efbed64b6af732a05e (unverified)
﻿23:21:40 : Verified GUID (8573c69df14ce0efbed64b6af732a05e) of player #0 [DOC] Sampson
﻿23:30:00 : RCon admin #2: (Global) .:DoC:. Server restarts in 30 minutes
﻿23:31:31 : RCon admin #2: (Global) .:DoC:. Overpoch server visit http://drinkinoutacups.com/
﻿23:36:15 : Player #1 Captain Cuddles (76.200.226.168:2304) connected
﻿23:36:16 : Player #1 Captain Cuddles - GUID: 7103756361984c4974964159e4147665 (unverified)
﻿23:36:17 : Verified GUID (7103756361984c4974964159e4147665) of player #1 Captain Cuddles
﻿23:36:18 : Player #1 Captain Cuddles - Legacy GUID: 4762f19ba4fcafee560ffd7fbe70294c
﻿23:41:31 : RCon admin #2: (Global) .:DoC:. Overpoch server visit http://drinkinoutacups.com/
﻿23:45:00 : RCon admin #2: (Global) .:DoC:. Server restarts in 15 minutes
﻿23:46:16 : Player #0 [DOC] Sampson disconnected
﻿23:50:00 : RCon admin #2: (Global) .:DoC:. Server restarts in 10 minutes
﻿23:51:31 : RCon admin #2: (Global) .:DoC:. Overpoch server visit http://drinkinoutacups.com/
﻿23:55:00 : RCon admin #2: (Global) .:DoC:. Server restarts in 5 minutes. Stop all vehicles and get out!
﻿23:59:00 : RCon admin #2: (Global) .:DoC:. Server restarts in 1 minutes. Hit ESC to save your character
﻿23:59:15 : Player #1 Captain Cuddles disconnected
