00:00:02 : Lost Connection!
﻿00:00:02 : Closing socket & exiting!
﻿00:01:15 : Rcon client logging in
﻿00:01:15 : RCon admin #1 (127.0.0.1:55120) logged in
﻿00:01:44 : RCon admin #1: (Global) .:DoC:. Overpoch
﻿00:03:36 : No Valid response. Trying to reconnect.!
﻿00:03:37 : Rcon client logging in
﻿00:03:37 : RCon admin #1 (127.0.0.1:55120) logged in
﻿00:06:15 : RCon admin #1: (Global) .:DoC:. Server restarts every 3 hrs starting at 12am PST
﻿00:11:25 : RCon admin #1: (Global) .:DoC:. Overpoch
﻿00:12:23 : Player #0 [NSG] Bdoodb disconnected
﻿00:16:15 : RCon admin #1: (Global) .:DoC:. Server restarts every 3 hrs starting at 12am PST
﻿00:21:25 : RCon admin #1: (Global) .:DoC:. Overpoch
﻿00:26:15 : RCon admin #1: (Global) .:DoC:. Server restarts every 3 hrs starting at 12am PST
﻿00:31:25 : RCon admin #1: (Global) .:DoC:. Overpoch
﻿00:35:45 : Player #0 gundammine (14.39.34.215:2304) connected
﻿00:35:46 : Player #0 gundammine - GUID: e286d7c576ff0e2d8ad4fabed20736f6 (unverified)
﻿00:35:46 : Verified GUID (e286d7c576ff0e2d8ad4fabed20736f6) of player #0 gundammine
﻿00:35:47 : Player #0 gundammine - Legacy GUID: a157b56259322ea215839d4259e85be0
﻿00:36:15 : RCon admin #1: (Global) .:DoC:. Server restarts every 3 hrs starting at 12am PST
﻿00:37:14 : Player #0 gundammine disconnected
﻿00:41:25 : RCon admin #1: (Global) .:DoC:. Overpoch
﻿00:46:15 : RCon admin #1: (Global) .:DoC:. Server restarts every 3 hrs starting at 12am PST
﻿00:51:25 : RCon admin #1: (Global) .:DoC:. Overpoch
﻿00:56:15 : RCon admin #1: (Global) .:DoC:. Server restarts every 3 hrs starting at 12am PST
﻿01:00:00 : RCon admin #1: (Global) .:DoC:. Server restarts in 2 hours
﻿01:01:25 : RCon admin #1: (Global) .:DoC:. Overpoch
﻿01:06:15 : RCon admin #1: (Global) .:DoC:. Server restarts every 3 hrs starting at 12am PST
﻿01:11:25 : RCon admin #1: (Global) .:DoC:. Overpoch
﻿01:21:25 : RCon admin #1: (Global) .:DoC:. Overpoch
﻿01:31:25 : RCon admin #1: (Global) .:DoC:. Overpoch
﻿01:41:25 : RCon admin #1: (Global) .:DoC:. Overpoch
﻿01:51:25 : RCon admin #1: (Global) .:DoC:. Overpoch
﻿02:00:00 : RCon admin #1: (Global) .:DoC:. Server restarts in 1 hours
﻿02:01:25 : RCon admin #1: (Global) .:DoC:. Overpoch
﻿02:11:25 : RCon admin #1: (Global) .:DoC:. Overpoch
﻿02:21:25 : RCon admin #1: (Global) .:DoC:. Overpoch
﻿02:30:00 : RCon admin #1: (Global) .:DoC:. Server restarts in 30 minutes
﻿02:31:25 : RCon admin #1: (Global) .:DoC:. Overpoch
﻿02:41:25 : RCon admin #1: (Global) .:DoC:. Overpoch
﻿02:45:00 : RCon admin #1: (Global) .:DoC:. Server restarts in 15 minutes
﻿02:50:00 : RCon admin #1: (Global) .:DoC:. Server restarts in 10 minutes
﻿02:51:25 : RCon admin #1: (Global) .:DoC:. Overpoch
﻿02:55:00 : RCon admin #1: (Global) .:DoC:. Server restarts in 5 minutes. Stop all vehicles and get out!
﻿02:59:00 : RCon admin #1: (Global) .:DoC:. Server restarts in 1 minutes. Hit ESC to save your character
﻿03:00:01 : Lost Connection!
﻿03:00:01 : Closing socket & exiting!
﻿03:01:14 : Rcon client logging in
﻿03:01:14 : RCon admin #0 (24.7.165.67:57983) logged in
﻿03:01:14 : RCon admin #1 (127.0.0.1:51173) logged in
﻿03:01:24 : RCon admin #1: (Global) .:DoC:. Overpoch
﻿03:06:14 : RCon admin #1: (Global) .:DoC:. Server restarts every 3 hrs starting at 12am PST
﻿03:11:24 : RCon admin #1: (Global) .:DoC:. Overpoch
﻿03:16:14 : RCon admin #1: (Global) .:DoC:. Server restarts every 3 hrs starting at 12am PST
﻿03:21:24 : RCon admin #1: (Global) .:DoC:. Overpoch
﻿03:25:31 : Player #0 SandReaper (71.199.99.212:2304) connected
﻿03:25:33 : Player #0 SandReaper - GUID: 7b3b5d5f353cf7676aab6e240591671a (unverified)
﻿03:25:34 : Verified GUID (7b3b5d5f353cf7676aab6e240591671a) of player #0 SandReaper
﻿03:25:35 : Player #0 SandReaper - Legacy GUID: e924ca2ad1b201b25a900fffc98c1ac5
﻿03:26:14 : RCon admin #1: (Global) .:DoC:. Server restarts every 3 hrs starting at 12am PST
﻿03:31:24 : RCon admin #1: (Global) .:DoC:. Overpoch
﻿03:36:14 : RCon admin #1: (Global) .:DoC:. Server restarts every 3 hrs starting at 12am PST
﻿03:41:24 : RCon admin #1: (Global) .:DoC:. Overpoch
﻿03:46:14 : RCon admin #1: (Global) .:DoC:. Server restarts every 3 hrs starting at 12am PST
﻿03:51:24 : RCon admin #1: (Global) .:DoC:. Overpoch
﻿03:56:14 : RCon admin #1: (Global) .:DoC:. Server restarts every 3 hrs starting at 12am PST
﻿04:00:00 : RCon admin #1: (Global) .:DoC:. Server restarts in 2 hours
﻿04:01:24 : RCon admin #1: (Global) .:DoC:. Overpoch
﻿04:06:14 : RCon admin #1: (Global) .:DoC:. Server restarts every 3 hrs starting at 12am PST
﻿04:06:32 : Player #1 DaBethum (73.175.154.94:2304) connected
﻿04:06:33 : Player #1 DaBethum - GUID: 742b776f3e650847db12c4b20a384d86 (unverified)
﻿04:06:34 : Verified GUID (742b776f3e650847db12c4b20a384d86) of player #1 DaBethum
﻿04:06:34 : Player #1 DaBethum - Legacy GUID: ddd0a79f185c67916d68bdd6c94aaec3
﻿04:11:24 : RCon admin #1: (Global) .:DoC:. Overpoch
﻿04:21:24 : RCon admin #1: (Global) .:DoC:. Overpoch
﻿04:31:24 : RCon admin #1: (Global) .:DoC:. Overpoch
﻿04:41:24 : RCon admin #1: (Global) .:DoC:. Overpoch
﻿04:42:44 : Player #1 DaBethum disconnected
﻿04:51:24 : RCon admin #1: (Global) .:DoC:. Overpoch
﻿04:55:01 : Player #0 SandReaper disconnected
﻿05:00:00 : RCon admin #1: (Global) .:DoC:. Server restarts in 1 hours
﻿05:01:24 : RCon admin #1: (Global) .:DoC:. Overpoch
﻿05:11:24 : RCon admin #1: (Global) .:DoC:. Overpoch
﻿05:21:24 : RCon admin #1: (Global) .:DoC:. Overpoch
﻿05:30:00 : RCon admin #1: (Global) .:DoC:. Server restarts in 30 minutes
﻿05:31:24 : RCon admin #1: (Global) .:DoC:. Overpoch
﻿05:41:24 : RCon admin #1: (Global) .:DoC:. Overpoch
﻿05:45:00 : RCon admin #1: (Global) .:DoC:. Server restarts in 15 minutes
﻿05:50:00 : RCon admin #1: (Global) .:DoC:. Server restarts in 10 minutes
﻿05:51:24 : RCon admin #1: (Global) .:DoC:. Overpoch
﻿05:55:00 : RCon admin #1: (Global) .:DoC:. Server restarts in 5 minutes. Stop all vehicles and get out!
﻿05:59:00 : RCon admin #1: (Global) .:DoC:. Server restarts in 1 minutes. Hit ESC to save your character
﻿06:00:03 : Lost Connection!
﻿06:00:03 : Closing socket & exiting!
﻿06:01:12 : Rcon client logging in
﻿06:01:12 : RCon admin #0 (127.0.0.1:60169) logged in
﻿06:01:14 : RCon admin #1 (24.7.165.67:53290) logged in
﻿06:01:22 : RCon admin #0: (Global) .:DoC:. Overpoch
﻿06:06:12 : RCon admin #0: (Global) .:DoC:. Server restarts every 3 hrs starting at 12am PST
﻿06:11:22 : RCon admin #0: (Global) .:DoC:. Overpoch
﻿06:16:12 : RCon admin #0: (Global) .:DoC:. Server restarts every 3 hrs starting at 12am PST
﻿06:21:22 : RCon admin #0: (Global) .:DoC:. Overpoch
﻿06:26:12 : RCon admin #0: (Global) .:DoC:. Server restarts every 3 hrs starting at 12am PST
﻿06:31:22 : RCon admin #0: (Global) .:DoC:. Overpoch
﻿06:36:12 : RCon admin #0: (Global) .:DoC:. Server restarts every 3 hrs starting at 12am PST
﻿06:41:22 : RCon admin #0: (Global) .:DoC:. Overpoch
﻿06:46:12 : RCon admin #0: (Global) .:DoC:. Server restarts every 3 hrs starting at 12am PST
﻿06:51:22 : RCon admin #0: (Global) .:DoC:. Overpoch
﻿06:56:12 : RCon admin #0: (Global) .:DoC:. Server restarts every 3 hrs starting at 12am PST
﻿07:00:00 : RCon admin #0: (Global) .:DoC:. Server restarts in 2 hours
﻿07:01:22 : RCon admin #0: (Global) .:DoC:. Overpoch
﻿07:06:12 : RCon admin #0: (Global) .:DoC:. Server restarts every 3 hrs starting at 12am PST
﻿07:11:22 : RCon admin #0: (Global) .:DoC:. Overpoch
﻿07:21:22 : RCon admin #0: (Global) .:DoC:. Overpoch
﻿07:25:00 : Player #0 Snake Eyes [DOC] (142.179.143.164:2304) connected
﻿07:25:01 : Player #0 Snake Eyes [DOC] - GUID: 97c24e34f15bbafe4489eaa496782cb1 (unverified)
﻿07:25:02 : Verified GUID (97c24e34f15bbafe4489eaa496782cb1) of player #0 Snake Eyes [DOC]
﻿07:25:02 : Player #0 Snake Eyes [DOC] - Legacy GUID: 73eed24ea4d94d73d44a348d92b21ea5
﻿07:31:22 : RCon admin #0: (Global) .:DoC:. Overpoch
﻿07:41:22 : RCon admin #0: (Global) .:DoC:. Overpoch
﻿07:51:22 : RCon admin #0: (Global) .:DoC:. Overpoch
﻿08:00:00 : RCon admin #0: (Global) .:DoC:. Server restarts in 1 hours
﻿08:01:22 : RCon admin #0: (Global) .:DoC:. Overpoch
﻿08:10:00 : Player #1 SandReaper (71.199.99.212:2304) connected
﻿08:10:02 : Player #1 SandReaper - GUID: 7b3b5d5f353cf7676aab6e240591671a (unverified)
﻿08:10:02 : Player #1 SandReaper - Legacy GUID: e924ca2ad1b201b25a900fffc98c1ac5
﻿08:10:02 : Verified GUID (7b3b5d5f353cf7676aab6e240591671a) of player #1 SandReaper
﻿08:11:22 : RCon admin #0: (Global) .:DoC:. Overpoch
﻿08:21:22 : RCon admin #0: (Global) .:DoC:. Overpoch
﻿08:30:00 : RCon admin #0: (Global) .:DoC:. Server restarts in 30 minutes
﻿08:31:22 : RCon admin #0: (Global) .:DoC:. Overpoch
﻿08:41:22 : RCon admin #0: (Global) .:DoC:. Overpoch
﻿08:45:00 : RCon admin #0: (Global) .:DoC:. Server restarts in 15 minutes
﻿08:45:35 : Player #1 SandReaper disconnected
﻿08:50:00 : RCon admin #0: (Global) .:DoC:. Server restarts in 10 minutes
﻿08:51:22 : RCon admin #0: (Global) .:DoC:. Overpoch
﻿08:55:00 : RCon admin #0: (Global) .:DoC:. Server restarts in 5 minutes. Stop all vehicles and get out!
﻿08:58:06 : Player #0 Snake Eyes [DOC] disconnected
﻿08:59:00 : RCon admin #0: (Global) .:DoC:. Server restarts in 1 minutes. Hit ESC to save your character
﻿09:00:01 : Lost Connection!
﻿09:00:01 : Closing socket & exiting!
﻿09:01:09 : Rcon client logging in
﻿09:01:09 : RCon admin #0 (127.0.0.1:64888) logged in
﻿09:01:19 : RCon admin #0: (Global) .:DoC:. Overpoch
﻿09:01:37 : Player #0 Snake Eyes [DOC] (142.179.143.164:2304) connected
﻿09:01:38 : Player #0 Snake Eyes [DOC] - GUID: 97c24e34f15bbafe4489eaa496782cb1 (unverified)
﻿09:01:39 : Verified GUID (97c24e34f15bbafe4489eaa496782cb1) of player #0 Snake Eyes [DOC]
﻿09:01:39 : Player #0 Snake Eyes [DOC] - Legacy GUID: 73eed24ea4d94d73d44a348d92b21ea5
﻿09:03:57 : No Valid response. Trying to reconnect.!
﻿09:03:57 : Rcon client logging in
﻿09:03:57 : RCon admin #0 (127.0.0.1:64888) logged in
﻿09:06:09 : RCon admin #0: (Global) .:DoC:. Server restarts every 3 hrs starting at 12am PST
﻿09:09:02 : Player #1 SandReaper (71.199.99.212:2304) connected
﻿09:09:03 : Player #1 SandReaper - GUID: 7b3b5d5f353cf7676aab6e240591671a (unverified)
﻿09:09:03 : Verified GUID (7b3b5d5f353cf7676aab6e240591671a) of player #1 SandReaper
﻿09:09:04 : Player #1 SandReaper - Legacy GUID: e924ca2ad1b201b25a900fffc98c1ac5
﻿09:11:19 : RCon admin #0: (Global) .:DoC:. Overpoch
﻿09:16:10 : RCon admin #0: (Global) .:DoC:. Server restarts every 3 hrs starting at 12am PST
﻿09:21:13 : Player #2 DaBethum (73.175.154.94:2304) connected
﻿09:21:14 : Player #2 DaBethum - GUID: 742b776f3e650847db12c4b20a384d86 (unverified)
﻿09:21:15 : Verified GUID (742b776f3e650847db12c4b20a384d86) of player #2 DaBethum
﻿09:21:16 : Player #2 DaBethum - Legacy GUID: ddd0a79f185c67916d68bdd6c94aaec3
﻿09:21:19 : RCon admin #0: (Global) .:DoC:. Overpoch
﻿09:26:10 : RCon admin #0: (Global) .:DoC:. Server restarts every 3 hrs starting at 12am PST
﻿09:31:20 : RCon admin #0: (Global) .:DoC:. Overpoch
﻿09:34:10 : Player #3 Envyyy. (2.100.244.111:16142) connected
﻿09:34:11 : Player #3 Envyyy. - GUID: 761287f18dac371e7ce420ed89b24750 (unverified)
﻿09:34:12 : Verified GUID (761287f18dac371e7ce420ed89b24750) of player #3 Envyyy.
﻿09:34:13 : Player #3 Envyyy. - Legacy GUID: 1337606a61b02cb9856b8ede0f554253
﻿09:35:06 : Could not connect to BE Master
﻿09:35:06 : Update attempt failed
﻿09:36:10 : RCon admin #0: (Global) .:DoC:. Server restarts every 3 hrs starting at 12am PST
﻿09:37:02 : Could not connect to BE Master
﻿09:37:02 : Update attempt failed
﻿09:41:20 : RCon admin #0: (Global) .:DoC:. Overpoch
﻿09:46:10 : RCon admin #0: (Global) .:DoC:. Server restarts every 3 hrs starting at 12am PST
﻿09:51:20 : RCon admin #0: (Global) .:DoC:. Overpoch
﻿09:56:10 : RCon admin #0: (Global) .:DoC:. Server restarts every 3 hrs starting at 12am PST
﻿10:00:00 : RCon admin #0: (Global) .:DoC:. Server restarts in 2 hours
﻿10:01:20 : RCon admin #0: (Global) .:DoC:. Overpoch
﻿10:04:07 : Player #4 Lameninja (98.217.169.160:2304) connected
﻿10:04:09 : Player #4 Lameninja - GUID: f5fba1469dcbed75080943cc44397cca (unverified)
﻿10:04:09 : Player #4 Lameninja - Legacy GUID: c87a6acdf38a93397b162b20efa34501
﻿10:04:09 : Verified GUID (f5fba1469dcbed75080943cc44397cca) of player #4 Lameninja
﻿10:04:13 : Player #4 Lameninja disconnected
﻿10:06:10 : RCon admin #0: (Global) .:DoC:. Server restarts every 3 hrs starting at 12am PST
﻿10:06:50 : Player #4 Lameninja (98.217.169.160:2304) connected
﻿10:06:51 : Player #4 Lameninja - GUID: f5fba1469dcbed75080943cc44397cca (unverified)
﻿10:06:52 : Verified GUID (f5fba1469dcbed75080943cc44397cca) of player #4 Lameninja
﻿10:06:52 : Player #4 Lameninja - Legacy GUID: c87a6acdf38a93397b162b20efa34501
﻿10:11:20 : RCon admin #0: (Global) .:DoC:. Overpoch
﻿10:15:18 : Player #5 Neverwhere (86.50.93.52:2304) connected
﻿10:15:20 : Player #5 Neverwhere - GUID: d6e83524ef3d1405c222e9b5d56112b6 (unverified)
﻿10:15:20 : Verified GUID (d6e83524ef3d1405c222e9b5d56112b6) of player #5 Neverwhere
﻿10:15:20 : Player #5 Neverwhere - Legacy GUID: b5d67528166d37613fe02585837ddaad
﻿10:15:24 : Player #5 Neverwhere disconnected
﻿10:17:03 : Player #5 Neverwhere (86.50.93.52:2304) connected
﻿10:17:04 : Player #5 Neverwhere - GUID: d6e83524ef3d1405c222e9b5d56112b6 (unverified)
﻿10:17:05 : Verified GUID (d6e83524ef3d1405c222e9b5d56112b6) of player #5 Neverwhere
﻿10:17:05 : Player #5 Neverwhere - Legacy GUID: b5d67528166d37613fe02585837ddaad
﻿10:21:13 : Player #3 Envyyy. disconnected
﻿10:21:20 : RCon admin #0: (Global) .:DoC:. Overpoch
﻿10:31:20 : RCon admin #0: (Global) .:DoC:. Overpoch
﻿10:41:20 : RCon admin #0: (Global) .:DoC:. Overpoch
﻿10:51:20 : RCon admin #0: (Global) .:DoC:. Overpoch
﻿10:55:39 : Player #1 SandReaper disconnected
﻿11:00:00 : RCon admin #0: (Global) .:DoC:. Server restarts in 1 hours
﻿11:01:20 : RCon admin #0: (Global) .:DoC:. Overpoch
﻿11:08:11 : Player #1 [DOC] Sampson (98.157.155.171:2304) connected
﻿11:08:12 : Player #1 [DOC] Sampson - GUID: 8573c69df14ce0efbed64b6af732a05e (unverified)
﻿11:08:12 : Verified GUID (8573c69df14ce0efbed64b6af732a05e) of player #1 [DOC] Sampson
﻿11:08:13 : Player #1 [DOC] Sampson - Legacy GUID: 024bba13ed7124397ab79f5fae40f1ee
﻿11:08:16 : Player #1 [DOC] Sampson disconnected
﻿11:10:22 : Player #1 [DOC] Sampson (98.157.155.171:2304) connected
﻿11:10:23 : Player #1 [DOC] Sampson - GUID: 8573c69df14ce0efbed64b6af732a05e (unverified)
﻿11:10:24 : Verified GUID (8573c69df14ce0efbed64b6af732a05e) of player #1 [DOC] Sampson
﻿11:10:25 : Player #1 [DOC] Sampson - Legacy GUID: 024bba13ed7124397ab79f5fae40f1ee
﻿11:10:28 : Player #1 [DOC] Sampson disconnected
﻿11:11:20 : RCon admin #0: (Global) .:DoC:. Overpoch
﻿11:13:24 : Player #1 [DOC] Sampson (98.157.155.171:2304) connected
﻿11:13:25 : Player #1 [DOC] Sampson - GUID: 8573c69df14ce0efbed64b6af732a05e (unverified)
﻿11:13:26 : Verified GUID (8573c69df14ce0efbed64b6af732a05e) of player #1 [DOC] Sampson
﻿11:13:26 : Player #1 [DOC] Sampson - Legacy GUID: 024bba13ed7124397ab79f5fae40f1ee
﻿11:13:30 : Player #1 [DOC] Sampson disconnected
﻿11:14:26 : Player #1 [DOC] Sampson (98.157.155.171:2304) connected
﻿11:14:27 : Player #1 [DOC] Sampson - GUID: 8573c69df14ce0efbed64b6af732a05e (unverified)
﻿11:14:28 : Verified GUID (8573c69df14ce0efbed64b6af732a05e) of player #1 [DOC] Sampson
﻿11:14:28 : Player #1 [DOC] Sampson - Legacy GUID: 024bba13ed7124397ab79f5fae40f1ee
﻿11:14:32 : Player #1 [DOC] Sampson disconnected
﻿11:17:02 : Player #1 [DOC] Sampson (98.157.155.171:2304) connected
﻿11:17:04 : Player #1 [DOC] Sampson - Legacy GUID: 024bba13ed7124397ab79f5fae40f1ee
﻿11:17:05 : Player #1 [DOC] Sampson - GUID: 8573c69df14ce0efbed64b6af732a05e (unverified)
﻿11:17:06 : Verified GUID (8573c69df14ce0efbed64b6af732a05e) of player #1 [DOC] Sampson
﻿11:21:20 : RCon admin #0: (Global) .:DoC:. Overpoch
﻿11:31:20 : RCon admin #0: (Global) .:DoC:. Overpoch
﻿11:32:47 : Player #4 Lameninja disconnected
﻿11:41:20 : RCon admin #0: (Global) .:DoC:. Overpoch
﻿11:45:00 : RCon admin #0: (Global) .:DoC:. Server restarts in 15 minutes
﻿11:49:10 : Player #3 red beret (24.239.58.100:2304) connected
﻿11:49:11 : Player #3 red beret - GUID: a1c207391eb02db8acaa6d0ef3dbaa68 (unverified)
﻿11:49:11 : Verified GUID (a1c207391eb02db8acaa6d0ef3dbaa68) of player #3 red beret
﻿11:49:11 : Player #3 red beret - Owner GUID: 1f1bd295ebaee9b0d898f3412f9e79f4
﻿11:49:12 : Player #3 red beret - Legacy GUID: 1f47515801f344af4ef4983fa0890d1b
﻿11:49:15 : Player #3 red beret disconnected
﻿11:49:23 : Player #0 Snake Eyes [DOC] disconnected
﻿11:50:00 : RCon admin #0: (Global) .:DoC:. Server restarts in 10 minutes
﻿11:51:16 : Player #0 red beret (24.239.58.100:2304) connected
﻿11:51:17 : Player #0 red beret - GUID: a1c207391eb02db8acaa6d0ef3dbaa68 (unverified)
﻿11:51:17 : Verified GUID (a1c207391eb02db8acaa6d0ef3dbaa68) of player #0 red beret
﻿11:51:17 : Player #0 red beret - Owner GUID: 1f1bd295ebaee9b0d898f3412f9e79f4
﻿11:51:18 : Player #0 red beret - Legacy GUID: 1f47515801f344af4ef4983fa0890d1b
﻿11:51:20 : RCon admin #0: (Global) .:DoC:. Overpoch
﻿11:53:57 : Player #1 [DOC] Sampson disconnected
﻿11:55:00 : RCon admin #0: (Global) .:DoC:. Server restarts in 5 minutes. Stop all vehicles and get out!
﻿11:55:07 : Player #5 Neverwhere disconnected
﻿11:58:54 : RCon admin #0: (To DaBethum) BEC : You have about 60 seconds left to join the mission.
﻿11:59:00 : RCon admin #0: (Global) .:DoC:. Server restarts in 1 minutes. Hit ESC to save your character
﻿11:59:18 : Player #0 red beret disconnected
﻿11:59:22 : RCon admin #0: (To DaBethum) BEC : You have about 30 seconds left to join the mission.
﻿11:59:37 : RCon admin #0: (To DaBethum) BEC : You have about 15 seconds left to join the mission.
﻿11:59:54 : Player #2 DaBethum (742b776f3e650847db12c4b20a384d86) has been kicked by BattlEye: Admin Kick (BEC : Lobby idling to long)
﻿12:00:03 : Lost Connection!
﻿12:00:03 : Closing socket & exiting!
﻿12:01:28 : Rcon client logging in
﻿12:01:28 : RCon admin #0 (127.0.0.1:58833) logged in
﻿12:01:38 : RCon admin #0: (Global) .:DoC:. Overpoch
﻿12:01:50 : Player #0 [DOC] Sampson (98.157.155.171:2304) connected
﻿12:01:52 : Player #0 [DOC] Sampson - GUID: 8573c69df14ce0efbed64b6af732a05e (unverified)
﻿12:01:52 : Verified GUID (8573c69df14ce0efbed64b6af732a05e) of player #0 [DOC] Sampson
﻿12:01:53 : Player #0 [DOC] Sampson - Legacy GUID: 024bba13ed7124397ab79f5fae40f1ee
﻿12:04:23 : No Valid response. Trying to reconnect.!
﻿12:04:23 : Rcon client logging in
﻿12:05:15 : No Valid response. Trying to reconnect.!
﻿12:05:15 : Rcon client logging in
﻿12:05:16 : RCon admin #0 (127.0.0.1:58833) logged in
﻿12:06:28 : RCon admin #0: (Global) .:DoC:. Server restarts every 3 hrs starting at 12am PST
﻿12:11:38 : RCon admin #0: (Global) .:DoC:. Overpoch
﻿12:14:54 : Player #1 red beret (24.239.58.100:2304) connected
﻿12:14:55 : Player #1 red beret - GUID: a1c207391eb02db8acaa6d0ef3dbaa68 (unverified)
﻿12:14:56 : Verified GUID (a1c207391eb02db8acaa6d0ef3dbaa68) of player #1 red beret
﻿12:14:56 : Player #1 red beret - Owner GUID: 1f1bd295ebaee9b0d898f3412f9e79f4
﻿12:14:57 : Player #1 red beret - Legacy GUID: 1f47515801f344af4ef4983fa0890d1b
﻿12:15:09 : RCon admin #1 (24.7.165.67:63515) logged in
﻿12:16:29 : RCon admin #0: (Global) .:DoC:. Server restarts every 3 hrs starting at 12am PST
﻿12:21:39 : RCon admin #0: (Global) .:DoC:. Overpoch
﻿12:26:29 : RCon admin #0: (Global) .:DoC:. Server restarts every 3 hrs starting at 12am PST
﻿12:31:39 : RCon admin #0: (Global) .:DoC:. Overpoch
﻿12:32:57 : Player #0 [DOC] Sampson disconnected
﻿12:33:02 : Player #0 DaBethum (73.175.154.94:2304) connected
﻿12:33:03 : Player #0 DaBethum - GUID: 742b776f3e650847db12c4b20a384d86 (unverified)
﻿12:33:03 : Verified GUID (742b776f3e650847db12c4b20a384d86) of player #0 DaBethum
﻿12:33:04 : Player #0 DaBethum - Legacy GUID: ddd0a79f185c67916d68bdd6c94aaec3
﻿12:33:14 : Player #0 DaBethum (742b776f3e650847db12c4b20a384d86) has been kicked by BattlEye: Game restart required
﻿12:34:06 : Player #0 jetBlue (73.2.122.245:2304) connected
﻿12:34:07 : Player #0 jetBlue - GUID: 709bab312aa3844f20aa06b352f9109f (unverified)
﻿12:34:08 : Verified GUID (709bab312aa3844f20aa06b352f9109f) of player #0 jetBlue
﻿12:34:08 : Player #0 jetBlue - Legacy GUID: 57584c345b9fcf06bdf29c408e6bfe3f
﻿12:34:12 : Player #0 jetBlue disconnected
﻿12:35:04 : Player #0 DaBethum (73.175.154.94:2304) connected
﻿12:35:05 : Player #0 DaBethum - GUID: 742b776f3e650847db12c4b20a384d86 (unverified)
﻿12:35:05 : Verified GUID (742b776f3e650847db12c4b20a384d86) of player #0 DaBethum
﻿12:35:06 : Player #0 DaBethum - Legacy GUID: ddd0a79f185c67916d68bdd6c94aaec3
﻿12:35:38 : Player #2 Vesicant (24.222.127.207:2304) connected
﻿12:35:42 : Player #2 Vesicant - GUID: ade72cc2c5c71c96de7421afef156d44 (unverified)
﻿12:35:43 : Player #2 Vesicant - Legacy GUID: dfe979a05e7eda44a463d2d5da7b7e7f
﻿12:35:43 : Verified GUID (ade72cc2c5c71c96de7421afef156d44) of player #2 Vesicant
﻿12:35:46 : Player #2 Vesicant disconnected
﻿12:36:01 : Player #2 jetBlue (73.2.122.245:2304) connected
﻿12:36:02 : Player #2 jetBlue - GUID: 709bab312aa3844f20aa06b352f9109f (unverified)
﻿12:36:02 : Verified GUID (709bab312aa3844f20aa06b352f9109f) of player #2 jetBlue
﻿12:36:03 : Player #2 jetBlue - Legacy GUID: 57584c345b9fcf06bdf29c408e6bfe3f
﻿12:36:29 : RCon admin #0: (Global) .:DoC:. Server restarts every 3 hrs starting at 12am PST
﻿12:37:52 : Player #3 Vesicant (24.222.127.207:2304) connected
﻿12:37:53 : Player #3 Vesicant - GUID: ade72cc2c5c71c96de7421afef156d44 (unverified)
﻿12:37:53 : Verified GUID (ade72cc2c5c71c96de7421afef156d44) of player #3 Vesicant
﻿12:37:54 : Player #3 Vesicant - Legacy GUID: dfe979a05e7eda44a463d2d5da7b7e7f
﻿12:41:39 : RCon admin #0: (Global) .:DoC:. Overpoch
﻿12:44:04 : Player #4 Mr. Spock (24.7.165.67:2304) connected
﻿12:44:05 : Player #4 Mr. Spock - GUID: 4af32554a2d84a4b2aededf38728bf33 (unverified)
﻿12:44:05 : Verified GUID (4af32554a2d84a4b2aededf38728bf33) of player #4 Mr. Spock
﻿12:44:06 : Player #4 Mr. Spock - Legacy GUID: fdd59afb221ccbac5728bf8aa08224b2
﻿12:44:09 : Player #4 Mr. Spock disconnected
﻿12:46:09 : Player #4 Mr. Spock (24.7.165.67:2304) connected
﻿12:46:10 : Player #4 Mr. Spock - GUID: 4af32554a2d84a4b2aededf38728bf33 (unverified)
﻿12:46:11 : Verified GUID (4af32554a2d84a4b2aededf38728bf33) of player #4 Mr. Spock
﻿12:46:11 : Player #4 Mr. Spock - Legacy GUID: fdd59afb221ccbac5728bf8aa08224b2
﻿12:46:29 : RCon admin #0: (Global) .:DoC:. Server restarts every 3 hrs starting at 12am PST
﻿12:50:17 : Player #5 =Covert= HeXx (86.9.75.66:2304) connected
﻿12:50:18 : Player #5 =Covert= HeXx - GUID: 396e554c2ba2ded495ff89129b6d2d7a (unverified)
﻿12:50:19 : Verified GUID (396e554c2ba2ded495ff89129b6d2d7a) of player #5 =Covert= HeXx
﻿12:50:19 : Player #5 =Covert= HeXx - Legacy GUID: ec82dae54c267b9e9579673dd6518d6e
﻿12:50:23 : Player #5 =Covert= HeXx disconnected
﻿12:51:38 : RCon admin #0: (Global) .:DoC:. Overpoch
﻿12:52:03 : Player #5 =Covert= HeXx (86.9.75.66:2304) connected
﻿12:52:04 : Player #5 =Covert= HeXx - GUID: 396e554c2ba2ded495ff89129b6d2d7a (unverified)
﻿12:52:04 : Verified GUID (396e554c2ba2ded495ff89129b6d2d7a) of player #5 =Covert= HeXx
﻿12:52:05 : Player #5 =Covert= HeXx - Legacy GUID: ec82dae54c267b9e9579673dd6518d6e
﻿12:56:29 : RCon admin #0: (Global) .:DoC:. Server restarts every 3 hrs starting at 12am PST
﻿12:56:30 : Player #6 BionicWarrior12 (70.75.222.215:2304) connected
﻿12:56:31 : Player #6 BionicWarrior12 - GUID: f5b9a22ef15e081ca00314d099ea53f3 (unverified)
﻿12:56:31 : Player #6 BionicWarrior12 (f5b9a22ef15e081ca00314d099ea53f3) has been kicked by BattlEye: Admin Kick (BEC : Your player name can not contain any of the chars:{}()0123)
﻿13:00:00 : RCon admin #0: (Global) .:DoC:. Server restarts in 2 hours
﻿13:01:07 : Player #6 MasterChief (50.4.72.93:2304) connected
﻿13:01:08 : Player #6 MasterChief - GUID: 9f05d38b2e454829aafa8cc12b8371a0 (unverified)
﻿13:01:08 : Verified GUID (9f05d38b2e454829aafa8cc12b8371a0) of player #6 MasterChief
﻿13:01:10 : Player #6 MasterChief - Legacy GUID: bf2e3cc1fe99153ef90e6345cb37e484
﻿13:01:14 : Player #6 MasterChief disconnected
﻿13:01:39 : RCon admin #0: (Global) .:DoC:. Overpoch
﻿13:03:19 : Player #6 MasterChief (50.4.72.93:2304) connected
﻿13:03:20 : Player #6 MasterChief - GUID: 9f05d38b2e454829aafa8cc12b8371a0 (unverified)
﻿13:03:20 : Verified GUID (9f05d38b2e454829aafa8cc12b8371a0) of player #6 MasterChief
﻿13:03:21 : Player #6 MasterChief - Legacy GUID: bf2e3cc1fe99153ef90e6345cb37e484
﻿13:04:23 : Player #6 MasterChief (9f05d38b2e454829aafa8cc12b8371a0) has been kicked by BattlEye: Client not responding
﻿13:05:21 : Player #6 MasterChief (50.4.72.93:2304) connected
﻿13:05:22 : Player #6 MasterChief - GUID: 9f05d38b2e454829aafa8cc12b8371a0 (unverified)
﻿13:05:23 : Verified GUID (9f05d38b2e454829aafa8cc12b8371a0) of player #6 MasterChief
﻿13:05:23 : Player #6 MasterChief - Legacy GUID: bf2e3cc1fe99153ef90e6345cb37e484
﻿13:06:29 : RCon admin #0: (Global) .:DoC:. Server restarts every 3 hrs starting at 12am PST
﻿13:09:02 : Player #6 MasterChief (9f05d38b2e454829aafa8cc12b8371a0) has been kicked by BattlEye: Client not responding
﻿13:09:11 : Player #6 Shay (98.250.249.245:3827) connected
﻿13:09:14 : Player #6 Shay - GUID: c9b54a7b3d231be8e53278c5bd79b1cb (unverified)
﻿13:09:15 : Verified GUID (c9b54a7b3d231be8e53278c5bd79b1cb) of player #6 Shay
﻿13:09:15 : Player #6 Shay - Legacy GUID: a367a019e910031917943ea847f0272f
﻿13:09:16 : Player #6 Shay disconnected
﻿13:11:39 : RCon admin #0: (Global) .:DoC:. Overpoch
﻿13:11:52 : Player #6 MasterChief (50.4.72.93:2304) connected
﻿13:11:54 : Player #6 MasterChief - GUID: 9f05d38b2e454829aafa8cc12b8371a0 (unverified)
﻿13:11:54 : Verified GUID (9f05d38b2e454829aafa8cc12b8371a0) of player #6 MasterChief
﻿13:11:55 : Player #6 MasterChief - Legacy GUID: bf2e3cc1fe99153ef90e6345cb37e484
﻿13:14:51 : Player #3 Vesicant disconnected
﻿13:17:52 : Player #6 MasterChief (9f05d38b2e454829aafa8cc12b8371a0) has been kicked by BattlEye: Client not responding
﻿13:20:09 : Player #3 MasterChief (50.4.72.93:2304) connected
﻿13:20:10 : Player #3 MasterChief - GUID: 9f05d38b2e454829aafa8cc12b8371a0 (unverified)
﻿13:20:11 : Verified GUID (9f05d38b2e454829aafa8cc12b8371a0) of player #3 MasterChief
﻿13:20:11 : Player #3 MasterChief - Legacy GUID: bf2e3cc1fe99153ef90e6345cb37e484
﻿13:21:39 : RCon admin #0: (Global) .:DoC:. Overpoch
﻿13:30:07 : Player #3 MasterChief (9f05d38b2e454829aafa8cc12b8371a0) has been kicked by BattlEye: Client not responding
﻿13:31:38 : RCon admin #0: (Global) .:DoC:. Overpoch
﻿13:32:06 : Player #3 Lameninja (98.217.169.160:2304) connected
﻿13:32:08 : Player #3 Lameninja - GUID: f5fba1469dcbed75080943cc44397cca (unverified)
﻿13:32:08 : Verified GUID (f5fba1469dcbed75080943cc44397cca) of player #3 Lameninja
﻿13:32:09 : Player #3 Lameninja - Legacy GUID: c87a6acdf38a93397b162b20efa34501
﻿13:32:11 : Player #6 MasterChief (50.4.72.93:2304) connected
﻿13:32:12 : Player #6 MasterChief - GUID: 9f05d38b2e454829aafa8cc12b8371a0 (unverified)
﻿13:32:13 : Verified GUID (9f05d38b2e454829aafa8cc12b8371a0) of player #6 MasterChief
﻿13:32:14 : Player #6 MasterChief - Legacy GUID: bf2e3cc1fe99153ef90e6345cb37e484
﻿13:35:03 : Player #7 DeniableSummer (206.87.86.158:2304) connected
﻿13:35:05 : Player #7 DeniableSummer - GUID: 79fa31596bea0d2707e34f8c049a6cf1 (unverified)
﻿13:35:05 : Verified GUID (79fa31596bea0d2707e34f8c049a6cf1) of player #7 DeniableSummer
﻿13:35:05 : Player #7 DeniableSummer - Legacy GUID: 8e5b2e9eed95f78f4e55e073804e604d
﻿13:35:06 : Player #7 DeniableSummer disconnected
﻿13:37:28 : Player #7 hampuz (85.227.130.109:2304) connected
﻿13:37:29 : Player #7 hampuz - GUID: 2205a3ef83c61033eeb504e6524a0e56 (unverified)
﻿13:37:29 : Verified GUID (2205a3ef83c61033eeb504e6524a0e56) of player #7 hampuz
﻿13:37:30 : Player #7 hampuz - Legacy GUID: dc9d62215193a6b327ad061927625172
﻿13:37:33 : Player #7 hampuz disconnected
﻿13:38:29 : Player #7 DeniableSummer (206.87.86.158:2304) connected
﻿13:38:30 : Player #7 DeniableSummer - GUID: 79fa31596bea0d2707e34f8c049a6cf1 (unverified)
﻿13:38:31 : Verified GUID (79fa31596bea0d2707e34f8c049a6cf1) of player #7 DeniableSummer
﻿13:38:32 : Player #7 DeniableSummer - Legacy GUID: 8e5b2e9eed95f78f4e55e073804e604d
﻿13:38:32 : Player #7 DeniableSummer disconnected
﻿13:39:01 : Player #7 hampuz (85.227.130.109:2304) connected
﻿13:39:02 : Player #7 hampuz - GUID: 2205a3ef83c61033eeb504e6524a0e56 (unverified)
﻿13:39:03 : Verified GUID (2205a3ef83c61033eeb504e6524a0e56) of player #7 hampuz
﻿13:39:03 : Player #7 hampuz - Legacy GUID: dc9d62215193a6b327ad061927625172
﻿13:40:09 : Player #8 makmonster (221.160.204.199:2304) connected
﻿13:40:10 : Player #8 makmonster - GUID: c91a09248c10a26927a33dabae9b4b33 (unverified)
﻿13:40:10 : Verified GUID (c91a09248c10a26927a33dabae9b4b33) of player #8 makmonster
﻿13:40:11 : Player #8 makmonster - Legacy GUID: 9f79724ace86e60239e70ad5c06fb421
﻿13:40:14 : Player #8 makmonster disconnected
﻿13:41:16 : Player #8 DeniableSummer (206.87.86.158:2304) connected
﻿13:41:17 : Player #8 DeniableSummer - GUID: 79fa31596bea0d2707e34f8c049a6cf1 (unverified)
﻿13:41:17 : Verified GUID (79fa31596bea0d2707e34f8c049a6cf1) of player #8 DeniableSummer
﻿13:41:18 : Player #8 DeniableSummer - Legacy GUID: 8e5b2e9eed95f78f4e55e073804e604d
﻿13:41:23 : Player #9 Connor (90.221.45.53:63088) connected
﻿13:41:24 : Player #9 Connor - GUID: 7e04d29e27fb6b125543e02dd52aa7a6 (unverified)
﻿13:41:25 : Player #9 Connor - Legacy GUID: ff22f2394e7f6f89a27014948df79c02
﻿13:41:25 : Verified GUID (7e04d29e27fb6b125543e02dd52aa7a6) of player #9 Connor
﻿13:41:39 : RCon admin #0: (Global) .:DoC:. Overpoch
﻿13:42:01 : Player #10 makmonster (221.160.204.199:2304) connected
﻿13:42:03 : Player #10 makmonster - GUID: c91a09248c10a26927a33dabae9b4b33 (unverified)
﻿13:42:03 : Verified GUID (c91a09248c10a26927a33dabae9b4b33) of player #10 makmonster
﻿13:42:03 : Player #10 makmonster - Legacy GUID: 9f79724ace86e60239e70ad5c06fb421
﻿13:44:28 : Player #9 Connor (7e04d29e27fb6b125543e02dd52aa7a6) has been kicked by BattlEye: Client not responding
﻿13:50:29 : Player #9 connor (122.57.146.93:59321) connected
﻿13:50:31 : Player #9 connor - GUID: 96901592b86240f621cab55b32974947 (unverified)
﻿13:50:31 : Player #9 connor - Legacy GUID: c0c6239a53a5abd6d09f3c036b6da097
﻿13:50:32 : Verified GUID (96901592b86240f621cab55b32974947) of player #9 connor
﻿13:51:39 : RCon admin #0: (Global) .:DoC:. Overpoch
﻿13:52:23 : Player #11 Connor (2) (90.221.45.53:64121) connected
﻿13:52:25 : Player #11 Connor (2) - GUID: 7e04d29e27fb6b125543e02dd52aa7a6 (unverified)
﻿13:52:26 : Player #11 Connor (2) (7e04d29e27fb6b125543e02dd52aa7a6) has been kicked by BattlEye: Admin Kick (BEC : Your player name can not contain any of the chars:{}()0123)
﻿13:55:43 : Player #11 ConnorNisbet (90.221.45.53:64512) connected
﻿13:55:44 : Player #11 ConnorNisbet - GUID: 7e04d29e27fb6b125543e02dd52aa7a6 (unverified)
﻿13:55:45 : Verified GUID (7e04d29e27fb6b125543e02dd52aa7a6) of player #11 ConnorNisbet
﻿13:55:46 : Player #11 ConnorNisbet - Legacy GUID: ff22f2394e7f6f89a27014948df79c02
﻿13:55:52 : Player #6 MasterChief (9f05d38b2e454829aafa8cc12b8371a0) has been kicked by BattlEye: Client not responding
﻿14:00:00 : RCon admin #0: (Global) .:DoC:. Server restarts in 1 hours
﻿14:01:39 : RCon admin #0: (Global) .:DoC:. Overpoch
﻿14:02:18 : Player #9 connor (96901592b86240f621cab55b32974947) has been kicked by BattlEye: Client not responding
﻿14:06:31 : Player #6 Samson (68.184.245.165:2304) connected
﻿14:06:32 : Player #6 Samson - GUID: f093f57bd18a0e3dae8761791d39e66b (unverified)
﻿14:06:32 : Verified GUID (f093f57bd18a0e3dae8761791d39e66b) of player #6 Samson
﻿14:06:33 : Player #6 Samson - Legacy GUID: 47f3fdd9fa4df81e73026367fa31d596
﻿14:06:34 : Player #6 Samson (f093f57bd18a0e3dae8761791d39e66b) has been kicked by BattlEye: Global Ban #47f3fd
﻿14:11:39 : RCon admin #0: (Global) .:DoC:. Overpoch
﻿14:17:49 : Player #6 Sean (108.65.134.159:2304) connected
﻿14:17:51 : Player #6 Sean - GUID: 7fed91fa8608937841e8a873f5266c27 (unverified)
﻿14:17:52 : Verified GUID (7fed91fa8608937841e8a873f5266c27) of player #6 Sean
﻿14:17:52 : Player #6 Sean - Legacy GUID: 305f283213cc5ea6f575c270f629b045
﻿14:17:54 : Player #6 Sean disconnected
﻿14:19:16 : Player #6 MasterChief (50.4.72.93:2304) connected
﻿14:19:18 : Player #6 MasterChief - GUID: 9f05d38b2e454829aafa8cc12b8371a0 (unverified)
﻿14:19:18 : Verified GUID (9f05d38b2e454829aafa8cc12b8371a0) of player #6 MasterChief
﻿14:19:20 : Player #6 MasterChief - Legacy GUID: bf2e3cc1fe99153ef90e6345cb37e484
﻿14:21:39 : RCon admin #0: (Global) .:DoC:. Overpoch
﻿14:21:41 : Player #10 makmonster disconnected
﻿14:22:10 : Player #9 Rapture (173.218.2.244:2304) connected
﻿14:22:12 : Player #9 Rapture - GUID: cfb6d47b3a9e2f8834cebf9c72f0900c (unverified)
﻿14:22:13 : Player #9 Rapture - Legacy GUID: 2512716e7b10b86a775999ce808dca6e
﻿14:22:16 : Verified GUID (cfb6d47b3a9e2f8834cebf9c72f0900c) of player #9 Rapture
﻿14:22:17 : Player #9 Rapture disconnected
﻿14:24:16 : Player #9 [NSG] Bdoodb (174.4.185.57:2304) connected
﻿14:24:18 : Player #9 [NSG] Bdoodb disconnected
﻿14:26:26 : RCon admin #2 (24.7.165.67:60244) logged in
﻿14:27:18 : Player #9 Rapture (173.218.2.244:2304) connected
﻿14:27:19 : Player #9 Rapture - GUID: cfb6d47b3a9e2f8834cebf9c72f0900c (unverified)
﻿14:27:20 : Player #9 Rapture - Legacy GUID: 2512716e7b10b86a775999ce808dca6e
﻿14:27:21 : Verified GUID (cfb6d47b3a9e2f8834cebf9c72f0900c) of player #9 Rapture
﻿14:27:23 : Player #9 Rapture disconnected
﻿14:28:25 : Player #9 Rapture (173.218.2.244:2304) connected
﻿14:28:26 : Player #9 Rapture - GUID: cfb6d47b3a9e2f8834cebf9c72f0900c (unverified)
﻿14:28:28 : Player #9 Rapture - Legacy GUID: 2512716e7b10b86a775999ce808dca6e
﻿14:28:29 : Verified GUID (cfb6d47b3a9e2f8834cebf9c72f0900c) of player #9 Rapture
﻿14:28:30 : Player #9 Rapture disconnected
﻿14:28:54 : Player #9 [NSG] Bdoodb (174.4.185.57:2304) connected
﻿14:28:55 : Player #9 [NSG] Bdoodb - GUID: 65e2dec4c50de870caa399bc4a0c4bc8 (unverified)
﻿14:28:56 : Verified GUID (65e2dec4c50de870caa399bc4a0c4bc8) of player #9 [NSG] Bdoodb
﻿14:28:57 : Player #9 [NSG] Bdoodb - Legacy GUID: 91940d85a90c36dcfc3626340dcbd82c
﻿14:29:01 : Player #9 [NSG] Bdoodb disconnected
﻿14:29:23 : Player #8 DeniableSummer disconnected
﻿14:30:24 : RCon admin #1 (24.7.165.67:64250) logged in
﻿14:31:28 : Player #8 [NSG] Bdoodb (174.4.185.57:2304) connected
﻿14:31:32 : Player #8 [NSG] Bdoodb - GUID: 65e2dec4c50de870caa399bc4a0c4bc8 (unverified)
﻿14:31:33 : Player #8 [NSG] Bdoodb - Legacy GUID: 91940d85a90c36dcfc3626340dcbd82c
﻿14:31:34 : Verified GUID (65e2dec4c50de870caa399bc4a0c4bc8) of player #8 [NSG] Bdoodb
﻿14:31:40 : RCon admin #0: (Global) .:DoC:. Overpoch
﻿14:32:03 : RCon admin #0: (To Mr. Spock) BEC : You have about 60 seconds left to join the mission.
﻿14:32:32 : RCon admin #0: (To Mr. Spock) BEC : You have about 30 seconds left to join the mission.
﻿14:32:51 : RCon admin #0: (To Mr. Spock) BEC : You have about 15 seconds left to join the mission.
﻿14:33:05 : Player #4 Mr. Spock (4af32554a2d84a4b2aededf38728bf33) has been kicked by BattlEye: Admin Kick (BEC : Lobby idling to long)
﻿14:33:45 : Player #4 Dirty Harry (104.153.219.75:2304) connected
﻿14:33:47 : Player #4 Dirty Harry - GUID: 52666881125a29a4015fa4cd65c726ea (unverified)
﻿14:33:48 : Verified GUID (52666881125a29a4015fa4cd65c726ea) of player #4 Dirty Harry
﻿14:33:49 : Player #4 Dirty Harry - Legacy GUID: 7fd5e086dbcbd55169ba146651f4e972
﻿14:34:26 : Player #9 Snake Eyes [DOC] (142.179.143.164:2304) connected
﻿14:34:28 : Player #9 Snake Eyes [DOC] - GUID: 97c24e34f15bbafe4489eaa496782cb1 (unverified)
﻿14:34:29 : Verified GUID (97c24e34f15bbafe4489eaa496782cb1) of player #9 Snake Eyes [DOC]
﻿14:34:31 : Player #9 Snake Eyes [DOC] - Legacy GUID: 73eed24ea4d94d73d44a348d92b21ea5
﻿14:34:34 : Player #9 Snake Eyes [DOC] disconnected
﻿14:35:13 : Player #9 Rapture (173.218.2.244:2304) connected
﻿14:35:14 : Player #9 Rapture - GUID: cfb6d47b3a9e2f8834cebf9c72f0900c (unverified)
﻿14:35:16 : Player #9 Rapture - Legacy GUID: 2512716e7b10b86a775999ce808dca6e
﻿14:35:16 : Verified GUID (cfb6d47b3a9e2f8834cebf9c72f0900c) of player #9 Rapture
﻿14:36:23 : Player #10 Snake Eyes [DOC] (142.179.143.164:2304) connected
﻿14:36:25 : Player #10 Snake Eyes [DOC] - GUID: 97c24e34f15bbafe4489eaa496782cb1 (unverified)
﻿14:36:26 : Player #10 Snake Eyes [DOC] - Legacy GUID: 73eed24ea4d94d73d44a348d92b21ea5
﻿14:36:26 : Verified GUID (97c24e34f15bbafe4489eaa496782cb1) of player #10 Snake Eyes [DOC]
﻿14:40:38 : Player #12 Chris (74.141.45.126:2304) connected
﻿14:40:40 : Player #12 Chris - GUID: 3d854d22b3b3ac5157964a3e6d758cad (unverified)
﻿14:40:41 : Verified GUID (3d854d22b3b3ac5157964a3e6d758cad) of player #12 Chris
﻿14:40:41 : Player #12 Chris - Legacy GUID: 9591612d8cd0d1461d8d298a17b511c0
﻿14:40:42 : Player #12 Chris disconnected
﻿14:41:39 : RCon admin #0: (Global) .:DoC:. Overpoch
﻿14:45:01 : RCon admin #0: (Global) .:DoC:. Server restarts in 15 minutes
﻿14:48:01 : Player #8 [NSG] Bdoodb disconnected
﻿14:50:00 : RCon admin #0: (Global) .:DoC:. Server restarts in 10 minutes
﻿14:51:39 : RCon admin #0: (Global) .:DoC:. Overpoch
﻿14:53:45 : Player #11 ConnorNisbet disconnected
﻿14:54:00 : Player #3 Lameninja disconnected
﻿14:55:00 : RCon admin #0: (Global) .:DoC:. Server restarts in 5 minutes. Stop all vehicles and get out!
﻿14:55:19 : Player #6 MasterChief (9f05d38b2e454829aafa8cc12b8371a0) has been kicked by BattlEye: Client not responding
﻿14:57:02 : Player #3 [NSG] Bdoodb (174.4.185.57:2304) connected
﻿14:57:04 : Player #3 [NSG] Bdoodb - GUID: 65e2dec4c50de870caa399bc4a0c4bc8 (unverified)
﻿14:57:04 : Verified GUID (65e2dec4c50de870caa399bc4a0c4bc8) of player #3 [NSG] Bdoodb
﻿14:57:05 : Player #3 [NSG] Bdoodb - Legacy GUID: 91940d85a90c36dcfc3626340dcbd82c
﻿14:57:05 : Player #4 Dirty Harry disconnected
﻿14:57:37 : Player #2 jetBlue disconnected
﻿14:58:27 : Player #10 Snake Eyes [DOC] disconnected
﻿14:59:00 : RCon admin #0: (Global) .:DoC:. Server restarts in 1 minutes. Hit ESC to save your character
﻿14:59:29 : Player #5 =Covert= HeXx disconnected
﻿14:59:50 : Player #1 red beret disconnected
﻿15:00:02 : Lost Connection!
﻿15:00:02 : Closing socket & exiting!
﻿15:01:07 : Rcon client logging in
﻿15:05:41 : Lost Connection!
﻿15:05:41 : Closing socket & exiting!
﻿15:07:07 : Rcon client logging in
﻿15:07:07 : RCon admin #0 (127.0.0.1:61659) logged in
﻿15:07:11 : RCon admin #1 (24.7.165.67:54982) logged in
﻿15:07:19 : Lost Connection!
﻿15:07:19 : Closing socket & exiting!
﻿15:08:28 : Rcon client logging in
﻿15:08:47 : Lost Connection!
﻿15:08:48 : Closing socket & exiting!
﻿15:09:23 : Rcon client logging in
﻿15:09:23 : RCon admin #0 (127.0.0.1:61661) logged in
﻿15:09:24 : RCon admin #1 (24.7.165.67:54232) logged in
﻿15:09:29 : Player #2 =Covert= HeXx (86.9.75.66:2304) connected
﻿15:09:30 : Player #2 =Covert= HeXx - GUID: 396e554c2ba2ded495ff89129b6d2d7a (unverified)
﻿15:09:30 : Verified GUID (396e554c2ba2ded495ff89129b6d2d7a) of player #2 =Covert= HeXx
﻿15:09:31 : Player #2 =Covert= HeXx - Legacy GUID: ec82dae54c267b9e9579673dd6518d6e
﻿15:09:33 : RCon admin #0: (Global) .:DoC:. Overpoch
﻿15:09:34 : Player #3 Rapture (173.218.2.244:2304) connected
﻿15:09:35 : Player #3 Rapture - GUID: cfb6d47b3a9e2f8834cebf9c72f0900c (unverified)
﻿15:09:35 : Verified GUID (cfb6d47b3a9e2f8834cebf9c72f0900c) of player #3 Rapture
﻿15:09:36 : Player #3 Rapture - Legacy GUID: 2512716e7b10b86a775999ce808dca6e
﻿15:10:04 : Player #1 Snake Eyes [DOC] disconnected
﻿15:10:38 : Player #1 DaBethum (73.175.154.94:2304) connected
﻿15:10:39 : Player #1 DaBethum - GUID: 742b776f3e650847db12c4b20a384d86 (unverified)
﻿15:10:39 : Verified GUID (742b776f3e650847db12c4b20a384d86) of player #1 DaBethum
﻿15:10:40 : Player #1 DaBethum - Legacy GUID: ddd0a79f185c67916d68bdd6c94aaec3
﻿15:10:42 : Player #4 MasterChief (50.4.72.93:2304) connected
﻿15:10:43 : Player #5 <[IDC]> Ghost (142.179.143.164:2304) connected
﻿15:10:43 : Player #4 MasterChief - GUID: 9f05d38b2e454829aafa8cc12b8371a0 (unverified)
﻿15:10:44 : Verified GUID (9f05d38b2e454829aafa8cc12b8371a0) of player #4 MasterChief
﻿15:10:44 : Player #4 MasterChief - Legacy GUID: bf2e3cc1fe99153ef90e6345cb37e484
﻿15:10:44 : Player #5 <[IDC]> Ghost - GUID: 97c24e34f15bbafe4489eaa496782cb1 (unverified)
﻿15:10:44 : Verified GUID (97c24e34f15bbafe4489eaa496782cb1) of player #5 <[IDC]> Ghost
﻿15:10:45 : Player #5 <[IDC]> Ghost - Legacy GUID: 73eed24ea4d94d73d44a348d92b21ea5
﻿15:12:27 : Player #6 [NSG] Bdoodb (174.4.185.57:2304) connected
﻿15:12:28 : Player #6 [NSG] Bdoodb - GUID: 65e2dec4c50de870caa399bc4a0c4bc8 (unverified)
﻿15:12:28 : Verified GUID (65e2dec4c50de870caa399bc4a0c4bc8) of player #6 [NSG] Bdoodb
﻿15:12:29 : Player #6 [NSG] Bdoodb - Legacy GUID: 91940d85a90c36dcfc3626340dcbd82c
﻿15:13:12 : Player #0 red beret disconnected
﻿15:13:14 : Player #4 MasterChief (9f05d38b2e454829aafa8cc12b8371a0) has been kicked by BattlEye: Client not responding
﻿15:13:45 : Player #5 <[IDC]> Ghost disconnected
﻿15:13:51 : Player #2 =Covert= HeXx disconnected
﻿15:13:53 : Player #0 red beret (24.239.58.100:2304) connected
﻿15:13:54 : Player #0 red beret - GUID: a1c207391eb02db8acaa6d0ef3dbaa68 (unverified)
﻿15:13:54 : Verified GUID (a1c207391eb02db8acaa6d0ef3dbaa68) of player #0 red beret
﻿15:13:54 : Player #0 red beret - Owner GUID: 1f1bd295ebaee9b0d898f3412f9e79f4
﻿15:13:55 : Player #0 red beret - Legacy GUID: 1f47515801f344af4ef4983fa0890d1b
﻿15:14:15 : Player #2 <[IDC]> Ghost (142.179.143.164:2304) connected
﻿15:14:16 : Player #2 <[IDC]> Ghost - GUID: 97c24e34f15bbafe4489eaa496782cb1 (unverified)
﻿15:14:17 : Verified GUID (97c24e34f15bbafe4489eaa496782cb1) of player #2 <[IDC]> Ghost
﻿15:14:18 : Player #2 <[IDC]> Ghost - Legacy GUID: 73eed24ea4d94d73d44a348d92b21ea5
﻿15:14:23 : RCon admin #0: (Global) .:DoC:. Server restarts every 3 hrs starting at 12am PST
﻿15:14:26 : Player #3 Rapture disconnected
﻿15:14:49 : Player #3 =Covert= HeXx (86.9.75.66:2304) connected
﻿15:14:50 : Player #3 =Covert= HeXx - GUID: 396e554c2ba2ded495ff89129b6d2d7a (unverified)
﻿15:14:50 : Verified GUID (396e554c2ba2ded495ff89129b6d2d7a) of player #3 =Covert= HeXx
﻿15:14:50 : Player #4 Rapture (173.218.2.244:2304) connected
﻿15:14:51 : Player #3 =Covert= HeXx - Legacy GUID: ec82dae54c267b9e9579673dd6518d6e
﻿15:14:51 : Player #4 Rapture - GUID: cfb6d47b3a9e2f8834cebf9c72f0900c (unverified)
﻿15:14:51 : Verified GUID (cfb6d47b3a9e2f8834cebf9c72f0900c) of player #4 Rapture
﻿15:14:52 : Player #4 Rapture - Legacy GUID: 2512716e7b10b86a775999ce808dca6e
﻿15:17:10 : Player #1 DaBethum disconnected
﻿15:17:59 : Player #6 [NSG] Bdoodb (65e2dec4c50de870caa399bc4a0c4bc8) has been kicked by BattlEye: Client not responding
﻿15:18:06 : Player #1 [NSG] Bdoodb (174.4.185.57:2304) connected
﻿15:18:07 : Player #1 [NSG] Bdoodb - GUID: 65e2dec4c50de870caa399bc4a0c4bc8 (unverified)
﻿15:18:07 : Verified GUID (65e2dec4c50de870caa399bc4a0c4bc8) of player #1 [NSG] Bdoodb
﻿15:18:08 : Player #1 [NSG] Bdoodb - Legacy GUID: 91940d85a90c36dcfc3626340dcbd82c
﻿15:18:30 : Player #5 MasterChief (50.4.72.93:2304) connected
﻿15:18:31 : Player #5 MasterChief - GUID: 9f05d38b2e454829aafa8cc12b8371a0 (unverified)
﻿15:18:31 : Verified GUID (9f05d38b2e454829aafa8cc12b8371a0) of player #5 MasterChief
﻿15:18:32 : Player #0 red beret disconnected
﻿15:18:32 : Player #5 MasterChief - Legacy GUID: bf2e3cc1fe99153ef90e6345cb37e484
﻿15:18:45 : Player #2 <[IDC]> Ghost disconnected
﻿15:19:33 : Player #0 <[IDC]> Ghost (142.179.143.164:2304) connected
﻿15:19:33 : RCon admin #0: (Global) .:DoC:. Overpoch
﻿15:19:34 : Player #0 <[IDC]> Ghost - GUID: 97c24e34f15bbafe4489eaa496782cb1 (unverified)
﻿15:19:34 : Verified GUID (97c24e34f15bbafe4489eaa496782cb1) of player #0 <[IDC]> Ghost
﻿15:19:35 : Player #0 <[IDC]> Ghost - Legacy GUID: 73eed24ea4d94d73d44a348d92b21ea5
﻿15:20:35 : Player #3 =Covert= HeXx disconnected
﻿15:21:13 : Player #5 MasterChief disconnected
﻿15:21:40 : Player #0 <[IDC]> Ghost disconnected
﻿15:21:56 : Player #0 MasterChief (50.4.72.93:2304) connected
﻿15:21:57 : Player #0 MasterChief - GUID: 9f05d38b2e454829aafa8cc12b8371a0 (unverified)
﻿15:21:57 : Verified GUID (9f05d38b2e454829aafa8cc12b8371a0) of player #0 MasterChief
﻿15:21:58 : Player #0 MasterChief - Legacy GUID: bf2e3cc1fe99153ef90e6345cb37e484
﻿15:22:03 : Player #2 =Covert= HeXx (86.9.75.66:2304) connected
﻿15:22:04 : Player #2 =Covert= HeXx - GUID: 396e554c2ba2ded495ff89129b6d2d7a (unverified)
﻿15:22:04 : Verified GUID (396e554c2ba2ded495ff89129b6d2d7a) of player #2 =Covert= HeXx
﻿15:22:05 : Player #2 =Covert= HeXx - Legacy GUID: ec82dae54c267b9e9579673dd6518d6e
﻿15:23:27 : Player #0 MasterChief disconnected
﻿15:24:23 : RCon admin #0: (Global) .:DoC:. Server restarts every 3 hrs starting at 12am PST
﻿15:24:24 : Player #1 [NSG] Bdoodb disconnected
﻿15:25:06 : Player #0 [NSG] Bdoodb (174.4.185.57:2304) connected
﻿15:25:07 : Player #0 [NSG] Bdoodb - GUID: 65e2dec4c50de870caa399bc4a0c4bc8 (unverified)
﻿15:25:07 : Verified GUID (65e2dec4c50de870caa399bc4a0c4bc8) of player #0 [NSG] Bdoodb
﻿15:25:08 : Player #0 [NSG] Bdoodb - Legacy GUID: 91940d85a90c36dcfc3626340dcbd82c
﻿15:26:16 : Player #1 <[IDC]> Ghost (142.179.143.164:2304) connected
﻿15:26:17 : Player #1 <[IDC]> Ghost - GUID: 97c24e34f15bbafe4489eaa496782cb1 (unverified)
﻿15:26:17 : Verified GUID (97c24e34f15bbafe4489eaa496782cb1) of player #1 <[IDC]> Ghost
﻿15:26:18 : Player #1 <[IDC]> Ghost - Legacy GUID: 73eed24ea4d94d73d44a348d92b21ea5
﻿15:26:30 : Player #2 =Covert= HeXx disconnected
﻿15:27:09 : Player #4 Rapture disconnected
﻿15:27:51 : Player #0 [NSG] Bdoodb disconnected
﻿15:29:22 : Player #1 <[IDC]> Ghost disconnected
﻿15:29:33 : RCon admin #0: (Global) .:DoC:. Overpoch
﻿15:32:29 : Player #0 [NSG] Bdoodb (174.4.185.57:2304) connected
﻿15:32:31 : Player #0 [NSG] Bdoodb - GUID: 65e2dec4c50de870caa399bc4a0c4bc8 (unverified)
﻿15:32:31 : Verified GUID (65e2dec4c50de870caa399bc4a0c4bc8) of player #0 [NSG] Bdoodb
﻿15:32:32 : Player #0 [NSG] Bdoodb - Legacy GUID: 91940d85a90c36dcfc3626340dcbd82c
﻿15:32:36 : Player #1 Rapture (173.218.2.244:2304) connected
﻿15:32:37 : Player #1 Rapture - GUID: cfb6d47b3a9e2f8834cebf9c72f0900c (unverified)
﻿15:32:37 : Verified GUID (cfb6d47b3a9e2f8834cebf9c72f0900c) of player #1 Rapture
﻿15:32:38 : Player #1 Rapture - Legacy GUID: 2512716e7b10b86a775999ce808dca6e
﻿15:34:23 : RCon admin #0: (Global) .:DoC:. Server restarts every 3 hrs starting at 12am PST
﻿15:39:33 : RCon admin #0: (Global) .:DoC:. Overpoch
﻿15:39:53 : Player #0 [NSG] Bdoodb disconnected
﻿15:44:23 : RCon admin #0: (Global) .:DoC:. Server restarts every 3 hrs starting at 12am PST
﻿15:45:00 : Player #0 <[IDC]> Ghost (142.179.143.164:2304) connected
﻿15:45:01 : Player #0 <[IDC]> Ghost - GUID: 97c24e34f15bbafe4489eaa496782cb1 (unverified)
﻿15:45:01 : Verified GUID (97c24e34f15bbafe4489eaa496782cb1) of player #0 <[IDC]> Ghost
﻿15:45:02 : Player #0 <[IDC]> Ghost - Legacy GUID: 73eed24ea4d94d73d44a348d92b21ea5
﻿15:46:43 : Player #0 <[IDC]> Ghost disconnected
﻿15:46:52 : Player #1 Rapture disconnected
﻿15:49:33 : RCon admin #0: (Global) .:DoC:. Overpoch
﻿15:50:04 : Lost Connection!
﻿15:50:04 : Closing socket & exiting!
﻿15:50:47 : Rcon client logging in
﻿15:50:47 : RCon admin #0 (127.0.0.1:49365) logged in
﻿15:50:50 : RCon admin #1 (24.7.165.67:51881) logged in
﻿15:50:57 : RCon admin #0: (Global) .:DoC:. Overpoch
﻿15:51:50 : Player #0 Mr. Spock (24.7.165.67:2304) connected
﻿15:51:51 : Player #0 Mr. Spock - GUID: 4af32554a2d84a4b2aededf38728bf33 (unverified)
﻿15:51:51 : Verified GUID (4af32554a2d84a4b2aededf38728bf33) of player #0 Mr. Spock
﻿15:51:52 : Player #0 Mr. Spock - Legacy GUID: fdd59afb221ccbac5728bf8aa08224b2
﻿15:52:04 : Player #0 Mr. Spock disconnected
﻿15:52:04 : Player #1 MasterChief (50.4.72.93:2304) connected
﻿15:52:05 : Player #1 MasterChief - GUID: 9f05d38b2e454829aafa8cc12b8371a0 (unverified)
﻿15:52:22 : Player #1 MasterChief disconnected
﻿15:52:22 : Player #0 Mr. Spock (24.7.165.67:2304) connected
﻿15:52:23 : Player #0 Mr. Spock - GUID: 4af32554a2d84a4b2aededf38728bf33 (unverified)
﻿15:52:23 : Verified GUID (4af32554a2d84a4b2aededf38728bf33) of player #0 Mr. Spock
﻿15:52:24 : Player #0 Mr. Spock - Legacy GUID: fdd59afb221ccbac5728bf8aa08224b2
﻿15:52:30 : Player #1 MasterChief (50.4.72.93:2304) connected
﻿15:52:31 : Player #1 MasterChief - GUID: 9f05d38b2e454829aafa8cc12b8371a0 (unverified)
﻿15:52:31 : Verified GUID (9f05d38b2e454829aafa8cc12b8371a0) of player #1 MasterChief
﻿15:52:32 : Player #1 MasterChief - Legacy GUID: bf2e3cc1fe99153ef90e6345cb37e484
﻿15:55:47 : RCon admin #0: (Global) .:DoC:. Server restarts every 3 hrs starting at 12am PST
﻿15:57:21 : Player #2 [NSG] Bdoodb (174.4.185.57:2304) connected
﻿15:57:22 : Player #2 [NSG] Bdoodb - GUID: 65e2dec4c50de870caa399bc4a0c4bc8 (unverified)
﻿15:57:22 : Verified GUID (65e2dec4c50de870caa399bc4a0c4bc8) of player #2 [NSG] Bdoodb
﻿15:57:23 : Player #2 [NSG] Bdoodb - Legacy GUID: 91940d85a90c36dcfc3626340dcbd82c
﻿15:58:49 : RCon admin #0: (To Mr. Spock) BEC : You have about 60 seconds left to join the mission.
﻿15:59:12 : Player #3 Captain Cuddles (76.200.226.168:2304) connected
﻿15:59:13 : Player #3 Captain Cuddles - GUID: 7103756361984c4974964159e4147665 (unverified)
﻿15:59:14 : Verified GUID (7103756361984c4974964159e4147665) of player #3 Captain Cuddles
﻿15:59:15 : Player #3 Captain Cuddles - Legacy GUID: 4762f19ba4fcafee560ffd7fbe70294c
﻿15:59:18 : Player #3 Captain Cuddles disconnected
﻿15:59:20 : RCon admin #0: (To Mr. Spock) BEC : You have about 30 seconds left to join the mission.
﻿15:59:35 : RCon admin #0: (To Mr. Spock) BEC : You have about 15 seconds left to join the mission.
﻿15:59:52 : Player #0 Mr. Spock (4af32554a2d84a4b2aededf38728bf33) has been kicked by BattlEye: Admin Kick (BEC : Lobby idling to long)
﻿16:00:00 : RCon admin #0: (Global) .:DoC:. Server restarts in 2 hours
﻿16:00:57 : RCon admin #0: (Global) .:DoC:. Overpoch
﻿16:01:48 : Player #0 Rapture (173.218.2.244:2304) connected
﻿16:01:49 : Player #0 Rapture - GUID: cfb6d47b3a9e2f8834cebf9c72f0900c (unverified)
﻿16:01:49 : Verified GUID (cfb6d47b3a9e2f8834cebf9c72f0900c) of player #0 Rapture
﻿16:01:50 : Player #0 Rapture - Legacy GUID: 2512716e7b10b86a775999ce808dca6e
﻿16:02:09 : Player #3 Captain Cuddles (76.200.226.168:2304) connected
﻿16:02:10 : Player #3 Captain Cuddles - GUID: 7103756361984c4974964159e4147665 (unverified)
﻿16:02:10 : Verified GUID (7103756361984c4974964159e4147665) of player #3 Captain Cuddles
﻿16:02:11 : Player #3 Captain Cuddles - Legacy GUID: 4762f19ba4fcafee560ffd7fbe70294c
﻿16:05:47 : RCon admin #0: (Global) .:DoC:. Server restarts every 3 hrs starting at 12am PST
﻿16:06:27 : Player #4 <[IDC]> Ghost (142.179.143.164:2304) connected
﻿16:06:28 : Player #4 <[IDC]> Ghost - GUID: 97c24e34f15bbafe4489eaa496782cb1 (unverified)
﻿16:06:28 : Verified GUID (97c24e34f15bbafe4489eaa496782cb1) of player #4 <[IDC]> Ghost
﻿16:06:29 : Player #4 <[IDC]> Ghost - Legacy GUID: 73eed24ea4d94d73d44a348d92b21ea5
﻿16:08:36 : Player #0 Rapture disconnected
﻿16:09:37 : Player #4 <[IDC]> Ghost disconnected
﻿16:10:57 : RCon admin #0: (Global) .:DoC:. Overpoch
﻿16:12:42 : Player #0 Canadian Bacon (174.1.93.190:2304) connected
﻿16:12:44 : Player #0 Canadian Bacon - GUID: d3b8154bc457e306ae14d726b1d72d8a (unverified)
﻿16:12:44 : Player #0 Canadian Bacon - Legacy GUID: e0cb8cf999f5953bc1605680e94b0ea8
﻿16:12:48 : Player #0 Canadian Bacon disconnected
﻿16:13:43 : Player #0 Rapture (173.218.2.244:2304) connected
﻿16:13:44 : Player #0 Rapture - GUID: cfb6d47b3a9e2f8834cebf9c72f0900c (unverified)
﻿16:13:44 : Verified GUID (cfb6d47b3a9e2f8834cebf9c72f0900c) of player #0 Rapture
﻿16:13:45 : Player #0 Rapture - Legacy GUID: 2512716e7b10b86a775999ce808dca6e
﻿16:15:26 : Player #4 Canadian Bacon (174.1.93.190:2304) connected
﻿16:15:27 : Player #4 Canadian Bacon - GUID: d3b8154bc457e306ae14d726b1d72d8a (unverified)
﻿16:15:28 : Verified GUID (d3b8154bc457e306ae14d726b1d72d8a) of player #4 Canadian Bacon
﻿16:15:29 : Player #4 Canadian Bacon - Legacy GUID: e0cb8cf999f5953bc1605680e94b0ea8
﻿16:15:47 : RCon admin #0: (Global) .:DoC:. Server restarts every 3 hrs starting at 12am PST
﻿16:16:35 : Player #3 Captain Cuddles disconnected
﻿16:19:51 : Player #0 Rapture disconnected
﻿16:20:03 : Player #0 Needy (67.161.100.173:2304) connected
﻿16:20:04 : Player #0 Needy - GUID: 92ab092224b61a65ec30460322329469 (unverified)
﻿16:20:05 : Verified GUID (92ab092224b61a65ec30460322329469) of player #0 Needy
﻿16:20:05 : Player #0 Needy - Legacy GUID: 9a6ec03c4a83e51dd50813019da2e1be
﻿16:20:08 : Player #0 Needy disconnected
﻿16:20:57 : RCon admin #0: (Global) .:DoC:. Overpoch
﻿16:22:07 : Player #0 Needy (67.161.100.173:2304) connected
﻿16:22:08 : Player #0 Needy - GUID: 92ab092224b61a65ec30460322329469 (unverified)
﻿16:22:09 : Verified GUID (92ab092224b61a65ec30460322329469) of player #0 Needy
﻿16:22:09 : Player #0 Needy - Legacy GUID: 9a6ec03c4a83e51dd50813019da2e1be
﻿16:23:40 : RCon admin #2 (24.7.165.67:60652) logged in
﻿16:24:06 : Player #3 red beret (24.239.58.100:2304) connected
﻿16:24:07 : Player #3 red beret - GUID: a1c207391eb02db8acaa6d0ef3dbaa68 (unverified)
﻿16:24:07 : Verified GUID (a1c207391eb02db8acaa6d0ef3dbaa68) of player #3 red beret
﻿16:24:08 : Player #3 red beret - Owner GUID: 1f1bd295ebaee9b0d898f3412f9e79f4
﻿16:24:08 : Player #3 red beret - Legacy GUID: 1f47515801f344af4ef4983fa0890d1b
﻿16:24:55 : RCon admin #1 (24.7.165.67:49842) logged in
﻿16:25:47 : RCon admin #0: (Global) .:DoC:. Server restarts every 3 hrs starting at 12am PST
﻿16:26:13 : RCon admin #2 (24.7.165.67:60274) logged in
﻿16:27:25 : Player #1 MasterChief (9f05d38b2e454829aafa8cc12b8371a0) has been kicked by BattlEye: Client not responding
﻿16:29:03 : Player #1 <[IDC]> Ghost (142.179.143.164:2304) connected
﻿16:29:04 : Player #1 <[IDC]> Ghost - GUID: 97c24e34f15bbafe4489eaa496782cb1 (unverified)
﻿16:29:04 : Verified GUID (97c24e34f15bbafe4489eaa496782cb1) of player #1 <[IDC]> Ghost
﻿16:29:05 : Player #1 <[IDC]> Ghost - Legacy GUID: 73eed24ea4d94d73d44a348d92b21ea5
﻿16:30:43 : Player #1 <[IDC]> Ghost disconnected
﻿16:30:57 : RCon admin #0: (Global) .:DoC:. Overpoch
﻿16:33:27 : Player #1 MasterChief (50.4.72.93:2304) connected
﻿16:33:28 : Player #1 MasterChief - GUID: 9f05d38b2e454829aafa8cc12b8371a0 (unverified)
﻿16:33:29 : Verified GUID (9f05d38b2e454829aafa8cc12b8371a0) of player #1 MasterChief
﻿16:33:29 : Player #1 MasterChief - Legacy GUID: bf2e3cc1fe99153ef90e6345cb37e484
﻿16:34:33 : Player #1 MasterChief disconnected
﻿16:34:56 : Player #1 New User (76.105.43.67:2304) connected
﻿16:34:57 : Player #1 New User - GUID: fd585df4048574d671538e4193e8ce5f (unverified)
﻿16:34:57 : Verified GUID (fd585df4048574d671538e4193e8ce5f) of player #1 New User
﻿16:34:57 : Player #1 New User - Owner GUID: 6ca1125b108481e8268d281992840281
﻿16:34:58 : Player #1 New User - Legacy GUID: 3db7ef54882aa125e23f883372544a49
﻿16:34:59 : Player #1 New User disconnected
﻿16:35:01 : Player #1 <[IDC]> Ghost (142.179.143.164:2304) connected
﻿16:35:02 : Player #1 <[IDC]> Ghost - GUID: 97c24e34f15bbafe4489eaa496782cb1 (unverified)
﻿16:35:02 : Verified GUID (97c24e34f15bbafe4489eaa496782cb1) of player #1 <[IDC]> Ghost
﻿16:35:03 : Player #1 <[IDC]> Ghost - Legacy GUID: 73eed24ea4d94d73d44a348d92b21ea5
﻿16:35:47 : RCon admin #0: (Global) .:DoC:. Server restarts every 3 hrs starting at 12am PST
﻿16:36:19 : Player #2 [NSG] Bdoodb disconnected
﻿16:39:57 : RCon admin #1 (24.7.165.67:57055) logged in
﻿16:40:57 : RCon admin #0: (Global) .:DoC:. Overpoch
﻿16:45:47 : RCon admin #0: (Global) .:DoC:. Server restarts every 3 hrs starting at 12am PST
﻿16:47:09 : Player #2 DaBethum (73.175.154.94:2304) connected
﻿16:47:10 : Player #2 DaBethum - GUID: 742b776f3e650847db12c4b20a384d86 (unverified)
﻿16:47:11 : Verified GUID (742b776f3e650847db12c4b20a384d86) of player #2 DaBethum
﻿16:47:11 : Player #2 DaBethum - Legacy GUID: ddd0a79f185c67916d68bdd6c94aaec3
﻿16:50:57 : RCon admin #0: (Global) .:DoC:. Overpoch
﻿16:51:33 : Player #5 PopACop (69.145.60.180:2304) connected
﻿16:51:34 : Player #5 PopACop - GUID: c6085243ab87e5ad3a4a0e6a646a1643 (unverified)
﻿16:51:35 : Verified GUID (c6085243ab87e5ad3a4a0e6a646a1643) of player #5 PopACop
﻿16:51:36 : Player #5 PopACop - Legacy GUID: 4df2c6f0ec1d5ed2decfb40155517e2d
﻿16:51:36 : Player #5 PopACop (c6085243ab87e5ad3a4a0e6a646a1643) has been kicked by BattlEye: Global Ban #4df2c6
﻿16:54:01 : RCon admin #2 (24.7.165.67:61835) logged in
﻿16:55:12 : RCon admin #1 (24.7.165.67:54016) logged in
﻿16:55:47 : RCon admin #0: (Global) .:DoC:. Server restarts every 3 hrs starting at 12am PST
﻿17:00:00 : RCon admin #0: (Global) .:DoC:. Server restarts in 1 hours
﻿17:00:57 : RCon admin #0: (Global) .:DoC:. Overpoch
﻿17:04:33 : Player #5 PopACop (69.145.60.180:2304) connected
﻿17:04:34 : Player #5 PopACop - GUID: c3c675026cc314ccbd7748b04870a870 (unverified)
﻿17:04:34 : Verified GUID (c3c675026cc314ccbd7748b04870a870) of player #5 PopACop
﻿17:04:35 : Player #5 PopACop - Legacy GUID: 083a0a9d4d6cb4530bcc099968bc4a04
﻿17:06:58 : Player #6 MasterChief (50.4.72.93:2304) connected
﻿17:06:59 : Player #6 MasterChief - GUID: 9f05d38b2e454829aafa8cc12b8371a0 (unverified)
﻿17:06:59 : Verified GUID (9f05d38b2e454829aafa8cc12b8371a0) of player #6 MasterChief
﻿17:07:00 : Player #6 MasterChief - Legacy GUID: bf2e3cc1fe99153ef90e6345cb37e484
﻿17:08:36 : Player #7 James (70.69.160.229:2304) connected
﻿17:08:37 : Player #7 James - GUID: 39f95cbbeaa658784209f0e04310bef6 (unverified)
﻿17:08:38 : Verified GUID (39f95cbbeaa658784209f0e04310bef6) of player #7 James
﻿17:08:38 : Player #7 James - Legacy GUID: 60bd2bd287fec63c4487353b87492aeb
﻿17:08:41 : Player #7 James disconnected
﻿17:09:47 : Player #7 POPS (68.4.131.207:2304) connected
﻿17:09:48 : Player #7 POPS - GUID: 6dd7992e7aa05af3f9c0ce6b3bd56f58 (unverified)
﻿17:09:49 : Verified GUID (6dd7992e7aa05af3f9c0ce6b3bd56f58) of player #7 POPS
﻿17:09:50 : Player #7 POPS - Legacy GUID: 64d8875d31c3f39a17bf2cd64486322d
﻿17:09:53 : Player #5 PopACop disconnected
﻿17:10:11 : Player #5 Captain Cuddles (76.200.226.168:2304) connected
﻿17:10:12 : Player #5 Captain Cuddles - GUID: 7103756361984c4974964159e4147665 (unverified)
﻿17:10:12 : Verified GUID (7103756361984c4974964159e4147665) of player #5 Captain Cuddles
﻿17:10:13 : Player #5 Captain Cuddles - Legacy GUID: 4762f19ba4fcafee560ffd7fbe70294c
﻿17:10:34 : Player #8 James (70.69.160.229:2304) connected
﻿17:10:35 : Player #8 James - GUID: 39f95cbbeaa658784209f0e04310bef6 (unverified)
﻿17:10:36 : Verified GUID (39f95cbbeaa658784209f0e04310bef6) of player #8 James
﻿17:10:37 : Player #8 James - Legacy GUID: 60bd2bd287fec63c4487353b87492aeb
﻿17:10:57 : RCon admin #0: (Global) .:DoC:. Overpoch
﻿17:12:20 : Player #7 POPS - Legacy GUID: 64d8875d31c3f39a17bf2cd64486322d
﻿17:17:58 : Player #9 scott (90.193.42.105:2304) connected
﻿17:18:00 : Player #9 scott - GUID: 26ee70a153db9e5a2f890dd544402bd5 (unverified)
﻿17:18:00 : Verified GUID (26ee70a153db9e5a2f890dd544402bd5) of player #9 scott
﻿17:18:01 : Player #9 scott - Legacy GUID: 80e487c08661474fe4d32a4a9460eaee
﻿17:19:28 : RCon admin #2 (24.7.165.67:59406) logged in
﻿17:20:31 : Player #9 scott (26ee70a153db9e5a2f890dd544402bd5) has been kicked by BattlEye: Failed to update
﻿17:20:57 : RCon admin #0: (Global) .:DoC:. Overpoch
﻿17:21:06 : Player #9 jacob (24.19.237.64:2304) connected
﻿17:21:07 : Player #9 jacob - GUID: 57b4bfe674fadafc337862488557cde4 (unverified)
﻿17:21:08 : Verified GUID (57b4bfe674fadafc337862488557cde4) of player #9 jacob
﻿17:21:09 : Player #9 jacob - Legacy GUID: b89e88e180da5786e89f05826135b572
﻿17:21:10 : Player #9 jacob disconnected
﻿17:22:42 : Player #9 Cooler777 (98.196.213.29:2304) connected
﻿17:22:45 : Player #9 Cooler777 - GUID: 67772fc099523dd27746d14294f80cd4 (unverified)
﻿17:22:46 : Player #9 Cooler777 (67772fc099523dd27746d14294f80cd4) has been kicked by BattlEye: Admin Kick (BEC : Your player name can not contain any of the chars:{}()0123)
﻿17:23:07 : Player #6 MasterChief (9f05d38b2e454829aafa8cc12b8371a0) has been kicked by BattlEye: Client not responding
﻿17:24:29 : Player #6 MasterChief (50.4.72.93:2304) connected
﻿17:24:39 : Player #6 MasterChief - GUID: 9f05d38b2e454829aafa8cc12b8371a0 (unverified)
﻿17:24:39 : Verified GUID (9f05d38b2e454829aafa8cc12b8371a0) of player #6 MasterChief
﻿17:24:40 : Player #6 MasterChief - Legacy GUID: bf2e3cc1fe99153ef90e6345cb37e484
﻿17:28:18 : Player #7 POPS disconnected
﻿17:28:54 : Player #6 MasterChief (9f05d38b2e454829aafa8cc12b8371a0) has been kicked by BattlEye: Client not responding
﻿17:30:00 : RCon admin #0: (Global) .:DoC:. Server restarts in 30 minutes
﻿17:30:57 : RCon admin #0: (Global) .:DoC:. Overpoch
﻿17:33:04 : Player #6 MasterChief (50.4.72.93:2304) connected
﻿17:33:05 : Player #6 MasterChief - GUID: 9f05d38b2e454829aafa8cc12b8371a0 (unverified)
﻿17:33:06 : Verified GUID (9f05d38b2e454829aafa8cc12b8371a0) of player #6 MasterChief
﻿17:33:07 : Player #6 MasterChief - Legacy GUID: bf2e3cc1fe99153ef90e6345cb37e484
﻿17:34:28 : Player #7 scott (90.193.42.105:2304) connected
﻿17:34:30 : Player #7 scott - GUID: 26ee70a153db9e5a2f890dd544402bd5 (unverified)
﻿17:34:30 : Verified GUID (26ee70a153db9e5a2f890dd544402bd5) of player #7 scott
﻿17:34:30 : Player #7 scott - Legacy GUID: 80e487c08661474fe4d32a4a9460eaee
﻿17:35:08 : Player #4 Canadian Bacon disconnected
﻿17:36:33 : Player #0 Needy disconnected
﻿17:37:01 : Player #7 scott (26ee70a153db9e5a2f890dd544402bd5) has been kicked by BattlEye: Failed to update
﻿17:39:47 : Player #0 scott (90.193.42.105:2304) connected
﻿17:39:49 : Player #0 scott - GUID: 26ee70a153db9e5a2f890dd544402bd5 (unverified)
﻿17:39:49 : Player #0 scott - Legacy GUID: 80e487c08661474fe4d32a4a9460eaee
﻿17:39:49 : Verified GUID (26ee70a153db9e5a2f890dd544402bd5) of player #0 scott
﻿17:40:29 : Player #8 James disconnected
﻿17:40:57 : RCon admin #0: (Global) .:DoC:. Overpoch
﻿17:42:20 : Player #0 scott (26ee70a153db9e5a2f890dd544402bd5) has been kicked by BattlEye: Failed to update
﻿17:43:58 : Player #6 MasterChief (9f05d38b2e454829aafa8cc12b8371a0) has been kicked by BattlEye: Client not responding
﻿17:45:00 : RCon admin #0: (Global) .:DoC:. Server restarts in 15 minutes
﻿17:45:39 : Player #0 MasterChief (50.4.72.93:2304) connected
﻿17:45:40 : Player #0 MasterChief - GUID: 9f05d38b2e454829aafa8cc12b8371a0 (unverified)
﻿17:45:40 : Verified GUID (9f05d38b2e454829aafa8cc12b8371a0) of player #0 MasterChief
﻿17:45:41 : Player #0 MasterChief - Legacy GUID: bf2e3cc1fe99153ef90e6345cb37e484
﻿17:48:54 : Player #4 scott (90.193.42.105:2304) connected
﻿17:48:56 : Player #4 scott - GUID: 26ee70a153db9e5a2f890dd544402bd5 (unverified)
﻿17:48:56 : Verified GUID (26ee70a153db9e5a2f890dd544402bd5) of player #4 scott
﻿17:48:56 : Player #4 scott - Legacy GUID: 80e487c08661474fe4d32a4a9460eaee
﻿17:50:00 : RCon admin #0: (Global) .:DoC:. Server restarts in 10 minutes
﻿17:50:57 : RCon admin #0: (Global) .:DoC:. Overpoch
﻿17:51:03 : Player #4 scott disconnected
﻿17:52:50 : Player #4 James (70.69.160.229:2304) connected
﻿17:52:51 : Player #4 James - GUID: 39f95cbbeaa658784209f0e04310bef6 (unverified)
﻿17:52:51 : Verified GUID (39f95cbbeaa658784209f0e04310bef6) of player #4 James
﻿17:52:52 : Player #4 James - Legacy GUID: 60bd2bd287fec63c4487353b87492aeb
﻿17:53:42 : Player #0 MasterChief (9f05d38b2e454829aafa8cc12b8371a0) has been kicked by BattlEye: Client not responding
﻿17:55:00 : RCon admin #0: (Global) .:DoC:. Server restarts in 5 minutes. Stop all vehicles and get out!
﻿17:55:26 : Player #0 MasterChief (50.4.72.93:2304) connected
﻿17:55:27 : Player #0 MasterChief - GUID: 9f05d38b2e454829aafa8cc12b8371a0 (unverified)
﻿17:55:27 : Verified GUID (9f05d38b2e454829aafa8cc12b8371a0) of player #0 MasterChief
﻿17:55:28 : Player #0 MasterChief - Legacy GUID: bf2e3cc1fe99153ef90e6345cb37e484
﻿17:57:23 : Player #4 James disconnected
﻿17:58:27 : RCon admin #0: (To DaBethum) BEC : You have about 60 seconds left to join the mission.
﻿17:58:37 : Player #1 <[IDC]> Ghost disconnected
﻿17:58:56 : RCon admin #0: (To DaBethum) BEC : You have about 30 seconds left to join the mission.
﻿17:59:00 : RCon admin #0: (Global) .:DoC:. Server restarts in 1 minutes. Hit ESC to save your character
﻿17:59:10 : RCon admin #0: (To DaBethum) BEC : You have about 15 seconds left to join the mission.
﻿17:59:24 : Player #2 DaBethum (742b776f3e650847db12c4b20a384d86) has been kicked by BattlEye: Admin Kick (BEC : Lobby idling to long)
﻿17:59:30 : Player #1 ATCTymer (162.156.69.41:2304) connected
﻿17:59:31 : Player #1 ATCTymer - GUID: 65ff164083dd196c35e609aab10412cc (unverified)
﻿17:59:31 : Verified GUID (65ff164083dd196c35e609aab10412cc) of player #1 ATCTymer
﻿17:59:32 : Player #1 ATCTymer - Legacy GUID: 0aacb3e61e70664db63f379ed7e865db
﻿18:00:02 : Lost Connection!
﻿18:00:02 : Closing socket & exiting!
﻿18:01:24 : Rcon client logging in
﻿18:01:24 : RCon admin #0 (127.0.0.1:54252) logged in
﻿18:01:26 : RCon admin #1 (24.7.165.67:56735) logged in
﻿18:01:34 : RCon admin #0: (Global) .:DoC:. Overpoch
﻿18:02:10 : Player #0 red beret (24.239.58.100:2304) connected
﻿18:02:11 : Player #0 red beret - GUID: a1c207391eb02db8acaa6d0ef3dbaa68 (unverified)
﻿18:02:11 : Verified GUID (a1c207391eb02db8acaa6d0ef3dbaa68) of player #0 red beret
﻿18:02:12 : Player #0 red beret - Owner GUID: 1f1bd295ebaee9b0d898f3412f9e79f4
﻿18:02:12 : Player #0 red beret - Legacy GUID: 1f47515801f344af4ef4983fa0890d1b
﻿18:02:15 : Player #1 MasterChief (50.4.72.93:2304) connected
﻿18:02:16 : Player #1 MasterChief - GUID: 9f05d38b2e454829aafa8cc12b8371a0 (unverified)
﻿18:02:42 : Verified GUID (9f05d38b2e454829aafa8cc12b8371a0) of player #1 MasterChief
﻿18:02:45 : Player #1 MasterChief - Legacy GUID: bf2e3cc1fe99153ef90e6345cb37e484
﻿18:02:45 : Player #2 <[IDC]> Ghost (142.179.143.164:2304) connected
﻿18:02:46 : Player #2 <[IDC]> Ghost - GUID: 97c24e34f15bbafe4489eaa496782cb1 (unverified)
﻿18:02:46 : Verified GUID (97c24e34f15bbafe4489eaa496782cb1) of player #2 <[IDC]> Ghost
﻿18:02:47 : Player #2 <[IDC]> Ghost - Legacy GUID: 73eed24ea4d94d73d44a348d92b21ea5
﻿18:04:38 : No Valid response. Trying to reconnect.!
﻿18:04:38 : Rcon client logging in
﻿18:05:31 : No Valid response. Trying to reconnect.!
﻿18:05:35 : No Valid response. Trying to reconnect.!
﻿18:05:39 : No Valid response. Trying to reconnect.!
﻿18:05:43 : Lost Connection!
﻿18:05:43 : Closing socket & exiting!
﻿18:43:24 : Rcon client logging in
﻿18:43:24 : RCon admin #1 (127.0.0.1:57247) logged in
﻿18:43:34 : RCon admin #1: (Global) .:DoC:. Overpoch
﻿18:45:24 : Player #1 Hunter Atkinson (71.86.126.151:2304) connected
﻿18:45:25 : Player #1 Hunter Atkinson - GUID: 958443747fb5a53c606fc305f14899ef (unverified)
﻿18:45:25 : Verified GUID (958443747fb5a53c606fc305f14899ef) of player #1 Hunter Atkinson
﻿18:45:26 : Player #1 Hunter Atkinson - Legacy GUID: 560721445d52490bb9f3be063aaf46b3
﻿18:45:31 : Player #1 Hunter Atkinson disconnected
﻿18:46:15 : Player #1 Hunter Atkinson (71.86.126.151:2304) connected
﻿18:46:16 : Player #1 Hunter Atkinson - GUID: 958443747fb5a53c606fc305f14899ef (unverified)
﻿18:46:16 : Verified GUID (958443747fb5a53c606fc305f14899ef) of player #1 Hunter Atkinson
﻿18:46:17 : Player #1 Hunter Atkinson - Legacy GUID: 560721445d52490bb9f3be063aaf46b3
﻿18:46:22 : Player #1 Hunter Atkinson disconnected
﻿18:48:24 : RCon admin #1: (Global) .:DoC:. Server restarts every 3 hrs starting at 12am PST
﻿18:53:34 : RCon admin #1: (Global) .:DoC:. Overpoch
﻿18:58:24 : RCon admin #1: (Global) .:DoC:. Server restarts every 3 hrs starting at 12am PST
﻿19:00:00 : RCon admin #1: (Global) .:DoC:. Server restarts in 2 hours
﻿19:03:34 : RCon admin #1: (Global) .:DoC:. Overpoch
﻿19:07:00 : Player #1 James (70.69.160.229:2304) connected
﻿19:07:01 : Player #1 James - GUID: 39f95cbbeaa658784209f0e04310bef6 (unverified)
﻿19:07:01 : Verified GUID (39f95cbbeaa658784209f0e04310bef6) of player #1 James
﻿19:07:02 : Player #1 James - Legacy GUID: 60bd2bd287fec63c4487353b87492aeb
﻿19:07:18 : Player #2 Canadian Bacon (174.1.93.190:2304) connected
﻿19:07:19 : Player #2 Canadian Bacon - GUID: d3b8154bc457e306ae14d726b1d72d8a (unverified)
﻿19:07:19 : Verified GUID (d3b8154bc457e306ae14d726b1d72d8a) of player #2 Canadian Bacon
﻿19:07:20 : Player #2 Canadian Bacon - Legacy GUID: e0cb8cf999f5953bc1605680e94b0ea8
﻿19:07:33 : Player #3 Needy (67.161.100.173:2304) connected
﻿19:07:34 : Player #3 Needy - GUID: 92ab092224b61a65ec30460322329469 (unverified)
﻿19:07:34 : Verified GUID (92ab092224b61a65ec30460322329469) of player #3 Needy
﻿19:07:35 : Player #3 Needy - Legacy GUID: 9a6ec03c4a83e51dd50813019da2e1be
﻿19:08:24 : RCon admin #1: (Global) .:DoC:. Server restarts every 3 hrs starting at 12am PST
﻿19:13:34 : RCon admin #1: (Global) .:DoC:. Overpoch
﻿19:15:09 : Player #4 <[IDC]> Ghost (142.179.143.164:2304) connected
﻿19:15:10 : Player #4 <[IDC]> Ghost - GUID: 97c24e34f15bbafe4489eaa496782cb1 (unverified)
﻿19:15:10 : Verified GUID (97c24e34f15bbafe4489eaa496782cb1) of player #4 <[IDC]> Ghost
﻿19:15:11 : Player #4 <[IDC]> Ghost - Legacy GUID: 73eed24ea4d94d73d44a348d92b21ea5
﻿19:18:24 : RCon admin #1: (Global) .:DoC:. Server restarts every 3 hrs starting at 12am PST
﻿19:18:40 : Player #1 James disconnected
﻿19:19:24 : Player #1 James (70.69.160.229:2304) connected
﻿19:19:25 : Player #1 James - GUID: 39f95cbbeaa658784209f0e04310bef6 (unverified)
﻿19:19:26 : Verified GUID (39f95cbbeaa658784209f0e04310bef6) of player #1 James
﻿19:19:26 : Player #1 James - Legacy GUID: 60bd2bd287fec63c4487353b87492aeb
﻿19:23:34 : RCon admin #1: (Global) .:DoC:. Overpoch
﻿19:28:24 : RCon admin #1: (Global) .:DoC:. Server restarts every 3 hrs starting at 12am PST
﻿19:33:34 : RCon admin #1: (Global) .:DoC:. Overpoch
﻿19:38:02 : Player #1 James disconnected
﻿19:38:24 : RCon admin #1: (Global) .:DoC:. Server restarts every 3 hrs starting at 12am PST
﻿19:38:34 : Player #1 James (70.69.160.229:2304) connected
﻿19:38:35 : Player #1 James - GUID: 39f95cbbeaa658784209f0e04310bef6 (unverified)
﻿19:38:36 : Verified GUID (39f95cbbeaa658784209f0e04310bef6) of player #1 James
﻿19:38:37 : Player #1 James - Legacy GUID: 60bd2bd287fec63c4487353b87492aeb
﻿19:43:34 : RCon admin #1: (Global) .:DoC:. Overpoch
﻿19:46:38 : Player #1 James disconnected
﻿19:47:27 : Player #1 James (70.69.160.229:2304) connected
﻿19:47:28 : Player #1 James - GUID: 39f95cbbeaa658784209f0e04310bef6 (unverified)
﻿19:47:28 : Verified GUID (39f95cbbeaa658784209f0e04310bef6) of player #1 James
﻿19:47:29 : Player #1 James - Legacy GUID: 60bd2bd287fec63c4487353b87492aeb
﻿19:48:24 : RCon admin #1: (Global) .:DoC:. Server restarts every 3 hrs starting at 12am PST
﻿19:50:00 : Player #5 brady aldridge (98.165.56.16:2304) connected
﻿19:50:01 : Player #5 brady aldridge - GUID: fad79d5a3fb9e73e617e18073e7faa9c (unverified)
﻿19:50:01 : Verified GUID (fad79d5a3fb9e73e617e18073e7faa9c) of player #5 brady aldridge
﻿19:50:02 : Player #5 brady aldridge - Legacy GUID: 3ac021c15ae5507dce0b10a0dea14729
﻿19:52:04 : Player #5 brady aldridge disconnected
﻿19:53:34 : RCon admin #1: (Global) .:DoC:. Overpoch
﻿20:00:00 : RCon admin #1: (Global) .:DoC:. Server restarts in 1 hours
﻿20:03:34 : RCon admin #1: (Global) .:DoC:. Overpoch
﻿20:08:01 : Player #2 Canadian Bacon disconnected
﻿20:11:35 : Player #1 James disconnected
﻿20:12:04 : Player #3 Needy disconnected
﻿20:13:34 : RCon admin #1: (Global) .:DoC:. Overpoch
﻿20:22:28 : Player #4 <[IDC]> Ghost disconnected
﻿20:23:34 : RCon admin #1: (Global) .:DoC:. Overpoch
﻿20:24:06 : Player #1 Duke of Wu-Tang (99.90.75.108:2304) connected
﻿20:24:07 : Player #1 Duke of Wu-Tang - GUID: 4bead3f64b1d623c67894ca614ce7cb8 (unverified)
﻿20:24:08 : Verified GUID (4bead3f64b1d623c67894ca614ce7cb8) of player #1 Duke of Wu-Tang
﻿20:24:08 : Player #1 Duke of Wu-Tang - Legacy GUID: 81655eacc78f2eefd7f7bb5cf276eaba
﻿20:24:11 : Player #1 Duke of Wu-Tang disconnected
﻿20:26:28 : Player #1 Captain Cuddles (76.200.226.168:2304) connected
﻿20:26:29 : Player #1 Captain Cuddles - GUID: 7103756361984c4974964159e4147665 (unverified)
﻿20:26:29 : Verified GUID (7103756361984c4974964159e4147665) of player #1 Captain Cuddles
﻿20:26:30 : Player #1 Captain Cuddles - Legacy GUID: 4762f19ba4fcafee560ffd7fbe70294c
﻿20:29:35 : Player #2 Duke of Wu-Tang (99.90.75.108:2304) connected
﻿20:29:36 : Player #2 Duke of Wu-Tang - GUID: 4bead3f64b1d623c67894ca614ce7cb8 (unverified)
﻿20:29:36 : Verified GUID (4bead3f64b1d623c67894ca614ce7cb8) of player #2 Duke of Wu-Tang
﻿20:29:37 : Player #2 Duke of Wu-Tang - Legacy GUID: 81655eacc78f2eefd7f7bb5cf276eaba
﻿20:30:00 : RCon admin #1: (Global) .:DoC:. Server restarts in 30 minutes
﻿20:31:25 : Player #3 brady aldridge (98.165.56.16:2304) connected
﻿20:31:26 : Player #3 brady aldridge - GUID: fad79d5a3fb9e73e617e18073e7faa9c (unverified)
﻿20:31:26 : Verified GUID (fad79d5a3fb9e73e617e18073e7faa9c) of player #3 brady aldridge
﻿20:31:27 : Player #3 brady aldridge - Legacy GUID: 3ac021c15ae5507dce0b10a0dea14729
﻿20:31:31 : Player #3 brady aldridge disconnected
﻿20:33:34 : RCon admin #1: (Global) .:DoC:. Overpoch
﻿20:43:34 : RCon admin #1: (Global) .:DoC:. Overpoch
﻿20:45:00 : RCon admin #1: (Global) .:DoC:. Server restarts in 15 minutes
﻿20:49:39 : Player #3 Jensen Von Kaiser (24.71.245.51:41502) connected
﻿20:49:39 : Player #3 Jensen Von Kaiser disconnected
﻿20:50:00 : RCon admin #1: (Global) .:DoC:. Server restarts in 10 minutes
﻿20:53:34 : RCon admin #1: (Global) .:DoC:. Overpoch
﻿20:55:00 : RCon admin #1: (Global) .:DoC:. Server restarts in 5 minutes. Stop all vehicles and get out!
﻿20:57:41 : Player #1 Captain Cuddles disconnected
﻿20:57:44 : Player #2 Duke of Wu-Tang disconnected
﻿20:59:00 : RCon admin #1: (Global) .:DoC:. Server restarts in 1 minutes. Hit ESC to save your character
﻿21:00:03 : Lost Connection!
﻿21:00:03 : Closing socket & exiting!
﻿21:01:19 : Rcon client logging in
﻿21:01:19 : RCon admin #0 (127.0.0.1:57478) logged in
﻿21:01:20 : Player #0 [NSG] Bdoodb - GUID: 65e2dec4c50de870caa399bc4a0c4bc8 (unverified)
﻿21:01:20 : Verified GUID (65e2dec4c50de870caa399bc4a0c4bc8) of player #0 [NSG] Bdoodb
﻿21:01:20 : Player #0 [NSG] Bdoodb - Legacy GUID: 91940d85a90c36dcfc3626340dcbd82c
﻿21:01:51 : RCon admin #0: (Global) .:DoC:. Overpoch
﻿21:03:45 : No Valid response. Trying to reconnect.!
﻿21:03:45 : Rcon client logging in
﻿21:03:47 : RCon admin #0 (127.0.0.1:57478) logged in
﻿21:05:46 : Player #1 Captain Cuddles (76.200.226.168:2304) connected
﻿21:05:47 : Player #1 Captain Cuddles - GUID: 7103756361984c4974964159e4147665 (unverified)
﻿21:05:48 : Verified GUID (7103756361984c4974964159e4147665) of player #1 Captain Cuddles
﻿21:05:48 : Player #1 Captain Cuddles - Legacy GUID: 4762f19ba4fcafee560ffd7fbe70294c
﻿21:06:19 : RCon admin #0: (Global) .:DoC:. Server restarts every 3 hrs starting at 12am PST
﻿21:06:30 : Player #2 Duke of Wu-Tang (99.90.75.108:2304) connected
﻿21:06:31 : Player #2 Duke of Wu-Tang - GUID: 4bead3f64b1d623c67894ca614ce7cb8 (unverified)
﻿21:06:31 : Verified GUID (4bead3f64b1d623c67894ca614ce7cb8) of player #2 Duke of Wu-Tang
﻿21:06:34 : Player #2 Duke of Wu-Tang - Legacy GUID: 81655eacc78f2eefd7f7bb5cf276eaba
﻿21:11:29 : RCon admin #0: (Global) .:DoC:. Overpoch
﻿21:16:19 : RCon admin #0: (Global) .:DoC:. Server restarts every 3 hrs starting at 12am PST
﻿21:21:29 : RCon admin #0: (Global) .:DoC:. Overpoch
﻿21:26:20 : RCon admin #0: (Global) .:DoC:. Server restarts every 3 hrs starting at 12am PST
﻿21:29:02 : Player #3 Needy (67.161.100.173:2304) connected
﻿21:29:03 : Player #3 Needy - GUID: 92ab092224b61a65ec30460322329469 (unverified)
﻿21:29:04 : Verified GUID (92ab092224b61a65ec30460322329469) of player #3 Needy
﻿21:29:04 : Player #3 Needy - Legacy GUID: 9a6ec03c4a83e51dd50813019da2e1be
﻿21:31:29 : RCon admin #0: (Global) .:DoC:. Overpoch
﻿21:36:20 : RCon admin #0: (Global) .:DoC:. Server restarts every 3 hrs starting at 12am PST
﻿21:41:30 : RCon admin #0: (Global) .:DoC:. Overpoch
﻿21:42:06 : RCon admin #1 (24.7.165.67:54205) logged in
﻿21:42:40 : Player #4 <[IDC]> Ghost (142.179.143.164:2304) connected
﻿21:42:41 : Player #4 <[IDC]> Ghost - GUID: 97c24e34f15bbafe4489eaa496782cb1 (unverified)
﻿21:42:41 : Verified GUID (97c24e34f15bbafe4489eaa496782cb1) of player #4 <[IDC]> Ghost
﻿21:42:42 : Player #4 <[IDC]> Ghost - Legacy GUID: 73eed24ea4d94d73d44a348d92b21ea5
﻿21:43:34 : Player #4 <[IDC]> Ghost disconnected
﻿21:46:20 : RCon admin #0: (Global) .:DoC:. Server restarts every 3 hrs starting at 12am PST
﻿21:51:30 : RCon admin #0: (Global) .:DoC:. Overpoch
﻿21:56:19 : RCon admin #0: (Global) .:DoC:. Server restarts every 3 hrs starting at 12am PST
﻿21:58:25 : RCon admin #2 (24.7.165.67:58768) logged in
﻿22:00:00 : RCon admin #0: (Global) .:DoC:. Server restarts in 2 hours
﻿22:00:51 : RCon admin #1 (24.7.165.67:59208) logged in
﻿22:01:29 : RCon admin #0: (Global) .:DoC:. Overpoch
﻿22:06:19 : RCon admin #0: (Global) .:DoC:. Server restarts every 3 hrs starting at 12am PST
﻿22:09:18 : Player #4 <[IDC]> Ghost (142.179.143.164:2304) connected
﻿22:09:19 : Player #4 <[IDC]> Ghost - GUID: 97c24e34f15bbafe4489eaa496782cb1 (unverified)
﻿22:09:19 : Verified GUID (97c24e34f15bbafe4489eaa496782cb1) of player #4 <[IDC]> Ghost
﻿22:09:20 : Player #4 <[IDC]> Ghost - Legacy GUID: 73eed24ea4d94d73d44a348d92b21ea5
﻿22:11:29 : RCon admin #0: (Global) .:DoC:. Overpoch
﻿22:12:11 : Player #3 Needy disconnected
﻿22:15:04 : Player #2 Duke of Wu-Tang disconnected
﻿22:15:30 : Player #1 Captain Cuddles disconnected
﻿22:21:29 : RCon admin #0: (Global) .:DoC:. Overpoch
﻿22:21:55 : RCon admin #2 (24.7.165.67:50406) logged in
﻿22:31:29 : RCon admin #0: (Global) .:DoC:. Overpoch
﻿22:41:29 : RCon admin #0: (Global) .:DoC:. Overpoch
﻿22:51:29 : RCon admin #0: (Global) .:DoC:. Overpoch
﻿22:58:49 : Player #0 [NSG] Bdoodb disconnected
﻿23:00:00 : RCon admin #0: (Global) .:DoC:. Server restarts in 1 hours
﻿23:01:29 : RCon admin #0: (Global) .:DoC:. Overpoch
﻿23:11:29 : RCon admin #0: (Global) .:DoC:. Overpoch
﻿23:21:29 : RCon admin #0: (Global) .:DoC:. Overpoch
﻿23:30:00 : RCon admin #0: (Global) .:DoC:. Server restarts in 30 minutes
﻿23:31:29 : RCon admin #0: (Global) .:DoC:. Overpoch
﻿23:41:29 : RCon admin #0: (Global) .:DoC:. Overpoch
﻿23:45:00 : RCon admin #0: (Global) .:DoC:. Server restarts in 15 minutes
﻿23:45:41 : Player #4 <[IDC]> Ghost disconnected
﻿23:50:00 : RCon admin #0: (Global) .:DoC:. Server restarts in 10 minutes
﻿23:51:29 : RCon admin #0: (Global) .:DoC:. Overpoch
﻿23:55:00 : RCon admin #0: (Global) .:DoC:. Server restarts in 5 minutes. Stop all vehicles and get out!
﻿23:59:00 : RCon admin #0: (Global) .:DoC:. Server restarts in 1 minutes. Hit ESC to save your character
