09:26:24 : Rcon client logging in
﻿09:26:25 : RCon admin #1 (127.0.0.1:49204) logged in
﻿09:26:35 : RCon admin #1: (Global) .:DoC:. Overpoch server visit http://drinkinoutacups.com/
﻿09:28:58 : Lost Connection!
﻿09:28:58 : Closing socket & exiting!
﻿09:33:36 : Rcon client logging in
﻿09:33:37 : RCon admin #1 (127.0.0.1:51965) logged in
﻿09:33:47 : RCon admin #1: (Global) .:DoC:. Overpoch server visit http://drinkinoutacups.com/
﻿09:34:24 : Player #0 Mr. Spock (24.7.165.67:2304) connected
﻿09:34:25 : Player #0 Mr. Spock - GUID: 4af32554a2d84a4b2aededf38728bf33 (unverified)
﻿09:34:25 : RCon admin #1: (Global) BEC : Super Admin Mr. Spock Connected
﻿09:34:26 : Verified GUID (4af32554a2d84a4b2aededf38728bf33) of player #0 Mr. Spock
﻿09:34:26 : Player #0 Mr. Spock - Legacy GUID: fdd59afb221ccbac5728bf8aa08224b2
﻿09:37:53 : Player #0 Mr. Spock disconnected
﻿09:37:55 : Player #0 Mr. Spock (24.7.165.67:2304) connected
﻿09:37:56 : Player #0 Mr. Spock - GUID: 4af32554a2d84a4b2aededf38728bf33 (unverified)
﻿09:37:56 : RCon admin #1: (Global) BEC : Super Admin Mr. Spock Connected
﻿09:37:56 : Verified GUID (4af32554a2d84a4b2aededf38728bf33) of player #0 Mr. Spock
﻿09:37:57 : Player #0 Mr. Spock - Legacy GUID: fdd59afb221ccbac5728bf8aa08224b2
﻿09:38:37 : RCon admin #1: (Global) .:DoC:. Server restarts every 3 hrs starting at 12am EST
﻿09:39:56 : Lost Connection!
﻿09:39:56 : Closing socket & exiting!
﻿09:40:30 : Rcon client logging in
﻿09:40:31 : RCon admin #0 (127.0.0.1:60137) logged in
﻿09:40:31 : RCon admin #1 (24.7.165.67:54704) logged in
﻿09:40:41 : RCon admin #0: (Global) .:DoC:. Overpoch server visit http://drinkinoutacups.com/
﻿09:40:42 : Player #0 Mr. Spock (24.7.165.67:2304) connected
﻿09:40:43 : Player #0 Mr. Spock - GUID: 4af32554a2d84a4b2aededf38728bf33 (unverified)
﻿09:40:43 : RCon admin #0: (Global) BEC : Super Admin Mr. Spock Connected
﻿09:40:43 : Verified GUID (4af32554a2d84a4b2aededf38728bf33) of player #0 Mr. Spock
﻿09:40:44 : Player #0 Mr. Spock - Legacy GUID: fdd59afb221ccbac5728bf8aa08224b2
﻿09:42:30 : Player #0 Mr. Spock disconnected
﻿09:43:42 : Player #0 Mr. Spock (24.7.165.67:2304) connected
﻿09:43:42 : Player #0 Mr. Spock - GUID: 4af32554a2d84a4b2aededf38728bf33 (unverified)
﻿09:43:43 : RCon admin #0: (Global) BEC : Super Admin Mr. Spock Connected
﻿09:43:43 : Verified GUID (4af32554a2d84a4b2aededf38728bf33) of player #0 Mr. Spock
﻿09:43:44 : Player #0 Mr. Spock - Legacy GUID: fdd59afb221ccbac5728bf8aa08224b2
﻿09:44:19 : Player #0 Mr. Spock disconnected
﻿09:45:31 : Lost Connection!
﻿09:45:31 : Closing socket & exiting!
﻿09:49:20 : Rcon client logging in
﻿09:49:20 : RCon admin #1 (127.0.0.1:63495) logged in
﻿09:49:30 : RCon admin #1: (Global) .:DoC:. Overpoch server visit http://drinkinoutacups.com/
﻿09:49:40 : Player #0 Mr. Spock (24.7.165.67:2304) connected
﻿09:49:41 : Player #0 Mr. Spock - GUID: 4af32554a2d84a4b2aededf38728bf33 (unverified)
﻿09:49:41 : RCon admin #1: (Global) BEC : Super Admin Mr. Spock Connected
﻿09:49:41 : Verified GUID (4af32554a2d84a4b2aededf38728bf33) of player #0 Mr. Spock
﻿09:49:42 : Player #0 Mr. Spock - Legacy GUID: fdd59afb221ccbac5728bf8aa08224b2
﻿09:51:39 : Lost Connection!
﻿09:51:39 : Closing socket & exiting!
﻿09:54:07 : Rcon client logging in
﻿09:54:07 : RCon admin #1 (127.0.0.1:57119) logged in
﻿09:54:17 : RCon admin #1: (Global) .:DoC:. Overpoch server visit http://drinkinoutacups.com/
﻿09:54:44 : Player #0 Mr. Spock (24.7.165.67:2304) connected
﻿09:54:45 : Player #0 Mr. Spock - GUID: 4af32554a2d84a4b2aededf38728bf33 (unverified)
﻿09:54:45 : RCon admin #1: (Global) BEC : Super Admin Mr. Spock Connected
﻿09:54:46 : Verified GUID (4af32554a2d84a4b2aededf38728bf33) of player #0 Mr. Spock
﻿09:54:46 : Player #0 Mr. Spock - Legacy GUID: fdd59afb221ccbac5728bf8aa08224b2
﻿09:55:28 : Lost Connection!
﻿09:55:28 : Closing socket & exiting!
﻿10:00:56 : Rcon client logging in
﻿10:00:57 : RCon admin #1 (127.0.0.1:57888) logged in
﻿10:01:07 : RCon admin #1: (Global) .:DoC:. Overpoch server visit http://drinkinoutacups.com/
﻿10:01:15 : Player #0 Mr. Spock (24.7.165.67:2304) connected
﻿10:01:16 : Player #0 Mr. Spock - GUID: 4af32554a2d84a4b2aededf38728bf33 (unverified)
﻿10:01:16 : RCon admin #1: (Global) BEC : Super Admin Mr. Spock Connected
﻿10:01:16 : Verified GUID (4af32554a2d84a4b2aededf38728bf33) of player #0 Mr. Spock
﻿10:01:16 : Player #0 Mr. Spock - Legacy GUID: fdd59afb221ccbac5728bf8aa08224b2
﻿10:02:55 : Lost Connection!
﻿10:02:55 : Closing socket & exiting!
﻿10:04:37 : Rcon client logging in
﻿10:04:37 : RCon admin #1 (127.0.0.1:62750) logged in
﻿10:04:47 : RCon admin #1: (Global) .:DoC:. Overpoch server visit http://drinkinoutacups.com/
﻿10:04:51 : Player #0 Mr. Spock (24.7.165.67:2304) connected
﻿10:04:52 : Player #0 Mr. Spock - GUID: 4af32554a2d84a4b2aededf38728bf33 (unverified)
﻿10:04:52 : RCon admin #1: (Global) BEC : Super Admin Mr. Spock Connected
﻿10:04:52 : Verified GUID (4af32554a2d84a4b2aededf38728bf33) of player #0 Mr. Spock
﻿10:04:52 : Player #0 Mr. Spock - Legacy GUID: fdd59afb221ccbac5728bf8aa08224b2
﻿10:06:39 : No Valid response. Trying to reconnect.!
﻿10:06:39 : Rcon client logging in
﻿10:06:39 : RCon admin #1 (127.0.0.1:62750) logged in
﻿10:09:24 : Lost Connection!
﻿10:09:24 : Closing socket & exiting!
﻿10:12:45 : Rcon client logging in
﻿10:12:45 : RCon admin #1 (127.0.0.1:56159) logged in
﻿10:12:54 : Player #0 Mr. Spock (24.7.165.67:2304) connected
﻿10:12:55 : RCon admin #1: (Global) .:DoC:. Overpoch server visit http://drinkinoutacups.com/
﻿10:12:55 : Player #0 Mr. Spock - GUID: 4af32554a2d84a4b2aededf38728bf33 (unverified)
﻿10:12:55 : RCon admin #1: (Global) BEC : Super Admin Mr. Spock Connected
﻿10:12:55 : Verified GUID (4af32554a2d84a4b2aededf38728bf33) of player #0 Mr. Spock
﻿10:12:56 : Player #0 Mr. Spock - Legacy GUID: fdd59afb221ccbac5728bf8aa08224b2
﻿10:14:46 : No Valid response. Trying to reconnect.!
﻿10:14:46 : Rcon client logging in
﻿10:14:47 : RCon admin #1 (127.0.0.1:56159) logged in
﻿10:14:52 : Lost Connection!
﻿10:14:52 : Closing socket & exiting!
﻿11:51:43 : Rcon client logging in
﻿11:51:43 : RCon admin #0 (127.0.0.1:55347) logged in
﻿11:51:53 : RCon admin #0: (Global) .:DoC:. Overpoch server visit http://drinkinoutacups.com/
﻿11:52:09 : Player #0 Mr. Spock (24.7.165.67:2304) connected
﻿11:52:10 : Player #0 Mr. Spock - GUID: 4af32554a2d84a4b2aededf38728bf33 (unverified)
﻿11:52:10 : RCon admin #0: (Global) BEC : Super Admin Mr. Spock Connected
﻿11:52:10 : Verified GUID (4af32554a2d84a4b2aededf38728bf33) of player #0 Mr. Spock
﻿11:52:11 : Player #0 Mr. Spock - Legacy GUID: fdd59afb221ccbac5728bf8aa08224b2
﻿11:53:59 : No Valid response. Trying to reconnect.!
﻿11:53:59 : Rcon client logging in
﻿11:53:59 : RCon admin #0 (127.0.0.1:55347) logged in
﻿11:55:00 : RCon admin #0: (Global) .:DoC:. Server restarts in 5 minutes. Stop all vehicles and get out!
﻿11:56:43 : RCon admin #0: (Global) .:DoC:. Server restarts every 3 hrs starting at 12am EST
﻿11:58:22 : Player #0 Mr. Spock disconnected
﻿11:58:48 : Lost Connection!
﻿11:58:48 : Closing socket & exiting!
﻿12:21:16 : Rcon client logging in
﻿12:21:16 : RCon admin #0 (127.0.0.1:64722) logged in
﻿12:21:26 : RCon admin #0: (Global) .:DoC:. Overpoch server visit http://drinkinoutacups.com/
﻿12:23:55 : Player #0 Mr. Spock (24.7.165.67:2304) connected
﻿12:23:57 : Player #0 Mr. Spock - GUID: 4af32554a2d84a4b2aededf38728bf33 (unverified)
﻿12:23:57 : RCon admin #0: (Global) BEC : Super Admin Mr. Spock Connected
﻿12:23:57 : Player #0 Mr. Spock - Legacy GUID: fdd59afb221ccbac5728bf8aa08224b2
﻿12:23:57 : Verified GUID (4af32554a2d84a4b2aededf38728bf33) of player #0 Mr. Spock
﻿12:25:46 : No Valid response. Trying to reconnect.!
﻿12:25:46 : Rcon client logging in
﻿12:25:46 : RCon admin #0 (127.0.0.1:64722) logged in
﻿12:26:03 : Lost Connection!
﻿12:26:03 : Closing socket & exiting!
﻿12:27:00 : Rcon client logging in
﻿12:27:00 : RCon admin #0 (127.0.0.1:59299) logged in
﻿12:27:10 : RCon admin #0: (Global) .:DoC:. Overpoch server visit http://drinkinoutacups.com/
﻿12:28:16 : Player #0 Mr. Spock (24.7.165.67:2304) connected
﻿12:28:18 : Player #0 Mr. Spock - GUID: 4af32554a2d84a4b2aededf38728bf33 (unverified)
﻿12:28:18 : RCon admin #0: (Global) BEC : Super Admin Mr. Spock Connected
﻿12:28:18 : Player #0 Mr. Spock - Legacy GUID: fdd59afb221ccbac5728bf8aa08224b2
﻿12:28:18 : Verified GUID (4af32554a2d84a4b2aededf38728bf33) of player #0 Mr. Spock
﻿12:30:06 : No Valid response. Trying to reconnect.!
﻿12:30:06 : Rcon client logging in
﻿12:30:06 : RCon admin #0 (127.0.0.1:59299) logged in
﻿12:32:00 : RCon admin #0: (Global) .:DoC:. Server restarts every 3 hrs starting at 12am EST
﻿12:34:55 : Lost Connection!
﻿12:34:55 : Closing socket & exiting!
﻿12:40:23 : Rcon client logging in
﻿12:40:23 : RCon admin #0 (127.0.0.1:56433) logged in
﻿12:40:24 : Player #0 Mr. Spock - GUID: 4af32554a2d84a4b2aededf38728bf33 (unverified)
﻿12:40:24 : RCon admin #0: (Global) BEC : Super Admin Mr. Spock Connected
﻿12:40:24 : Verified GUID (4af32554a2d84a4b2aededf38728bf33) of player #0 Mr. Spock
﻿12:40:24 : Player #0 Mr. Spock - Legacy GUID: fdd59afb221ccbac5728bf8aa08224b2
﻿12:40:33 : RCon admin #0: (Global) .:DoC:. Overpoch server visit http://drinkinoutacups.com/
﻿12:42:22 : No Valid response. Trying to reconnect.!
﻿12:42:22 : Rcon client logging in
﻿12:42:22 : RCon admin #0 (127.0.0.1:56433) logged in
﻿12:45:23 : RCon admin #0: (Global) .:DoC:. Server restarts every 3 hrs starting at 12am EST
﻿12:50:33 : RCon admin #0: (Global) .:DoC:. Overpoch server visit http://drinkinoutacups.com/
﻿12:55:23 : RCon admin #0: (Global) .:DoC:. Server restarts every 3 hrs starting at 12am EST
﻿12:55:50 : RCon admin #1 (24.7.165.67:63816) logged in
﻿12:55:59 : Player #0 Mr. Spock disconnected
﻿13:00:00 : RCon admin #0: (Global) .:DoC:. Server restarts in 2 hours
﻿13:00:33 : RCon admin #0: (Global) .:DoC:. Overpoch server visit http://drinkinoutacups.com/
﻿13:05:23 : RCon admin #0: (Global) .:DoC:. Server restarts every 3 hrs starting at 12am EST
﻿13:10:33 : RCon admin #0: (Global) .:DoC:. Overpoch server visit http://drinkinoutacups.com/
﻿13:15:23 : RCon admin #0: (Global) .:DoC:. Server restarts every 3 hrs starting at 12am EST
﻿13:20:33 : RCon admin #0: (Global) .:DoC:. Overpoch server visit http://drinkinoutacups.com/
﻿13:25:23 : RCon admin #0: (Global) .:DoC:. Server restarts every 3 hrs starting at 12am EST
﻿13:30:33 : RCon admin #0: (Global) .:DoC:. Overpoch server visit http://drinkinoutacups.com/
﻿13:35:23 : RCon admin #0: (Global) .:DoC:. Server restarts every 3 hrs starting at 12am EST
﻿13:40:33 : RCon admin #0: (Global) .:DoC:. Overpoch server visit http://drinkinoutacups.com/
﻿13:45:23 : RCon admin #0: (Global) .:DoC:. Server restarts every 3 hrs starting at 12am EST
﻿13:50:33 : RCon admin #0: (Global) .:DoC:. Overpoch server visit http://drinkinoutacups.com/
﻿14:00:00 : RCon admin #0: (Global) .:DoC:. Server restarts in 1 hours
﻿14:00:33 : RCon admin #0: (Global) .:DoC:. Overpoch server visit http://drinkinoutacups.com/
﻿14:10:33 : RCon admin #0: (Global) .:DoC:. Overpoch server visit http://drinkinoutacups.com/
﻿14:20:33 : RCon admin #0: (Global) .:DoC:. Overpoch server visit http://drinkinoutacups.com/
﻿14:30:00 : RCon admin #0: (Global) .:DoC:. Server restarts in 30 minutes
﻿14:30:33 : RCon admin #0: (Global) .:DoC:. Overpoch server visit http://drinkinoutacups.com/
﻿14:40:33 : RCon admin #0: (Global) .:DoC:. Overpoch server visit http://drinkinoutacups.com/
﻿14:45:00 : RCon admin #0: (Global) .:DoC:. Server restarts in 15 minutes
﻿14:50:00 : RCon admin #0: (Global) .:DoC:. Server restarts in 10 minutes
﻿14:50:33 : RCon admin #0: (Global) .:DoC:. Overpoch server visit http://drinkinoutacups.com/
﻿14:55:00 : RCon admin #0: (Global) .:DoC:. Server restarts in 5 minutes. Stop all vehicles and get out!
﻿14:59:00 : RCon admin #0: (Global) .:DoC:. Server restarts in 1 minutes. Hit ESC to save your character
﻿15:00:02 : Lost Connection!
﻿15:00:02 : Closing socket & exiting!
﻿19:01:28 : Rcon client logging in
﻿19:01:28 : RCon admin #0 (127.0.0.1:57208) logged in
﻿19:01:33 : RCon admin #1 (24.7.165.67:53441) logged in
﻿19:01:38 : RCon admin #0: (Global) .:DoC:. Overpoch server visit http://drinkinoutacups.com/
﻿19:02:27 : Player #0 dad (24.239.58.100:2304) connected
﻿19:02:28 : Player #0 dad - GUID: a1c207391eb02db8acaa6d0ef3dbaa68 (unverified)
﻿19:02:28 : Verified GUID (a1c207391eb02db8acaa6d0ef3dbaa68) of player #0 dad
﻿19:02:28 : Player #0 dad - Owner GUID: 1f1bd295ebaee9b0d898f3412f9e79f4
﻿19:02:28 : Player #0 dad - Legacy GUID: 1f47515801f344af4ef4983fa0890d1b
﻿19:04:49 : No Valid response. Trying to reconnect.!
﻿19:04:49 : Rcon client logging in
﻿19:04:49 : RCon admin #1 (127.0.0.1:57208) logged in
﻿19:04:49 : Player #1 MasterChief - Legacy GUID: bf2e3cc1fe99153ef90e6345cb37e484
﻿19:06:28 : RCon admin #1: (Global) .:DoC:. Server restarts every 3 hrs starting at 12am EST
﻿19:11:38 : RCon admin #1: (Global) .:DoC:. Overpoch server visit http://drinkinoutacups.com/
﻿19:16:13 : RCon admin #2 (24.7.165.67:64013) logged in
﻿19:16:28 : RCon admin #1: (Global) .:DoC:. Server restarts every 3 hrs starting at 12am EST
﻿19:17:20 : Player #2 LoneWolf (71.199.99.212:2304) connected
﻿19:17:21 : Player #2 LoneWolf - GUID: 7b3b5d5f353cf7676aab6e240591671a (unverified)
﻿19:17:21 : Verified GUID (7b3b5d5f353cf7676aab6e240591671a) of player #2 LoneWolf
﻿19:17:22 : Player #2 LoneWolf - Legacy GUID: e924ca2ad1b201b25a900fffc98c1ac5
﻿19:17:31 : Player #2 LoneWolf disconnected
﻿19:20:17 : Player #2 SandReaper (71.199.99.212:2304) connected
﻿19:20:18 : Player #2 SandReaper - GUID: 7b3b5d5f353cf7676aab6e240591671a (unverified)
﻿19:20:19 : Verified GUID (7b3b5d5f353cf7676aab6e240591671a) of player #2 SandReaper
﻿19:20:19 : Player #2 SandReaper - Legacy GUID: e924ca2ad1b201b25a900fffc98c1ac5
﻿19:21:23 : Player #0 dad disconnected
﻿19:21:38 : RCon admin #1: (Global) .:DoC:. Overpoch server visit http://drinkinoutacups.com/
﻿19:26:28 : RCon admin #1: (Global) .:DoC:. Server restarts every 3 hrs starting at 12am EST
﻿19:31:38 : RCon admin #1: (Global) .:DoC:. Overpoch server visit http://drinkinoutacups.com/
﻿19:36:28 : RCon admin #1: (Global) .:DoC:. Server restarts every 3 hrs starting at 12am EST
﻿19:41:38 : RCon admin #1: (Global) .:DoC:. Overpoch server visit http://drinkinoutacups.com/
﻿19:46:28 : RCon admin #1: (Global) .:DoC:. Server restarts every 3 hrs starting at 12am EST
﻿19:51:38 : RCon admin #1: (Global) .:DoC:. Overpoch server visit http://drinkinoutacups.com/
﻿19:56:28 : RCon admin #1: (Global) .:DoC:. Server restarts every 3 hrs starting at 12am EST
﻿20:00:00 : RCon admin #1: (Global) .:DoC:. Server restarts in 1 hours
﻿20:01:38 : RCon admin #1: (Global) .:DoC:. Overpoch server visit http://drinkinoutacups.com/
﻿20:06:28 : RCon admin #1: (Global) .:DoC:. Server restarts every 3 hrs starting at 12am EST
﻿20:11:38 : RCon admin #1: (Global) .:DoC:. Overpoch server visit http://drinkinoutacups.com/
﻿20:17:48 : Player #2 SandReaper disconnected
﻿20:21:38 : RCon admin #1: (Global) .:DoC:. Overpoch server visit http://drinkinoutacups.com/
﻿20:25:20 : Player #1 MasterChief (9f05d38b2e454829aafa8cc12b8371a0) has been kicked by BattlEye: Client not responding
﻿20:30:00 : RCon admin #1: (Global) .:DoC:. Server restarts in 30 minutes
﻿20:31:38 : RCon admin #1: (Global) .:DoC:. Overpoch server visit http://drinkinoutacups.com/
﻿20:41:38 : RCon admin #1: (Global) .:DoC:. Overpoch server visit http://drinkinoutacups.com/
﻿20:45:00 : RCon admin #1: (Global) .:DoC:. Server restarts in 15 minutes
﻿20:50:00 : RCon admin #1: (Global) .:DoC:. Server restarts in 10 minutes
﻿20:51:38 : RCon admin #1: (Global) .:DoC:. Overpoch server visit http://drinkinoutacups.com/
﻿20:54:21 : Player #0 Captain Cuddles (76.200.226.168:2304) connected
﻿20:54:22 : Player #0 Captain Cuddles - GUID: 7103756361984c4974964159e4147665 (unverified)
﻿20:54:22 : Verified GUID (7103756361984c4974964159e4147665) of player #0 Captain Cuddles
﻿20:54:23 : Player #0 Captain Cuddles - Legacy GUID: 4762f19ba4fcafee560ffd7fbe70294c
﻿20:55:00 : RCon admin #1: (Global) .:DoC:. Server restarts in 5 minutes. Stop all vehicles and get out!
﻿20:58:44 : Player #1 Dawn (68.148.6.240:2304) connected
﻿20:58:45 : Player #1 Dawn disconnected
﻿20:59:00 : RCon admin #1: (Global) .:DoC:. Server restarts in 1 minutes. Hit ESC to save your character
﻿20:59:17 : Player #1 Duke of Wu-Tang (99.90.75.108:2304) connected
﻿20:59:18 : Player #1 Duke of Wu-Tang - GUID: 4bead3f64b1d623c67894ca614ce7cb8 (unverified)
﻿20:59:18 : Verified GUID (4bead3f64b1d623c67894ca614ce7cb8) of player #1 Duke of Wu-Tang
﻿20:59:19 : Player #1 Duke of Wu-Tang - Legacy GUID: 81655eacc78f2eefd7f7bb5cf276eaba
﻿21:00:03 : Lost Connection!
﻿21:00:03 : Closing socket & exiting!
﻿21:01:19 : Rcon client logging in
﻿21:01:19 : RCon admin #0 (127.0.0.1:60233) logged in
﻿21:01:22 : RCon admin #1 (24.7.165.67:54699) logged in
﻿21:01:29 : RCon admin #0: (Global) .:DoC:. Overpoch server visit http://drinkinoutacups.com/
﻿21:01:44 : Player #0 Duke of Wu-Tang (99.90.75.108:2304) connected
﻿21:01:45 : Player #0 Duke of Wu-Tang - GUID: 4bead3f64b1d623c67894ca614ce7cb8 (unverified)
﻿21:01:45 : Verified GUID (4bead3f64b1d623c67894ca614ce7cb8) of player #0 Duke of Wu-Tang
﻿21:01:45 : Player #0 Duke of Wu-Tang - Legacy GUID: 81655eacc78f2eefd7f7bb5cf276eaba
﻿21:04:14 : No Valid response. Trying to reconnect.!
﻿21:04:14 : Rcon client logging in
﻿21:04:14 : RCon admin #1 (127.0.0.1:60233) logged in
﻿21:04:38 : Player #0 Captain Cuddles (76.200.226.168:2304) connected
﻿21:04:39 : Player #0 Captain Cuddles - GUID: 7103756361984c4974964159e4147665 (unverified)
﻿21:04:39 : Verified GUID (7103756361984c4974964159e4147665) of player #0 Captain Cuddles
﻿21:04:41 : Player #0 Captain Cuddles - Legacy GUID: 4762f19ba4fcafee560ffd7fbe70294c
﻿21:04:59 : Player #1 Duke of Wu-Tang (99.90.75.108:2304) connected
﻿21:05:00 : Player #1 Duke of Wu-Tang - GUID: 4bead3f64b1d623c67894ca614ce7cb8 (unverified)
﻿21:05:00 : Verified GUID (4bead3f64b1d623c67894ca614ce7cb8) of player #1 Duke of Wu-Tang
﻿21:05:01 : Player #1 Duke of Wu-Tang - Legacy GUID: 81655eacc78f2eefd7f7bb5cf276eaba
﻿21:06:19 : RCon admin #1: (Global) .:DoC:. Server restarts every 3 hrs starting at 12am PST
﻿21:11:29 : RCon admin #1: (Global) .:DoC:. Overpoch server visit http://drinkinoutacups.com/
﻿21:16:19 : RCon admin #1: (Global) .:DoC:. Server restarts every 3 hrs starting at 12am PST
﻿21:21:29 : RCon admin #1: (Global) .:DoC:. Overpoch server visit http://drinkinoutacups.com/
﻿21:26:19 : RCon admin #1: (Global) .:DoC:. Server restarts every 3 hrs starting at 12am PST
﻿21:31:29 : RCon admin #1: (Global) .:DoC:. Overpoch server visit http://drinkinoutacups.com/
﻿21:36:19 : RCon admin #1: (Global) .:DoC:. Server restarts every 3 hrs starting at 12am PST
﻿21:41:29 : RCon admin #1: (Global) .:DoC:. Overpoch server visit http://drinkinoutacups.com/
﻿21:46:19 : RCon admin #1: (Global) .:DoC:. Server restarts every 3 hrs starting at 12am PST
﻿21:51:29 : RCon admin #1: (Global) .:DoC:. Overpoch server visit http://drinkinoutacups.com/
﻿21:56:20 : RCon admin #1: (Global) .:DoC:. Server restarts every 3 hrs starting at 12am PST
﻿22:00:00 : RCon admin #1: (Global) .:DoC:. Server restarts in 2 hours
﻿22:01:29 : RCon admin #1: (Global) .:DoC:. Overpoch server visit http://drinkinoutacups.com/
﻿22:06:20 : RCon admin #1: (Global) .:DoC:. Server restarts every 3 hrs starting at 12am PST
﻿22:11:30 : RCon admin #1: (Global) .:DoC:. Overpoch server visit http://drinkinoutacups.com/
﻿22:21:29 : RCon admin #1: (Global) .:DoC:. Overpoch server visit http://drinkinoutacups.com/
﻿22:31:29 : RCon admin #1: (Global) .:DoC:. Overpoch server visit http://drinkinoutacups.com/
﻿22:41:29 : RCon admin #1: (Global) .:DoC:. Overpoch server visit http://drinkinoutacups.com/
﻿22:46:51 : Player #2 Kazooie (50.174.136.170:2304) connected
﻿22:46:52 : Player #2 Kazooie - GUID: 11de1aa4ed06d9afee0bebe4ce09858c (unverified)
﻿22:46:52 : Verified GUID (11de1aa4ed06d9afee0bebe4ce09858c) of player #2 Kazooie
﻿22:46:53 : Player #2 Kazooie - Legacy GUID: 6b0170e3dc5b25a69b60d0eff5bfee16
﻿22:46:53 : Player #2 Kazooie disconnected
﻿22:50:19 : Player #2 Mr. Spock (24.7.165.67:2304) connected
﻿22:50:20 : Player #2 Mr. Spock - GUID: 4af32554a2d84a4b2aededf38728bf33 (unverified)
﻿22:50:20 : RCon admin #1: (Global) BEC : Super Admin Mr. Spock Connected
﻿22:50:21 : Verified GUID (4af32554a2d84a4b2aededf38728bf33) of player #2 Mr. Spock
﻿22:50:21 : Player #2 Mr. Spock - Legacy GUID: fdd59afb221ccbac5728bf8aa08224b2
﻿22:51:30 : RCon admin #1: (Global) .:DoC:. Overpoch server visit http://drinkinoutacups.com/
﻿22:54:41 : Player #3 Kazooie (50.174.136.170:2304) connected
﻿22:54:42 : Player #3 Kazooie - GUID: 11de1aa4ed06d9afee0bebe4ce09858c (unverified)
﻿22:54:43 : Verified GUID (11de1aa4ed06d9afee0bebe4ce09858c) of player #3 Kazooie
﻿22:54:43 : Player #3 Kazooie - Legacy GUID: 6b0170e3dc5b25a69b60d0eff5bfee16
﻿22:54:44 : Player #3 Kazooie disconnected
﻿22:58:13 : Player #3 Kazooie (50.174.136.170:2304) connected
﻿22:58:14 : Player #3 Kazooie - GUID: 11de1aa4ed06d9afee0bebe4ce09858c (unverified)
﻿22:58:14 : Verified GUID (11de1aa4ed06d9afee0bebe4ce09858c) of player #3 Kazooie
﻿22:58:15 : Player #3 Kazooie - Legacy GUID: 6b0170e3dc5b25a69b60d0eff5bfee16
﻿22:58:15 : Player #3 Kazooie disconnected
﻿22:58:27 : Player #3 KuKu (61.56.183.94:2304) connected
﻿22:58:28 : Player #3 KuKu - GUID: 48ac83067159b90d8531a90acfa8030e (unverified)
﻿22:58:28 : Verified GUID (48ac83067159b90d8531a90acfa8030e) of player #3 KuKu
﻿22:58:29 : Player #3 KuKu - Legacy GUID: e02028241e01aabe17a1fb8bd8e204f2
﻿22:58:31 : Player #3 KuKu disconnected
﻿23:00:00 : RCon admin #1: (Global) .:DoC:. Server restarts in 1 hours
﻿23:01:23 : Player #0 Captain Cuddles disconnected
﻿23:01:29 : RCon admin #1: (Global) .:DoC:. Overpoch server visit http://drinkinoutacups.com/
﻿23:02:05 : Player #1 Duke of Wu-Tang disconnected
﻿23:02:28 : Player #0 Kazooie (50.174.136.170:2304) connected
﻿23:02:29 : Player #0 Kazooie - GUID: 11de1aa4ed06d9afee0bebe4ce09858c (unverified)
﻿23:02:29 : Verified GUID (11de1aa4ed06d9afee0bebe4ce09858c) of player #0 Kazooie
﻿23:02:30 : Player #0 Kazooie disconnected
﻿23:02:30 : Player #0 Kazooie - Legacy GUID: 6b0170e3dc5b25a69b60d0eff5bfee16
﻿23:03:20 : Player #2 Mr. Spock disconnected
﻿23:06:23 : Player #0 Kazooie (50.174.136.170:2304) connected
﻿23:06:24 : Player #0 Kazooie - GUID: 11de1aa4ed06d9afee0bebe4ce09858c (unverified)
﻿23:06:24 : Verified GUID (11de1aa4ed06d9afee0bebe4ce09858c) of player #0 Kazooie
﻿23:06:27 : Player #0 Kazooie disconnected
﻿23:14:09 : Rcon client logging in
﻿23:14:09 : RCon admin #0 (127.0.0.1:63829) logged in
﻿23:14:12 : RCon admin #1 (24.7.165.67:51424) logged in
﻿23:14:19 : RCon admin #0: (Global) .:DoC:. Overpoch server visit http://drinkinoutacups.com/
﻿23:15:09 : Player #0 Mr. Spock (24.7.165.67:2304) connected
﻿23:15:10 : Player #0 Mr. Spock - GUID: 4af32554a2d84a4b2aededf38728bf33 (unverified)
﻿23:15:10 : Verified GUID (4af32554a2d84a4b2aededf38728bf33) of player #0 Mr. Spock
﻿23:15:10 : Player #0 Mr. Spock - Legacy GUID: fdd59afb221ccbac5728bf8aa08224b2
﻿23:17:28 : No Valid response. Trying to reconnect.!
﻿23:17:28 : Rcon client logging in
﻿23:17:28 : RCon admin #1 (127.0.0.1:63829) logged in
﻿23:19:09 : RCon admin #1: (Global) .:DoC:. Server restarts every 3 hrs starting at 12am PST
﻿23:24:19 : RCon admin #1: (Global) .:DoC:. Overpoch server visit http://drinkinoutacups.com/
﻿23:26:06 : Player #1 Kazooie (50.174.136.170:2304) connected
﻿23:26:07 : Player #1 Kazooie - GUID: 11de1aa4ed06d9afee0bebe4ce09858c (unverified)
﻿23:26:08 : Verified GUID (11de1aa4ed06d9afee0bebe4ce09858c) of player #1 Kazooie
﻿23:26:09 : Player #1 Kazooie - Legacy GUID: 6b0170e3dc5b25a69b60d0eff5bfee16
﻿23:26:10 : Player #1 Kazooie disconnected
﻿23:26:53 : Player #1 Kazooie (50.174.136.170:2304) connected
﻿23:26:53 : Player #1 Kazooie - GUID: 11de1aa4ed06d9afee0bebe4ce09858c (unverified)
﻿23:26:54 : Verified GUID (11de1aa4ed06d9afee0bebe4ce09858c) of player #1 Kazooie
﻿23:26:55 : Player #1 Kazooie - Legacy GUID: 6b0170e3dc5b25a69b60d0eff5bfee16
﻿23:27:07 : Player #1 Kazooie disconnected
﻿23:28:20 : Player #1 Kazooie (50.174.136.170:2304) connected
﻿23:28:21 : Player #1 Kazooie - GUID: 11de1aa4ed06d9afee0bebe4ce09858c (unverified)
﻿23:28:21 : Verified GUID (11de1aa4ed06d9afee0bebe4ce09858c) of player #1 Kazooie
﻿23:28:22 : Player #1 Kazooie - Legacy GUID: 6b0170e3dc5b25a69b60d0eff5bfee16
﻿23:28:26 : Player #1 Kazooie disconnected
﻿23:29:09 : RCon admin #1: (Global) .:DoC:. Server restarts every 3 hrs starting at 12am PST
﻿23:30:00 : RCon admin #1: (Global) .:DoC:. Server restarts in 30 minutes
﻿23:34:19 : RCon admin #1: (Global) .:DoC:. Overpoch server visit http://drinkinoutacups.com/
﻿23:35:34 : Player #1 Kazooie (50.174.136.170:2304) connected
﻿23:35:35 : Player #1 Kazooie - GUID: 11de1aa4ed06d9afee0bebe4ce09858c (unverified)
﻿23:35:35 : Verified GUID (11de1aa4ed06d9afee0bebe4ce09858c) of player #1 Kazooie
﻿23:35:57 : Player #1 Kazooie disconnected
﻿23:39:09 : RCon admin #1: (Global) .:DoC:. Server restarts every 3 hrs starting at 12am PST
﻿23:40:07 : Player #1 Kazooie (50.174.136.170:2304) connected
﻿23:40:08 : Player #1 Kazooie - GUID: 11de1aa4ed06d9afee0bebe4ce09858c (unverified)
﻿23:40:08 : Verified GUID (11de1aa4ed06d9afee0bebe4ce09858c) of player #1 Kazooie
﻿23:40:09 : Player #1 Kazooie disconnected
﻿23:42:00 : Player #1 Family (108.13.198.173:2304) connected
﻿23:42:02 : Player #1 Family - GUID: 67cd9f7104280a85034524ffc4b77b81 (unverified)
﻿23:42:02 : Verified GUID (67cd9f7104280a85034524ffc4b77b81) of player #1 Family
﻿23:42:02 : Player #1 Family disconnected
﻿23:44:19 : RCon admin #1: (Global) .:DoC:. Overpoch server visit http://drinkinoutacups.com/
﻿23:45:00 : RCon admin #1: (Global) .:DoC:. Server restarts in 15 minutes
﻿23:49:09 : RCon admin #1: (Global) .:DoC:. Server restarts every 3 hrs starting at 12am PST
﻿23:49:09 : Player #1 Kazooie (50.174.136.170:2304) connected
﻿23:49:10 : Player #1 Kazooie - GUID: 11de1aa4ed06d9afee0bebe4ce09858c (unverified)
﻿23:49:11 : Verified GUID (11de1aa4ed06d9afee0bebe4ce09858c) of player #1 Kazooie
﻿23:49:12 : Player #1 Kazooie - Legacy GUID: 6b0170e3dc5b25a69b60d0eff5bfee16
﻿23:49:12 : Player #1 Kazooie disconnected
﻿23:50:00 : RCon admin #1: (Global) .:DoC:. Server restarts in 10 minutes
﻿23:54:19 : RCon admin #1: (Global) .:DoC:. Overpoch server visit http://drinkinoutacups.com/
﻿23:55:00 : RCon admin #1: (Global) .:DoC:. Server restarts in 5 minutes. Stop all vehicles and get out!
﻿23:55:22 : Player #1 Kazooie (50.174.136.170:2304) connected
﻿23:55:23 : Player #1 Kazooie - GUID: 11de1aa4ed06d9afee0bebe4ce09858c (unverified)
﻿23:55:23 : Verified GUID (11de1aa4ed06d9afee0bebe4ce09858c) of player #1 Kazooie
﻿23:55:24 : Player #1 Kazooie - Legacy GUID: 6b0170e3dc5b25a69b60d0eff5bfee16
﻿23:55:24 : Player #1 Kazooie disconnected
﻿23:59:00 : RCon admin #1: (Global) .:DoC:. Server restarts in 1 minutes. Hit ESC to save your character
﻿23:59:09 : RCon admin #1: (Global) .:DoC:. Server restarts every 3 hrs starting at 12am PST
